[0.012s] Invoking command in '/home/thiago/workspaces/lidar/build/version0': CMAKE_PREFIX_PATH=/opt/ros/humble /usr/bin/cmake --build /home/thiago/workspaces/lidar/build/version0 -- -j12 -l12
[0.062s] [ 10%] Built target version0__cpp
[0.062s] [ 12%] Built target version0__rosidl_generator_c
[0.073s] [ 12%] Built target ament_cmake_python_symlink_scripts
[0.078s] [ 12%] Built target ament_cmake_python_symlink_version0
[0.086s] [ 25%] Built target version0__rosidl_typesupport_fastrtps_cpp
[0.089s] [ 35%] Built target version0__rosidl_typesupport_introspection_c
[0.093s] [ 46%] Built target version0__rosidl_typesupport_c
[0.094s] [ 53%] Built target version0__rosidl_typesupport_cpp
[0.096s] [ 64%] Built target version0__rosidl_typesupport_introspection_cpp
[0.105s] [ 74%] Built target version0__rosidl_typesupport_fastrtps_c
[0.135s] [ 74%] Built target version0
[0.156s] [ 76%] Built target version0__py
[0.186s] [ 84%] Built target version0__rosidl_generator_py
[0.208s] [ 94%] Built target version0__rosidl_typesupport_fastrtps_c__pyext
[0.208s] [ 94%] Built target version0__rosidl_typesupport_c__pyext
[0.209s] [100%] Built target version0__rosidl_typesupport_introspection_c__pyext
[0.326s] running egg_info
[0.328s] writing version0.egg-info/PKG-INFO
[0.328s] writing dependency_links to version0.egg-info/dependency_links.txt
[0.329s] writing top-level names to version0.egg-info/top_level.txt
[0.332s] reading manifest file 'version0.egg-info/SOURCES.txt'
[0.333s] writing manifest file 'version0.egg-info/SOURCES.txt'
[0.352s] running egg_info
[0.354s] writing scripts.egg-info/PKG-INFO
[0.355s] writing dependency_links to scripts.egg-info/dependency_links.txt
[0.355s] writing top-level names to scripts.egg-info/top_level.txt
[0.359s] reading manifest file 'scripts.egg-info/SOURCES.txt'
[0.361s] writing manifest file 'scripts.egg-info/SOURCES.txt'
[0.416s] [100%] Built target ament_cmake_python_build_version0_egg
[0.438s] [100%] Built target ament_cmake_python_build_scripts_egg
[0.454s] Invoked command in '/home/thiago/workspaces/lidar/build/version0' returned '0': CMAKE_PREFIX_PATH=/opt/ros/humble /usr/bin/cmake --build /home/thiago/workspaces/lidar/build/version0 -- -j12 -l12
[0.511s] Invoking command in '/home/thiago/workspaces/lidar/build/version0': CMAKE_PREFIX_PATH=/opt/ros/humble /usr/bin/cmake --install /home/thiago/workspaces/lidar/build/version0
[0.519s] -- Install configuration: ""
[0.520s] -- Execute custom install script
[0.520s] -- Up-to-date symlink: /home/thiago/workspaces/lidar/install/version0/share/ament_index/resource_index/rosidl_interfaces/version0
[0.520s] -- Up-to-date symlink: /home/thiago/workspaces/lidar/install/version0/include/version0/version0/action/detail/navigate__functions.h
[0.520s] -- Up-to-date symlink: /home/thiago/workspaces/lidar/install/version0/include/version0/version0/action/detail/navigate__struct.h
[0.520s] -- Up-to-date symlink: /home/thiago/workspaces/lidar/install/version0/include/version0/version0/action/detail/navigate__type_support.h
[0.520s] -- Up-to-date symlink: /home/thiago/workspaces/lidar/install/version0/include/version0/version0/action/navigate.h
[0.521s] -- Up-to-date symlink: /home/thiago/workspaces/lidar/install/version0/include/version0/version0/msg/rosidl_generator_c__visibility_control.h
[0.521s] -- Up-to-date symlink: /home/thiago/workspaces/lidar/install/version0/include/version0/version0/srv/detail/odd_even_check__functions.h
[0.521s] -- Up-to-date symlink: /home/thiago/workspaces/lidar/install/version0/include/version0/version0/srv/detail/odd_even_check__struct.h
[0.521s] -- Up-to-date symlink: /home/thiago/workspaces/lidar/install/version0/include/version0/version0/srv/detail/odd_even_check__type_support.h
[0.521s] -- Up-to-date symlink: /home/thiago/workspaces/lidar/install/version0/include/version0/version0/srv/odd_even_check.h
[0.521s] -- Up-to-date symlink: /home/thiago/workspaces/lidar/install/version0/share/version0/environment/library_path.sh
[0.521s] -- Up-to-date symlink: /home/thiago/workspaces/lidar/install/version0/share/version0/environment/library_path.dsv
[0.522s] -- Up-to-date symlink: /home/thiago/workspaces/lidar/install/version0/include/version0/version0/action/detail/navigate__rosidl_typesupport_fastrtps_c.h
[0.522s] -- Up-to-date symlink: /home/thiago/workspaces/lidar/install/version0/include/version0/version0/msg/rosidl_typesupport_fastrtps_c__visibility_control.h
[0.522s] -- Up-to-date symlink: /home/thiago/workspaces/lidar/install/version0/include/version0/version0/srv/detail/odd_even_check__rosidl_typesupport_fastrtps_c.h
[0.523s] -- Up-to-date symlink: /home/thiago/workspaces/lidar/install/version0/include/version0/version0/action/detail/navigate__builder.hpp
[0.523s] -- Up-to-date symlink: /home/thiago/workspaces/lidar/install/version0/include/version0/version0/action/detail/navigate__struct.hpp
[0.523s] -- Up-to-date symlink: /home/thiago/workspaces/lidar/install/version0/include/version0/version0/action/detail/navigate__traits.hpp
[0.523s] -- Up-to-date symlink: /home/thiago/workspaces/lidar/install/version0/include/version0/version0/action/navigate.hpp
[0.523s] -- Up-to-date symlink: /home/thiago/workspaces/lidar/install/version0/include/version0/version0/srv/detail/odd_even_check__builder.hpp
[0.523s] -- Up-to-date symlink: /home/thiago/workspaces/lidar/install/version0/include/version0/version0/srv/detail/odd_even_check__struct.hpp
[0.524s] -- Up-to-date symlink: /home/thiago/workspaces/lidar/install/version0/include/version0/version0/srv/detail/odd_even_check__traits.hpp
[0.524s] -- Up-to-date symlink: /home/thiago/workspaces/lidar/install/version0/include/version0/version0/srv/odd_even_check.hpp
[0.524s] -- Up-to-date symlink: /home/thiago/workspaces/lidar/install/version0/include/version0/version0/action/detail/navigate__rosidl_typesupport_fastrtps_cpp.hpp
[0.524s] -- Up-to-date symlink: /home/thiago/workspaces/lidar/install/version0/include/version0/version0/msg/rosidl_typesupport_fastrtps_cpp__visibility_control.h
[0.525s] -- Up-to-date symlink: /home/thiago/workspaces/lidar/install/version0/include/version0/version0/srv/detail/odd_even_check__rosidl_typesupport_fastrtps_cpp.hpp
[0.525s] -- Up-to-date symlink: /home/thiago/workspaces/lidar/install/version0/include/version0/version0/action/detail/navigate__rosidl_typesupport_introspection_c.h
[0.525s] -- Up-to-date symlink: /home/thiago/workspaces/lidar/install/version0/include/version0/version0/msg/rosidl_typesupport_introspection_c__visibility_control.h
[0.525s] -- Up-to-date symlink: /home/thiago/workspaces/lidar/install/version0/include/version0/version0/srv/detail/odd_even_check__rosidl_typesupport_introspection_c.h
[0.525s] -- Up-to-date symlink: /home/thiago/workspaces/lidar/install/version0/include/version0/version0/action/detail/navigate__rosidl_typesupport_introspection_cpp.hpp
[0.526s] -- Up-to-date symlink: /home/thiago/workspaces/lidar/install/version0/include/version0/version0/srv/detail/odd_even_check__rosidl_typesupport_introspection_cpp.hpp
[0.526s] -- Up-to-date symlink: /home/thiago/workspaces/lidar/install/version0/share/version0/environment/pythonpath.sh
[0.526s] -- Up-to-date symlink: /home/thiago/workspaces/lidar/install/version0/share/version0/environment/pythonpath.dsv
[0.526s] -- Up-to-date symlink: /home/thiago/workspaces/lidar/install/version0/local/lib/python3.10/dist-packages/version0-0.0.0-py3.10.egg-info/PKG-INFO
[0.526s] -- Up-to-date symlink: /home/thiago/workspaces/lidar/install/version0/local/lib/python3.10/dist-packages/version0-0.0.0-py3.10.egg-info/SOURCES.txt
[0.527s] -- Up-to-date symlink: /home/thiago/workspaces/lidar/install/version0/local/lib/python3.10/dist-packages/version0-0.0.0-py3.10.egg-info/dependency_links.txt
[0.527s] -- Up-to-date symlink: /home/thiago/workspaces/lidar/install/version0/local/lib/python3.10/dist-packages/version0-0.0.0-py3.10.egg-info/top_level.txt
[0.527s] -- Up-to-date symlink: /home/thiago/workspaces/lidar/install/version0/local/lib/python3.10/dist-packages/version0/__init__.py
[0.527s] -- Up-to-date symlink: /home/thiago/workspaces/lidar/install/version0/local/lib/python3.10/dist-packages/version0/_version0_s.ep.rosidl_typesupport_c.c
[0.527s] -- Up-to-date symlink: /home/thiago/workspaces/lidar/install/version0/local/lib/python3.10/dist-packages/version0/_version0_s.ep.rosidl_typesupport_fastrtps_c.c
[0.528s] -- Up-to-date symlink: /home/thiago/workspaces/lidar/install/version0/local/lib/python3.10/dist-packages/version0/_version0_s.ep.rosidl_typesupport_introspection_c.c
[0.528s] -- Up-to-date symlink: /home/thiago/workspaces/lidar/install/version0/local/lib/python3.10/dist-packages/version0/action/__init__.py
[0.528s] -- Up-to-date symlink: /home/thiago/workspaces/lidar/install/version0/local/lib/python3.10/dist-packages/version0/action/_navigate.py
[0.528s] -- Up-to-date symlink: /home/thiago/workspaces/lidar/install/version0/local/lib/python3.10/dist-packages/version0/action/_navigate_s.c
[0.528s] -- Up-to-date symlink: /home/thiago/workspaces/lidar/install/version0/local/lib/python3.10/dist-packages/version0/libversion0__rosidl_generator_py.so
[0.528s] -- Up-to-date symlink: /home/thiago/workspaces/lidar/install/version0/local/lib/python3.10/dist-packages/version0/srv/__init__.py
[0.528s] -- Up-to-date symlink: /home/thiago/workspaces/lidar/install/version0/local/lib/python3.10/dist-packages/version0/srv/_odd_even_check.py
[0.528s] -- Up-to-date symlink: /home/thiago/workspaces/lidar/install/version0/local/lib/python3.10/dist-packages/version0/srv/_odd_even_check_s.c
[0.528s] -- Up-to-date symlink: /home/thiago/workspaces/lidar/install/version0/local/lib/python3.10/dist-packages/version0/version0_s__rosidl_typesupport_c.cpython-310-x86_64-linux-gnu.so
[0.528s] -- Up-to-date symlink: /home/thiago/workspaces/lidar/install/version0/local/lib/python3.10/dist-packages/version0/version0_s__rosidl_typesupport_fastrtps_c.cpython-310-x86_64-linux-gnu.so
[0.528s] -- Up-to-date symlink: /home/thiago/workspaces/lidar/install/version0/local/lib/python3.10/dist-packages/version0/version0_s__rosidl_typesupport_introspection_c.cpython-310-x86_64-linux-gnu.so
[0.529s] -- Up-to-date symlink: /home/thiago/workspaces/lidar/install/version0/local/lib/python3.10/dist-packages/version0/version0_s__rosidl_typesupport_fastrtps_c.cpython-310-x86_64-linux-gnu.so
[0.529s] -- Up-to-date symlink: /home/thiago/workspaces/lidar/install/version0/local/lib/python3.10/dist-packages/version0/version0_s__rosidl_typesupport_introspection_c.cpython-310-x86_64-linux-gnu.so
[0.529s] -- Up-to-date symlink: /home/thiago/workspaces/lidar/install/version0/local/lib/python3.10/dist-packages/version0/version0_s__rosidl_typesupport_c.cpython-310-x86_64-linux-gnu.so
[0.529s] -- Up-to-date symlink: /home/thiago/workspaces/lidar/install/version0/share/version0/srv/OddEvenCheck.idl
[0.529s] -- Up-to-date symlink: /home/thiago/workspaces/lidar/install/version0/share/version0/action/Navigate.idl
[0.529s] -- Up-to-date symlink: /home/thiago/workspaces/lidar/install/version0/share/version0/srv/OddEvenCheck.srv
[0.530s] -- Up-to-date symlink: /home/thiago/workspaces/lidar/install/version0/share/version0/srv/OddEvenCheck_Request.msg
[0.530s] -- Up-to-date symlink: /home/thiago/workspaces/lidar/install/version0/share/version0/srv/OddEvenCheck_Response.msg
[0.530s] -- Up-to-date symlink: /home/thiago/workspaces/lidar/install/version0/share/version0/action/Navigate.action
[0.530s] -- Up-to-date symlink: /home/thiago/workspaces/lidar/install/version0/local/lib/python3.10/dist-packages/scripts-0.0.0-py3.10.egg-info/PKG-INFO
[0.530s] -- Up-to-date symlink: /home/thiago/workspaces/lidar/install/version0/local/lib/python3.10/dist-packages/scripts-0.0.0-py3.10.egg-info/SOURCES.txt
[0.530s] -- Up-to-date symlink: /home/thiago/workspaces/lidar/install/version0/local/lib/python3.10/dist-packages/scripts-0.0.0-py3.10.egg-info/dependency_links.txt
[0.530s] -- Up-to-date symlink: /home/thiago/workspaces/lidar/install/version0/local/lib/python3.10/dist-packages/scripts-0.0.0-py3.10.egg-info/top_level.txt
[0.531s] -- Up-to-date symlink: /home/thiago/workspaces/lidar/install/version0/local/lib/python3.10/dist-packages/scripts/__init__.py
[0.531s] -- Up-to-date symlink: /home/thiago/workspaces/lidar/install/version0/local/lib/python3.10/dist-packages/scripts/publisher_laserscan.py
[0.531s] -- Up-to-date symlink: /home/thiago/workspaces/lidar/install/version0/lib/version0/publisher_laserscan.py
[0.531s] -- Up-to-date symlink: /home/thiago/workspaces/lidar/install/version0/share/version0//launch/rpm_node_launch.py
[0.531s] -- Up-to-date symlink: /home/thiago/workspaces/lidar/install/version0/share/ament_index/resource_index/package_run_dependencies/version0
[0.532s] -- Up-to-date symlink: /home/thiago/workspaces/lidar/install/version0/share/ament_index/resource_index/parent_prefix_path/version0
[0.532s] -- Up-to-date symlink: /home/thiago/workspaces/lidar/install/version0/share/version0/environment/ament_prefix_path.sh
[0.532s] -- Up-to-date symlink: /home/thiago/workspaces/lidar/install/version0/share/version0/environment/ament_prefix_path.dsv
[0.532s] -- Up-to-date symlink: /home/thiago/workspaces/lidar/install/version0/share/version0/environment/path.sh
[0.532s] -- Up-to-date symlink: /home/thiago/workspaces/lidar/install/version0/share/version0/environment/path.dsv
[0.532s] -- Up-to-date symlink: /home/thiago/workspaces/lidar/install/version0/share/version0/local_setup.bash
[0.532s] -- Up-to-date symlink: /home/thiago/workspaces/lidar/install/version0/share/version0/local_setup.sh
[0.532s] -- Up-to-date symlink: /home/thiago/workspaces/lidar/install/version0/share/version0/local_setup.zsh
[0.533s] -- Up-to-date symlink: /home/thiago/workspaces/lidar/install/version0/share/version0/local_setup.dsv
[0.533s] -- Symlinking: /home/thiago/workspaces/lidar/install/version0/share/version0/package.dsv
[0.544s] -- Up-to-date symlink: /home/thiago/workspaces/lidar/install/version0/share/ament_index/resource_index/packages/version0
[0.544s] -- Up-to-date symlink: /home/thiago/workspaces/lidar/install/version0/share/version0/cmake/rosidl_cmake-extras.cmake
[0.544s] -- Up-to-date symlink: /home/thiago/workspaces/lidar/install/version0/share/version0/cmake/ament_cmake_export_dependencies-extras.cmake
[0.544s] -- Up-to-date symlink: /home/thiago/workspaces/lidar/install/version0/share/version0/cmake/ament_cmake_export_include_directories-extras.cmake
[0.545s] -- Up-to-date symlink: /home/thiago/workspaces/lidar/install/version0/share/version0/cmake/ament_cmake_export_libraries-extras.cmake
[0.545s] -- Up-to-date symlink: /home/thiago/workspaces/lidar/install/version0/share/version0/cmake/ament_cmake_export_targets-extras.cmake
[0.545s] -- Up-to-date symlink: /home/thiago/workspaces/lidar/install/version0/share/version0/cmake/rosidl_cmake_export_typesupport_targets-extras.cmake
[0.545s] -- Up-to-date symlink: /home/thiago/workspaces/lidar/install/version0/share/version0/cmake/rosidl_cmake_export_typesupport_libraries-extras.cmake
[0.545s] -- Up-to-date symlink: /home/thiago/workspaces/lidar/install/version0/share/version0/cmake/version0Config.cmake
[0.546s] -- Up-to-date symlink: /home/thiago/workspaces/lidar/install/version0/share/version0/cmake/version0Config-version.cmake
[0.546s] -- Up-to-date symlink: /home/thiago/workspaces/lidar/install/version0/share/version0/package.xml
[0.546s] -- Up-to-date: /home/thiago/workspaces/lidar/install/version0/lib/libversion0__rosidl_generator_c.so
[0.547s] -- Up-to-date: /home/thiago/workspaces/lidar/install/version0/lib/libversion0__rosidl_typesupport_fastrtps_c.so
[0.547s] -- Up-to-date: /home/thiago/workspaces/lidar/install/version0/lib/libversion0__rosidl_typesupport_fastrtps_cpp.so
[0.547s] -- Up-to-date: /home/thiago/workspaces/lidar/install/version0/lib/libversion0__rosidl_typesupport_introspection_c.so
[0.547s] -- Up-to-date: /home/thiago/workspaces/lidar/install/version0/lib/libversion0__rosidl_typesupport_c.so
[0.548s] -- Up-to-date: /home/thiago/workspaces/lidar/install/version0/lib/libversion0__rosidl_typesupport_introspection_cpp.so
[0.548s] -- Up-to-date: /home/thiago/workspaces/lidar/install/version0/lib/libversion0__rosidl_typesupport_cpp.so
[0.577s] Listing '/home/thiago/workspaces/lidar/install/version0/local/lib/python3.10/dist-packages/version0'...
[0.577s] Listing '/home/thiago/workspaces/lidar/install/version0/local/lib/python3.10/dist-packages/version0/action'...
[0.577s] Listing '/home/thiago/workspaces/lidar/install/version0/local/lib/python3.10/dist-packages/version0/srv'...
[0.584s] -- Up-to-date: /home/thiago/workspaces/lidar/install/version0/lib/libversion0__rosidl_generator_py.so
[0.614s] Listing '/home/thiago/workspaces/lidar/install/version0/local/lib/python3.10/dist-packages/scripts'...
[0.620s] -- Up-to-date: /home/thiago/workspaces/lidar/install/version0/share/version0/cmake/export_version0__rosidl_generator_cExport.cmake
[0.620s] -- Up-to-date: /home/thiago/workspaces/lidar/install/version0/share/version0/cmake/export_version0__rosidl_generator_cExport-noconfig.cmake
[0.620s] -- Up-to-date: /home/thiago/workspaces/lidar/install/version0/share/version0/cmake/export_version0__rosidl_typesupport_fastrtps_cExport.cmake
[0.620s] -- Up-to-date: /home/thiago/workspaces/lidar/install/version0/share/version0/cmake/export_version0__rosidl_typesupport_fastrtps_cExport-noconfig.cmake
[0.620s] -- Up-to-date: /home/thiago/workspaces/lidar/install/version0/share/version0/cmake/export_version0__rosidl_generator_cppExport.cmake
[0.620s] -- Up-to-date: /home/thiago/workspaces/lidar/install/version0/share/version0/cmake/export_version0__rosidl_typesupport_fastrtps_cppExport.cmake
[0.621s] -- Up-to-date: /home/thiago/workspaces/lidar/install/version0/share/version0/cmake/export_version0__rosidl_typesupport_fastrtps_cppExport-noconfig.cmake
[0.621s] -- Up-to-date: /home/thiago/workspaces/lidar/install/version0/share/version0/cmake/version0__rosidl_typesupport_introspection_cExport.cmake
[0.621s] -- Up-to-date: /home/thiago/workspaces/lidar/install/version0/share/version0/cmake/version0__rosidl_typesupport_introspection_cExport-noconfig.cmake
[0.621s] -- Up-to-date: /home/thiago/workspaces/lidar/install/version0/share/version0/cmake/version0__rosidl_typesupport_cExport.cmake
[0.621s] -- Up-to-date: /home/thiago/workspaces/lidar/install/version0/share/version0/cmake/version0__rosidl_typesupport_cExport-noconfig.cmake
[0.621s] -- Up-to-date: /home/thiago/workspaces/lidar/install/version0/share/version0/cmake/version0__rosidl_typesupport_introspection_cppExport.cmake
[0.621s] -- Up-to-date: /home/thiago/workspaces/lidar/install/version0/share/version0/cmake/version0__rosidl_typesupport_introspection_cppExport-noconfig.cmake
[0.621s] -- Up-to-date: /home/thiago/workspaces/lidar/install/version0/share/version0/cmake/version0__rosidl_typesupport_cppExport.cmake
[0.621s] -- Up-to-date: /home/thiago/workspaces/lidar/install/version0/share/version0/cmake/version0__rosidl_typesupport_cppExport-noconfig.cmake
[0.622s] -- Up-to-date: /home/thiago/workspaces/lidar/install/version0/share/version0/cmake/export_version0__rosidl_generator_pyExport.cmake
[0.622s] -- Up-to-date: /home/thiago/workspaces/lidar/install/version0/share/version0/cmake/export_version0__rosidl_generator_pyExport-noconfig.cmake
[0.624s] Invoked command in '/home/thiago/workspaces/lidar/build/version0' returned '0': CMAKE_PREFIX_PATH=/opt/ros/humble /usr/bin/cmake --install /home/thiago/workspaces/lidar/build/version0
