[0.000000] (-) TimerEvent: {}
[0.000134] (version0) JobQueued: {'identifier': 'version0', 'dependencies': OrderedDict()}
[0.000175] (version1) JobQueued: {'identifier': 'version1', 'dependencies': OrderedDict()}
[0.000197] (version0) JobStarted: {'identifier': 'version0'}
[0.006678] (version1) JobStarted: {'identifier': 'version1'}
[0.009827] (version0) JobProgress: {'identifier': 'version0', 'progress': 'cmake'}
[0.010350] (version0) JobProgress: {'identifier': 'version0', 'progress': 'build'}
[0.010810] (version0) Command: {'cmd': ['/usr/bin/cmake', '--build', '/home/thiago/workspaces/lidar/build/version0', '--', '-j12', '-l12'], 'cwd': '/home/thiago/workspaces/lidar/build/version0', 'env': OrderedDict([('GJS_DEBUG_TOPICS', 'JS ERROR;JS LOG'), ('LESSOPEN', '| /usr/bin/lesspipe %s'), ('USER', 'thiago'), ('LC_TIME', 'es_AR.UTF-8'), ('GIO_MODULE_DIR', '/home/thiago/snap/code/common/.cache/gio-modules'), ('XDG_SESSION_TYPE', 'wayland'), ('GIT_ASKPASS', '/snap/code/136/usr/share/code/resources/app/extensions/git/dist/askpass.sh'), ('GTK_EXE_PREFIX_VSCODE_SNAP_ORIG', ''), ('GDK_BACKEND_VSCODE_SNAP_ORIG', ''), ('SHLVL', '1'), ('LD_LIBRARY_PATH', '/opt/ros/humble/opt/rviz_ogre_vendor/lib:/opt/ros/humble/lib/x86_64-linux-gnu:/opt/ros/humble/lib'), ('HOME', '/home/thiago'), ('CHROME_DESKTOP', 'code-url-handler.desktop'), ('LOCPATH_VSCODE_SNAP_ORIG', ''), ('TERM_PROGRAM_VERSION', '1.81.0'), ('DESKTOP_SESSION', 'ubuntu'), ('GTK_PATH', '/snap/code/136/usr/lib/x86_64-linux-gnu/gtk-3.0'), ('GTK_IM_MODULE_FILE', '/home/thiago/snap/code/common/.cache/immodules/immodules.cache'), ('GIO_LAUNCHED_DESKTOP_FILE', '/var/lib/snapd/desktop/applications/code_code.desktop'), ('ROS_PYTHON_VERSION', '3'), ('GNOME_SHELL_SESSION_MODE', 'ubuntu'), ('GTK_MODULES', 'gail:atk-bridge'), ('GSETTINGS_SCHEMA_DIR_VSCODE_SNAP_ORIG', ''), ('VSCODE_GIT_ASKPASS_MAIN', '/snap/code/136/usr/share/code/resources/app/extensions/git/dist/askpass-main.js'), ('LC_MONETARY', 'es_AR.UTF-8'), ('VSCODE_GIT_ASKPASS_NODE', '/snap/code/136/usr/share/code/code'), ('MANAGERPID', '1619'), ('SYSTEMD_EXEC_PID', '1833'), ('IM_CONFIG_CHECK_ENV', '1'), ('DBUS_SESSION_BUS_ADDRESS', 'unix:path=/run/user/1000/bus'), ('COLORTERM', 'truecolor'), ('GIO_LAUNCHED_DESKTOP_FILE_PID', '9035'), ('IM_CONFIG_PHASE', '1'), ('WAYLAND_DISPLAY', 'wayland-0'), ('ROS_DISTRO', 'humble'), ('LOGNAME', 'thiago'), ('JOURNAL_STREAM', '8:35974'), ('_', '/usr/bin/colcon'), ('ROS_VERSION', '2'), ('XDG_CONFIG_DIRS_VSCODE_SNAP_ORIG', '/etc/xdg/xdg-ubuntu:/etc/xdg'), ('XDG_SESSION_CLASS', 'user'), ('XDG_DATA_DIRS_VSCODE_SNAP_ORIG', '/usr/share/ubuntu:/usr/local/share/:/usr/share/:/var/lib/snapd/desktop'), ('USERNAME', 'thiago'), ('TERM', 'xterm-256color'), ('GNOME_DESKTOP_SESSION_ID', 'this-is-deprecated'), ('ROS_LOCALHOST_ONLY', '0'), ('PATH', '/home/thiago/.local/bin:/opt/ros/humble/bin:/home/thiago/.local/bin:/usr/local/sbin:/usr/local/bin:/usr/sbin:/usr/bin:/sbin:/bin:/usr/games:/usr/local/games:/snap/bin:/snap/bin'), ('SESSION_MANAGER', 'local/thiago-ubuntu:@/tmp/.ICE-unix/1787,unix/thiago-ubuntu:/tmp/.ICE-unix/1787'), ('GTK_EXE_PREFIX', '/snap/code/136/usr'), ('INVOCATION_ID', 'f39377580b26404cad46146b8cfc4176'), ('XDG_MENU_PREFIX', 'gnome-'), ('LC_ADDRESS', 'es_AR.UTF-8'), ('BAMF_DESKTOP_FILE_HINT', '/var/lib/snapd/desktop/applications/code_code.desktop'), ('GNOME_SETUP_DISPLAY', ':1'), ('XDG_RUNTIME_DIR', '/run/user/1000'), ('GDK_BACKEND', 'x11'), ('DISPLAY', ':0'), ('LOCPATH', '/snap/code/136/usr/lib/locale'), ('LANG', 'en_US.UTF-8'), ('XDG_CURRENT_DESKTOP', 'Unity'), ('LC_TELEPHONE', 'es_AR.UTF-8'), ('GIO_MODULE_DIR_VSCODE_SNAP_ORIG', ''), ('XMODIFIERS', '@im=ibus'), ('XDG_SESSION_DESKTOP', 'ubuntu'), ('XAUTHORITY', '/run/user/1000/.mutter-Xwaylandauth.PSCU91'), ('LS_COLORS', ''), ('VSCODE_GIT_IPC_HANDLE', '/run/user/1000/vscode-git-f6dfffcee1.sock'), ('TERM_PROGRAM', 'vscode'), ('SSH_AGENT_LAUNCHER', 'gnome-keyring'), ('SSH_AUTH_SOCK', '/run/user/1000/keyring/ssh'), ('GSETTINGS_SCHEMA_DIR', '/home/thiago/snap/code/136/.local/share/glib-2.0/schemas'), ('AMENT_PREFIX_PATH', '/opt/ros/humble'), ('ORIGINAL_XDG_CURRENT_DESKTOP', 'ubuntu:GNOME'), ('SHELL', '/bin/bash'), ('LC_NAME', 'es_AR.UTF-8'), ('QT_ACCESSIBILITY', '1'), ('GDMSESSION', 'ubuntu'), ('LESSCLOSE', '/usr/bin/lesspipe %s %s'), ('GTK_PATH_VSCODE_SNAP_ORIG', ''), ('GTK_IM_MODULE_FILE_VSCODE_SNAP_ORIG', ''), ('LC_MEASUREMENT', 'es_AR.UTF-8'), ('GJS_DEBUG_OUTPUT', 'stderr'), ('LC_IDENTIFICATION', 'es_AR.UTF-8'), ('VSCODE_GIT_ASKPASS_EXTRA_ARGS', '--ms-enable-electron-run-as-node'), ('QT_IM_MODULE', 'ibus'), ('PWD', '/home/thiago/workspaces/lidar/build/version0'), ('LC_ALL', 'en_US.UTF-8'), ('XDG_CONFIG_DIRS', '/etc/xdg/xdg-ubuntu:/etc/xdg'), ('XDG_DATA_DIRS', '/home/thiago/snap/code/136/.local/share:/home/thiago/snap/code/136:/snap/code/136/usr/share:/usr/share/ubuntu:/usr/local/share/:/usr/share/:/var/lib/snapd/desktop'), ('PYTHONPATH', '/opt/ros/humble/lib/python3.10/site-packages:/opt/ros/humble/local/lib/python3.10/dist-packages'), ('LC_NUMERIC', 'es_AR.UTF-8'), ('LC_PAPER', 'es_AR.UTF-8'), ('COLCON', '1'), ('CMAKE_PREFIX_PATH', '/opt/ros/humble')]), 'shell': False}
[0.016161] (version1) JobProgress: {'identifier': 'version1', 'progress': 'cmake'}
[0.017506] (version1) JobProgress: {'identifier': 'version1', 'progress': 'build'}
[0.017543] (version1) Command: {'cmd': ['/usr/bin/cmake', '--build', '/home/thiago/workspaces/lidar/build/version1', '--', '-j12', '-l12'], 'cwd': '/home/thiago/workspaces/lidar/build/version1', 'env': OrderedDict([('GJS_DEBUG_TOPICS', 'JS ERROR;JS LOG'), ('LESSOPEN', '| /usr/bin/lesspipe %s'), ('USER', 'thiago'), ('LC_TIME', 'es_AR.UTF-8'), ('GIO_MODULE_DIR', '/home/thiago/snap/code/common/.cache/gio-modules'), ('XDG_SESSION_TYPE', 'wayland'), ('GIT_ASKPASS', '/snap/code/136/usr/share/code/resources/app/extensions/git/dist/askpass.sh'), ('GTK_EXE_PREFIX_VSCODE_SNAP_ORIG', ''), ('GDK_BACKEND_VSCODE_SNAP_ORIG', ''), ('SHLVL', '1'), ('LD_LIBRARY_PATH', '/opt/ros/humble/opt/rviz_ogre_vendor/lib:/opt/ros/humble/lib/x86_64-linux-gnu:/opt/ros/humble/lib'), ('HOME', '/home/thiago'), ('CHROME_DESKTOP', 'code-url-handler.desktop'), ('LOCPATH_VSCODE_SNAP_ORIG', ''), ('TERM_PROGRAM_VERSION', '1.81.0'), ('DESKTOP_SESSION', 'ubuntu'), ('GTK_PATH', '/snap/code/136/usr/lib/x86_64-linux-gnu/gtk-3.0'), ('GTK_IM_MODULE_FILE', '/home/thiago/snap/code/common/.cache/immodules/immodules.cache'), ('GIO_LAUNCHED_DESKTOP_FILE', '/var/lib/snapd/desktop/applications/code_code.desktop'), ('ROS_PYTHON_VERSION', '3'), ('GNOME_SHELL_SESSION_MODE', 'ubuntu'), ('GTK_MODULES', 'gail:atk-bridge'), ('GSETTINGS_SCHEMA_DIR_VSCODE_SNAP_ORIG', ''), ('VSCODE_GIT_ASKPASS_MAIN', '/snap/code/136/usr/share/code/resources/app/extensions/git/dist/askpass-main.js'), ('LC_MONETARY', 'es_AR.UTF-8'), ('VSCODE_GIT_ASKPASS_NODE', '/snap/code/136/usr/share/code/code'), ('MANAGERPID', '1619'), ('SYSTEMD_EXEC_PID', '1833'), ('IM_CONFIG_CHECK_ENV', '1'), ('DBUS_SESSION_BUS_ADDRESS', 'unix:path=/run/user/1000/bus'), ('COLORTERM', 'truecolor'), ('GIO_LAUNCHED_DESKTOP_FILE_PID', '9035'), ('IM_CONFIG_PHASE', '1'), ('WAYLAND_DISPLAY', 'wayland-0'), ('ROS_DISTRO', 'humble'), ('LOGNAME', 'thiago'), ('JOURNAL_STREAM', '8:35974'), ('_', '/usr/bin/colcon'), ('ROS_VERSION', '2'), ('XDG_CONFIG_DIRS_VSCODE_SNAP_ORIG', '/etc/xdg/xdg-ubuntu:/etc/xdg'), ('XDG_SESSION_CLASS', 'user'), ('XDG_DATA_DIRS_VSCODE_SNAP_ORIG', '/usr/share/ubuntu:/usr/local/share/:/usr/share/:/var/lib/snapd/desktop'), ('USERNAME', 'thiago'), ('TERM', 'xterm-256color'), ('GNOME_DESKTOP_SESSION_ID', 'this-is-deprecated'), ('ROS_LOCALHOST_ONLY', '0'), ('PATH', '/home/thiago/.local/bin:/opt/ros/humble/bin:/home/thiago/.local/bin:/usr/local/sbin:/usr/local/bin:/usr/sbin:/usr/bin:/sbin:/bin:/usr/games:/usr/local/games:/snap/bin:/snap/bin'), ('SESSION_MANAGER', 'local/thiago-ubuntu:@/tmp/.ICE-unix/1787,unix/thiago-ubuntu:/tmp/.ICE-unix/1787'), ('GTK_EXE_PREFIX', '/snap/code/136/usr'), ('INVOCATION_ID', 'f39377580b26404cad46146b8cfc4176'), ('XDG_MENU_PREFIX', 'gnome-'), ('LC_ADDRESS', 'es_AR.UTF-8'), ('BAMF_DESKTOP_FILE_HINT', '/var/lib/snapd/desktop/applications/code_code.desktop'), ('GNOME_SETUP_DISPLAY', ':1'), ('XDG_RUNTIME_DIR', '/run/user/1000'), ('GDK_BACKEND', 'x11'), ('DISPLAY', ':0'), ('LOCPATH', '/snap/code/136/usr/lib/locale'), ('LANG', 'en_US.UTF-8'), ('XDG_CURRENT_DESKTOP', 'Unity'), ('LC_TELEPHONE', 'es_AR.UTF-8'), ('GIO_MODULE_DIR_VSCODE_SNAP_ORIG', ''), ('XMODIFIERS', '@im=ibus'), ('XDG_SESSION_DESKTOP', 'ubuntu'), ('XAUTHORITY', '/run/user/1000/.mutter-Xwaylandauth.PSCU91'), ('LS_COLORS', ''), ('VSCODE_GIT_IPC_HANDLE', '/run/user/1000/vscode-git-f6dfffcee1.sock'), ('TERM_PROGRAM', 'vscode'), ('SSH_AGENT_LAUNCHER', 'gnome-keyring'), ('SSH_AUTH_SOCK', '/run/user/1000/keyring/ssh'), ('GSETTINGS_SCHEMA_DIR', '/home/thiago/snap/code/136/.local/share/glib-2.0/schemas'), ('AMENT_PREFIX_PATH', '/opt/ros/humble'), ('ORIGINAL_XDG_CURRENT_DESKTOP', 'ubuntu:GNOME'), ('SHELL', '/bin/bash'), ('LC_NAME', 'es_AR.UTF-8'), ('QT_ACCESSIBILITY', '1'), ('GDMSESSION', 'ubuntu'), ('LESSCLOSE', '/usr/bin/lesspipe %s %s'), ('GTK_PATH_VSCODE_SNAP_ORIG', ''), ('GTK_IM_MODULE_FILE_VSCODE_SNAP_ORIG', ''), ('LC_MEASUREMENT', 'es_AR.UTF-8'), ('GJS_DEBUG_OUTPUT', 'stderr'), ('LC_IDENTIFICATION', 'es_AR.UTF-8'), ('VSCODE_GIT_ASKPASS_EXTRA_ARGS', '--ms-enable-electron-run-as-node'), ('QT_IM_MODULE', 'ibus'), ('PWD', '/home/thiago/workspaces/lidar/build/version1'), ('LC_ALL', 'en_US.UTF-8'), ('XDG_CONFIG_DIRS', '/etc/xdg/xdg-ubuntu:/etc/xdg'), ('XDG_DATA_DIRS', '/home/thiago/snap/code/136/.local/share:/home/thiago/snap/code/136:/snap/code/136/usr/share:/usr/share/ubuntu:/usr/local/share/:/usr/share/:/var/lib/snapd/desktop'), ('PYTHONPATH', '/opt/ros/humble/lib/python3.10/site-packages:/opt/ros/humble/local/lib/python3.10/dist-packages'), ('LC_NUMERIC', 'es_AR.UTF-8'), ('LC_PAPER', 'es_AR.UTF-8'), ('COLCON', '1'), ('CMAKE_PREFIX_PATH', '/opt/ros/humble')]), 'shell': False}
[0.046469] (version1) StdoutLine: {'line': b'-- Found ament_cmake: 1.3.5 (/opt/ros/humble/share/ament_cmake/cmake)\n'}
[0.056932] (version0) StdoutLine: {'line': b'\x1b[35m\x1b[1mConsolidate compiler generated dependencies of target version0__rosidl_generator_c\x1b[0m\n'}
[0.066953] (version0) StdoutLine: {'line': b'[  7%] Built target version0__cpp\n'}
[0.067174] (version0) StdoutLine: {'line': b'[ 12%] Built target version0__rosidl_generator_c\n'}
[0.071830] (version0) StdoutLine: {'line': b'[ 12%] Built target ament_cmake_python_symlink_version0\n'}
[0.075625] (version0) StdoutLine: {'line': b'[ 12%] Built target ament_cmake_python_symlink_scripts\n'}
[0.088051] (version0) StdoutLine: {'line': b'\x1b[35m\x1b[1mConsolidate compiler generated dependencies of target version0__rosidl_typesupport_c\x1b[0m\n'}
[0.088364] (version0) StdoutLine: {'line': b'\x1b[35m\x1b[1mConsolidate compiler generated dependencies of target version0__rosidl_typesupport_cpp\x1b[0m\n'}
[0.088530] (version0) StdoutLine: {'line': b'\x1b[35m\x1b[1mConsolidate compiler generated dependencies of target version0__rosidl_typesupport_introspection_cpp\x1b[0m\n'}
[0.088629] (version0) StdoutLine: {'line': b'\x1b[35m\x1b[1mConsolidate compiler generated dependencies of target version0__rosidl_typesupport_fastrtps_c\x1b[0m\n'}
[0.088735] (version0) StdoutLine: {'line': b'\x1b[35m\x1b[1mConsolidate compiler generated dependencies of target version0__rosidl_typesupport_introspection_c\x1b[0m\n'}
[0.088825] (version0) StdoutLine: {'line': b'\x1b[35m\x1b[1mConsolidate compiler generated dependencies of target version0__rosidl_typesupport_fastrtps_cpp\x1b[0m\n'}
[0.098623] (version0) StdoutLine: {'line': b'[ 23%] Built target version0__rosidl_typesupport_c\n'}
[0.099064] (-) TimerEvent: {}
[0.102113] (version0) StdoutLine: {'line': b'[ 33%] Built target version0__rosidl_typesupport_fastrtps_c\n'}
[0.103258] (version0) StdoutLine: {'line': b'[ 43%] Built target version0__rosidl_typesupport_introspection_cpp\n'}
[0.103438] (version0) StdoutLine: {'line': b'[ 53%] Built target version0__rosidl_typesupport_introspection_c\n'}
[0.108313] (version0) StdoutLine: {'line': b'[ 64%] Built target version0__rosidl_typesupport_cpp\n'}
[0.109042] (version0) StdoutLine: {'line': b'[ 74%] Built target version0__rosidl_typesupport_fastrtps_cpp\n'}
[0.137443] (version0) StdoutLine: {'line': b'[ 74%] Built target version0\n'}
[0.161804] (version0) StdoutLine: {'line': b'[ 76%] Built target version0__py\n'}
[0.170963] (version0) StdoutLine: {'line': b'\x1b[35m\x1b[1mConsolidate compiler generated dependencies of target version0__rosidl_generator_py\x1b[0m\n'}
[0.181548] (version0) StdoutLine: {'line': b'[ 84%] Built target version0__rosidl_generator_py\n'}
[0.188003] (version1) StdoutLine: {'line': b'-- Override CMake install command with custom implementation using symlinks instead of copying resources\n'}
[0.190118] (version0) StdoutLine: {'line': b'\x1b[35m\x1b[1mConsolidate compiler generated dependencies of target version0__rosidl_typesupport_fastrtps_c__pyext\x1b[0m\n'}
[0.190294] (version0) StdoutLine: {'line': b'\x1b[35m\x1b[1mConsolidate compiler generated dependencies of target version0__rosidl_typesupport_introspection_c__pyext\x1b[0m\n'}
[0.191153] (version0) StdoutLine: {'line': b'\x1b[35m\x1b[1mConsolidate compiler generated dependencies of target version0__rosidl_typesupport_c__pyext\x1b[0m\n'}
[0.193999] (version1) StdoutLine: {'line': b'-- Found cv_bridge: 3.2.1 (/opt/ros/humble/share/cv_bridge/cmake)\n'}
[0.199185] (-) TimerEvent: {}
[0.200882] (version0) StdoutLine: {'line': b'[ 94%] Built target version0__rosidl_typesupport_c__pyext\n'}
[0.201126] (version0) StdoutLine: {'line': b'[ 94%] Built target version0__rosidl_typesupport_introspection_c__pyext\n'}
[0.201255] (version0) StdoutLine: {'line': b'[100%] Built target version0__rosidl_typesupport_fastrtps_c__pyext\n'}
[0.226106] (version1) StdoutLine: {'line': b'-- Found rosidl_generator_c: 3.1.5 (/opt/ros/humble/share/rosidl_generator_c/cmake)\n'}
[0.227857] (version1) StdoutLine: {'line': b'-- Found rosidl_adapter: 3.1.5 (/opt/ros/humble/share/rosidl_adapter/cmake)\n'}
[0.232536] (version1) StdoutLine: {'line': b'-- Found rosidl_generator_cpp: 3.1.5 (/opt/ros/humble/share/rosidl_generator_cpp/cmake)\n'}
[0.240890] (version1) StdoutLine: {'line': b'-- Using all available rosidl_typesupport_c: rosidl_typesupport_fastrtps_c;rosidl_typesupport_introspection_c\n'}
[0.252320] (version1) StdoutLine: {'line': b'-- Using all available rosidl_typesupport_cpp: rosidl_typesupport_fastrtps_cpp;rosidl_typesupport_introspection_cpp\n'}
[0.291708] (version0) StdoutLine: {'line': b'running egg_info\n'}
[0.292305] (version0) StdoutLine: {'line': b'writing version0.egg-info/PKG-INFO\n'}
[0.292516] (version0) StdoutLine: {'line': b'writing dependency_links to version0.egg-info/dependency_links.txt\n'}
[0.292653] (version0) StdoutLine: {'line': b'writing top-level names to version0.egg-info/top_level.txt\n'}
[0.294282] (version0) StdoutLine: {'line': b"reading manifest file 'version0.egg-info/SOURCES.txt'\n"}
[0.294730] (version0) StdoutLine: {'line': b"writing manifest file 'version0.egg-info/SOURCES.txt'\n"}
[0.299256] (-) TimerEvent: {}
[0.323964] (version0) StdoutLine: {'line': b'[100%] Built target ament_cmake_python_build_version0_egg\n'}
[0.334356] (version0) StdoutLine: {'line': b'running egg_info\n'}
[0.335070] (version0) StdoutLine: {'line': b'writing scripts.egg-info/PKG-INFO\n'}
[0.335284] (version0) StdoutLine: {'line': b'writing dependency_links to scripts.egg-info/dependency_links.txt\n'}
[0.335431] (version0) StdoutLine: {'line': b'writing top-level names to scripts.egg-info/top_level.txt\n'}
[0.336967] (version0) StdoutLine: {'line': b"reading manifest file 'scripts.egg-info/SOURCES.txt'\n"}
[0.337390] (version0) StdoutLine: {'line': b"writing manifest file 'scripts.egg-info/SOURCES.txt'\n"}
[0.358562] (version0) StdoutLine: {'line': b'[100%] Built target ament_cmake_python_build_scripts_egg\n'}
[0.365540] (version0) CommandEnded: {'returncode': 0}
[0.399351] (-) TimerEvent: {}
[0.407273] (version0) JobProgress: {'identifier': 'version0', 'progress': 'install'}
[0.415463] (version0) Command: {'cmd': ['/usr/bin/cmake', '--install', '/home/thiago/workspaces/lidar/build/version0'], 'cwd': '/home/thiago/workspaces/lidar/build/version0', 'env': OrderedDict([('GJS_DEBUG_TOPICS', 'JS ERROR;JS LOG'), ('LESSOPEN', '| /usr/bin/lesspipe %s'), ('USER', 'thiago'), ('LC_TIME', 'es_AR.UTF-8'), ('GIO_MODULE_DIR', '/home/thiago/snap/code/common/.cache/gio-modules'), ('XDG_SESSION_TYPE', 'wayland'), ('GIT_ASKPASS', '/snap/code/136/usr/share/code/resources/app/extensions/git/dist/askpass.sh'), ('GTK_EXE_PREFIX_VSCODE_SNAP_ORIG', ''), ('GDK_BACKEND_VSCODE_SNAP_ORIG', ''), ('SHLVL', '1'), ('LD_LIBRARY_PATH', '/opt/ros/humble/opt/rviz_ogre_vendor/lib:/opt/ros/humble/lib/x86_64-linux-gnu:/opt/ros/humble/lib'), ('HOME', '/home/thiago'), ('CHROME_DESKTOP', 'code-url-handler.desktop'), ('LOCPATH_VSCODE_SNAP_ORIG', ''), ('TERM_PROGRAM_VERSION', '1.81.0'), ('DESKTOP_SESSION', 'ubuntu'), ('GTK_PATH', '/snap/code/136/usr/lib/x86_64-linux-gnu/gtk-3.0'), ('GTK_IM_MODULE_FILE', '/home/thiago/snap/code/common/.cache/immodules/immodules.cache'), ('GIO_LAUNCHED_DESKTOP_FILE', '/var/lib/snapd/desktop/applications/code_code.desktop'), ('ROS_PYTHON_VERSION', '3'), ('GNOME_SHELL_SESSION_MODE', 'ubuntu'), ('GTK_MODULES', 'gail:atk-bridge'), ('GSETTINGS_SCHEMA_DIR_VSCODE_SNAP_ORIG', ''), ('VSCODE_GIT_ASKPASS_MAIN', '/snap/code/136/usr/share/code/resources/app/extensions/git/dist/askpass-main.js'), ('LC_MONETARY', 'es_AR.UTF-8'), ('VSCODE_GIT_ASKPASS_NODE', '/snap/code/136/usr/share/code/code'), ('MANAGERPID', '1619'), ('SYSTEMD_EXEC_PID', '1833'), ('IM_CONFIG_CHECK_ENV', '1'), ('DBUS_SESSION_BUS_ADDRESS', 'unix:path=/run/user/1000/bus'), ('COLORTERM', 'truecolor'), ('GIO_LAUNCHED_DESKTOP_FILE_PID', '9035'), ('IM_CONFIG_PHASE', '1'), ('WAYLAND_DISPLAY', 'wayland-0'), ('ROS_DISTRO', 'humble'), ('LOGNAME', 'thiago'), ('JOURNAL_STREAM', '8:35974'), ('_', '/usr/bin/colcon'), ('ROS_VERSION', '2'), ('XDG_CONFIG_DIRS_VSCODE_SNAP_ORIG', '/etc/xdg/xdg-ubuntu:/etc/xdg'), ('XDG_SESSION_CLASS', 'user'), ('XDG_DATA_DIRS_VSCODE_SNAP_ORIG', '/usr/share/ubuntu:/usr/local/share/:/usr/share/:/var/lib/snapd/desktop'), ('USERNAME', 'thiago'), ('TERM', 'xterm-256color'), ('GNOME_DESKTOP_SESSION_ID', 'this-is-deprecated'), ('ROS_LOCALHOST_ONLY', '0'), ('PATH', '/home/thiago/.local/bin:/opt/ros/humble/bin:/home/thiago/.local/bin:/usr/local/sbin:/usr/local/bin:/usr/sbin:/usr/bin:/sbin:/bin:/usr/games:/usr/local/games:/snap/bin:/snap/bin'), ('SESSION_MANAGER', 'local/thiago-ubuntu:@/tmp/.ICE-unix/1787,unix/thiago-ubuntu:/tmp/.ICE-unix/1787'), ('GTK_EXE_PREFIX', '/snap/code/136/usr'), ('INVOCATION_ID', 'f39377580b26404cad46146b8cfc4176'), ('XDG_MENU_PREFIX', 'gnome-'), ('LC_ADDRESS', 'es_AR.UTF-8'), ('BAMF_DESKTOP_FILE_HINT', '/var/lib/snapd/desktop/applications/code_code.desktop'), ('GNOME_SETUP_DISPLAY', ':1'), ('XDG_RUNTIME_DIR', '/run/user/1000'), ('GDK_BACKEND', 'x11'), ('DISPLAY', ':0'), ('LOCPATH', '/snap/code/136/usr/lib/locale'), ('LANG', 'en_US.UTF-8'), ('XDG_CURRENT_DESKTOP', 'Unity'), ('LC_TELEPHONE', 'es_AR.UTF-8'), ('GIO_MODULE_DIR_VSCODE_SNAP_ORIG', ''), ('XMODIFIERS', '@im=ibus'), ('XDG_SESSION_DESKTOP', 'ubuntu'), ('XAUTHORITY', '/run/user/1000/.mutter-Xwaylandauth.PSCU91'), ('LS_COLORS', ''), ('VSCODE_GIT_IPC_HANDLE', '/run/user/1000/vscode-git-f6dfffcee1.sock'), ('TERM_PROGRAM', 'vscode'), ('SSH_AGENT_LAUNCHER', 'gnome-keyring'), ('SSH_AUTH_SOCK', '/run/user/1000/keyring/ssh'), ('GSETTINGS_SCHEMA_DIR', '/home/thiago/snap/code/136/.local/share/glib-2.0/schemas'), ('AMENT_PREFIX_PATH', '/opt/ros/humble'), ('ORIGINAL_XDG_CURRENT_DESKTOP', 'ubuntu:GNOME'), ('SHELL', '/bin/bash'), ('LC_NAME', 'es_AR.UTF-8'), ('QT_ACCESSIBILITY', '1'), ('GDMSESSION', 'ubuntu'), ('LESSCLOSE', '/usr/bin/lesspipe %s %s'), ('GTK_PATH_VSCODE_SNAP_ORIG', ''), ('GTK_IM_MODULE_FILE_VSCODE_SNAP_ORIG', ''), ('LC_MEASUREMENT', 'es_AR.UTF-8'), ('GJS_DEBUG_OUTPUT', 'stderr'), ('LC_IDENTIFICATION', 'es_AR.UTF-8'), ('VSCODE_GIT_ASKPASS_EXTRA_ARGS', '--ms-enable-electron-run-as-node'), ('QT_IM_MODULE', 'ibus'), ('PWD', '/home/thiago/workspaces/lidar/build/version0'), ('LC_ALL', 'en_US.UTF-8'), ('XDG_CONFIG_DIRS', '/etc/xdg/xdg-ubuntu:/etc/xdg'), ('XDG_DATA_DIRS', '/home/thiago/snap/code/136/.local/share:/home/thiago/snap/code/136:/snap/code/136/usr/share:/usr/share/ubuntu:/usr/local/share/:/usr/share/:/var/lib/snapd/desktop'), ('PYTHONPATH', '/opt/ros/humble/lib/python3.10/site-packages:/opt/ros/humble/local/lib/python3.10/dist-packages'), ('LC_NUMERIC', 'es_AR.UTF-8'), ('LC_PAPER', 'es_AR.UTF-8'), ('COLCON', '1'), ('CMAKE_PREFIX_PATH', '/opt/ros/humble')]), 'shell': False}
[0.424160] (version0) StdoutLine: {'line': b'-- Install configuration: ""\n'}
[0.424576] (version0) StdoutLine: {'line': b'-- Execute custom install script\n'}
[0.424793] (version0) StdoutLine: {'line': b'-- Up-to-date symlink: /home/thiago/workspaces/lidar/install/version0/share/ament_index/resource_index/rosidl_interfaces/version0\n'}
[0.425248] (version0) StdoutLine: {'line': b'-- Up-to-date symlink: /home/thiago/workspaces/lidar/install/version0/include/version0/version0/action/detail/navigate__functions.h\n'}
[0.425347] (version0) StdoutLine: {'line': b'-- Up-to-date symlink: /home/thiago/workspaces/lidar/install/version0/include/version0/version0/action/detail/navigate__struct.h\n'}
[0.425453] (version0) StdoutLine: {'line': b'-- Up-to-date symlink: /home/thiago/workspaces/lidar/install/version0/include/version0/version0/action/detail/navigate__type_support.h\n'}
[0.425559] (version0) StdoutLine: {'line': b'-- Up-to-date symlink: /home/thiago/workspaces/lidar/install/version0/include/version0/version0/action/navigate.h\n'}
[0.425661] (version0) StdoutLine: {'line': b'-- Up-to-date symlink: /home/thiago/workspaces/lidar/install/version0/include/version0/version0/msg/rosidl_generator_c__visibility_control.h\n'}
[0.425764] (version0) StdoutLine: {'line': b'-- Up-to-date symlink: /home/thiago/workspaces/lidar/install/version0/include/version0/version0/srv/detail/odd_even_check__functions.h\n'}
[0.425868] (version0) StdoutLine: {'line': b'-- Up-to-date symlink: /home/thiago/workspaces/lidar/install/version0/include/version0/version0/srv/detail/odd_even_check__struct.h\n'}
[0.425975] (version0) StdoutLine: {'line': b'-- Up-to-date symlink: /home/thiago/workspaces/lidar/install/version0/include/version0/version0/srv/detail/odd_even_check__type_support.h\n'}
[0.426074] (version0) StdoutLine: {'line': b'-- Up-to-date symlink: /home/thiago/workspaces/lidar/install/version0/include/version0/version0/srv/odd_even_check.h\n'}
[0.426230] (version0) StdoutLine: {'line': b'-- Up-to-date symlink: /home/thiago/workspaces/lidar/install/version0/share/version0/environment/library_path.sh\n'}
[0.426371] (version0) StdoutLine: {'line': b'-- Up-to-date symlink: /home/thiago/workspaces/lidar/install/version0/share/version0/environment/library_path.dsv\n'}
[0.426664] (version1) StdoutLine: {'line': b'-- Found laser_geometry: 2.4.0 (/opt/ros/humble/share/laser_geometry/cmake)\n'}
[0.426872] (version0) StdoutLine: {'line': b'-- Up-to-date symlink: /home/thiago/workspaces/lidar/install/version0/include/version0/version0/action/detail/navigate__rosidl_typesupport_fastrtps_c.h\n'}
[0.426971] (version0) StdoutLine: {'line': b'-- Up-to-date symlink: /home/thiago/workspaces/lidar/install/version0/include/version0/version0/msg/rosidl_typesupport_fastrtps_c__visibility_control.h\n'}
[0.427074] (version0) StdoutLine: {'line': b'-- Up-to-date symlink: /home/thiago/workspaces/lidar/install/version0/include/version0/version0/srv/detail/odd_even_check__rosidl_typesupport_fastrtps_c.h\n'}
[0.427452] (version0) StdoutLine: {'line': b'-- Up-to-date symlink: /home/thiago/workspaces/lidar/install/version0/include/version0/version0/action/detail/navigate__builder.hpp\n'}
[0.427555] (version0) StdoutLine: {'line': b'-- Up-to-date symlink: /home/thiago/workspaces/lidar/install/version0/include/version0/version0/action/detail/navigate__struct.hpp\n'}
[0.427657] (version0) StdoutLine: {'line': b'-- Up-to-date symlink: /home/thiago/workspaces/lidar/install/version0/include/version0/version0/action/detail/navigate__traits.hpp\n'}
[0.427760] (version0) StdoutLine: {'line': b'-- Up-to-date symlink: /home/thiago/workspaces/lidar/install/version0/include/version0/version0/action/navigate.hpp\n'}
[0.427865] (version0) StdoutLine: {'line': b'-- Up-to-date symlink: /home/thiago/workspaces/lidar/install/version0/include/version0/version0/srv/detail/odd_even_check__builder.hpp\n'}
[0.427967] (version0) StdoutLine: {'line': b'-- Up-to-date symlink: /home/thiago/workspaces/lidar/install/version0/include/version0/version0/srv/detail/odd_even_check__struct.hpp\n'}
[0.428069] (version0) StdoutLine: {'line': b'-- Up-to-date symlink: /home/thiago/workspaces/lidar/install/version0/include/version0/version0/srv/detail/odd_even_check__traits.hpp\n'}
[0.428170] (version0) StdoutLine: {'line': b'-- Up-to-date symlink: /home/thiago/workspaces/lidar/install/version0/include/version0/version0/srv/odd_even_check.hpp\n'}
[0.428868] (version0) StdoutLine: {'line': b'-- Up-to-date symlink: /home/thiago/workspaces/lidar/install/version0/include/version0/version0/action/detail/navigate__rosidl_typesupport_fastrtps_cpp.hpp\n'}
[0.428992] (version0) StdoutLine: {'line': b'-- Up-to-date symlink: /home/thiago/workspaces/lidar/install/version0/include/version0/version0/msg/rosidl_typesupport_fastrtps_cpp__visibility_control.h\n'}
[0.429117] (version0) StdoutLine: {'line': b'-- Up-to-date symlink: /home/thiago/workspaces/lidar/install/version0/include/version0/version0/srv/detail/odd_even_check__rosidl_typesupport_fastrtps_cpp.hpp\n'}
[0.429559] (version0) StdoutLine: {'line': b'-- Up-to-date symlink: /home/thiago/workspaces/lidar/install/version0/include/version0/version0/action/detail/navigate__rosidl_typesupport_introspection_c.h\n'}
[0.429697] (version0) StdoutLine: {'line': b'-- Up-to-date symlink: /home/thiago/workspaces/lidar/install/version0/include/version0/version0/msg/rosidl_typesupport_introspection_c__visibility_control.h\n'}
[0.429829] (version0) StdoutLine: {'line': b'-- Up-to-date symlink: /home/thiago/workspaces/lidar/install/version0/include/version0/version0/srv/detail/odd_even_check__rosidl_typesupport_introspection_c.h\n'}
[0.430104] (version0) StdoutLine: {'line': b'-- Up-to-date symlink: /home/thiago/workspaces/lidar/install/version0/include/version0/version0/action/detail/navigate__rosidl_typesupport_introspection_cpp.hpp\n'}
[0.430238] (version0) StdoutLine: {'line': b'-- Up-to-date symlink: /home/thiago/workspaces/lidar/install/version0/include/version0/version0/srv/detail/odd_even_check__rosidl_typesupport_introspection_cpp.hpp\n'}
[0.430370] (version0) StdoutLine: {'line': b'-- Up-to-date symlink: /home/thiago/workspaces/lidar/install/version0/share/version0/environment/pythonpath.sh\n'}
[0.430460] (version0) StdoutLine: {'line': b'-- Up-to-date symlink: /home/thiago/workspaces/lidar/install/version0/share/version0/environment/pythonpath.dsv\n'}
[0.430664] (version0) StdoutLine: {'line': b'-- Up-to-date symlink: /home/thiago/workspaces/lidar/install/version0/local/lib/python3.10/dist-packages/version0-0.0.0-py3.10.egg-info/PKG-INFO\n'}
[0.430734] (version0) StdoutLine: {'line': b'-- Up-to-date symlink: /home/thiago/workspaces/lidar/install/version0/local/lib/python3.10/dist-packages/version0-0.0.0-py3.10.egg-info/SOURCES.txt\n'}
[0.430815] (version0) StdoutLine: {'line': b'-- Up-to-date symlink: /home/thiago/workspaces/lidar/install/version0/local/lib/python3.10/dist-packages/version0-0.0.0-py3.10.egg-info/dependency_links.txt\n'}
[0.430895] (version0) StdoutLine: {'line': b'-- Up-to-date symlink: /home/thiago/workspaces/lidar/install/version0/local/lib/python3.10/dist-packages/version0-0.0.0-py3.10.egg-info/top_level.txt\n'}
[0.431356] (version0) StdoutLine: {'line': b'-- Up-to-date symlink: /home/thiago/workspaces/lidar/install/version0/local/lib/python3.10/dist-packages/version0/__init__.py\n'}
[0.431483] (version0) StdoutLine: {'line': b'-- Up-to-date symlink: /home/thiago/workspaces/lidar/install/version0/local/lib/python3.10/dist-packages/version0/_version0_s.ep.rosidl_typesupport_c.c\n'}
[0.431569] (version0) StdoutLine: {'line': b'-- Up-to-date symlink: /home/thiago/workspaces/lidar/install/version0/local/lib/python3.10/dist-packages/version0/_version0_s.ep.rosidl_typesupport_fastrtps_c.c\n'}
[0.431679] (version0) StdoutLine: {'line': b'-- Up-to-date symlink: /home/thiago/workspaces/lidar/install/version0/local/lib/python3.10/dist-packages/version0/_version0_s.ep.rosidl_typesupport_introspection_c.c\n'}
[0.431779] (version0) StdoutLine: {'line': b'-- Up-to-date symlink: /home/thiago/workspaces/lidar/install/version0/local/lib/python3.10/dist-packages/version0/action/__init__.py\n'}
[0.431885] (version0) StdoutLine: {'line': b'-- Up-to-date symlink: /home/thiago/workspaces/lidar/install/version0/local/lib/python3.10/dist-packages/version0/action/_navigate.py\n'}
[0.431957] (version0) StdoutLine: {'line': b'-- Up-to-date symlink: /home/thiago/workspaces/lidar/install/version0/local/lib/python3.10/dist-packages/version0/action/_navigate_s.c\n'}
[0.432037] (version0) StdoutLine: {'line': b'-- Up-to-date symlink: /home/thiago/workspaces/lidar/install/version0/local/lib/python3.10/dist-packages/version0/libversion0__rosidl_generator_py.so\n'}
[0.432102] (version0) StdoutLine: {'line': b'-- Up-to-date symlink: /home/thiago/workspaces/lidar/install/version0/local/lib/python3.10/dist-packages/version0/srv/__init__.py\n'}
[0.432166] (version0) StdoutLine: {'line': b'-- Up-to-date symlink: /home/thiago/workspaces/lidar/install/version0/local/lib/python3.10/dist-packages/version0/srv/_odd_even_check.py\n'}
[0.432229] (version0) StdoutLine: {'line': b'-- Up-to-date symlink: /home/thiago/workspaces/lidar/install/version0/local/lib/python3.10/dist-packages/version0/srv/_odd_even_check_s.c\n'}
[0.432284] (version0) StdoutLine: {'line': b'-- Up-to-date symlink: /home/thiago/workspaces/lidar/install/version0/local/lib/python3.10/dist-packages/version0/version0_s__rosidl_typesupport_c.cpython-310-x86_64-linux-gnu.so\n'}
[0.432365] (version0) StdoutLine: {'line': b'-- Up-to-date symlink: /home/thiago/workspaces/lidar/install/version0/local/lib/python3.10/dist-packages/version0/version0_s__rosidl_typesupport_fastrtps_c.cpython-310-x86_64-linux-gnu.so\n'}
[0.432415] (version0) StdoutLine: {'line': b'-- Up-to-date symlink: /home/thiago/workspaces/lidar/install/version0/local/lib/python3.10/dist-packages/version0/version0_s__rosidl_typesupport_introspection_c.cpython-310-x86_64-linux-gnu.so\n'}
[0.432497] (version0) StdoutLine: {'line': b'-- Up-to-date symlink: /home/thiago/workspaces/lidar/install/version0/local/lib/python3.10/dist-packages/version0/version0_s__rosidl_typesupport_fastrtps_c.cpython-310-x86_64-linux-gnu.so\n'}
[0.432657] (version0) StdoutLine: {'line': b'-- Up-to-date symlink: /home/thiago/workspaces/lidar/install/version0/local/lib/python3.10/dist-packages/version0/version0_s__rosidl_typesupport_introspection_c.cpython-310-x86_64-linux-gnu.so\n'}
[0.432837] (version0) StdoutLine: {'line': b'-- Up-to-date symlink: /home/thiago/workspaces/lidar/install/version0/local/lib/python3.10/dist-packages/version0/version0_s__rosidl_typesupport_c.cpython-310-x86_64-linux-gnu.so\n'}
[0.432946] (version0) StdoutLine: {'line': b'-- Up-to-date symlink: /home/thiago/workspaces/lidar/install/version0/share/version0/srv/OddEvenCheck.idl\n'}
[0.433044] (version0) StdoutLine: {'line': b'-- Up-to-date symlink: /home/thiago/workspaces/lidar/install/version0/share/version0/action/Navigate.idl\n'}
[0.433140] (version0) StdoutLine: {'line': b'-- Up-to-date symlink: /home/thiago/workspaces/lidar/install/version0/share/version0/srv/OddEvenCheck.srv\n'}
[0.433235] (version0) StdoutLine: {'line': b'-- Up-to-date symlink: /home/thiago/workspaces/lidar/install/version0/share/version0/srv/OddEvenCheck_Request.msg\n'}
[0.433328] (version0) StdoutLine: {'line': b'-- Up-to-date symlink: /home/thiago/workspaces/lidar/install/version0/share/version0/srv/OddEvenCheck_Response.msg\n'}
[0.433421] (version0) StdoutLine: {'line': b'-- Up-to-date symlink: /home/thiago/workspaces/lidar/install/version0/share/version0/action/Navigate.action\n'}
[0.433625] (version0) StdoutLine: {'line': b'-- Up-to-date symlink: /home/thiago/workspaces/lidar/install/version0/local/lib/python3.10/dist-packages/scripts-0.0.0-py3.10.egg-info/PKG-INFO\n'}
[0.433698] (version0) StdoutLine: {'line': b'-- Up-to-date symlink: /home/thiago/workspaces/lidar/install/version0/local/lib/python3.10/dist-packages/scripts-0.0.0-py3.10.egg-info/SOURCES.txt\n'}
[0.433768] (version0) StdoutLine: {'line': b'-- Up-to-date symlink: /home/thiago/workspaces/lidar/install/version0/local/lib/python3.10/dist-packages/scripts-0.0.0-py3.10.egg-info/dependency_links.txt\n'}
[0.433836] (version0) StdoutLine: {'line': b'-- Up-to-date symlink: /home/thiago/workspaces/lidar/install/version0/local/lib/python3.10/dist-packages/scripts-0.0.0-py3.10.egg-info/top_level.txt\n'}
[0.434058] (version0) StdoutLine: {'line': b'-- Up-to-date symlink: /home/thiago/workspaces/lidar/install/version0/local/lib/python3.10/dist-packages/scripts/__init__.py\n'}
[0.434127] (version0) StdoutLine: {'line': b'-- Up-to-date symlink: /home/thiago/workspaces/lidar/install/version0/local/lib/python3.10/dist-packages/scripts/publisher_laserscan.py\n'}
[0.434228] (version0) StdoutLine: {'line': b'-- Up-to-date symlink: /home/thiago/workspaces/lidar/install/version0/lib/version0/publisher_laserscan.py\n'}
[0.434422] (version0) StdoutLine: {'line': b'-- Up-to-date symlink: /home/thiago/workspaces/lidar/install/version0/share/version0//launch/rpm_node_launch.py\n'}
[0.434538] (version0) StdoutLine: {'line': b'-- Up-to-date symlink: /home/thiago/workspaces/lidar/install/version0/share/ament_index/resource_index/package_run_dependencies/version0\n'}
[0.434641] (version0) StdoutLine: {'line': b'-- Up-to-date symlink: /home/thiago/workspaces/lidar/install/version0/share/ament_index/resource_index/parent_prefix_path/version0\n'}
[0.434784] (version0) StdoutLine: {'line': b'-- Up-to-date symlink: /home/thiago/workspaces/lidar/install/version0/share/version0/environment/ament_prefix_path.sh\n'}
[0.434876] (version0) StdoutLine: {'line': b'-- Up-to-date symlink: /home/thiago/workspaces/lidar/install/version0/share/version0/environment/ament_prefix_path.dsv\n'}
[0.434970] (version0) StdoutLine: {'line': b'-- Up-to-date symlink: /home/thiago/workspaces/lidar/install/version0/share/version0/environment/path.sh\n'}
[0.435062] (version0) StdoutLine: {'line': b'-- Up-to-date symlink: /home/thiago/workspaces/lidar/install/version0/share/version0/environment/path.dsv\n'}
[0.435153] (version0) StdoutLine: {'line': b'-- Up-to-date symlink: /home/thiago/workspaces/lidar/install/version0/share/version0/local_setup.bash\n'}
[0.435246] (version0) StdoutLine: {'line': b'-- Up-to-date symlink: /home/thiago/workspaces/lidar/install/version0/share/version0/local_setup.sh\n'}
[0.435336] (version0) StdoutLine: {'line': b'-- Up-to-date symlink: /home/thiago/workspaces/lidar/install/version0/share/version0/local_setup.zsh\n'}
[0.435425] (version0) StdoutLine: {'line': b'-- Up-to-date symlink: /home/thiago/workspaces/lidar/install/version0/share/version0/local_setup.dsv\n'}
[0.435494] (version0) StdoutLine: {'line': b'-- Symlinking: /home/thiago/workspaces/lidar/install/version0/share/version0/package.dsv\n'}
[0.442112] (version0) StdoutLine: {'line': b'-- Up-to-date symlink: /home/thiago/workspaces/lidar/install/version0/share/ament_index/resource_index/packages/version0\n'}
[0.442286] (version0) StdoutLine: {'line': b'-- Up-to-date symlink: /home/thiago/workspaces/lidar/install/version0/share/version0/cmake/rosidl_cmake-extras.cmake\n'}
[0.442391] (version0) StdoutLine: {'line': b'-- Up-to-date symlink: /home/thiago/workspaces/lidar/install/version0/share/version0/cmake/ament_cmake_export_dependencies-extras.cmake\n'}
[0.442474] (version0) StdoutLine: {'line': b'-- Up-to-date symlink: /home/thiago/workspaces/lidar/install/version0/share/version0/cmake/ament_cmake_export_include_directories-extras.cmake\n'}
[0.442553] (version0) StdoutLine: {'line': b'-- Up-to-date symlink: /home/thiago/workspaces/lidar/install/version0/share/version0/cmake/ament_cmake_export_libraries-extras.cmake\n'}
[0.442650] (version0) StdoutLine: {'line': b'-- Up-to-date symlink: /home/thiago/workspaces/lidar/install/version0/share/version0/cmake/ament_cmake_export_targets-extras.cmake\n'}
[0.442755] (version0) StdoutLine: {'line': b'-- Up-to-date symlink: /home/thiago/workspaces/lidar/install/version0/share/version0/cmake/rosidl_cmake_export_typesupport_targets-extras.cmake\n'}
[0.442845] (version0) StdoutLine: {'line': b'-- Up-to-date symlink: /home/thiago/workspaces/lidar/install/version0/share/version0/cmake/rosidl_cmake_export_typesupport_libraries-extras.cmake\n'}
[0.442940] (version0) StdoutLine: {'line': b'-- Up-to-date symlink: /home/thiago/workspaces/lidar/install/version0/share/version0/cmake/version0Config.cmake\n'}
[0.443019] (version0) StdoutLine: {'line': b'-- Up-to-date symlink: /home/thiago/workspaces/lidar/install/version0/share/version0/cmake/version0Config-version.cmake\n'}
[0.443100] (version0) StdoutLine: {'line': b'-- Up-to-date symlink: /home/thiago/workspaces/lidar/install/version0/share/version0/package.xml\n'}
[0.443253] (version0) StdoutLine: {'line': b'-- Up-to-date: /home/thiago/workspaces/lidar/install/version0/lib/libversion0__rosidl_generator_c.so\n'}
[0.443437] (version0) StdoutLine: {'line': b'-- Up-to-date: /home/thiago/workspaces/lidar/install/version0/lib/libversion0__rosidl_typesupport_fastrtps_c.so\n'}
[0.443623] (version0) StdoutLine: {'line': b'-- Up-to-date: /home/thiago/workspaces/lidar/install/version0/lib/libversion0__rosidl_typesupport_fastrtps_cpp.so\n'}
[0.443799] (version0) StdoutLine: {'line': b'-- Up-to-date: /home/thiago/workspaces/lidar/install/version0/lib/libversion0__rosidl_typesupport_introspection_c.so\n'}
[0.443954] (version0) StdoutLine: {'line': b'-- Up-to-date: /home/thiago/workspaces/lidar/install/version0/lib/libversion0__rosidl_typesupport_c.so\n'}
[0.444108] (version0) StdoutLine: {'line': b'-- Up-to-date: /home/thiago/workspaces/lidar/install/version0/lib/libversion0__rosidl_typesupport_introspection_cpp.so\n'}
[0.444261] (version0) StdoutLine: {'line': b'-- Up-to-date: /home/thiago/workspaces/lidar/install/version0/lib/libversion0__rosidl_typesupport_cpp.so\n'}
[0.467483] (version0) StdoutLine: {'line': b"Listing '/home/thiago/workspaces/lidar/install/version0/local/lib/python3.10/dist-packages/version0'...\n"}
[0.467680] (version0) StdoutLine: {'line': b"Listing '/home/thiago/workspaces/lidar/install/version0/local/lib/python3.10/dist-packages/version0/action'...\n"}
[0.467773] (version0) StdoutLine: {'line': b"Listing '/home/thiago/workspaces/lidar/install/version0/local/lib/python3.10/dist-packages/version0/srv'...\n"}
[0.467978] (version1) StdoutLine: {'line': b'-- Found rmw_implementation_cmake: 6.1.1 (/opt/ros/humble/share/rmw_implementation_cmake/cmake)\n'}
[0.469068] (version1) StdoutLine: {'line': b'-- Found rmw_fastrtps_cpp: 6.2.3 (/opt/ros/humble/share/rmw_fastrtps_cpp/cmake)\n'}
[0.470864] (version0) StdoutLine: {'line': b'-- Up-to-date: /home/thiago/workspaces/lidar/install/version0/lib/libversion0__rosidl_generator_py.so\n'}
[0.497462] (version0) StdoutLine: {'line': b"Listing '/home/thiago/workspaces/lidar/install/version0/local/lib/python3.10/dist-packages/scripts'...\n"}
[0.499437] (-) TimerEvent: {}
[0.501227] (version0) StdoutLine: {'line': b'-- Up-to-date: /home/thiago/workspaces/lidar/install/version0/share/version0/cmake/export_version0__rosidl_generator_cExport.cmake\n'}
[0.501372] (version0) StdoutLine: {'line': b'-- Up-to-date: /home/thiago/workspaces/lidar/install/version0/share/version0/cmake/export_version0__rosidl_generator_cExport-noconfig.cmake\n'}
[0.501520] (version0) StdoutLine: {'line': b'-- Up-to-date: /home/thiago/workspaces/lidar/install/version0/share/version0/cmake/export_version0__rosidl_typesupport_fastrtps_cExport.cmake\n'}
[0.501603] (version0) StdoutLine: {'line': b'-- Up-to-date: /home/thiago/workspaces/lidar/install/version0/share/version0/cmake/export_version0__rosidl_typesupport_fastrtps_cExport-noconfig.cmake\n'}
[0.501724] (version0) StdoutLine: {'line': b'-- Up-to-date: /home/thiago/workspaces/lidar/install/version0/share/version0/cmake/export_version0__rosidl_generator_cppExport.cmake\n'}
[0.501832] (version0) StdoutLine: {'line': b'-- Up-to-date: /home/thiago/workspaces/lidar/install/version0/share/version0/cmake/export_version0__rosidl_typesupport_fastrtps_cppExport.cmake\n'}
[0.501935] (version0) StdoutLine: {'line': b'-- Up-to-date: /home/thiago/workspaces/lidar/install/version0/share/version0/cmake/export_version0__rosidl_typesupport_fastrtps_cppExport-noconfig.cmake\n'}
[0.502032] (version0) StdoutLine: {'line': b'-- Up-to-date: /home/thiago/workspaces/lidar/install/version0/share/version0/cmake/version0__rosidl_typesupport_introspection_cExport.cmake\n'}
[0.502097] (version0) StdoutLine: {'line': b'-- Up-to-date: /home/thiago/workspaces/lidar/install/version0/share/version0/cmake/version0__rosidl_typesupport_introspection_cExport-noconfig.cmake\n'}
[0.502194] (version0) StdoutLine: {'line': b'-- Up-to-date: /home/thiago/workspaces/lidar/install/version0/share/version0/cmake/version0__rosidl_typesupport_cExport.cmake\n'}
[0.502257] (version0) StdoutLine: {'line': b'-- Up-to-date: /home/thiago/workspaces/lidar/install/version0/share/version0/cmake/version0__rosidl_typesupport_cExport-noconfig.cmake\n'}
[0.502319] (version0) StdoutLine: {'line': b'-- Up-to-date: /home/thiago/workspaces/lidar/install/version0/share/version0/cmake/version0__rosidl_typesupport_introspection_cppExport.cmake\n'}
[0.502380] (version0) StdoutLine: {'line': b'-- Up-to-date: /home/thiago/workspaces/lidar/install/version0/share/version0/cmake/version0__rosidl_typesupport_introspection_cppExport-noconfig.cmake\n'}
[0.502441] (version0) StdoutLine: {'line': b'-- Up-to-date: /home/thiago/workspaces/lidar/install/version0/share/version0/cmake/version0__rosidl_typesupport_cppExport.cmake\n'}
[0.502520] (version0) StdoutLine: {'line': b'-- Up-to-date: /home/thiago/workspaces/lidar/install/version0/share/version0/cmake/version0__rosidl_typesupport_cppExport-noconfig.cmake\n'}
[0.502571] (version0) StdoutLine: {'line': b'-- Up-to-date: /home/thiago/workspaces/lidar/install/version0/share/version0/cmake/export_version0__rosidl_generator_pyExport.cmake\n'}
[0.502619] (version0) StdoutLine: {'line': b'-- Up-to-date: /home/thiago/workspaces/lidar/install/version0/share/version0/cmake/export_version0__rosidl_generator_pyExport-noconfig.cmake\n'}
[0.504027] (version0) CommandEnded: {'returncode': 0}
[0.573995] (version1) StdoutLine: {'line': b"-- Using RMW implementation 'rmw_fastrtps_cpp' as default\n"}
[0.588820] (version0) JobEnded: {'identifier': 'version0', 'rc': 0}
[0.599594] (-) TimerEvent: {}
[0.700049] (-) TimerEvent: {}
[0.717070] (version1) StdoutLine: {'line': b'-- Found rosidl_default_generators: 1.2.0 (/opt/ros/humble/share/rosidl_default_generators/cmake)\n'}
[0.724920] (version1) StdoutLine: {'line': b'-- Found rclpy: 3.3.9 (/opt/ros/humble/share/rclpy/cmake)\n'}
[0.725182] (version1) StdoutLine: {'line': b'-- Found perception_pcl: 2.4.0 (/opt/ros/humble/share/perception_pcl/cmake)\n'}
[0.725388] (version1) StdoutLine: {'line': b'-- Found pcl_ros: 2.4.0 (/opt/ros/humble/share/pcl_ros/cmake)\n'}
[0.800169] (-) TimerEvent: {}
[0.900490] (-) TimerEvent: {}
[0.944899] (version1) StdoutLine: {'line': b'-- Ensuring Eigen3 include directory is part of orocos-kdl CMake target\n'}
[1.000595] (-) TimerEvent: {}
[1.100895] (-) TimerEvent: {}
[1.201166] (-) TimerEvent: {}
[1.247239] (version1) StdoutLine: {'line': b'-- Eigen found (include: /usr/include/eigen3, version: 3.4.0)\n'}
[1.268099] (version1) StdoutLine: {'line': b'-- FLANN found (include: /usr/include, lib: /usr/lib/x86_64-linux-gnu/libflann_cpp.so)\n'}
[1.301281] (-) TimerEvent: {}
[1.401569] (-) TimerEvent: {}
[1.477186] (version1) StdoutLine: {'line': b'-- OpenNI found (version: 1.5.4.0, include: /usr/include/ni, lib: /usr/lib/libOpenNI.so;libusb::libusb)\n'}
[1.480992] (version1) StdoutLine: {'line': b'-- OpenNI2 found (version: 2.2.0.33, include: /usr/include/openni2, lib: /usr/lib/x86_64-linux-gnu/libOpenNI2.so;libusb::libusb)\n'}
[1.501669] (-) TimerEvent: {}
[1.595412] (version1) StdoutLine: {'line': b'-- Eigen found (include: /usr/include/eigen3, version: 3.4.0)\n'}
[1.599200] (version1) StdoutLine: {'line': b'-- OpenNI found (version: 1.5.4.0, include: /usr/include/ni, lib: /usr/lib/libOpenNI.so;libusb::libusb)\n'}
[1.601743] (-) TimerEvent: {}
[1.602991] (version1) StdoutLine: {'line': b'-- OpenNI2 found (version: 2.2.0.33, include: /usr/include/openni2, lib: /usr/lib/x86_64-linux-gnu/libOpenNI2.so;libusb::libusb)\n'}
[1.701858] (-) TimerEvent: {}
[1.717623] (version1) StdoutLine: {'line': b'-- Found Qhull version 8.0.2\n'}
[1.801985] (-) TimerEvent: {}
[1.839654] (version1) StdoutLine: {'line': b'-- OpenNI found (version: 1.5.4.0, include: /usr/include/ni, lib: /usr/lib/libOpenNI.so;libusb::libusb)\n'}
[1.902090] (-) TimerEvent: {}
[1.964183] (version1) StdoutLine: {'line': b'-- Found ros_ign_gazebo: 0.244.11 (/opt/ros/humble/share/ros_ign_gazebo/cmake)\n'}
[2.002192] (-) TimerEvent: {}
[2.102451] (-) TimerEvent: {}
[2.202724] (-) TimerEvent: {}
[2.302987] (-) TimerEvent: {}
[2.403248] (-) TimerEvent: {}
[2.503518] (-) TimerEvent: {}
[2.554479] (version1) StdoutLine: {'line': b'-- Found ament_lint_auto: 0.12.7 (/opt/ros/humble/share/ament_lint_auto/cmake)\n'}
[2.603626] (-) TimerEvent: {}
[2.614448] (version1) StdoutLine: {'line': b"-- Added test 'flake8' to check Python code syntax and style conventions\n"}
[2.615017] (version1) StdoutLine: {'line': b"-- Added test 'lint_cmake' to check CMake code style\n"}
[2.615372] (version1) StdoutLine: {'line': b"-- Added test 'pep257' to check Python code against some of the docstring style conventions in PEP 257\n"}
[2.616488] (version1) StdoutLine: {'line': b"-- Added test 'xmllint' to check XML markup files\n"}
[2.617289] (version1) StdoutLine: {'line': b'-- Configuring done\n'}
[2.625430] (version1) StdoutLine: {'line': b'-- Generating done\n'}
[2.628670] (version1) StdoutLine: {'line': b'-- Build files have been written to: /home/thiago/workspaces/lidar/build/version1\n'}
[2.666528] (version1) StdoutLine: {'line': b'Built target ament_cmake_python_symlink_scripts\n'}
[2.703733] (-) TimerEvent: {}
[2.803975] (-) TimerEvent: {}
[2.850794] (version1) StdoutLine: {'line': b'running egg_info\n'}
[2.851301] (version1) StdoutLine: {'line': b'writing scripts.egg-info/PKG-INFO\n'}
[2.851456] (version1) StdoutLine: {'line': b'writing dependency_links to scripts.egg-info/dependency_links.txt\n'}
[2.851572] (version1) StdoutLine: {'line': b'writing top-level names to scripts.egg-info/top_level.txt\n'}
[2.852888] (version1) StdoutLine: {'line': b"reading manifest file 'scripts.egg-info/SOURCES.txt'\n"}
[2.853302] (version1) StdoutLine: {'line': b"writing manifest file 'scripts.egg-info/SOURCES.txt'\n"}
[2.870989] (version1) StdoutLine: {'line': b'Built target ament_cmake_python_build_scripts_egg\n'}
[2.877581] (version1) CommandEnded: {'returncode': 0}
[2.891894] (version1) JobProgress: {'identifier': 'version1', 'progress': 'install'}
[2.892584] (version1) Command: {'cmd': ['/usr/bin/cmake', '--install', '/home/thiago/workspaces/lidar/build/version1'], 'cwd': '/home/thiago/workspaces/lidar/build/version1', 'env': OrderedDict([('GJS_DEBUG_TOPICS', 'JS ERROR;JS LOG'), ('LESSOPEN', '| /usr/bin/lesspipe %s'), ('USER', 'thiago'), ('LC_TIME', 'es_AR.UTF-8'), ('GIO_MODULE_DIR', '/home/thiago/snap/code/common/.cache/gio-modules'), ('XDG_SESSION_TYPE', 'wayland'), ('GIT_ASKPASS', '/snap/code/136/usr/share/code/resources/app/extensions/git/dist/askpass.sh'), ('GTK_EXE_PREFIX_VSCODE_SNAP_ORIG', ''), ('GDK_BACKEND_VSCODE_SNAP_ORIG', ''), ('SHLVL', '1'), ('LD_LIBRARY_PATH', '/opt/ros/humble/opt/rviz_ogre_vendor/lib:/opt/ros/humble/lib/x86_64-linux-gnu:/opt/ros/humble/lib'), ('HOME', '/home/thiago'), ('CHROME_DESKTOP', 'code-url-handler.desktop'), ('LOCPATH_VSCODE_SNAP_ORIG', ''), ('TERM_PROGRAM_VERSION', '1.81.0'), ('DESKTOP_SESSION', 'ubuntu'), ('GTK_PATH', '/snap/code/136/usr/lib/x86_64-linux-gnu/gtk-3.0'), ('GTK_IM_MODULE_FILE', '/home/thiago/snap/code/common/.cache/immodules/immodules.cache'), ('GIO_LAUNCHED_DESKTOP_FILE', '/var/lib/snapd/desktop/applications/code_code.desktop'), ('ROS_PYTHON_VERSION', '3'), ('GNOME_SHELL_SESSION_MODE', 'ubuntu'), ('GTK_MODULES', 'gail:atk-bridge'), ('GSETTINGS_SCHEMA_DIR_VSCODE_SNAP_ORIG', ''), ('VSCODE_GIT_ASKPASS_MAIN', '/snap/code/136/usr/share/code/resources/app/extensions/git/dist/askpass-main.js'), ('LC_MONETARY', 'es_AR.UTF-8'), ('VSCODE_GIT_ASKPASS_NODE', '/snap/code/136/usr/share/code/code'), ('MANAGERPID', '1619'), ('SYSTEMD_EXEC_PID', '1833'), ('IM_CONFIG_CHECK_ENV', '1'), ('DBUS_SESSION_BUS_ADDRESS', 'unix:path=/run/user/1000/bus'), ('COLORTERM', 'truecolor'), ('GIO_LAUNCHED_DESKTOP_FILE_PID', '9035'), ('IM_CONFIG_PHASE', '1'), ('WAYLAND_DISPLAY', 'wayland-0'), ('ROS_DISTRO', 'humble'), ('LOGNAME', 'thiago'), ('JOURNAL_STREAM', '8:35974'), ('_', '/usr/bin/colcon'), ('ROS_VERSION', '2'), ('XDG_CONFIG_DIRS_VSCODE_SNAP_ORIG', '/etc/xdg/xdg-ubuntu:/etc/xdg'), ('XDG_SESSION_CLASS', 'user'), ('XDG_DATA_DIRS_VSCODE_SNAP_ORIG', '/usr/share/ubuntu:/usr/local/share/:/usr/share/:/var/lib/snapd/desktop'), ('USERNAME', 'thiago'), ('TERM', 'xterm-256color'), ('GNOME_DESKTOP_SESSION_ID', 'this-is-deprecated'), ('ROS_LOCALHOST_ONLY', '0'), ('PATH', '/home/thiago/.local/bin:/opt/ros/humble/bin:/home/thiago/.local/bin:/usr/local/sbin:/usr/local/bin:/usr/sbin:/usr/bin:/sbin:/bin:/usr/games:/usr/local/games:/snap/bin:/snap/bin'), ('SESSION_MANAGER', 'local/thiago-ubuntu:@/tmp/.ICE-unix/1787,unix/thiago-ubuntu:/tmp/.ICE-unix/1787'), ('GTK_EXE_PREFIX', '/snap/code/136/usr'), ('INVOCATION_ID', 'f39377580b26404cad46146b8cfc4176'), ('XDG_MENU_PREFIX', 'gnome-'), ('LC_ADDRESS', 'es_AR.UTF-8'), ('BAMF_DESKTOP_FILE_HINT', '/var/lib/snapd/desktop/applications/code_code.desktop'), ('GNOME_SETUP_DISPLAY', ':1'), ('XDG_RUNTIME_DIR', '/run/user/1000'), ('GDK_BACKEND', 'x11'), ('DISPLAY', ':0'), ('LOCPATH', '/snap/code/136/usr/lib/locale'), ('LANG', 'en_US.UTF-8'), ('XDG_CURRENT_DESKTOP', 'Unity'), ('LC_TELEPHONE', 'es_AR.UTF-8'), ('GIO_MODULE_DIR_VSCODE_SNAP_ORIG', ''), ('XMODIFIERS', '@im=ibus'), ('XDG_SESSION_DESKTOP', 'ubuntu'), ('XAUTHORITY', '/run/user/1000/.mutter-Xwaylandauth.PSCU91'), ('LS_COLORS', ''), ('VSCODE_GIT_IPC_HANDLE', '/run/user/1000/vscode-git-f6dfffcee1.sock'), ('TERM_PROGRAM', 'vscode'), ('SSH_AGENT_LAUNCHER', 'gnome-keyring'), ('SSH_AUTH_SOCK', '/run/user/1000/keyring/ssh'), ('GSETTINGS_SCHEMA_DIR', '/home/thiago/snap/code/136/.local/share/glib-2.0/schemas'), ('AMENT_PREFIX_PATH', '/opt/ros/humble'), ('ORIGINAL_XDG_CURRENT_DESKTOP', 'ubuntu:GNOME'), ('SHELL', '/bin/bash'), ('LC_NAME', 'es_AR.UTF-8'), ('QT_ACCESSIBILITY', '1'), ('GDMSESSION', 'ubuntu'), ('LESSCLOSE', '/usr/bin/lesspipe %s %s'), ('GTK_PATH_VSCODE_SNAP_ORIG', ''), ('GTK_IM_MODULE_FILE_VSCODE_SNAP_ORIG', ''), ('LC_MEASUREMENT', 'es_AR.UTF-8'), ('GJS_DEBUG_OUTPUT', 'stderr'), ('LC_IDENTIFICATION', 'es_AR.UTF-8'), ('VSCODE_GIT_ASKPASS_EXTRA_ARGS', '--ms-enable-electron-run-as-node'), ('QT_IM_MODULE', 'ibus'), ('PWD', '/home/thiago/workspaces/lidar/build/version1'), ('LC_ALL', 'en_US.UTF-8'), ('XDG_CONFIG_DIRS', '/etc/xdg/xdg-ubuntu:/etc/xdg'), ('XDG_DATA_DIRS', '/home/thiago/snap/code/136/.local/share:/home/thiago/snap/code/136:/snap/code/136/usr/share:/usr/share/ubuntu:/usr/local/share/:/usr/share/:/var/lib/snapd/desktop'), ('PYTHONPATH', '/opt/ros/humble/lib/python3.10/site-packages:/opt/ros/humble/local/lib/python3.10/dist-packages'), ('LC_NUMERIC', 'es_AR.UTF-8'), ('LC_PAPER', 'es_AR.UTF-8'), ('COLCON', '1'), ('CMAKE_PREFIX_PATH', '/opt/ros/humble')]), 'shell': False}
[2.897158] (version1) StdoutLine: {'line': b'-- Install configuration: ""\n'}
[2.897496] (version1) StdoutLine: {'line': b'-- Execute custom install script\n'}
[2.897619] (version1) StdoutLine: {'line': b'-- Up-to-date symlink: /home/thiago/workspaces/lidar/install/version1/share/version1/environment/pythonpath.sh\n'}
[2.897719] (version1) StdoutLine: {'line': b'-- Up-to-date symlink: /home/thiago/workspaces/lidar/install/version1/share/version1/environment/pythonpath.dsv\n'}
[2.897940] (version1) StdoutLine: {'line': b'-- Up-to-date symlink: /home/thiago/workspaces/lidar/install/version1/local/lib/python3.10/dist-packages/scripts-0.0.0-py3.10.egg-info/PKG-INFO\n'}
[2.898027] (version1) StdoutLine: {'line': b'-- Up-to-date symlink: /home/thiago/workspaces/lidar/install/version1/local/lib/python3.10/dist-packages/scripts-0.0.0-py3.10.egg-info/SOURCES.txt\n'}
[2.898100] (version1) StdoutLine: {'line': b'-- Up-to-date symlink: /home/thiago/workspaces/lidar/install/version1/local/lib/python3.10/dist-packages/scripts-0.0.0-py3.10.egg-info/dependency_links.txt\n'}
[2.898195] (version1) StdoutLine: {'line': b'-- Up-to-date symlink: /home/thiago/workspaces/lidar/install/version1/local/lib/python3.10/dist-packages/scripts-0.0.0-py3.10.egg-info/top_level.txt\n'}
[2.898350] (version1) StdoutLine: {'line': b'-- Up-to-date symlink: /home/thiago/workspaces/lidar/install/version1/local/lib/python3.10/dist-packages/scripts/__init__.py\n'}
[2.898428] (version1) StdoutLine: {'line': b'-- Up-to-date symlink: /home/thiago/workspaces/lidar/install/version1/local/lib/python3.10/dist-packages/scripts/publisher_laserscan.py\n'}
[2.898531] (version1) StdoutLine: {'line': b'-- Up-to-date symlink: /home/thiago/workspaces/lidar/install/version1/lib/version1/publisher_laserscan.py\n'}
[2.898637] (version1) StderrLine: {'line': b'\x1b[31mCMake Error at ament_cmake_symlink_install/ament_cmake_symlink_install.cmake:204 (message):\n'}
[2.898699] (version1) StderrLine: {'line': b"  ament_cmake_symlink_install_programs() can't find\n"}
[2.898747] (version1) StderrLine: {'line': b"  '/home/thiago/workspaces/lidar/src/version1/scripts/publisher_filtro.py'\n"}
[2.898791] (version1) StderrLine: {'line': b'Call Stack (most recent call first):\n'}
[2.898833] (version1) StderrLine: {'line': b'  ament_cmake_symlink_install/ament_cmake_symlink_install.cmake:326 (ament_cmake_symlink_install_programs)\n'}
[2.898875] (version1) StderrLine: {'line': b'  cmake_install.cmake:46 (include)\n'}
[2.898924] (version1) StderrLine: {'line': b'\n'}
[2.898981] (version1) StderrLine: {'line': b'\x1b[0m\n'}
[2.899379] (version1) CommandEnded: {'returncode': 1}
[2.904042] (-) TimerEvent: {}
[2.928301] (version1) JobEnded: {'identifier': 'version1', 'rc': 1}
[2.938880] (-) EventReactorShutdown: {}
