[0.014s] Invoking command in '/home/thiago/workspaces/lidar/build/version0': CMAKE_PREFIX_PATH=/opt/ros/humble /usr/bin/cmake --build /home/thiago/workspaces/lidar/build/version0 -- -j12 -l12
[0.070s] [  2%] Built target version0__cpp
[0.073s] [ 12%] Built target version0__rosidl_generator_c
[0.077s] [ 12%] Built target ament_cmake_python_symlink_scripts
[0.090s] [ 12%] Built target ament_cmake_python_symlink_version0
[0.093s] [ 23%] Built target version0__rosidl_typesupport_cpp
[0.094s] [ 33%] Built target version0__rosidl_typesupport_fastrtps_cpp
[0.094s] [ 43%] Built target version0__rosidl_typesupport_introspection_cpp
[0.101s] [ 56%] Built target version0__rosidl_typesupport_c
[0.101s] [ 64%] Built target version0__rosidl_typesupport_introspection_c
[0.110s] [ 74%] Built target version0__rosidl_typesupport_fastrtps_c
[0.130s] [ 74%] Built target version0
[0.150s] [ 76%] Built target version0__py
[0.168s] [ 84%] Built target version0__rosidl_generator_py
[0.185s] [ 89%] Built target version0__rosidl_typesupport_c__pyext
[0.185s] [ 94%] Built target version0__rosidl_typesupport_fastrtps_c__pyext
[0.186s] [100%] Built target version0__rosidl_typesupport_introspection_c__pyext
[0.289s] running egg_info
[0.290s] writing scripts.egg-info/PKG-INFO
[0.291s] writing dependency_links to scripts.egg-info/dependency_links.txt
[0.291s] writing top-level names to scripts.egg-info/top_level.txt
[0.293s] reading manifest file 'scripts.egg-info/SOURCES.txt'
[0.294s] writing manifest file 'scripts.egg-info/SOURCES.txt'
[0.294s] running egg_info
[0.295s] writing version0.egg-info/PKG-INFO
[0.295s] writing dependency_links to version0.egg-info/dependency_links.txt
[0.295s] writing top-level names to version0.egg-info/top_level.txt
[0.298s] reading manifest file 'version0.egg-info/SOURCES.txt'
[0.299s] writing manifest file 'version0.egg-info/SOURCES.txt'
[0.346s] [100%] Built target ament_cmake_python_build_scripts_egg
[0.353s] [100%] Built target ament_cmake_python_build_version0_egg
[0.365s] Invoked command in '/home/thiago/workspaces/lidar/build/version0' returned '0': CMAKE_PREFIX_PATH=/opt/ros/humble /usr/bin/cmake --build /home/thiago/workspaces/lidar/build/version0 -- -j12 -l12
[0.412s] Invoking command in '/home/thiago/workspaces/lidar/build/version0': CMAKE_PREFIX_PATH=/opt/ros/humble /usr/bin/cmake --install /home/thiago/workspaces/lidar/build/version0
[0.420s] -- Install configuration: ""
[0.420s] -- Execute custom install script
[0.420s] -- Up-to-date symlink: /home/thiago/workspaces/lidar/install/version0/share/ament_index/resource_index/rosidl_interfaces/version0
[0.421s] -- Up-to-date symlink: /home/thiago/workspaces/lidar/install/version0/include/version0/version0/action/detail/navigate__functions.h
[0.421s] -- Up-to-date symlink: /home/thiago/workspaces/lidar/install/version0/include/version0/version0/action/detail/navigate__struct.h
[0.421s] -- Up-to-date symlink: /home/thiago/workspaces/lidar/install/version0/include/version0/version0/action/detail/navigate__type_support.h
[0.421s] -- Up-to-date symlink: /home/thiago/workspaces/lidar/install/version0/include/version0/version0/action/navigate.h
[0.421s] -- Up-to-date symlink: /home/thiago/workspaces/lidar/install/version0/include/version0/version0/msg/rosidl_generator_c__visibility_control.h
[0.421s] -- Up-to-date symlink: /home/thiago/workspaces/lidar/install/version0/include/version0/version0/srv/detail/odd_even_check__functions.h
[0.421s] -- Up-to-date symlink: /home/thiago/workspaces/lidar/install/version0/include/version0/version0/srv/detail/odd_even_check__struct.h
[0.421s] -- Up-to-date symlink: /home/thiago/workspaces/lidar/install/version0/include/version0/version0/srv/detail/odd_even_check__type_support.h
[0.422s] -- Up-to-date symlink: /home/thiago/workspaces/lidar/install/version0/include/version0/version0/srv/odd_even_check.h
[0.422s] -- Up-to-date symlink: /home/thiago/workspaces/lidar/install/version0/share/version0/environment/library_path.sh
[0.422s] -- Up-to-date symlink: /home/thiago/workspaces/lidar/install/version0/share/version0/environment/library_path.dsv
[0.422s] -- Up-to-date symlink: /home/thiago/workspaces/lidar/install/version0/include/version0/version0/action/detail/navigate__rosidl_typesupport_fastrtps_c.h
[0.422s] -- Up-to-date symlink: /home/thiago/workspaces/lidar/install/version0/include/version0/version0/msg/rosidl_typesupport_fastrtps_c__visibility_control.h
[0.422s] -- Up-to-date symlink: /home/thiago/workspaces/lidar/install/version0/include/version0/version0/srv/detail/odd_even_check__rosidl_typesupport_fastrtps_c.h
[0.423s] -- Up-to-date symlink: /home/thiago/workspaces/lidar/install/version0/include/version0/version0/action/detail/navigate__builder.hpp
[0.423s] -- Up-to-date symlink: /home/thiago/workspaces/lidar/install/version0/include/version0/version0/action/detail/navigate__struct.hpp
[0.423s] -- Up-to-date symlink: /home/thiago/workspaces/lidar/install/version0/include/version0/version0/action/detail/navigate__traits.hpp
[0.423s] -- Up-to-date symlink: /home/thiago/workspaces/lidar/install/version0/include/version0/version0/action/navigate.hpp
[0.423s] -- Up-to-date symlink: /home/thiago/workspaces/lidar/install/version0/include/version0/version0/srv/detail/odd_even_check__builder.hpp
[0.423s] -- Up-to-date symlink: /home/thiago/workspaces/lidar/install/version0/include/version0/version0/srv/detail/odd_even_check__struct.hpp
[0.424s] -- Up-to-date symlink: /home/thiago/workspaces/lidar/install/version0/include/version0/version0/srv/detail/odd_even_check__traits.hpp
[0.425s] -- Up-to-date symlink: /home/thiago/workspaces/lidar/install/version0/include/version0/version0/srv/odd_even_check.hpp
[0.425s] -- Up-to-date symlink: /home/thiago/workspaces/lidar/install/version0/include/version0/version0/action/detail/navigate__rosidl_typesupport_fastrtps_cpp.hpp
[0.425s] -- Up-to-date symlink: /home/thiago/workspaces/lidar/install/version0/include/version0/version0/msg/rosidl_typesupport_fastrtps_cpp__visibility_control.h
[0.425s] -- Up-to-date symlink: /home/thiago/workspaces/lidar/install/version0/include/version0/version0/srv/detail/odd_even_check__rosidl_typesupport_fastrtps_cpp.hpp
[0.425s] -- Up-to-date symlink: /home/thiago/workspaces/lidar/install/version0/include/version0/version0/action/detail/navigate__rosidl_typesupport_introspection_c.h
[0.425s] -- Up-to-date symlink: /home/thiago/workspaces/lidar/install/version0/include/version0/version0/msg/rosidl_typesupport_introspection_c__visibility_control.h
[0.425s] -- Up-to-date symlink: /home/thiago/workspaces/lidar/install/version0/include/version0/version0/srv/detail/odd_even_check__rosidl_typesupport_introspection_c.h
[0.426s] -- Up-to-date symlink: /home/thiago/workspaces/lidar/install/version0/include/version0/version0/action/detail/navigate__rosidl_typesupport_introspection_cpp.hpp
[0.426s] -- Up-to-date symlink: /home/thiago/workspaces/lidar/install/version0/include/version0/version0/srv/detail/odd_even_check__rosidl_typesupport_introspection_cpp.hpp
[0.426s] -- Up-to-date symlink: /home/thiago/workspaces/lidar/install/version0/share/version0/environment/pythonpath.sh
[0.426s] -- Up-to-date symlink: /home/thiago/workspaces/lidar/install/version0/share/version0/environment/pythonpath.dsv
[0.427s] -- Up-to-date symlink: /home/thiago/workspaces/lidar/install/version0/local/lib/python3.10/dist-packages/version0-0.0.0-py3.10.egg-info/PKG-INFO
[0.427s] -- Up-to-date symlink: /home/thiago/workspaces/lidar/install/version0/local/lib/python3.10/dist-packages/version0-0.0.0-py3.10.egg-info/SOURCES.txt
[0.427s] -- Up-to-date symlink: /home/thiago/workspaces/lidar/install/version0/local/lib/python3.10/dist-packages/version0-0.0.0-py3.10.egg-info/dependency_links.txt
[0.427s] -- Up-to-date symlink: /home/thiago/workspaces/lidar/install/version0/local/lib/python3.10/dist-packages/version0-0.0.0-py3.10.egg-info/top_level.txt
[0.427s] -- Up-to-date symlink: /home/thiago/workspaces/lidar/install/version0/local/lib/python3.10/dist-packages/version0/__init__.py
[0.427s] -- Up-to-date symlink: /home/thiago/workspaces/lidar/install/version0/local/lib/python3.10/dist-packages/version0/_version0_s.ep.rosidl_typesupport_c.c
[0.427s] -- Up-to-date symlink: /home/thiago/workspaces/lidar/install/version0/local/lib/python3.10/dist-packages/version0/_version0_s.ep.rosidl_typesupport_fastrtps_c.c
[0.427s] -- Up-to-date symlink: /home/thiago/workspaces/lidar/install/version0/local/lib/python3.10/dist-packages/version0/_version0_s.ep.rosidl_typesupport_introspection_c.c
[0.428s] -- Up-to-date symlink: /home/thiago/workspaces/lidar/install/version0/local/lib/python3.10/dist-packages/version0/action/__init__.py
[0.428s] -- Up-to-date symlink: /home/thiago/workspaces/lidar/install/version0/local/lib/python3.10/dist-packages/version0/action/_navigate.py
[0.428s] -- Up-to-date symlink: /home/thiago/workspaces/lidar/install/version0/local/lib/python3.10/dist-packages/version0/action/_navigate_s.c
[0.428s] -- Up-to-date symlink: /home/thiago/workspaces/lidar/install/version0/local/lib/python3.10/dist-packages/version0/libversion0__rosidl_generator_py.so
[0.428s] -- Up-to-date symlink: /home/thiago/workspaces/lidar/install/version0/local/lib/python3.10/dist-packages/version0/srv/__init__.py
[0.428s] -- Up-to-date symlink: /home/thiago/workspaces/lidar/install/version0/local/lib/python3.10/dist-packages/version0/srv/_odd_even_check.py
[0.428s] -- Up-to-date symlink: /home/thiago/workspaces/lidar/install/version0/local/lib/python3.10/dist-packages/version0/srv/_odd_even_check_s.c
[0.429s] -- Up-to-date symlink: /home/thiago/workspaces/lidar/install/version0/local/lib/python3.10/dist-packages/version0/version0_s__rosidl_typesupport_c.cpython-310-x86_64-linux-gnu.so
[0.429s] -- Up-to-date symlink: /home/thiago/workspaces/lidar/install/version0/local/lib/python3.10/dist-packages/version0/version0_s__rosidl_typesupport_fastrtps_c.cpython-310-x86_64-linux-gnu.so
[0.429s] -- Up-to-date symlink: /home/thiago/workspaces/lidar/install/version0/local/lib/python3.10/dist-packages/version0/version0_s__rosidl_typesupport_introspection_c.cpython-310-x86_64-linux-gnu.so
[0.429s] -- Up-to-date symlink: /home/thiago/workspaces/lidar/install/version0/local/lib/python3.10/dist-packages/version0/version0_s__rosidl_typesupport_fastrtps_c.cpython-310-x86_64-linux-gnu.so
[0.429s] -- Up-to-date symlink: /home/thiago/workspaces/lidar/install/version0/local/lib/python3.10/dist-packages/version0/version0_s__rosidl_typesupport_introspection_c.cpython-310-x86_64-linux-gnu.so
[0.429s] -- Up-to-date symlink: /home/thiago/workspaces/lidar/install/version0/local/lib/python3.10/dist-packages/version0/version0_s__rosidl_typesupport_c.cpython-310-x86_64-linux-gnu.so
[0.429s] -- Up-to-date symlink: /home/thiago/workspaces/lidar/install/version0/share/version0/srv/OddEvenCheck.idl
[0.430s] -- Up-to-date symlink: /home/thiago/workspaces/lidar/install/version0/share/version0/action/Navigate.idl
[0.430s] -- Up-to-date symlink: /home/thiago/workspaces/lidar/install/version0/share/version0/srv/OddEvenCheck.srv
[0.430s] -- Up-to-date symlink: /home/thiago/workspaces/lidar/install/version0/share/version0/srv/OddEvenCheck_Request.msg
[0.431s] -- Up-to-date symlink: /home/thiago/workspaces/lidar/install/version0/share/version0/srv/OddEvenCheck_Response.msg
[0.431s] -- Up-to-date symlink: /home/thiago/workspaces/lidar/install/version0/share/version0/action/Navigate.action
[0.431s] -- Up-to-date symlink: /home/thiago/workspaces/lidar/install/version0/local/lib/python3.10/dist-packages/scripts-0.0.0-py3.10.egg-info/PKG-INFO
[0.431s] -- Up-to-date symlink: /home/thiago/workspaces/lidar/install/version0/local/lib/python3.10/dist-packages/scripts-0.0.0-py3.10.egg-info/SOURCES.txt
[0.431s] -- Up-to-date symlink: /home/thiago/workspaces/lidar/install/version0/local/lib/python3.10/dist-packages/scripts-0.0.0-py3.10.egg-info/dependency_links.txt
[0.431s] -- Up-to-date symlink: /home/thiago/workspaces/lidar/install/version0/local/lib/python3.10/dist-packages/scripts-0.0.0-py3.10.egg-info/top_level.txt
[0.431s] -- Up-to-date symlink: /home/thiago/workspaces/lidar/install/version0/local/lib/python3.10/dist-packages/scripts/__init__.py
[0.431s] -- Up-to-date symlink: /home/thiago/workspaces/lidar/install/version0/local/lib/python3.10/dist-packages/scripts/publisher_laserscan.py
[0.431s] -- Up-to-date symlink: /home/thiago/workspaces/lidar/install/version0/lib/version0/publisher_laserscan.py
[0.432s] -- Up-to-date symlink: /home/thiago/workspaces/lidar/install/version0/share/version0//launch/rpm_node_launch.py
[0.432s] -- Up-to-date symlink: /home/thiago/workspaces/lidar/install/version0/share/ament_index/resource_index/package_run_dependencies/version0
[0.432s] -- Up-to-date symlink: /home/thiago/workspaces/lidar/install/version0/share/ament_index/resource_index/parent_prefix_path/version0
[0.432s] -- Up-to-date symlink: /home/thiago/workspaces/lidar/install/version0/share/version0/environment/ament_prefix_path.sh
[0.432s] -- Up-to-date symlink: /home/thiago/workspaces/lidar/install/version0/share/version0/environment/ament_prefix_path.dsv
[0.432s] -- Up-to-date symlink: /home/thiago/workspaces/lidar/install/version0/share/version0/environment/path.sh
[0.432s] -- Up-to-date symlink: /home/thiago/workspaces/lidar/install/version0/share/version0/environment/path.dsv
[0.432s] -- Up-to-date symlink: /home/thiago/workspaces/lidar/install/version0/share/version0/local_setup.bash
[0.432s] -- Up-to-date symlink: /home/thiago/workspaces/lidar/install/version0/share/version0/local_setup.sh
[0.432s] -- Up-to-date symlink: /home/thiago/workspaces/lidar/install/version0/share/version0/local_setup.zsh
[0.432s] -- Up-to-date symlink: /home/thiago/workspaces/lidar/install/version0/share/version0/local_setup.dsv
[0.433s] -- Symlinking: /home/thiago/workspaces/lidar/install/version0/share/version0/package.dsv
[0.442s] -- Up-to-date symlink: /home/thiago/workspaces/lidar/install/version0/share/ament_index/resource_index/packages/version0
[0.442s] -- Up-to-date symlink: /home/thiago/workspaces/lidar/install/version0/share/version0/cmake/rosidl_cmake-extras.cmake
[0.442s] -- Up-to-date symlink: /home/thiago/workspaces/lidar/install/version0/share/version0/cmake/ament_cmake_export_dependencies-extras.cmake
[0.442s] -- Up-to-date symlink: /home/thiago/workspaces/lidar/install/version0/share/version0/cmake/ament_cmake_export_include_directories-extras.cmake
[0.442s] -- Up-to-date symlink: /home/thiago/workspaces/lidar/install/version0/share/version0/cmake/ament_cmake_export_libraries-extras.cmake
[0.442s] -- Up-to-date symlink: /home/thiago/workspaces/lidar/install/version0/share/version0/cmake/ament_cmake_export_targets-extras.cmake
[0.442s] -- Up-to-date symlink: /home/thiago/workspaces/lidar/install/version0/share/version0/cmake/rosidl_cmake_export_typesupport_targets-extras.cmake
[0.442s] -- Up-to-date symlink: /home/thiago/workspaces/lidar/install/version0/share/version0/cmake/rosidl_cmake_export_typesupport_libraries-extras.cmake
[0.442s] -- Up-to-date symlink: /home/thiago/workspaces/lidar/install/version0/share/version0/cmake/version0Config.cmake
[0.442s] -- Up-to-date symlink: /home/thiago/workspaces/lidar/install/version0/share/version0/cmake/version0Config-version.cmake
[0.443s] -- Up-to-date symlink: /home/thiago/workspaces/lidar/install/version0/share/version0/package.xml
[0.443s] -- Up-to-date: /home/thiago/workspaces/lidar/install/version0/lib/libversion0__rosidl_generator_c.so
[0.443s] -- Up-to-date: /home/thiago/workspaces/lidar/install/version0/lib/libversion0__rosidl_typesupport_fastrtps_c.so
[0.443s] -- Up-to-date: /home/thiago/workspaces/lidar/install/version0/lib/libversion0__rosidl_typesupport_fastrtps_cpp.so
[0.443s] -- Up-to-date: /home/thiago/workspaces/lidar/install/version0/lib/libversion0__rosidl_typesupport_introspection_c.so
[0.443s] -- Up-to-date: /home/thiago/workspaces/lidar/install/version0/lib/libversion0__rosidl_typesupport_c.so
[0.444s] -- Up-to-date: /home/thiago/workspaces/lidar/install/version0/lib/libversion0__rosidl_typesupport_introspection_cpp.so
[0.444s] -- Up-to-date: /home/thiago/workspaces/lidar/install/version0/lib/libversion0__rosidl_typesupport_cpp.so
[0.467s] Listing '/home/thiago/workspaces/lidar/install/version0/local/lib/python3.10/dist-packages/version0'...
[0.468s] Listing '/home/thiago/workspaces/lidar/install/version0/local/lib/python3.10/dist-packages/version0/action'...
[0.468s] Listing '/home/thiago/workspaces/lidar/install/version0/local/lib/python3.10/dist-packages/version0/srv'...
[0.472s] -- Up-to-date: /home/thiago/workspaces/lidar/install/version0/lib/libversion0__rosidl_generator_py.so
[0.497s] Listing '/home/thiago/workspaces/lidar/install/version0/local/lib/python3.10/dist-packages/scripts'...
[0.503s] -- Up-to-date: /home/thiago/workspaces/lidar/install/version0/share/version0/cmake/export_version0__rosidl_generator_cExport.cmake
[0.503s] -- Up-to-date: /home/thiago/workspaces/lidar/install/version0/share/version0/cmake/export_version0__rosidl_generator_cExport-noconfig.cmake
[0.503s] -- Up-to-date: /home/thiago/workspaces/lidar/install/version0/share/version0/cmake/export_version0__rosidl_typesupport_fastrtps_cExport.cmake
[0.503s] -- Up-to-date: /home/thiago/workspaces/lidar/install/version0/share/version0/cmake/export_version0__rosidl_typesupport_fastrtps_cExport-noconfig.cmake
[0.503s] -- Up-to-date: /home/thiago/workspaces/lidar/install/version0/share/version0/cmake/export_version0__rosidl_generator_cppExport.cmake
[0.503s] -- Up-to-date: /home/thiago/workspaces/lidar/install/version0/share/version0/cmake/export_version0__rosidl_typesupport_fastrtps_cppExport.cmake
[0.503s] -- Up-to-date: /home/thiago/workspaces/lidar/install/version0/share/version0/cmake/export_version0__rosidl_typesupport_fastrtps_cppExport-noconfig.cmake
[0.503s] -- Up-to-date: /home/thiago/workspaces/lidar/install/version0/share/version0/cmake/version0__rosidl_typesupport_introspection_cExport.cmake
[0.504s] -- Up-to-date: /home/thiago/workspaces/lidar/install/version0/share/version0/cmake/version0__rosidl_typesupport_introspection_cExport-noconfig.cmake
[0.504s] -- Up-to-date: /home/thiago/workspaces/lidar/install/version0/share/version0/cmake/version0__rosidl_typesupport_cExport.cmake
[0.504s] -- Up-to-date: /home/thiago/workspaces/lidar/install/version0/share/version0/cmake/version0__rosidl_typesupport_cExport-noconfig.cmake
[0.504s] -- Up-to-date: /home/thiago/workspaces/lidar/install/version0/share/version0/cmake/version0__rosidl_typesupport_introspection_cppExport.cmake
[0.504s] -- Up-to-date: /home/thiago/workspaces/lidar/install/version0/share/version0/cmake/version0__rosidl_typesupport_introspection_cppExport-noconfig.cmake
[0.504s] -- Up-to-date: /home/thiago/workspaces/lidar/install/version0/share/version0/cmake/version0__rosidl_typesupport_cppExport.cmake
[0.504s] -- Up-to-date: /home/thiago/workspaces/lidar/install/version0/share/version0/cmake/version0__rosidl_typesupport_cppExport-noconfig.cmake
[0.504s] -- Up-to-date: /home/thiago/workspaces/lidar/install/version0/share/version0/cmake/export_version0__rosidl_generator_pyExport.cmake
[0.504s] -- Up-to-date: /home/thiago/workspaces/lidar/install/version0/share/version0/cmake/export_version0__rosidl_generator_pyExport-noconfig.cmake
[0.509s] Invoked command in '/home/thiago/workspaces/lidar/build/version0' returned '0': CMAKE_PREFIX_PATH=/opt/ros/humble /usr/bin/cmake --install /home/thiago/workspaces/lidar/build/version0
