[0.000000] (-) TimerEvent: {}
[0.000696] (version0) JobQueued: {'identifier': 'version0', 'dependencies': OrderedDict()}
[0.000731] (version1) JobQueued: {'identifier': 'version1', 'dependencies': OrderedDict()}
[0.000758] (version0) JobStarted: {'identifier': 'version0'}
[0.006049] (version1) JobStarted: {'identifier': 'version1'}
[0.010509] (version0) JobProgress: {'identifier': 'version0', 'progress': 'cmake'}
[0.011452] (version0) JobProgress: {'identifier': 'version0', 'progress': 'build'}
[0.012091] (version0) Command: {'cmd': ['/usr/bin/cmake', '--build', '/home/thiago/workspaces/lidar/build/version0', '--', '-j12', '-l12'], 'cwd': '/home/thiago/workspaces/lidar/build/version0', 'env': OrderedDict([('GJS_DEBUG_TOPICS', 'JS ERROR;JS LOG'), ('LESSOPEN', '| /usr/bin/lesspipe %s'), ('USER', 'thiago'), ('LC_TIME', 'es_AR.UTF-8'), ('GIO_MODULE_DIR', '/home/thiago/snap/code/common/.cache/gio-modules'), ('XDG_SESSION_TYPE', 'wayland'), ('GIT_ASKPASS', '/snap/code/137/usr/share/code/resources/app/extensions/git/dist/askpass.sh'), ('GTK_EXE_PREFIX_VSCODE_SNAP_ORIG', ''), ('GDK_BACKEND_VSCODE_SNAP_ORIG', ''), ('SHLVL', '1'), ('LD_LIBRARY_PATH', '/opt/ros/humble/opt/rviz_ogre_vendor/lib:/opt/ros/humble/lib/x86_64-linux-gnu:/opt/ros/humble/lib'), ('HOME', '/home/thiago'), ('CHROME_DESKTOP', 'code-url-handler.desktop'), ('LOCPATH_VSCODE_SNAP_ORIG', ''), ('TERM_PROGRAM_VERSION', '1.81.1'), ('DESKTOP_SESSION', 'ubuntu'), ('GTK_PATH', '/snap/code/137/usr/lib/x86_64-linux-gnu/gtk-3.0'), ('GTK_IM_MODULE_FILE', '/home/thiago/snap/code/common/.cache/immodules/immodules.cache'), ('GIO_LAUNCHED_DESKTOP_FILE', '/var/lib/snapd/desktop/applications/code_code.desktop'), ('ROS_PYTHON_VERSION', '3'), ('GNOME_SHELL_SESSION_MODE', 'ubuntu'), ('GTK_MODULES', 'gail:atk-bridge'), ('GSETTINGS_SCHEMA_DIR_VSCODE_SNAP_ORIG', ''), ('VSCODE_GIT_ASKPASS_MAIN', '/snap/code/137/usr/share/code/resources/app/extensions/git/dist/askpass-main.js'), ('LC_MONETARY', 'es_AR.UTF-8'), ('VSCODE_GIT_ASKPASS_NODE', '/snap/code/137/usr/share/code/code'), ('MANAGERPID', '1572'), ('SYSTEMD_EXEC_PID', '1789'), ('IM_CONFIG_CHECK_ENV', '1'), ('DBUS_SESSION_BUS_ADDRESS', 'unix:path=/run/user/1000/bus'), ('COLORTERM', 'truecolor'), ('GIO_LAUNCHED_DESKTOP_FILE_PID', '12976'), ('IM_CONFIG_PHASE', '1'), ('WAYLAND_DISPLAY', 'wayland-0'), ('ROS_DISTRO', 'humble'), ('LOGNAME', 'thiago'), ('JOURNAL_STREAM', '8:34257'), ('_', '/usr/bin/colcon'), ('ROS_VERSION', '2'), ('XDG_CONFIG_DIRS_VSCODE_SNAP_ORIG', '/etc/xdg/xdg-ubuntu:/etc/xdg'), ('XDG_SESSION_CLASS', 'user'), ('XDG_DATA_DIRS_VSCODE_SNAP_ORIG', '/usr/share/ubuntu:/usr/local/share/:/usr/share/:/var/lib/snapd/desktop'), ('USERNAME', 'thiago'), ('TERM', 'xterm-256color'), ('GNOME_DESKTOP_SESSION_ID', 'this-is-deprecated'), ('ROS_LOCALHOST_ONLY', '0'), ('PATH', '/opt/ros/humble/bin:/home/thiago/.local/bin:/usr/local/sbin:/usr/local/bin:/usr/sbin:/usr/bin:/sbin:/bin:/usr/games:/usr/local/games:/snap/bin:/snap/bin'), ('SESSION_MANAGER', 'local/thiago-ubuntu:@/tmp/.ICE-unix/1770,unix/thiago-ubuntu:/tmp/.ICE-unix/1770'), ('GTK_EXE_PREFIX', '/snap/code/137/usr'), ('INVOCATION_ID', '1f8e13807d354950993019ae48562621'), ('XDG_MENU_PREFIX', 'gnome-'), ('LC_ADDRESS', 'es_AR.UTF-8'), ('BAMF_DESKTOP_FILE_HINT', '/var/lib/snapd/desktop/applications/code_code.desktop'), ('GNOME_SETUP_DISPLAY', ':1'), ('XDG_RUNTIME_DIR', '/run/user/1000'), ('GDK_BACKEND', 'x11'), ('DISPLAY', ':0'), ('LOCPATH', '/snap/code/137/usr/lib/locale'), ('LANG', 'en_US.UTF-8'), ('XDG_CURRENT_DESKTOP', 'Unity'), ('LC_TELEPHONE', 'es_AR.UTF-8'), ('GIO_MODULE_DIR_VSCODE_SNAP_ORIG', ''), ('XMODIFIERS', '@im=ibus'), ('XDG_SESSION_DESKTOP', 'ubuntu'), ('XAUTHORITY', '/run/user/1000/.mutter-Xwaylandauth.HGRQ91'), ('LS_COLORS', ''), ('VSCODE_GIT_IPC_HANDLE', '/run/user/1000/vscode-git-f6dfffcee1.sock'), ('TERM_PROGRAM', 'vscode'), ('SSH_AGENT_LAUNCHER', 'gnome-keyring'), ('SSH_AUTH_SOCK', '/run/user/1000/keyring/ssh'), ('GSETTINGS_SCHEMA_DIR', '/home/thiago/snap/code/137/.local/share/glib-2.0/schemas'), ('AMENT_PREFIX_PATH', '/opt/ros/humble'), ('ORIGINAL_XDG_CURRENT_DESKTOP', 'ubuntu:GNOME'), ('SHELL', '/bin/bash'), ('LC_NAME', 'es_AR.UTF-8'), ('QT_ACCESSIBILITY', '1'), ('NO_AT_BRIDGE', '1'), ('GDMSESSION', 'ubuntu'), ('LESSCLOSE', '/usr/bin/lesspipe %s %s'), ('GTK_PATH_VSCODE_SNAP_ORIG', ''), ('GTK_IM_MODULE_FILE_VSCODE_SNAP_ORIG', ''), ('LC_MEASUREMENT', 'es_AR.UTF-8'), ('GJS_DEBUG_OUTPUT', 'stderr'), ('LC_IDENTIFICATION', 'es_AR.UTF-8'), ('VSCODE_GIT_ASKPASS_EXTRA_ARGS', '--ms-enable-electron-run-as-node'), ('QT_IM_MODULE', 'ibus'), ('PWD', '/home/thiago/workspaces/lidar/build/version0'), ('LC_ALL', 'en_US.UTF-8'), ('XDG_CONFIG_DIRS', '/etc/xdg/xdg-ubuntu:/etc/xdg'), ('XDG_DATA_DIRS', '/home/thiago/snap/code/137/.local/share:/home/thiago/snap/code/137:/snap/code/137/usr/share:/usr/share/ubuntu:/usr/local/share/:/usr/share/:/var/lib/snapd/desktop'), ('PYTHONPATH', '/opt/ros/humble/lib/python3.10/site-packages:/opt/ros/humble/local/lib/python3.10/dist-packages'), ('LC_NUMERIC', 'es_AR.UTF-8'), ('LC_PAPER', 'es_AR.UTF-8'), ('COLCON', '1'), ('CMAKE_PREFIX_PATH', '/opt/ros/humble')]), 'shell': False}
[0.017074] (version1) JobProgress: {'identifier': 'version1', 'progress': 'cmake'}
[0.018598] (version1) JobProgress: {'identifier': 'version1', 'progress': 'build'}
[0.019612] (version1) Command: {'cmd': ['/usr/bin/cmake', '--build', '/home/thiago/workspaces/lidar/build/version1', '--', '-j12', '-l12'], 'cwd': '/home/thiago/workspaces/lidar/build/version1', 'env': OrderedDict([('GJS_DEBUG_TOPICS', 'JS ERROR;JS LOG'), ('LESSOPEN', '| /usr/bin/lesspipe %s'), ('USER', 'thiago'), ('LC_TIME', 'es_AR.UTF-8'), ('GIO_MODULE_DIR', '/home/thiago/snap/code/common/.cache/gio-modules'), ('XDG_SESSION_TYPE', 'wayland'), ('GIT_ASKPASS', '/snap/code/137/usr/share/code/resources/app/extensions/git/dist/askpass.sh'), ('GTK_EXE_PREFIX_VSCODE_SNAP_ORIG', ''), ('GDK_BACKEND_VSCODE_SNAP_ORIG', ''), ('SHLVL', '1'), ('LD_LIBRARY_PATH', '/opt/ros/humble/opt/rviz_ogre_vendor/lib:/opt/ros/humble/lib/x86_64-linux-gnu:/opt/ros/humble/lib'), ('HOME', '/home/thiago'), ('CHROME_DESKTOP', 'code-url-handler.desktop'), ('LOCPATH_VSCODE_SNAP_ORIG', ''), ('TERM_PROGRAM_VERSION', '1.81.1'), ('DESKTOP_SESSION', 'ubuntu'), ('GTK_PATH', '/snap/code/137/usr/lib/x86_64-linux-gnu/gtk-3.0'), ('GTK_IM_MODULE_FILE', '/home/thiago/snap/code/common/.cache/immodules/immodules.cache'), ('GIO_LAUNCHED_DESKTOP_FILE', '/var/lib/snapd/desktop/applications/code_code.desktop'), ('ROS_PYTHON_VERSION', '3'), ('GNOME_SHELL_SESSION_MODE', 'ubuntu'), ('GTK_MODULES', 'gail:atk-bridge'), ('GSETTINGS_SCHEMA_DIR_VSCODE_SNAP_ORIG', ''), ('VSCODE_GIT_ASKPASS_MAIN', '/snap/code/137/usr/share/code/resources/app/extensions/git/dist/askpass-main.js'), ('LC_MONETARY', 'es_AR.UTF-8'), ('VSCODE_GIT_ASKPASS_NODE', '/snap/code/137/usr/share/code/code'), ('MANAGERPID', '1572'), ('SYSTEMD_EXEC_PID', '1789'), ('IM_CONFIG_CHECK_ENV', '1'), ('DBUS_SESSION_BUS_ADDRESS', 'unix:path=/run/user/1000/bus'), ('COLORTERM', 'truecolor'), ('GIO_LAUNCHED_DESKTOP_FILE_PID', '12976'), ('IM_CONFIG_PHASE', '1'), ('WAYLAND_DISPLAY', 'wayland-0'), ('ROS_DISTRO', 'humble'), ('LOGNAME', 'thiago'), ('JOURNAL_STREAM', '8:34257'), ('_', '/usr/bin/colcon'), ('ROS_VERSION', '2'), ('XDG_CONFIG_DIRS_VSCODE_SNAP_ORIG', '/etc/xdg/xdg-ubuntu:/etc/xdg'), ('XDG_SESSION_CLASS', 'user'), ('XDG_DATA_DIRS_VSCODE_SNAP_ORIG', '/usr/share/ubuntu:/usr/local/share/:/usr/share/:/var/lib/snapd/desktop'), ('USERNAME', 'thiago'), ('TERM', 'xterm-256color'), ('GNOME_DESKTOP_SESSION_ID', 'this-is-deprecated'), ('ROS_LOCALHOST_ONLY', '0'), ('PATH', '/opt/ros/humble/bin:/home/thiago/.local/bin:/usr/local/sbin:/usr/local/bin:/usr/sbin:/usr/bin:/sbin:/bin:/usr/games:/usr/local/games:/snap/bin:/snap/bin'), ('SESSION_MANAGER', 'local/thiago-ubuntu:@/tmp/.ICE-unix/1770,unix/thiago-ubuntu:/tmp/.ICE-unix/1770'), ('GTK_EXE_PREFIX', '/snap/code/137/usr'), ('INVOCATION_ID', '1f8e13807d354950993019ae48562621'), ('XDG_MENU_PREFIX', 'gnome-'), ('LC_ADDRESS', 'es_AR.UTF-8'), ('BAMF_DESKTOP_FILE_HINT', '/var/lib/snapd/desktop/applications/code_code.desktop'), ('GNOME_SETUP_DISPLAY', ':1'), ('XDG_RUNTIME_DIR', '/run/user/1000'), ('GDK_BACKEND', 'x11'), ('DISPLAY', ':0'), ('LOCPATH', '/snap/code/137/usr/lib/locale'), ('LANG', 'en_US.UTF-8'), ('XDG_CURRENT_DESKTOP', 'Unity'), ('LC_TELEPHONE', 'es_AR.UTF-8'), ('GIO_MODULE_DIR_VSCODE_SNAP_ORIG', ''), ('XMODIFIERS', '@im=ibus'), ('XDG_SESSION_DESKTOP', 'ubuntu'), ('XAUTHORITY', '/run/user/1000/.mutter-Xwaylandauth.HGRQ91'), ('LS_COLORS', ''), ('VSCODE_GIT_IPC_HANDLE', '/run/user/1000/vscode-git-f6dfffcee1.sock'), ('TERM_PROGRAM', 'vscode'), ('SSH_AGENT_LAUNCHER', 'gnome-keyring'), ('SSH_AUTH_SOCK', '/run/user/1000/keyring/ssh'), ('GSETTINGS_SCHEMA_DIR', '/home/thiago/snap/code/137/.local/share/glib-2.0/schemas'), ('AMENT_PREFIX_PATH', '/opt/ros/humble'), ('ORIGINAL_XDG_CURRENT_DESKTOP', 'ubuntu:GNOME'), ('SHELL', '/bin/bash'), ('LC_NAME', 'es_AR.UTF-8'), ('QT_ACCESSIBILITY', '1'), ('NO_AT_BRIDGE', '1'), ('GDMSESSION', 'ubuntu'), ('LESSCLOSE', '/usr/bin/lesspipe %s %s'), ('GTK_PATH_VSCODE_SNAP_ORIG', ''), ('GTK_IM_MODULE_FILE_VSCODE_SNAP_ORIG', ''), ('LC_MEASUREMENT', 'es_AR.UTF-8'), ('GJS_DEBUG_OUTPUT', 'stderr'), ('LC_IDENTIFICATION', 'es_AR.UTF-8'), ('VSCODE_GIT_ASKPASS_EXTRA_ARGS', '--ms-enable-electron-run-as-node'), ('QT_IM_MODULE', 'ibus'), ('PWD', '/home/thiago/workspaces/lidar/build/version1'), ('LC_ALL', 'en_US.UTF-8'), ('XDG_CONFIG_DIRS', '/etc/xdg/xdg-ubuntu:/etc/xdg'), ('XDG_DATA_DIRS', '/home/thiago/snap/code/137/.local/share:/home/thiago/snap/code/137:/snap/code/137/usr/share:/usr/share/ubuntu:/usr/local/share/:/usr/share/:/var/lib/snapd/desktop'), ('PYTHONPATH', '/opt/ros/humble/lib/python3.10/site-packages:/opt/ros/humble/local/lib/python3.10/dist-packages'), ('LC_NUMERIC', 'es_AR.UTF-8'), ('LC_PAPER', 'es_AR.UTF-8'), ('COLCON', '1'), ('CMAKE_PREFIX_PATH', '/opt/ros/humble')]), 'shell': False}
[0.061186] (version0) StdoutLine: {'line': b'[  2%] Built target version0__cpp\n'}
[0.066492] (version0) StdoutLine: {'line': b'[  2%] Built target ament_cmake_python_symlink_version0\n'}
[0.066757] (version0) StdoutLine: {'line': b'[  2%] Built target ament_cmake_python_symlink_scripts\n'}
[0.067400] (version0) StdoutLine: {'line': b'[ 12%] Built target version0__rosidl_generator_c\n'}
[0.081137] (version1) StdoutLine: {'line': b'Built target ament_cmake_python_symlink_scripts\n'}
[0.083455] (version0) StdoutLine: {'line': b'[ 23%] Built target version0__rosidl_typesupport_introspection_cpp\n'}
[0.083701] (version0) StdoutLine: {'line': b'[ 33%] Built target version0__rosidl_typesupport_cpp\n'}
[0.084151] (version0) StdoutLine: {'line': b'[ 43%] Built target version0__rosidl_typesupport_fastrtps_cpp\n'}
[0.089592] (version0) StdoutLine: {'line': b'[ 64%] Built target version0__rosidl_typesupport_fastrtps_c\n'}
[0.089785] (version0) StdoutLine: {'line': b'[ 64%] Built target version0__rosidl_typesupport_introspection_c\n'}
[0.089938] (version0) StdoutLine: {'line': b'[ 74%] Built target version0__rosidl_typesupport_c\n'}
[0.099719] (-) TimerEvent: {}
[0.105572] (version0) StdoutLine: {'line': b'[ 74%] Built target version0\n'}
[0.123910] (version0) StdoutLine: {'line': b'[ 76%] Built target version0__py\n'}
[0.141688] (version0) StdoutLine: {'line': b'[ 84%] Built target version0__rosidl_generator_py\n'}
[0.159844] (version0) StdoutLine: {'line': b'[100%] Built target version0__rosidl_typesupport_c__pyext\n'}
[0.160089] (version0) StdoutLine: {'line': b'[100%] Built target version0__rosidl_typesupport_introspection_c__pyext\n'}
[0.160202] (version0) StdoutLine: {'line': b'[100%] Built target version0__rosidl_typesupport_fastrtps_c__pyext\n'}
[0.199816] (-) TimerEvent: {}
[0.258339] (version0) StdoutLine: {'line': b'running egg_info\n'}
[0.259001] (version0) StdoutLine: {'line': b'writing scripts.egg-info/PKG-INFO\n'}
[0.259208] (version0) StdoutLine: {'line': b'writing dependency_links to scripts.egg-info/dependency_links.txt\n'}
[0.259403] (version0) StdoutLine: {'line': b'writing top-level names to scripts.egg-info/top_level.txt\n'}
[0.261246] (version0) StdoutLine: {'line': b"reading manifest file 'scripts.egg-info/SOURCES.txt'\n"}
[0.261892] (version0) StdoutLine: {'line': b"writing manifest file 'scripts.egg-info/SOURCES.txt'\n"}
[0.271353] (version1) StdoutLine: {'line': b'running egg_info\n'}
[0.272091] (version1) StdoutLine: {'line': b'writing scripts.egg-info/PKG-INFO\n'}
[0.272299] (version1) StdoutLine: {'line': b'writing dependency_links to scripts.egg-info/dependency_links.txt\n'}
[0.272436] (version1) StdoutLine: {'line': b'writing top-level names to scripts.egg-info/top_level.txt\n'}
[0.274005] (version1) StdoutLine: {'line': b"reading manifest file 'scripts.egg-info/SOURCES.txt'\n"}
[0.274675] (version1) StdoutLine: {'line': b"writing manifest file 'scripts.egg-info/SOURCES.txt'\n"}
[0.283311] (version0) StdoutLine: {'line': b'[100%] Built target ament_cmake_python_build_scripts_egg\n'}
[0.290610] (version0) StdoutLine: {'line': b'running egg_info\n'}
[0.291326] (version0) StdoutLine: {'line': b'writing version0.egg-info/PKG-INFO\n'}
[0.291550] (version0) StdoutLine: {'line': b'writing dependency_links to version0.egg-info/dependency_links.txt\n'}
[0.291726] (version0) StdoutLine: {'line': b'writing top-level names to version0.egg-info/top_level.txt\n'}
[0.293559] (version0) StdoutLine: {'line': b"reading manifest file 'version0.egg-info/SOURCES.txt'\n"}
[0.294298] (version0) StdoutLine: {'line': b"writing manifest file 'version0.egg-info/SOURCES.txt'\n"}
[0.299894] (-) TimerEvent: {}
[0.300340] (version1) StdoutLine: {'line': b'Built target ament_cmake_python_build_scripts_egg\n'}
[0.307945] (version1) CommandEnded: {'returncode': 0}
[0.322268] (version0) StdoutLine: {'line': b'[100%] Built target ament_cmake_python_build_version0_egg\n'}
[0.324918] (version1) JobProgress: {'identifier': 'version1', 'progress': 'install'}
[0.330728] (version1) Command: {'cmd': ['/usr/bin/cmake', '--install', '/home/thiago/workspaces/lidar/build/version1'], 'cwd': '/home/thiago/workspaces/lidar/build/version1', 'env': OrderedDict([('GJS_DEBUG_TOPICS', 'JS ERROR;JS LOG'), ('LESSOPEN', '| /usr/bin/lesspipe %s'), ('USER', 'thiago'), ('LC_TIME', 'es_AR.UTF-8'), ('GIO_MODULE_DIR', '/home/thiago/snap/code/common/.cache/gio-modules'), ('XDG_SESSION_TYPE', 'wayland'), ('GIT_ASKPASS', '/snap/code/137/usr/share/code/resources/app/extensions/git/dist/askpass.sh'), ('GTK_EXE_PREFIX_VSCODE_SNAP_ORIG', ''), ('GDK_BACKEND_VSCODE_SNAP_ORIG', ''), ('SHLVL', '1'), ('LD_LIBRARY_PATH', '/opt/ros/humble/opt/rviz_ogre_vendor/lib:/opt/ros/humble/lib/x86_64-linux-gnu:/opt/ros/humble/lib'), ('HOME', '/home/thiago'), ('CHROME_DESKTOP', 'code-url-handler.desktop'), ('LOCPATH_VSCODE_SNAP_ORIG', ''), ('TERM_PROGRAM_VERSION', '1.81.1'), ('DESKTOP_SESSION', 'ubuntu'), ('GTK_PATH', '/snap/code/137/usr/lib/x86_64-linux-gnu/gtk-3.0'), ('GTK_IM_MODULE_FILE', '/home/thiago/snap/code/common/.cache/immodules/immodules.cache'), ('GIO_LAUNCHED_DESKTOP_FILE', '/var/lib/snapd/desktop/applications/code_code.desktop'), ('ROS_PYTHON_VERSION', '3'), ('GNOME_SHELL_SESSION_MODE', 'ubuntu'), ('GTK_MODULES', 'gail:atk-bridge'), ('GSETTINGS_SCHEMA_DIR_VSCODE_SNAP_ORIG', ''), ('VSCODE_GIT_ASKPASS_MAIN', '/snap/code/137/usr/share/code/resources/app/extensions/git/dist/askpass-main.js'), ('LC_MONETARY', 'es_AR.UTF-8'), ('VSCODE_GIT_ASKPASS_NODE', '/snap/code/137/usr/share/code/code'), ('MANAGERPID', '1572'), ('SYSTEMD_EXEC_PID', '1789'), ('IM_CONFIG_CHECK_ENV', '1'), ('DBUS_SESSION_BUS_ADDRESS', 'unix:path=/run/user/1000/bus'), ('COLORTERM', 'truecolor'), ('GIO_LAUNCHED_DESKTOP_FILE_PID', '12976'), ('IM_CONFIG_PHASE', '1'), ('WAYLAND_DISPLAY', 'wayland-0'), ('ROS_DISTRO', 'humble'), ('LOGNAME', 'thiago'), ('JOURNAL_STREAM', '8:34257'), ('_', '/usr/bin/colcon'), ('ROS_VERSION', '2'), ('XDG_CONFIG_DIRS_VSCODE_SNAP_ORIG', '/etc/xdg/xdg-ubuntu:/etc/xdg'), ('XDG_SESSION_CLASS', 'user'), ('XDG_DATA_DIRS_VSCODE_SNAP_ORIG', '/usr/share/ubuntu:/usr/local/share/:/usr/share/:/var/lib/snapd/desktop'), ('USERNAME', 'thiago'), ('TERM', 'xterm-256color'), ('GNOME_DESKTOP_SESSION_ID', 'this-is-deprecated'), ('ROS_LOCALHOST_ONLY', '0'), ('PATH', '/opt/ros/humble/bin:/home/thiago/.local/bin:/usr/local/sbin:/usr/local/bin:/usr/sbin:/usr/bin:/sbin:/bin:/usr/games:/usr/local/games:/snap/bin:/snap/bin'), ('SESSION_MANAGER', 'local/thiago-ubuntu:@/tmp/.ICE-unix/1770,unix/thiago-ubuntu:/tmp/.ICE-unix/1770'), ('GTK_EXE_PREFIX', '/snap/code/137/usr'), ('INVOCATION_ID', '1f8e13807d354950993019ae48562621'), ('XDG_MENU_PREFIX', 'gnome-'), ('LC_ADDRESS', 'es_AR.UTF-8'), ('BAMF_DESKTOP_FILE_HINT', '/var/lib/snapd/desktop/applications/code_code.desktop'), ('GNOME_SETUP_DISPLAY', ':1'), ('XDG_RUNTIME_DIR', '/run/user/1000'), ('GDK_BACKEND', 'x11'), ('DISPLAY', ':0'), ('LOCPATH', '/snap/code/137/usr/lib/locale'), ('LANG', 'en_US.UTF-8'), ('XDG_CURRENT_DESKTOP', 'Unity'), ('LC_TELEPHONE', 'es_AR.UTF-8'), ('GIO_MODULE_DIR_VSCODE_SNAP_ORIG', ''), ('XMODIFIERS', '@im=ibus'), ('XDG_SESSION_DESKTOP', 'ubuntu'), ('XAUTHORITY', '/run/user/1000/.mutter-Xwaylandauth.HGRQ91'), ('LS_COLORS', ''), ('VSCODE_GIT_IPC_HANDLE', '/run/user/1000/vscode-git-f6dfffcee1.sock'), ('TERM_PROGRAM', 'vscode'), ('SSH_AGENT_LAUNCHER', 'gnome-keyring'), ('SSH_AUTH_SOCK', '/run/user/1000/keyring/ssh'), ('GSETTINGS_SCHEMA_DIR', '/home/thiago/snap/code/137/.local/share/glib-2.0/schemas'), ('AMENT_PREFIX_PATH', '/opt/ros/humble'), ('ORIGINAL_XDG_CURRENT_DESKTOP', 'ubuntu:GNOME'), ('SHELL', '/bin/bash'), ('LC_NAME', 'es_AR.UTF-8'), ('QT_ACCESSIBILITY', '1'), ('NO_AT_BRIDGE', '1'), ('GDMSESSION', 'ubuntu'), ('LESSCLOSE', '/usr/bin/lesspipe %s %s'), ('GTK_PATH_VSCODE_SNAP_ORIG', ''), ('GTK_IM_MODULE_FILE_VSCODE_SNAP_ORIG', ''), ('LC_MEASUREMENT', 'es_AR.UTF-8'), ('GJS_DEBUG_OUTPUT', 'stderr'), ('LC_IDENTIFICATION', 'es_AR.UTF-8'), ('VSCODE_GIT_ASKPASS_EXTRA_ARGS', '--ms-enable-electron-run-as-node'), ('QT_IM_MODULE', 'ibus'), ('PWD', '/home/thiago/workspaces/lidar/build/version1'), ('LC_ALL', 'en_US.UTF-8'), ('XDG_CONFIG_DIRS', '/etc/xdg/xdg-ubuntu:/etc/xdg'), ('XDG_DATA_DIRS', '/home/thiago/snap/code/137/.local/share:/home/thiago/snap/code/137:/snap/code/137/usr/share:/usr/share/ubuntu:/usr/local/share/:/usr/share/:/var/lib/snapd/desktop'), ('PYTHONPATH', '/opt/ros/humble/lib/python3.10/site-packages:/opt/ros/humble/local/lib/python3.10/dist-packages'), ('LC_NUMERIC', 'es_AR.UTF-8'), ('LC_PAPER', 'es_AR.UTF-8'), ('COLCON', '1'), ('CMAKE_PREFIX_PATH', '/opt/ros/humble')]), 'shell': False}
[0.332504] (version0) CommandEnded: {'returncode': 0}
[0.336993] (version1) StdoutLine: {'line': b'-- Install configuration: ""\n'}
[0.337497] (version1) StdoutLine: {'line': b'-- Execute custom install script\n'}
[0.337659] (version1) StdoutLine: {'line': b'-- Up-to-date symlink: /home/thiago/workspaces/lidar/install/version1/share/version1/environment/pythonpath.sh\n'}
[0.337824] (version1) StdoutLine: {'line': b'-- Up-to-date symlink: /home/thiago/workspaces/lidar/install/version1/share/version1/environment/pythonpath.dsv\n'}
[0.338011] (version1) StdoutLine: {'line': b'-- Up-to-date symlink: /home/thiago/workspaces/lidar/install/version1/local/lib/python3.10/dist-packages/scripts-0.0.0-py3.10.egg-info/PKG-INFO\n'}
[0.338171] (version1) StdoutLine: {'line': b'-- Up-to-date symlink: /home/thiago/workspaces/lidar/install/version1/local/lib/python3.10/dist-packages/scripts-0.0.0-py3.10.egg-info/SOURCES.txt\n'}
[0.338255] (version1) StdoutLine: {'line': b'-- Up-to-date symlink: /home/thiago/workspaces/lidar/install/version1/local/lib/python3.10/dist-packages/scripts-0.0.0-py3.10.egg-info/dependency_links.txt\n'}
[0.338368] (version1) StdoutLine: {'line': b'-- Up-to-date symlink: /home/thiago/workspaces/lidar/install/version1/local/lib/python3.10/dist-packages/scripts-0.0.0-py3.10.egg-info/top_level.txt\n'}
[0.338476] (version1) StdoutLine: {'line': b'-- Up-to-date symlink: /home/thiago/workspaces/lidar/install/version1/local/lib/python3.10/dist-packages/scripts/__init__.py\n'}
[0.338580] (version1) StdoutLine: {'line': b'-- Up-to-date symlink: /home/thiago/workspaces/lidar/install/version1/local/lib/python3.10/dist-packages/scripts/publisher_laserscan.py\n'}
[0.338681] (version1) StdoutLine: {'line': b'-- Up-to-date symlink: /home/thiago/workspaces/lidar/install/version1/lib/version1/publisher_laserscan.py\n'}
[0.338855] (version1) StdoutLine: {'line': b'-- Up-to-date symlink: /home/thiago/workspaces/lidar/install/version1/share/version1//launch/lidar_python_launch.py\n'}
[0.338979] (version1) StdoutLine: {'line': b'-- Up-to-date symlink: /home/thiago/workspaces/lidar/install/version1/share/version1//launch/rpm_node_launch.py\n'}
[0.339094] (version1) StdoutLine: {'line': b'-- Up-to-date symlink: /home/thiago/workspaces/lidar/install/version1/share/version1//worlds/visualize_lidar.sdf\n'}
[0.339284] (version1) StdoutLine: {'line': b'-- Up-to-date symlink: /home/thiago/workspaces/lidar/install/version1/share/version1//models/RplidarA1/RplidarA1.sdf\n'}
[0.339379] (version1) StdoutLine: {'line': b'-- Up-to-date symlink: /home/thiago/workspaces/lidar/install/version1/share/version1//models/RplidarA1/model.config\n'}
[0.339474] (version1) StdoutLine: {'line': b'-- Up-to-date symlink: /home/thiago/workspaces/lidar/install/version1/share/ament_index/resource_index/package_run_dependencies/version1\n'}
[0.339585] (version1) StdoutLine: {'line': b'-- Up-to-date symlink: /home/thiago/workspaces/lidar/install/version1/share/ament_index/resource_index/parent_prefix_path/version1\n'}
[0.339691] (version1) StdoutLine: {'line': b'-- Up-to-date symlink: /home/thiago/workspaces/lidar/install/version1/share/version1/environment/ament_prefix_path.sh\n'}
[0.339810] (version1) StdoutLine: {'line': b'-- Up-to-date symlink: /home/thiago/workspaces/lidar/install/version1/share/version1/environment/ament_prefix_path.dsv\n'}
[0.339916] (version1) StdoutLine: {'line': b'-- Up-to-date symlink: /home/thiago/workspaces/lidar/install/version1/share/version1/environment/path.sh\n'}
[0.340015] (version1) StdoutLine: {'line': b'-- Up-to-date symlink: /home/thiago/workspaces/lidar/install/version1/share/version1/environment/path.dsv\n'}
[0.340113] (version1) StdoutLine: {'line': b'-- Up-to-date symlink: /home/thiago/workspaces/lidar/install/version1/share/version1/local_setup.bash\n'}
[0.340211] (version1) StdoutLine: {'line': b'-- Up-to-date symlink: /home/thiago/workspaces/lidar/install/version1/share/version1/local_setup.sh\n'}
[0.340307] (version1) StdoutLine: {'line': b'-- Up-to-date symlink: /home/thiago/workspaces/lidar/install/version1/share/version1/local_setup.zsh\n'}
[0.340403] (version1) StdoutLine: {'line': b'-- Up-to-date symlink: /home/thiago/workspaces/lidar/install/version1/share/version1/local_setup.dsv\n'}
[0.340508] (version1) StdoutLine: {'line': b'-- Symlinking: /home/thiago/workspaces/lidar/install/version1/share/version1/package.dsv\n'}
[0.346298] (version1) StdoutLine: {'line': b'-- Up-to-date symlink: /home/thiago/workspaces/lidar/install/version1/share/ament_index/resource_index/packages/version1\n'}
[0.346550] (version1) StdoutLine: {'line': b'-- Up-to-date symlink: /home/thiago/workspaces/lidar/install/version1/share/version1/cmake/version1Config.cmake\n'}
[0.346632] (version1) StdoutLine: {'line': b'-- Up-to-date symlink: /home/thiago/workspaces/lidar/install/version1/share/version1/cmake/version1Config-version.cmake\n'}
[0.346737] (version1) StdoutLine: {'line': b'-- Up-to-date symlink: /home/thiago/workspaces/lidar/install/version1/share/version1/package.xml\n'}
[0.367694] (version1) StdoutLine: {'line': b"Listing '/home/thiago/workspaces/lidar/install/version1/local/lib/python3.10/dist-packages/scripts'...\n"}
[0.371914] (version1) CommandEnded: {'returncode': 0}
[0.386538] (version0) JobProgress: {'identifier': 'version0', 'progress': 'install'}
[0.386716] (version0) Command: {'cmd': ['/usr/bin/cmake', '--install', '/home/thiago/workspaces/lidar/build/version0'], 'cwd': '/home/thiago/workspaces/lidar/build/version0', 'env': OrderedDict([('GJS_DEBUG_TOPICS', 'JS ERROR;JS LOG'), ('LESSOPEN', '| /usr/bin/lesspipe %s'), ('USER', 'thiago'), ('LC_TIME', 'es_AR.UTF-8'), ('GIO_MODULE_DIR', '/home/thiago/snap/code/common/.cache/gio-modules'), ('XDG_SESSION_TYPE', 'wayland'), ('GIT_ASKPASS', '/snap/code/137/usr/share/code/resources/app/extensions/git/dist/askpass.sh'), ('GTK_EXE_PREFIX_VSCODE_SNAP_ORIG', ''), ('GDK_BACKEND_VSCODE_SNAP_ORIG', ''), ('SHLVL', '1'), ('LD_LIBRARY_PATH', '/opt/ros/humble/opt/rviz_ogre_vendor/lib:/opt/ros/humble/lib/x86_64-linux-gnu:/opt/ros/humble/lib'), ('HOME', '/home/thiago'), ('CHROME_DESKTOP', 'code-url-handler.desktop'), ('LOCPATH_VSCODE_SNAP_ORIG', ''), ('TERM_PROGRAM_VERSION', '1.81.1'), ('DESKTOP_SESSION', 'ubuntu'), ('GTK_PATH', '/snap/code/137/usr/lib/x86_64-linux-gnu/gtk-3.0'), ('GTK_IM_MODULE_FILE', '/home/thiago/snap/code/common/.cache/immodules/immodules.cache'), ('GIO_LAUNCHED_DESKTOP_FILE', '/var/lib/snapd/desktop/applications/code_code.desktop'), ('ROS_PYTHON_VERSION', '3'), ('GNOME_SHELL_SESSION_MODE', 'ubuntu'), ('GTK_MODULES', 'gail:atk-bridge'), ('GSETTINGS_SCHEMA_DIR_VSCODE_SNAP_ORIG', ''), ('VSCODE_GIT_ASKPASS_MAIN', '/snap/code/137/usr/share/code/resources/app/extensions/git/dist/askpass-main.js'), ('LC_MONETARY', 'es_AR.UTF-8'), ('VSCODE_GIT_ASKPASS_NODE', '/snap/code/137/usr/share/code/code'), ('MANAGERPID', '1572'), ('SYSTEMD_EXEC_PID', '1789'), ('IM_CONFIG_CHECK_ENV', '1'), ('DBUS_SESSION_BUS_ADDRESS', 'unix:path=/run/user/1000/bus'), ('COLORTERM', 'truecolor'), ('GIO_LAUNCHED_DESKTOP_FILE_PID', '12976'), ('IM_CONFIG_PHASE', '1'), ('WAYLAND_DISPLAY', 'wayland-0'), ('ROS_DISTRO', 'humble'), ('LOGNAME', 'thiago'), ('JOURNAL_STREAM', '8:34257'), ('_', '/usr/bin/colcon'), ('ROS_VERSION', '2'), ('XDG_CONFIG_DIRS_VSCODE_SNAP_ORIG', '/etc/xdg/xdg-ubuntu:/etc/xdg'), ('XDG_SESSION_CLASS', 'user'), ('XDG_DATA_DIRS_VSCODE_SNAP_ORIG', '/usr/share/ubuntu:/usr/local/share/:/usr/share/:/var/lib/snapd/desktop'), ('USERNAME', 'thiago'), ('TERM', 'xterm-256color'), ('GNOME_DESKTOP_SESSION_ID', 'this-is-deprecated'), ('ROS_LOCALHOST_ONLY', '0'), ('PATH', '/opt/ros/humble/bin:/home/thiago/.local/bin:/usr/local/sbin:/usr/local/bin:/usr/sbin:/usr/bin:/sbin:/bin:/usr/games:/usr/local/games:/snap/bin:/snap/bin'), ('SESSION_MANAGER', 'local/thiago-ubuntu:@/tmp/.ICE-unix/1770,unix/thiago-ubuntu:/tmp/.ICE-unix/1770'), ('GTK_EXE_PREFIX', '/snap/code/137/usr'), ('INVOCATION_ID', '1f8e13807d354950993019ae48562621'), ('XDG_MENU_PREFIX', 'gnome-'), ('LC_ADDRESS', 'es_AR.UTF-8'), ('BAMF_DESKTOP_FILE_HINT', '/var/lib/snapd/desktop/applications/code_code.desktop'), ('GNOME_SETUP_DISPLAY', ':1'), ('XDG_RUNTIME_DIR', '/run/user/1000'), ('GDK_BACKEND', 'x11'), ('DISPLAY', ':0'), ('LOCPATH', '/snap/code/137/usr/lib/locale'), ('LANG', 'en_US.UTF-8'), ('XDG_CURRENT_DESKTOP', 'Unity'), ('LC_TELEPHONE', 'es_AR.UTF-8'), ('GIO_MODULE_DIR_VSCODE_SNAP_ORIG', ''), ('XMODIFIERS', '@im=ibus'), ('XDG_SESSION_DESKTOP', 'ubuntu'), ('XAUTHORITY', '/run/user/1000/.mutter-Xwaylandauth.HGRQ91'), ('LS_COLORS', ''), ('VSCODE_GIT_IPC_HANDLE', '/run/user/1000/vscode-git-f6dfffcee1.sock'), ('TERM_PROGRAM', 'vscode'), ('SSH_AGENT_LAUNCHER', 'gnome-keyring'), ('SSH_AUTH_SOCK', '/run/user/1000/keyring/ssh'), ('GSETTINGS_SCHEMA_DIR', '/home/thiago/snap/code/137/.local/share/glib-2.0/schemas'), ('AMENT_PREFIX_PATH', '/opt/ros/humble'), ('ORIGINAL_XDG_CURRENT_DESKTOP', 'ubuntu:GNOME'), ('SHELL', '/bin/bash'), ('LC_NAME', 'es_AR.UTF-8'), ('QT_ACCESSIBILITY', '1'), ('NO_AT_BRIDGE', '1'), ('GDMSESSION', 'ubuntu'), ('LESSCLOSE', '/usr/bin/lesspipe %s %s'), ('GTK_PATH_VSCODE_SNAP_ORIG', ''), ('GTK_IM_MODULE_FILE_VSCODE_SNAP_ORIG', ''), ('LC_MEASUREMENT', 'es_AR.UTF-8'), ('GJS_DEBUG_OUTPUT', 'stderr'), ('LC_IDENTIFICATION', 'es_AR.UTF-8'), ('VSCODE_GIT_ASKPASS_EXTRA_ARGS', '--ms-enable-electron-run-as-node'), ('QT_IM_MODULE', 'ibus'), ('PWD', '/home/thiago/workspaces/lidar/build/version0'), ('LC_ALL', 'en_US.UTF-8'), ('XDG_CONFIG_DIRS', '/etc/xdg/xdg-ubuntu:/etc/xdg'), ('XDG_DATA_DIRS', '/home/thiago/snap/code/137/.local/share:/home/thiago/snap/code/137:/snap/code/137/usr/share:/usr/share/ubuntu:/usr/local/share/:/usr/share/:/var/lib/snapd/desktop'), ('PYTHONPATH', '/opt/ros/humble/lib/python3.10/site-packages:/opt/ros/humble/local/lib/python3.10/dist-packages'), ('LC_NUMERIC', 'es_AR.UTF-8'), ('LC_PAPER', 'es_AR.UTF-8'), ('COLCON', '1'), ('CMAKE_PREFIX_PATH', '/opt/ros/humble')]), 'shell': False}
[0.391937] (version0) StdoutLine: {'line': b'-- Install configuration: ""\n'}
[0.392486] (version0) StdoutLine: {'line': b'-- Execute custom install script\n'}
[0.392642] (version0) StdoutLine: {'line': b'-- Up-to-date symlink: /home/thiago/workspaces/lidar/install/version0/share/ament_index/resource_index/rosidl_interfaces/version0\n'}
[0.392960] (version0) StdoutLine: {'line': b'-- Up-to-date symlink: /home/thiago/workspaces/lidar/install/version0/include/version0/version0/action/detail/navigate__functions.h\n'}
[0.393050] (version0) StdoutLine: {'line': b'-- Up-to-date symlink: /home/thiago/workspaces/lidar/install/version0/include/version0/version0/action/detail/navigate__struct.h\n'}
[0.393134] (version0) StdoutLine: {'line': b'-- Up-to-date symlink: /home/thiago/workspaces/lidar/install/version0/include/version0/version0/action/detail/navigate__type_support.h\n'}
[0.393249] (version0) StdoutLine: {'line': b'-- Up-to-date symlink: /home/thiago/workspaces/lidar/install/version0/include/version0/version0/action/navigate.h\n'}
[0.393330] (version0) StdoutLine: {'line': b'-- Up-to-date symlink: /home/thiago/workspaces/lidar/install/version0/include/version0/version0/msg/rosidl_generator_c__visibility_control.h\n'}
[0.393405] (version0) StdoutLine: {'line': b'-- Up-to-date symlink: /home/thiago/workspaces/lidar/install/version0/include/version0/version0/srv/detail/odd_even_check__functions.h\n'}
[0.393509] (version0) StdoutLine: {'line': b'-- Up-to-date symlink: /home/thiago/workspaces/lidar/install/version0/include/version0/version0/srv/detail/odd_even_check__struct.h\n'}
[0.393569] (version0) StdoutLine: {'line': b'-- Up-to-date symlink: /home/thiago/workspaces/lidar/install/version0/include/version0/version0/srv/detail/odd_even_check__type_support.h\n'}
[0.393646] (version0) StdoutLine: {'line': b'-- Up-to-date symlink: /home/thiago/workspaces/lidar/install/version0/include/version0/version0/srv/odd_even_check.h\n'}
[0.393703] (version0) StdoutLine: {'line': b'-- Up-to-date symlink: /home/thiago/workspaces/lidar/install/version0/share/version0/environment/library_path.sh\n'}
[0.393871] (version0) StdoutLine: {'line': b'-- Up-to-date symlink: /home/thiago/workspaces/lidar/install/version0/share/version0/environment/library_path.dsv\n'}
[0.394087] (version0) StdoutLine: {'line': b'-- Up-to-date symlink: /home/thiago/workspaces/lidar/install/version0/include/version0/version0/action/detail/navigate__rosidl_typesupport_fastrtps_c.h\n'}
[0.394183] (version0) StdoutLine: {'line': b'-- Up-to-date symlink: /home/thiago/workspaces/lidar/install/version0/include/version0/version0/msg/rosidl_typesupport_fastrtps_c__visibility_control.h\n'}
[0.394286] (version0) StdoutLine: {'line': b'-- Up-to-date symlink: /home/thiago/workspaces/lidar/install/version0/include/version0/version0/srv/detail/odd_even_check__rosidl_typesupport_fastrtps_c.h\n'}
[0.394469] (version0) StdoutLine: {'line': b'-- Up-to-date symlink: /home/thiago/workspaces/lidar/install/version0/include/version0/version0/action/detail/navigate__builder.hpp\n'}
[0.394581] (version0) StdoutLine: {'line': b'-- Up-to-date symlink: /home/thiago/workspaces/lidar/install/version0/include/version0/version0/action/detail/navigate__struct.hpp\n'}
[0.394699] (version0) StdoutLine: {'line': b'-- Up-to-date symlink: /home/thiago/workspaces/lidar/install/version0/include/version0/version0/action/detail/navigate__traits.hpp\n'}
[0.394770] (version0) StdoutLine: {'line': b'-- Up-to-date symlink: /home/thiago/workspaces/lidar/install/version0/include/version0/version0/action/navigate.hpp\n'}
[0.394950] (version0) StdoutLine: {'line': b'-- Up-to-date symlink: /home/thiago/workspaces/lidar/install/version0/include/version0/version0/srv/detail/odd_even_check__builder.hpp\n'}
[0.395006] (version0) StdoutLine: {'line': b'-- Up-to-date symlink: /home/thiago/workspaces/lidar/install/version0/include/version0/version0/srv/detail/odd_even_check__struct.hpp\n'}
[0.395058] (version0) StdoutLine: {'line': b'-- Up-to-date symlink: /home/thiago/workspaces/lidar/install/version0/include/version0/version0/srv/detail/odd_even_check__traits.hpp\n'}
[0.395108] (version0) StdoutLine: {'line': b'-- Up-to-date symlink: /home/thiago/workspaces/lidar/install/version0/include/version0/version0/srv/odd_even_check.hpp\n'}
[0.395304] (version0) StdoutLine: {'line': b'-- Up-to-date symlink: /home/thiago/workspaces/lidar/install/version0/include/version0/version0/action/detail/navigate__rosidl_typesupport_fastrtps_cpp.hpp\n'}
[0.395432] (version0) StdoutLine: {'line': b'-- Up-to-date symlink: /home/thiago/workspaces/lidar/install/version0/include/version0/version0/msg/rosidl_typesupport_fastrtps_cpp__visibility_control.h\n'}
[0.395495] (version0) StdoutLine: {'line': b'-- Up-to-date symlink: /home/thiago/workspaces/lidar/install/version0/include/version0/version0/srv/detail/odd_even_check__rosidl_typesupport_fastrtps_cpp.hpp\n'}
[0.395665] (version0) StdoutLine: {'line': b'-- Up-to-date symlink: /home/thiago/workspaces/lidar/install/version0/include/version0/version0/action/detail/navigate__rosidl_typesupport_introspection_c.h\n'}
[0.395761] (version0) StdoutLine: {'line': b'-- Up-to-date symlink: /home/thiago/workspaces/lidar/install/version0/include/version0/version0/msg/rosidl_typesupport_introspection_c__visibility_control.h\n'}
[0.395857] (version0) StdoutLine: {'line': b'-- Up-to-date symlink: /home/thiago/workspaces/lidar/install/version0/include/version0/version0/srv/detail/odd_even_check__rosidl_typesupport_introspection_c.h\n'}
[0.396051] (version0) StdoutLine: {'line': b'-- Up-to-date symlink: /home/thiago/workspaces/lidar/install/version0/include/version0/version0/action/detail/navigate__rosidl_typesupport_introspection_cpp.hpp\n'}
[0.396134] (version0) StdoutLine: {'line': b'-- Up-to-date symlink: /home/thiago/workspaces/lidar/install/version0/include/version0/version0/srv/detail/odd_even_check__rosidl_typesupport_introspection_cpp.hpp\n'}
[0.396220] (version0) StdoutLine: {'line': b'-- Up-to-date symlink: /home/thiago/workspaces/lidar/install/version0/share/version0/environment/pythonpath.sh\n'}
[0.396322] (version0) StdoutLine: {'line': b'-- Up-to-date symlink: /home/thiago/workspaces/lidar/install/version0/share/version0/environment/pythonpath.dsv\n'}
[0.396526] (version0) StdoutLine: {'line': b'-- Up-to-date symlink: /home/thiago/workspaces/lidar/install/version0/local/lib/python3.10/dist-packages/version0-0.0.0-py3.10.egg-info/PKG-INFO\n'}
[0.396669] (version0) StdoutLine: {'line': b'-- Up-to-date symlink: /home/thiago/workspaces/lidar/install/version0/local/lib/python3.10/dist-packages/version0-0.0.0-py3.10.egg-info/SOURCES.txt\n'}
[0.396739] (version0) StdoutLine: {'line': b'-- Up-to-date symlink: /home/thiago/workspaces/lidar/install/version0/local/lib/python3.10/dist-packages/version0-0.0.0-py3.10.egg-info/dependency_links.txt\n'}
[0.396807] (version0) StdoutLine: {'line': b'-- Up-to-date symlink: /home/thiago/workspaces/lidar/install/version0/local/lib/python3.10/dist-packages/version0-0.0.0-py3.10.egg-info/top_level.txt\n'}
[0.397148] (version0) StdoutLine: {'line': b'-- Up-to-date symlink: /home/thiago/workspaces/lidar/install/version0/local/lib/python3.10/dist-packages/version0/__init__.py\n'}
[0.397301] (version0) StdoutLine: {'line': b'-- Up-to-date symlink: /home/thiago/workspaces/lidar/install/version0/local/lib/python3.10/dist-packages/version0/_version0_s.ep.rosidl_typesupport_c.c\n'}
[0.397408] (version0) StdoutLine: {'line': b'-- Up-to-date symlink: /home/thiago/workspaces/lidar/install/version0/local/lib/python3.10/dist-packages/version0/_version0_s.ep.rosidl_typesupport_fastrtps_c.c\n'}
[0.397484] (version0) StdoutLine: {'line': b'-- Up-to-date symlink: /home/thiago/workspaces/lidar/install/version0/local/lib/python3.10/dist-packages/version0/_version0_s.ep.rosidl_typesupport_introspection_c.c\n'}
[0.397645] (version0) StdoutLine: {'line': b'-- Up-to-date symlink: /home/thiago/workspaces/lidar/install/version0/local/lib/python3.10/dist-packages/version0/action/__init__.py\n'}
[0.397721] (version0) StdoutLine: {'line': b'-- Up-to-date symlink: /home/thiago/workspaces/lidar/install/version0/local/lib/python3.10/dist-packages/version0/action/_navigate.py\n'}
[0.397789] (version0) StdoutLine: {'line': b'-- Up-to-date symlink: /home/thiago/workspaces/lidar/install/version0/local/lib/python3.10/dist-packages/version0/action/_navigate_s.c\n'}
[0.397893] (version0) StdoutLine: {'line': b'-- Up-to-date symlink: /home/thiago/workspaces/lidar/install/version0/local/lib/python3.10/dist-packages/version0/libversion0__rosidl_generator_py.so\n'}
[0.397966] (version0) StdoutLine: {'line': b'-- Up-to-date symlink: /home/thiago/workspaces/lidar/install/version0/local/lib/python3.10/dist-packages/version0/srv/__init__.py\n'}
[0.398030] (version0) StdoutLine: {'line': b'-- Up-to-date symlink: /home/thiago/workspaces/lidar/install/version0/local/lib/python3.10/dist-packages/version0/srv/_odd_even_check.py\n'}
[0.398093] (version0) StdoutLine: {'line': b'-- Up-to-date symlink: /home/thiago/workspaces/lidar/install/version0/local/lib/python3.10/dist-packages/version0/srv/_odd_even_check_s.c\n'}
[0.398245] (version0) StdoutLine: {'line': b'-- Up-to-date symlink: /home/thiago/workspaces/lidar/install/version0/local/lib/python3.10/dist-packages/version0/version0_s__rosidl_typesupport_c.cpython-310-x86_64-linux-gnu.so\n'}
[0.398362] (version0) StdoutLine: {'line': b'-- Up-to-date symlink: /home/thiago/workspaces/lidar/install/version0/local/lib/python3.10/dist-packages/version0/version0_s__rosidl_typesupport_fastrtps_c.cpython-310-x86_64-linux-gnu.so\n'}
[0.398419] (version0) StdoutLine: {'line': b'-- Up-to-date symlink: /home/thiago/workspaces/lidar/install/version0/local/lib/python3.10/dist-packages/version0/version0_s__rosidl_typesupport_introspection_c.cpython-310-x86_64-linux-gnu.so\n'}
[0.398470] (version0) StdoutLine: {'line': b'-- Up-to-date symlink: /home/thiago/workspaces/lidar/install/version0/local/lib/python3.10/dist-packages/version0/version0_s__rosidl_typesupport_fastrtps_c.cpython-310-x86_64-linux-gnu.so\n'}
[0.398563] (version0) StdoutLine: {'line': b'-- Up-to-date symlink: /home/thiago/workspaces/lidar/install/version0/local/lib/python3.10/dist-packages/version0/version0_s__rosidl_typesupport_introspection_c.cpython-310-x86_64-linux-gnu.so\n'}
[0.398760] (version0) StdoutLine: {'line': b'-- Up-to-date symlink: /home/thiago/workspaces/lidar/install/version0/local/lib/python3.10/dist-packages/version0/version0_s__rosidl_typesupport_c.cpython-310-x86_64-linux-gnu.so\n'}
[0.398877] (version0) StdoutLine: {'line': b'-- Up-to-date symlink: /home/thiago/workspaces/lidar/install/version0/share/version0/srv/OddEvenCheck.idl\n'}
[0.398962] (version0) StdoutLine: {'line': b'-- Up-to-date symlink: /home/thiago/workspaces/lidar/install/version0/share/version0/action/Navigate.idl\n'}
[0.399051] (version0) StdoutLine: {'line': b'-- Up-to-date symlink: /home/thiago/workspaces/lidar/install/version0/share/version0/srv/OddEvenCheck.srv\n'}
[0.399179] (version0) StdoutLine: {'line': b'-- Up-to-date symlink: /home/thiago/workspaces/lidar/install/version0/share/version0/srv/OddEvenCheck_Request.msg\n'}
[0.399258] (version0) StdoutLine: {'line': b'-- Up-to-date symlink: /home/thiago/workspaces/lidar/install/version0/share/version0/srv/OddEvenCheck_Response.msg\n'}
[0.399337] (version0) StdoutLine: {'line': b'-- Up-to-date symlink: /home/thiago/workspaces/lidar/install/version0/share/version0/action/Navigate.action\n'}
[0.399514] (version0) StdoutLine: {'line': b'-- Up-to-date symlink: /home/thiago/workspaces/lidar/install/version0/local/lib/python3.10/dist-packages/scripts-0.0.0-py3.10.egg-info/PKG-INFO\n'}
[0.399591] (version0) StdoutLine: {'line': b'-- Up-to-date symlink: /home/thiago/workspaces/lidar/install/version0/local/lib/python3.10/dist-packages/scripts-0.0.0-py3.10.egg-info/SOURCES.txt\n'}
[0.399668] (version0) StdoutLine: {'line': b'-- Up-to-date symlink: /home/thiago/workspaces/lidar/install/version0/local/lib/python3.10/dist-packages/scripts-0.0.0-py3.10.egg-info/dependency_links.txt\n'}
[0.399752] (version0) StdoutLine: {'line': b'-- Up-to-date symlink: /home/thiago/workspaces/lidar/install/version0/local/lib/python3.10/dist-packages/scripts-0.0.0-py3.10.egg-info/top_level.txt\n'}
[0.399963] (-) TimerEvent: {}
[0.401470] (version0) StdoutLine: {'line': b'-- Up-to-date symlink: /home/thiago/workspaces/lidar/install/version0/local/lib/python3.10/dist-packages/scripts/__init__.py\n'}
[0.401558] (version0) StdoutLine: {'line': b'-- Up-to-date symlink: /home/thiago/workspaces/lidar/install/version0/local/lib/python3.10/dist-packages/scripts/publisher_laserscan.py\n'}
[0.401630] (version0) StdoutLine: {'line': b'-- Up-to-date symlink: /home/thiago/workspaces/lidar/install/version0/lib/version0/publisher_laserscan.py\n'}
[0.401696] (version0) StdoutLine: {'line': b'-- Up-to-date symlink: /home/thiago/workspaces/lidar/install/version0/share/version0//launch/rpm_node_launch.py\n'}
[0.401754] (version0) StdoutLine: {'line': b'-- Up-to-date symlink: /home/thiago/workspaces/lidar/install/version0/share/ament_index/resource_index/package_run_dependencies/version0\n'}
[0.401811] (version0) StdoutLine: {'line': b'-- Up-to-date symlink: /home/thiago/workspaces/lidar/install/version0/share/ament_index/resource_index/parent_prefix_path/version0\n'}
[0.401870] (version0) StdoutLine: {'line': b'-- Up-to-date symlink: /home/thiago/workspaces/lidar/install/version0/share/version0/environment/ament_prefix_path.sh\n'}
[0.401929] (version0) StdoutLine: {'line': b'-- Up-to-date symlink: /home/thiago/workspaces/lidar/install/version0/share/version0/environment/ament_prefix_path.dsv\n'}
[0.401985] (version0) StdoutLine: {'line': b'-- Up-to-date symlink: /home/thiago/workspaces/lidar/install/version0/share/version0/environment/path.sh\n'}
[0.402039] (version0) StdoutLine: {'line': b'-- Up-to-date symlink: /home/thiago/workspaces/lidar/install/version0/share/version0/environment/path.dsv\n'}
[0.402098] (version0) StdoutLine: {'line': b'-- Up-to-date symlink: /home/thiago/workspaces/lidar/install/version0/share/version0/local_setup.bash\n'}
[0.402191] (version0) StdoutLine: {'line': b'-- Up-to-date symlink: /home/thiago/workspaces/lidar/install/version0/share/version0/local_setup.sh\n'}
[0.402253] (version0) StdoutLine: {'line': b'-- Up-to-date symlink: /home/thiago/workspaces/lidar/install/version0/share/version0/local_setup.zsh\n'}
[0.402307] (version0) StdoutLine: {'line': b'-- Up-to-date symlink: /home/thiago/workspaces/lidar/install/version0/share/version0/local_setup.dsv\n'}
[0.402361] (version0) StdoutLine: {'line': b'-- Symlinking: /home/thiago/workspaces/lidar/install/version0/share/version0/package.dsv\n'}
[0.408254] (version0) StdoutLine: {'line': b'-- Up-to-date symlink: /home/thiago/workspaces/lidar/install/version0/share/ament_index/resource_index/packages/version0\n'}
[0.408525] (version0) StdoutLine: {'line': b'-- Up-to-date symlink: /home/thiago/workspaces/lidar/install/version0/share/version0/cmake/rosidl_cmake-extras.cmake\n'}
[0.408611] (version0) StdoutLine: {'line': b'-- Up-to-date symlink: /home/thiago/workspaces/lidar/install/version0/share/version0/cmake/ament_cmake_export_dependencies-extras.cmake\n'}
[0.408719] (version0) StdoutLine: {'line': b'-- Up-to-date symlink: /home/thiago/workspaces/lidar/install/version0/share/version0/cmake/ament_cmake_export_include_directories-extras.cmake\n'}
[0.408793] (version0) StdoutLine: {'line': b'-- Up-to-date symlink: /home/thiago/workspaces/lidar/install/version0/share/version0/cmake/ament_cmake_export_libraries-extras.cmake\n'}
[0.408898] (version0) StdoutLine: {'line': b'-- Up-to-date symlink: /home/thiago/workspaces/lidar/install/version0/share/version0/cmake/ament_cmake_export_targets-extras.cmake\n'}
[0.408979] (version0) StdoutLine: {'line': b'-- Up-to-date symlink: /home/thiago/workspaces/lidar/install/version0/share/version0/cmake/rosidl_cmake_export_typesupport_targets-extras.cmake\n'}
[0.409078] (version0) StdoutLine: {'line': b'-- Up-to-date symlink: /home/thiago/workspaces/lidar/install/version0/share/version0/cmake/rosidl_cmake_export_typesupport_libraries-extras.cmake\n'}
[0.409188] (version0) StdoutLine: {'line': b'-- Up-to-date symlink: /home/thiago/workspaces/lidar/install/version0/share/version0/cmake/version0Config.cmake\n'}
[0.409314] (version0) StdoutLine: {'line': b'-- Up-to-date symlink: /home/thiago/workspaces/lidar/install/version0/share/version0/cmake/version0Config-version.cmake\n'}
[0.409677] (version0) StdoutLine: {'line': b'-- Up-to-date symlink: /home/thiago/workspaces/lidar/install/version0/share/version0/package.xml\n'}
[0.411620] (version0) StdoutLine: {'line': b'-- Up-to-date: /home/thiago/workspaces/lidar/install/version0/lib/libversion0__rosidl_generator_c.so\n'}
[0.411713] (version0) StdoutLine: {'line': b'-- Up-to-date: /home/thiago/workspaces/lidar/install/version0/lib/libversion0__rosidl_typesupport_fastrtps_c.so\n'}
[0.411798] (version0) StdoutLine: {'line': b'-- Up-to-date: /home/thiago/workspaces/lidar/install/version0/lib/libversion0__rosidl_typesupport_fastrtps_cpp.so\n'}
[0.412178] (version0) StdoutLine: {'line': b'-- Up-to-date: /home/thiago/workspaces/lidar/install/version0/lib/libversion0__rosidl_typesupport_introspection_c.so\n'}
[0.412837] (version0) StdoutLine: {'line': b'-- Up-to-date: /home/thiago/workspaces/lidar/install/version0/lib/libversion0__rosidl_typesupport_c.so\n'}
[0.413409] (version0) StdoutLine: {'line': b'-- Up-to-date: /home/thiago/workspaces/lidar/install/version0/lib/libversion0__rosidl_typesupport_introspection_cpp.so\n'}
[0.414082] (version0) StdoutLine: {'line': b'-- Up-to-date: /home/thiago/workspaces/lidar/install/version0/lib/libversion0__rosidl_typesupport_cpp.so\n'}
[0.414617] (version1) JobEnded: {'identifier': 'version1', 'rc': 0}
[0.438828] (version0) StdoutLine: {'line': b"Listing '/home/thiago/workspaces/lidar/install/version0/local/lib/python3.10/dist-packages/version0'...\n"}
[0.439006] (version0) StdoutLine: {'line': b"Listing '/home/thiago/workspaces/lidar/install/version0/local/lib/python3.10/dist-packages/version0/action'...\n"}
[0.439088] (version0) StdoutLine: {'line': b"Listing '/home/thiago/workspaces/lidar/install/version0/local/lib/python3.10/dist-packages/version0/srv'...\n"}
[0.442342] (version0) StdoutLine: {'line': b'-- Up-to-date: /home/thiago/workspaces/lidar/install/version0/lib/libversion0__rosidl_generator_py.so\n'}
[0.463565] (version0) StdoutLine: {'line': b"Listing '/home/thiago/workspaces/lidar/install/version0/local/lib/python3.10/dist-packages/scripts'...\n"}
[0.466739] (version0) StdoutLine: {'line': b'-- Up-to-date: /home/thiago/workspaces/lidar/install/version0/share/version0/cmake/export_version0__rosidl_generator_cExport.cmake\n'}
[0.466879] (version0) StdoutLine: {'line': b'-- Up-to-date: /home/thiago/workspaces/lidar/install/version0/share/version0/cmake/export_version0__rosidl_generator_cExport-noconfig.cmake\n'}
[0.467095] (version0) StdoutLine: {'line': b'-- Up-to-date: /home/thiago/workspaces/lidar/install/version0/share/version0/cmake/export_version0__rosidl_typesupport_fastrtps_cExport.cmake\n'}
[0.467188] (version0) StdoutLine: {'line': b'-- Up-to-date: /home/thiago/workspaces/lidar/install/version0/share/version0/cmake/export_version0__rosidl_typesupport_fastrtps_cExport-noconfig.cmake\n'}
[0.467311] (version0) StdoutLine: {'line': b'-- Up-to-date: /home/thiago/workspaces/lidar/install/version0/share/version0/cmake/export_version0__rosidl_generator_cppExport.cmake\n'}
[0.467626] (version0) StdoutLine: {'line': b'-- Up-to-date: /home/thiago/workspaces/lidar/install/version0/share/version0/cmake/export_version0__rosidl_typesupport_fastrtps_cppExport.cmake\n'}
[0.467694] (version0) StdoutLine: {'line': b'-- Up-to-date: /home/thiago/workspaces/lidar/install/version0/share/version0/cmake/export_version0__rosidl_typesupport_fastrtps_cppExport-noconfig.cmake\n'}
[0.467974] (version0) StdoutLine: {'line': b'-- Up-to-date: /home/thiago/workspaces/lidar/install/version0/share/version0/cmake/version0__rosidl_typesupport_introspection_cExport.cmake\n'}
[0.468066] (version0) StdoutLine: {'line': b'-- Up-to-date: /home/thiago/workspaces/lidar/install/version0/share/version0/cmake/version0__rosidl_typesupport_introspection_cExport-noconfig.cmake\n'}
[0.468241] (version0) StdoutLine: {'line': b'-- Up-to-date: /home/thiago/workspaces/lidar/install/version0/share/version0/cmake/version0__rosidl_typesupport_cExport.cmake\n'}
[0.468320] (version0) StdoutLine: {'line': b'-- Up-to-date: /home/thiago/workspaces/lidar/install/version0/share/version0/cmake/version0__rosidl_typesupport_cExport-noconfig.cmake\n'}
[0.468512] (version0) StdoutLine: {'line': b'-- Up-to-date: /home/thiago/workspaces/lidar/install/version0/share/version0/cmake/version0__rosidl_typesupport_introspection_cppExport.cmake\n'}
[0.468597] (version0) StdoutLine: {'line': b'-- Up-to-date: /home/thiago/workspaces/lidar/install/version0/share/version0/cmake/version0__rosidl_typesupport_introspection_cppExport-noconfig.cmake\n'}
[0.468860] (version0) StdoutLine: {'line': b'-- Up-to-date: /home/thiago/workspaces/lidar/install/version0/share/version0/cmake/version0__rosidl_typesupport_cppExport.cmake\n'}
[0.468952] (version0) StdoutLine: {'line': b'-- Up-to-date: /home/thiago/workspaces/lidar/install/version0/share/version0/cmake/version0__rosidl_typesupport_cppExport-noconfig.cmake\n'}
[0.469192] (version0) StdoutLine: {'line': b'-- Up-to-date: /home/thiago/workspaces/lidar/install/version0/share/version0/cmake/export_version0__rosidl_generator_pyExport.cmake\n'}
[0.469276] (version0) StdoutLine: {'line': b'-- Up-to-date: /home/thiago/workspaces/lidar/install/version0/share/version0/cmake/export_version0__rosidl_generator_pyExport-noconfig.cmake\n'}
[0.471251] (version0) CommandEnded: {'returncode': 0}
[0.500110] (-) TimerEvent: {}
[0.535056] (version0) JobEnded: {'identifier': 'version0', 'rc': 0}
[0.535618] (-) EventReactorShutdown: {}
