[0.000000] (-) TimerEvent: {}
[0.000175] (version0) JobQueued: {'identifier': 'version0', 'dependencies': OrderedDict()}
[0.000204] (version1) JobQueued: {'identifier': 'version1', 'dependencies': OrderedDict()}
[0.000250] (version0) JobStarted: {'identifier': 'version0'}
[0.005204] (version1) JobStarted: {'identifier': 'version1'}
[0.010141] (version0) JobProgress: {'identifier': 'version0', 'progress': 'cmake'}
[0.010674] (version0) JobProgress: {'identifier': 'version0', 'progress': 'build'}
[0.013807] (version0) Command: {'cmd': ['/usr/bin/cmake', '--build', '/home/thiago/workspaces/lidar/build/version0', '--', '-j12', '-l12'], 'cwd': '/home/thiago/workspaces/lidar/build/version0', 'env': OrderedDict([('GJS_DEBUG_TOPICS', 'JS ERROR;JS LOG'), ('LESSOPEN', '| /usr/bin/lesspipe %s'), ('USER', 'thiago'), ('LC_TIME', 'es_AR.UTF-8'), ('GIO_MODULE_DIR', '/home/thiago/snap/code/common/.cache/gio-modules'), ('XDG_SESSION_TYPE', 'wayland'), ('GIT_ASKPASS', '/snap/code/136/usr/share/code/resources/app/extensions/git/dist/askpass.sh'), ('GTK_EXE_PREFIX_VSCODE_SNAP_ORIG', ''), ('GDK_BACKEND_VSCODE_SNAP_ORIG', ''), ('SHLVL', '1'), ('LD_LIBRARY_PATH', '/opt/ros/humble/opt/rviz_ogre_vendor/lib:/opt/ros/humble/lib/x86_64-linux-gnu:/opt/ros/humble/lib'), ('HOME', '/home/thiago'), ('CHROME_DESKTOP', 'code-url-handler.desktop'), ('LOCPATH_VSCODE_SNAP_ORIG', ''), ('TERM_PROGRAM_VERSION', '1.81.0'), ('DESKTOP_SESSION', 'ubuntu'), ('GTK_PATH', '/snap/code/136/usr/lib/x86_64-linux-gnu/gtk-3.0'), ('GTK_IM_MODULE_FILE', '/home/thiago/snap/code/common/.cache/immodules/immodules.cache'), ('GIO_LAUNCHED_DESKTOP_FILE', '/var/lib/snapd/desktop/applications/code_code.desktop'), ('ROS_PYTHON_VERSION', '3'), ('GNOME_SHELL_SESSION_MODE', 'ubuntu'), ('GTK_MODULES', 'gail:atk-bridge'), ('GSETTINGS_SCHEMA_DIR_VSCODE_SNAP_ORIG', ''), ('VSCODE_GIT_ASKPASS_MAIN', '/snap/code/136/usr/share/code/resources/app/extensions/git/dist/askpass-main.js'), ('LC_MONETARY', 'es_AR.UTF-8'), ('VSCODE_GIT_ASKPASS_NODE', '/snap/code/136/usr/share/code/code'), ('MANAGERPID', '1808'), ('SYSTEMD_EXEC_PID', '2035'), ('IM_CONFIG_CHECK_ENV', '1'), ('DBUS_SESSION_BUS_ADDRESS', 'unix:path=/run/user/1000/bus'), ('COLORTERM', 'truecolor'), ('GIO_LAUNCHED_DESKTOP_FILE_PID', '3161'), ('IM_CONFIG_PHASE', '1'), ('WAYLAND_DISPLAY', 'wayland-0'), ('ROS_DISTRO', 'humble'), ('LOGNAME', 'thiago'), ('JOURNAL_STREAM', '8:40088'), ('_', '/usr/bin/colcon'), ('ROS_VERSION', '2'), ('XDG_CONFIG_DIRS_VSCODE_SNAP_ORIG', '/etc/xdg/xdg-ubuntu:/etc/xdg'), ('XDG_SESSION_CLASS', 'user'), ('XDG_DATA_DIRS_VSCODE_SNAP_ORIG', '/usr/share/ubuntu:/usr/local/share/:/usr/share/:/var/lib/snapd/desktop'), ('USERNAME', 'thiago'), ('TERM', 'xterm-256color'), ('GNOME_DESKTOP_SESSION_ID', 'this-is-deprecated'), ('ROS_LOCALHOST_ONLY', '0'), ('PATH', '/home/thiago/.local/bin:/opt/ros/humble/bin:/home/thiago/.local/bin:/usr/local/sbin:/usr/local/bin:/usr/sbin:/usr/bin:/sbin:/bin:/usr/games:/usr/local/games:/snap/bin:/snap/bin'), ('SESSION_MANAGER', 'local/thiago-ubuntu:@/tmp/.ICE-unix/2012,unix/thiago-ubuntu:/tmp/.ICE-unix/2012'), ('GTK_EXE_PREFIX', '/snap/code/136/usr'), ('INVOCATION_ID', 'c0a62d3027be4a6e99c956db0af8481a'), ('XDG_MENU_PREFIX', 'gnome-'), ('LC_ADDRESS', 'es_AR.UTF-8'), ('BAMF_DESKTOP_FILE_HINT', '/var/lib/snapd/desktop/applications/code_code.desktop'), ('GNOME_SETUP_DISPLAY', ':1'), ('XDG_RUNTIME_DIR', '/run/user/1000'), ('GDK_BACKEND', 'x11'), ('DISPLAY', ':0'), ('LOCPATH', '/snap/code/136/usr/lib/locale'), ('LANG', 'en_US.UTF-8'), ('XDG_CURRENT_DESKTOP', 'Unity'), ('LC_TELEPHONE', 'es_AR.UTF-8'), ('GIO_MODULE_DIR_VSCODE_SNAP_ORIG', ''), ('XMODIFIERS', '@im=ibus'), ('XDG_SESSION_DESKTOP', 'ubuntu'), ('XAUTHORITY', '/run/user/1000/.mutter-Xwaylandauth.Y52F91'), ('LS_COLORS', ''), ('VSCODE_GIT_IPC_HANDLE', '/run/user/1000/vscode-git-f6dfffcee1.sock'), ('TERM_PROGRAM', 'vscode'), ('SSH_AGENT_LAUNCHER', 'gnome-keyring'), ('SSH_AUTH_SOCK', '/run/user/1000/keyring/ssh'), ('GSETTINGS_SCHEMA_DIR', '/home/thiago/snap/code/136/.local/share/glib-2.0/schemas'), ('AMENT_PREFIX_PATH', '/opt/ros/humble'), ('ORIGINAL_XDG_CURRENT_DESKTOP', 'ubuntu:GNOME'), ('SHELL', '/bin/bash'), ('LC_NAME', 'es_AR.UTF-8'), ('QT_ACCESSIBILITY', '1'), ('GDMSESSION', 'ubuntu'), ('LESSCLOSE', '/usr/bin/lesspipe %s %s'), ('GTK_PATH_VSCODE_SNAP_ORIG', ''), ('GTK_IM_MODULE_FILE_VSCODE_SNAP_ORIG', ''), ('LC_MEASUREMENT', 'es_AR.UTF-8'), ('GJS_DEBUG_OUTPUT', 'stderr'), ('LC_IDENTIFICATION', 'es_AR.UTF-8'), ('VSCODE_GIT_ASKPASS_EXTRA_ARGS', '--ms-enable-electron-run-as-node'), ('QT_IM_MODULE', 'ibus'), ('PWD', '/home/thiago/workspaces/lidar/build/version0'), ('LC_ALL', 'en_US.UTF-8'), ('XDG_CONFIG_DIRS', '/etc/xdg/xdg-ubuntu:/etc/xdg'), ('XDG_DATA_DIRS', '/home/thiago/snap/code/136/.local/share:/home/thiago/snap/code/136:/snap/code/136/usr/share:/usr/share/ubuntu:/usr/local/share/:/usr/share/:/var/lib/snapd/desktop'), ('PYTHONPATH', '/opt/ros/humble/lib/python3.10/site-packages:/opt/ros/humble/local/lib/python3.10/dist-packages'), ('LC_NUMERIC', 'es_AR.UTF-8'), ('LC_PAPER', 'es_AR.UTF-8'), ('COLCON', '1'), ('CMAKE_PREFIX_PATH', '/opt/ros/humble')]), 'shell': False}
[0.015538] (version1) JobProgress: {'identifier': 'version1', 'progress': 'cmake'}
[0.016359] (version1) JobProgress: {'identifier': 'version1', 'progress': 'build'}
[0.017451] (version1) Command: {'cmd': ['/usr/bin/cmake', '--build', '/home/thiago/workspaces/lidar/build/version1', '--', '-j12', '-l12'], 'cwd': '/home/thiago/workspaces/lidar/build/version1', 'env': OrderedDict([('GJS_DEBUG_TOPICS', 'JS ERROR;JS LOG'), ('LESSOPEN', '| /usr/bin/lesspipe %s'), ('USER', 'thiago'), ('LC_TIME', 'es_AR.UTF-8'), ('GIO_MODULE_DIR', '/home/thiago/snap/code/common/.cache/gio-modules'), ('XDG_SESSION_TYPE', 'wayland'), ('GIT_ASKPASS', '/snap/code/136/usr/share/code/resources/app/extensions/git/dist/askpass.sh'), ('GTK_EXE_PREFIX_VSCODE_SNAP_ORIG', ''), ('GDK_BACKEND_VSCODE_SNAP_ORIG', ''), ('SHLVL', '1'), ('LD_LIBRARY_PATH', '/opt/ros/humble/opt/rviz_ogre_vendor/lib:/opt/ros/humble/lib/x86_64-linux-gnu:/opt/ros/humble/lib'), ('HOME', '/home/thiago'), ('CHROME_DESKTOP', 'code-url-handler.desktop'), ('LOCPATH_VSCODE_SNAP_ORIG', ''), ('TERM_PROGRAM_VERSION', '1.81.0'), ('DESKTOP_SESSION', 'ubuntu'), ('GTK_PATH', '/snap/code/136/usr/lib/x86_64-linux-gnu/gtk-3.0'), ('GTK_IM_MODULE_FILE', '/home/thiago/snap/code/common/.cache/immodules/immodules.cache'), ('GIO_LAUNCHED_DESKTOP_FILE', '/var/lib/snapd/desktop/applications/code_code.desktop'), ('ROS_PYTHON_VERSION', '3'), ('GNOME_SHELL_SESSION_MODE', 'ubuntu'), ('GTK_MODULES', 'gail:atk-bridge'), ('GSETTINGS_SCHEMA_DIR_VSCODE_SNAP_ORIG', ''), ('VSCODE_GIT_ASKPASS_MAIN', '/snap/code/136/usr/share/code/resources/app/extensions/git/dist/askpass-main.js'), ('LC_MONETARY', 'es_AR.UTF-8'), ('VSCODE_GIT_ASKPASS_NODE', '/snap/code/136/usr/share/code/code'), ('MANAGERPID', '1808'), ('SYSTEMD_EXEC_PID', '2035'), ('IM_CONFIG_CHECK_ENV', '1'), ('DBUS_SESSION_BUS_ADDRESS', 'unix:path=/run/user/1000/bus'), ('COLORTERM', 'truecolor'), ('GIO_LAUNCHED_DESKTOP_FILE_PID', '3161'), ('IM_CONFIG_PHASE', '1'), ('WAYLAND_DISPLAY', 'wayland-0'), ('ROS_DISTRO', 'humble'), ('LOGNAME', 'thiago'), ('JOURNAL_STREAM', '8:40088'), ('_', '/usr/bin/colcon'), ('ROS_VERSION', '2'), ('XDG_CONFIG_DIRS_VSCODE_SNAP_ORIG', '/etc/xdg/xdg-ubuntu:/etc/xdg'), ('XDG_SESSION_CLASS', 'user'), ('XDG_DATA_DIRS_VSCODE_SNAP_ORIG', '/usr/share/ubuntu:/usr/local/share/:/usr/share/:/var/lib/snapd/desktop'), ('USERNAME', 'thiago'), ('TERM', 'xterm-256color'), ('GNOME_DESKTOP_SESSION_ID', 'this-is-deprecated'), ('ROS_LOCALHOST_ONLY', '0'), ('PATH', '/home/thiago/.local/bin:/opt/ros/humble/bin:/home/thiago/.local/bin:/usr/local/sbin:/usr/local/bin:/usr/sbin:/usr/bin:/sbin:/bin:/usr/games:/usr/local/games:/snap/bin:/snap/bin'), ('SESSION_MANAGER', 'local/thiago-ubuntu:@/tmp/.ICE-unix/2012,unix/thiago-ubuntu:/tmp/.ICE-unix/2012'), ('GTK_EXE_PREFIX', '/snap/code/136/usr'), ('INVOCATION_ID', 'c0a62d3027be4a6e99c956db0af8481a'), ('XDG_MENU_PREFIX', 'gnome-'), ('LC_ADDRESS', 'es_AR.UTF-8'), ('BAMF_DESKTOP_FILE_HINT', '/var/lib/snapd/desktop/applications/code_code.desktop'), ('GNOME_SETUP_DISPLAY', ':1'), ('XDG_RUNTIME_DIR', '/run/user/1000'), ('GDK_BACKEND', 'x11'), ('DISPLAY', ':0'), ('LOCPATH', '/snap/code/136/usr/lib/locale'), ('LANG', 'en_US.UTF-8'), ('XDG_CURRENT_DESKTOP', 'Unity'), ('LC_TELEPHONE', 'es_AR.UTF-8'), ('GIO_MODULE_DIR_VSCODE_SNAP_ORIG', ''), ('XMODIFIERS', '@im=ibus'), ('XDG_SESSION_DESKTOP', 'ubuntu'), ('XAUTHORITY', '/run/user/1000/.mutter-Xwaylandauth.Y52F91'), ('LS_COLORS', ''), ('VSCODE_GIT_IPC_HANDLE', '/run/user/1000/vscode-git-f6dfffcee1.sock'), ('TERM_PROGRAM', 'vscode'), ('SSH_AGENT_LAUNCHER', 'gnome-keyring'), ('SSH_AUTH_SOCK', '/run/user/1000/keyring/ssh'), ('GSETTINGS_SCHEMA_DIR', '/home/thiago/snap/code/136/.local/share/glib-2.0/schemas'), ('AMENT_PREFIX_PATH', '/opt/ros/humble'), ('ORIGINAL_XDG_CURRENT_DESKTOP', 'ubuntu:GNOME'), ('SHELL', '/bin/bash'), ('LC_NAME', 'es_AR.UTF-8'), ('QT_ACCESSIBILITY', '1'), ('GDMSESSION', 'ubuntu'), ('LESSCLOSE', '/usr/bin/lesspipe %s %s'), ('GTK_PATH_VSCODE_SNAP_ORIG', ''), ('GTK_IM_MODULE_FILE_VSCODE_SNAP_ORIG', ''), ('LC_MEASUREMENT', 'es_AR.UTF-8'), ('GJS_DEBUG_OUTPUT', 'stderr'), ('LC_IDENTIFICATION', 'es_AR.UTF-8'), ('VSCODE_GIT_ASKPASS_EXTRA_ARGS', '--ms-enable-electron-run-as-node'), ('QT_IM_MODULE', 'ibus'), ('PWD', '/home/thiago/workspaces/lidar/build/version1'), ('LC_ALL', 'en_US.UTF-8'), ('XDG_CONFIG_DIRS', '/etc/xdg/xdg-ubuntu:/etc/xdg'), ('XDG_DATA_DIRS', '/home/thiago/snap/code/136/.local/share:/home/thiago/snap/code/136:/snap/code/136/usr/share:/usr/share/ubuntu:/usr/local/share/:/usr/share/:/var/lib/snapd/desktop'), ('PYTHONPATH', '/opt/ros/humble/lib/python3.10/site-packages:/opt/ros/humble/local/lib/python3.10/dist-packages'), ('LC_NUMERIC', 'es_AR.UTF-8'), ('LC_PAPER', 'es_AR.UTF-8'), ('COLCON', '1'), ('CMAKE_PREFIX_PATH', '/opt/ros/humble')]), 'shell': False}
[0.052651] (version0) StdoutLine: {'line': b'[  2%] Built target version0__cpp\n'}
[0.053065] (version0) StdoutLine: {'line': b'[ 12%] Built target version0__rosidl_generator_c\n'}
[0.058733] (version0) StdoutLine: {'line': b'[ 12%] Built target ament_cmake_python_symlink_scripts\n'}
[0.059242] (version0) StdoutLine: {'line': b'[ 12%] Built target ament_cmake_python_symlink_version0\n'}
[0.066330] (version1) StdoutLine: {'line': b'Built target ament_cmake_python_symlink_scripts\n'}
[0.068422] (version0) StdoutLine: {'line': b'[ 23%] Built target version0__rosidl_typesupport_cpp\n'}
[0.070739] (version0) StdoutLine: {'line': b'[ 43%] Built target version0__rosidl_typesupport_introspection_c\n'}
[0.070945] (version0) StdoutLine: {'line': b'[ 43%] Built target version0__rosidl_typesupport_c\n'}
[0.073421] (version0) StdoutLine: {'line': b'[ 53%] Built target version0__rosidl_typesupport_introspection_cpp\n'}
[0.074100] (version0) StdoutLine: {'line': b'[ 64%] Built target version0__rosidl_typesupport_fastrtps_cpp\n'}
[0.076060] (version0) StdoutLine: {'line': b'[ 74%] Built target version0__rosidl_typesupport_fastrtps_c\n'}
[0.090264] (version0) StdoutLine: {'line': b'[ 74%] Built target version0\n'}
[0.098841] (-) TimerEvent: {}
[0.105584] (version0) StdoutLine: {'line': b'[ 76%] Built target version0__py\n'}
[0.124179] (version0) StdoutLine: {'line': b'[ 84%] Built target version0__rosidl_generator_py\n'}
[0.140591] (version0) StdoutLine: {'line': b'[100%] Built target version0__rosidl_typesupport_introspection_c__pyext\n'}
[0.140786] (version0) StdoutLine: {'line': b'[100%] Built target version0__rosidl_typesupport_fastrtps_c__pyext\n'}
[0.140896] (version0) StdoutLine: {'line': b'[100%] Built target version0__rosidl_typesupport_c__pyext\n'}
[0.198956] (-) TimerEvent: {}
[0.238593] (version0) StdoutLine: {'line': b'running egg_info\n'}
[0.239142] (version0) StdoutLine: {'line': b'writing scripts.egg-info/PKG-INFO\n'}
[0.239310] (version0) StdoutLine: {'line': b'writing dependency_links to scripts.egg-info/dependency_links.txt\n'}
[0.239439] (version0) StdoutLine: {'line': b'writing top-level names to scripts.egg-info/top_level.txt\n'}
[0.239531] (version0) StdoutLine: {'line': b'running egg_info\n'}
[0.240063] (version0) StdoutLine: {'line': b'writing version0.egg-info/PKG-INFO\n'}
[0.240197] (version0) StdoutLine: {'line': b'writing dependency_links to version0.egg-info/dependency_links.txt\n'}
[0.240318] (version0) StdoutLine: {'line': b'writing top-level names to version0.egg-info/top_level.txt\n'}
[0.240820] (version0) StdoutLine: {'line': b"reading manifest file 'scripts.egg-info/SOURCES.txt'\n"}
[0.241246] (version0) StdoutLine: {'line': b"writing manifest file 'scripts.egg-info/SOURCES.txt'\n"}
[0.241831] (version0) StdoutLine: {'line': b"reading manifest file 'version0.egg-info/SOURCES.txt'\n"}
[0.242277] (version0) StdoutLine: {'line': b"writing manifest file 'version0.egg-info/SOURCES.txt'\n"}
[0.249360] (version1) StdoutLine: {'line': b'running egg_info\n'}
[0.250138] (version1) StdoutLine: {'line': b'writing scripts.egg-info/PKG-INFO\n'}
[0.250321] (version1) StdoutLine: {'line': b'writing dependency_links to scripts.egg-info/dependency_links.txt\n'}
[0.250503] (version1) StdoutLine: {'line': b'writing top-level names to scripts.egg-info/top_level.txt\n'}
[0.252374] (version1) StdoutLine: {'line': b"reading manifest file 'scripts.egg-info/SOURCES.txt'\n"}
[0.252840] (version1) StdoutLine: {'line': b"writing manifest file 'scripts.egg-info/SOURCES.txt'\n"}
[0.265272] (version0) StdoutLine: {'line': b'[100%] Built target ament_cmake_python_build_version0_egg\n'}
[0.268283] (version0) StdoutLine: {'line': b'[100%] Built target ament_cmake_python_build_scripts_egg\n'}
[0.279171] (version0) CommandEnded: {'returncode': 0}
[0.280923] (version1) StdoutLine: {'line': b'Built target ament_cmake_python_build_scripts_egg\n'}
[0.287218] (version1) CommandEnded: {'returncode': 0}
[0.299064] (-) TimerEvent: {}
[0.301437] (version1) JobProgress: {'identifier': 'version1', 'progress': 'install'}
[0.308609] (version1) Command: {'cmd': ['/usr/bin/cmake', '--install', '/home/thiago/workspaces/lidar/build/version1'], 'cwd': '/home/thiago/workspaces/lidar/build/version1', 'env': OrderedDict([('GJS_DEBUG_TOPICS', 'JS ERROR;JS LOG'), ('LESSOPEN', '| /usr/bin/lesspipe %s'), ('USER', 'thiago'), ('LC_TIME', 'es_AR.UTF-8'), ('GIO_MODULE_DIR', '/home/thiago/snap/code/common/.cache/gio-modules'), ('XDG_SESSION_TYPE', 'wayland'), ('GIT_ASKPASS', '/snap/code/136/usr/share/code/resources/app/extensions/git/dist/askpass.sh'), ('GTK_EXE_PREFIX_VSCODE_SNAP_ORIG', ''), ('GDK_BACKEND_VSCODE_SNAP_ORIG', ''), ('SHLVL', '1'), ('LD_LIBRARY_PATH', '/opt/ros/humble/opt/rviz_ogre_vendor/lib:/opt/ros/humble/lib/x86_64-linux-gnu:/opt/ros/humble/lib'), ('HOME', '/home/thiago'), ('CHROME_DESKTOP', 'code-url-handler.desktop'), ('LOCPATH_VSCODE_SNAP_ORIG', ''), ('TERM_PROGRAM_VERSION', '1.81.0'), ('DESKTOP_SESSION', 'ubuntu'), ('GTK_PATH', '/snap/code/136/usr/lib/x86_64-linux-gnu/gtk-3.0'), ('GTK_IM_MODULE_FILE', '/home/thiago/snap/code/common/.cache/immodules/immodules.cache'), ('GIO_LAUNCHED_DESKTOP_FILE', '/var/lib/snapd/desktop/applications/code_code.desktop'), ('ROS_PYTHON_VERSION', '3'), ('GNOME_SHELL_SESSION_MODE', 'ubuntu'), ('GTK_MODULES', 'gail:atk-bridge'), ('GSETTINGS_SCHEMA_DIR_VSCODE_SNAP_ORIG', ''), ('VSCODE_GIT_ASKPASS_MAIN', '/snap/code/136/usr/share/code/resources/app/extensions/git/dist/askpass-main.js'), ('LC_MONETARY', 'es_AR.UTF-8'), ('VSCODE_GIT_ASKPASS_NODE', '/snap/code/136/usr/share/code/code'), ('MANAGERPID', '1808'), ('SYSTEMD_EXEC_PID', '2035'), ('IM_CONFIG_CHECK_ENV', '1'), ('DBUS_SESSION_BUS_ADDRESS', 'unix:path=/run/user/1000/bus'), ('COLORTERM', 'truecolor'), ('GIO_LAUNCHED_DESKTOP_FILE_PID', '3161'), ('IM_CONFIG_PHASE', '1'), ('WAYLAND_DISPLAY', 'wayland-0'), ('ROS_DISTRO', 'humble'), ('LOGNAME', 'thiago'), ('JOURNAL_STREAM', '8:40088'), ('_', '/usr/bin/colcon'), ('ROS_VERSION', '2'), ('XDG_CONFIG_DIRS_VSCODE_SNAP_ORIG', '/etc/xdg/xdg-ubuntu:/etc/xdg'), ('XDG_SESSION_CLASS', 'user'), ('XDG_DATA_DIRS_VSCODE_SNAP_ORIG', '/usr/share/ubuntu:/usr/local/share/:/usr/share/:/var/lib/snapd/desktop'), ('USERNAME', 'thiago'), ('TERM', 'xterm-256color'), ('GNOME_DESKTOP_SESSION_ID', 'this-is-deprecated'), ('ROS_LOCALHOST_ONLY', '0'), ('PATH', '/home/thiago/.local/bin:/opt/ros/humble/bin:/home/thiago/.local/bin:/usr/local/sbin:/usr/local/bin:/usr/sbin:/usr/bin:/sbin:/bin:/usr/games:/usr/local/games:/snap/bin:/snap/bin'), ('SESSION_MANAGER', 'local/thiago-ubuntu:@/tmp/.ICE-unix/2012,unix/thiago-ubuntu:/tmp/.ICE-unix/2012'), ('GTK_EXE_PREFIX', '/snap/code/136/usr'), ('INVOCATION_ID', 'c0a62d3027be4a6e99c956db0af8481a'), ('XDG_MENU_PREFIX', 'gnome-'), ('LC_ADDRESS', 'es_AR.UTF-8'), ('BAMF_DESKTOP_FILE_HINT', '/var/lib/snapd/desktop/applications/code_code.desktop'), ('GNOME_SETUP_DISPLAY', ':1'), ('XDG_RUNTIME_DIR', '/run/user/1000'), ('GDK_BACKEND', 'x11'), ('DISPLAY', ':0'), ('LOCPATH', '/snap/code/136/usr/lib/locale'), ('LANG', 'en_US.UTF-8'), ('XDG_CURRENT_DESKTOP', 'Unity'), ('LC_TELEPHONE', 'es_AR.UTF-8'), ('GIO_MODULE_DIR_VSCODE_SNAP_ORIG', ''), ('XMODIFIERS', '@im=ibus'), ('XDG_SESSION_DESKTOP', 'ubuntu'), ('XAUTHORITY', '/run/user/1000/.mutter-Xwaylandauth.Y52F91'), ('LS_COLORS', ''), ('VSCODE_GIT_IPC_HANDLE', '/run/user/1000/vscode-git-f6dfffcee1.sock'), ('TERM_PROGRAM', 'vscode'), ('SSH_AGENT_LAUNCHER', 'gnome-keyring'), ('SSH_AUTH_SOCK', '/run/user/1000/keyring/ssh'), ('GSETTINGS_SCHEMA_DIR', '/home/thiago/snap/code/136/.local/share/glib-2.0/schemas'), ('AMENT_PREFIX_PATH', '/opt/ros/humble'), ('ORIGINAL_XDG_CURRENT_DESKTOP', 'ubuntu:GNOME'), ('SHELL', '/bin/bash'), ('LC_NAME', 'es_AR.UTF-8'), ('QT_ACCESSIBILITY', '1'), ('GDMSESSION', 'ubuntu'), ('LESSCLOSE', '/usr/bin/lesspipe %s %s'), ('GTK_PATH_VSCODE_SNAP_ORIG', ''), ('GTK_IM_MODULE_FILE_VSCODE_SNAP_ORIG', ''), ('LC_MEASUREMENT', 'es_AR.UTF-8'), ('GJS_DEBUG_OUTPUT', 'stderr'), ('LC_IDENTIFICATION', 'es_AR.UTF-8'), ('VSCODE_GIT_ASKPASS_EXTRA_ARGS', '--ms-enable-electron-run-as-node'), ('QT_IM_MODULE', 'ibus'), ('PWD', '/home/thiago/workspaces/lidar/build/version1'), ('LC_ALL', 'en_US.UTF-8'), ('XDG_CONFIG_DIRS', '/etc/xdg/xdg-ubuntu:/etc/xdg'), ('XDG_DATA_DIRS', '/home/thiago/snap/code/136/.local/share:/home/thiago/snap/code/136:/snap/code/136/usr/share:/usr/share/ubuntu:/usr/local/share/:/usr/share/:/var/lib/snapd/desktop'), ('PYTHONPATH', '/opt/ros/humble/lib/python3.10/site-packages:/opt/ros/humble/local/lib/python3.10/dist-packages'), ('LC_NUMERIC', 'es_AR.UTF-8'), ('LC_PAPER', 'es_AR.UTF-8'), ('COLCON', '1'), ('CMAKE_PREFIX_PATH', '/opt/ros/humble')]), 'shell': False}
[0.315216] (version1) StdoutLine: {'line': b'-- Install configuration: ""\n'}
[0.315554] (version1) StdoutLine: {'line': b'-- Execute custom install script\n'}
[0.315698] (version1) StdoutLine: {'line': b'-- Up-to-date symlink: /home/thiago/workspaces/lidar/install/version1/share/version1/environment/pythonpath.sh\n'}
[0.315805] (version1) StdoutLine: {'line': b'-- Up-to-date symlink: /home/thiago/workspaces/lidar/install/version1/share/version1/environment/pythonpath.dsv\n'}
[0.316054] (version1) StdoutLine: {'line': b'-- Up-to-date symlink: /home/thiago/workspaces/lidar/install/version1/local/lib/python3.10/dist-packages/scripts-0.0.0-py3.10.egg-info/PKG-INFO\n'}
[0.316141] (version1) StdoutLine: {'line': b'-- Up-to-date symlink: /home/thiago/workspaces/lidar/install/version1/local/lib/python3.10/dist-packages/scripts-0.0.0-py3.10.egg-info/SOURCES.txt\n'}
[0.316280] (version1) StdoutLine: {'line': b'-- Up-to-date symlink: /home/thiago/workspaces/lidar/install/version1/local/lib/python3.10/dist-packages/scripts-0.0.0-py3.10.egg-info/dependency_links.txt\n'}
[0.316360] (version1) StdoutLine: {'line': b'-- Up-to-date symlink: /home/thiago/workspaces/lidar/install/version1/local/lib/python3.10/dist-packages/scripts-0.0.0-py3.10.egg-info/top_level.txt\n'}
[0.316600] (version1) StdoutLine: {'line': b'-- Up-to-date symlink: /home/thiago/workspaces/lidar/install/version1/local/lib/python3.10/dist-packages/scripts/__init__.py\n'}
[0.316693] (version1) StdoutLine: {'line': b'-- Up-to-date symlink: /home/thiago/workspaces/lidar/install/version1/local/lib/python3.10/dist-packages/scripts/publisher_laserscan.py\n'}
[0.316819] (version1) StdoutLine: {'line': b'-- Up-to-date symlink: /home/thiago/workspaces/lidar/install/version1/lib/version1/publisher_laserscan.py\n'}
[0.317031] (version1) StdoutLine: {'line': b'-- Up-to-date symlink: /home/thiago/workspaces/lidar/install/version1/share/version1//launch/lidar_python_launch.py\n'}
[0.317112] (version1) StdoutLine: {'line': b'-- Up-to-date symlink: /home/thiago/workspaces/lidar/install/version1/share/version1//launch/rpm_node_launch.py\n'}
[0.317308] (version1) StdoutLine: {'line': b'-- Up-to-date symlink: /home/thiago/workspaces/lidar/install/version1/share/version1//worlds/visualize_lidar.sdf\n'}
[0.317513] (version1) StdoutLine: {'line': b'-- Up-to-date symlink: /home/thiago/workspaces/lidar/install/version1/share/version1//models/RplidarA1/RplidarA1.sdf\n'}
[0.317616] (version1) StdoutLine: {'line': b'-- Up-to-date symlink: /home/thiago/workspaces/lidar/install/version1/share/version1//models/RplidarA1/model.config\n'}
[0.317725] (version1) StdoutLine: {'line': b'-- Up-to-date symlink: /home/thiago/workspaces/lidar/install/version1/share/ament_index/resource_index/package_run_dependencies/version1\n'}
[0.317880] (version1) StdoutLine: {'line': b'-- Up-to-date symlink: /home/thiago/workspaces/lidar/install/version1/share/ament_index/resource_index/parent_prefix_path/version1\n'}
[0.317974] (version1) StdoutLine: {'line': b'-- Up-to-date symlink: /home/thiago/workspaces/lidar/install/version1/share/version1/environment/ament_prefix_path.sh\n'}
[0.318093] (version1) StdoutLine: {'line': b'-- Up-to-date symlink: /home/thiago/workspaces/lidar/install/version1/share/version1/environment/ament_prefix_path.dsv\n'}
[0.318226] (version1) StdoutLine: {'line': b'-- Up-to-date symlink: /home/thiago/workspaces/lidar/install/version1/share/version1/environment/path.sh\n'}
[0.318321] (version1) StdoutLine: {'line': b'-- Up-to-date symlink: /home/thiago/workspaces/lidar/install/version1/share/version1/environment/path.dsv\n'}
[0.318431] (version1) StdoutLine: {'line': b'-- Up-to-date symlink: /home/thiago/workspaces/lidar/install/version1/share/version1/local_setup.bash\n'}
[0.318556] (version1) StdoutLine: {'line': b'-- Up-to-date symlink: /home/thiago/workspaces/lidar/install/version1/share/version1/local_setup.sh\n'}
[0.318652] (version1) StdoutLine: {'line': b'-- Up-to-date symlink: /home/thiago/workspaces/lidar/install/version1/share/version1/local_setup.zsh\n'}
[0.318758] (version1) StdoutLine: {'line': b'-- Up-to-date symlink: /home/thiago/workspaces/lidar/install/version1/share/version1/local_setup.dsv\n'}
[0.318849] (version1) StdoutLine: {'line': b'-- Symlinking: /home/thiago/workspaces/lidar/install/version1/share/version1/package.dsv\n'}
[0.322498] (version0) JobProgress: {'identifier': 'version0', 'progress': 'install'}
[0.323373] (version0) Command: {'cmd': ['/usr/bin/cmake', '--install', '/home/thiago/workspaces/lidar/build/version0'], 'cwd': '/home/thiago/workspaces/lidar/build/version0', 'env': OrderedDict([('GJS_DEBUG_TOPICS', 'JS ERROR;JS LOG'), ('LESSOPEN', '| /usr/bin/lesspipe %s'), ('USER', 'thiago'), ('LC_TIME', 'es_AR.UTF-8'), ('GIO_MODULE_DIR', '/home/thiago/snap/code/common/.cache/gio-modules'), ('XDG_SESSION_TYPE', 'wayland'), ('GIT_ASKPASS', '/snap/code/136/usr/share/code/resources/app/extensions/git/dist/askpass.sh'), ('GTK_EXE_PREFIX_VSCODE_SNAP_ORIG', ''), ('GDK_BACKEND_VSCODE_SNAP_ORIG', ''), ('SHLVL', '1'), ('LD_LIBRARY_PATH', '/opt/ros/humble/opt/rviz_ogre_vendor/lib:/opt/ros/humble/lib/x86_64-linux-gnu:/opt/ros/humble/lib'), ('HOME', '/home/thiago'), ('CHROME_DESKTOP', 'code-url-handler.desktop'), ('LOCPATH_VSCODE_SNAP_ORIG', ''), ('TERM_PROGRAM_VERSION', '1.81.0'), ('DESKTOP_SESSION', 'ubuntu'), ('GTK_PATH', '/snap/code/136/usr/lib/x86_64-linux-gnu/gtk-3.0'), ('GTK_IM_MODULE_FILE', '/home/thiago/snap/code/common/.cache/immodules/immodules.cache'), ('GIO_LAUNCHED_DESKTOP_FILE', '/var/lib/snapd/desktop/applications/code_code.desktop'), ('ROS_PYTHON_VERSION', '3'), ('GNOME_SHELL_SESSION_MODE', 'ubuntu'), ('GTK_MODULES', 'gail:atk-bridge'), ('GSETTINGS_SCHEMA_DIR_VSCODE_SNAP_ORIG', ''), ('VSCODE_GIT_ASKPASS_MAIN', '/snap/code/136/usr/share/code/resources/app/extensions/git/dist/askpass-main.js'), ('LC_MONETARY', 'es_AR.UTF-8'), ('VSCODE_GIT_ASKPASS_NODE', '/snap/code/136/usr/share/code/code'), ('MANAGERPID', '1808'), ('SYSTEMD_EXEC_PID', '2035'), ('IM_CONFIG_CHECK_ENV', '1'), ('DBUS_SESSION_BUS_ADDRESS', 'unix:path=/run/user/1000/bus'), ('COLORTERM', 'truecolor'), ('GIO_LAUNCHED_DESKTOP_FILE_PID', '3161'), ('IM_CONFIG_PHASE', '1'), ('WAYLAND_DISPLAY', 'wayland-0'), ('ROS_DISTRO', 'humble'), ('LOGNAME', 'thiago'), ('JOURNAL_STREAM', '8:40088'), ('_', '/usr/bin/colcon'), ('ROS_VERSION', '2'), ('XDG_CONFIG_DIRS_VSCODE_SNAP_ORIG', '/etc/xdg/xdg-ubuntu:/etc/xdg'), ('XDG_SESSION_CLASS', 'user'), ('XDG_DATA_DIRS_VSCODE_SNAP_ORIG', '/usr/share/ubuntu:/usr/local/share/:/usr/share/:/var/lib/snapd/desktop'), ('USERNAME', 'thiago'), ('TERM', 'xterm-256color'), ('GNOME_DESKTOP_SESSION_ID', 'this-is-deprecated'), ('ROS_LOCALHOST_ONLY', '0'), ('PATH', '/home/thiago/.local/bin:/opt/ros/humble/bin:/home/thiago/.local/bin:/usr/local/sbin:/usr/local/bin:/usr/sbin:/usr/bin:/sbin:/bin:/usr/games:/usr/local/games:/snap/bin:/snap/bin'), ('SESSION_MANAGER', 'local/thiago-ubuntu:@/tmp/.ICE-unix/2012,unix/thiago-ubuntu:/tmp/.ICE-unix/2012'), ('GTK_EXE_PREFIX', '/snap/code/136/usr'), ('INVOCATION_ID', 'c0a62d3027be4a6e99c956db0af8481a'), ('XDG_MENU_PREFIX', 'gnome-'), ('LC_ADDRESS', 'es_AR.UTF-8'), ('BAMF_DESKTOP_FILE_HINT', '/var/lib/snapd/desktop/applications/code_code.desktop'), ('GNOME_SETUP_DISPLAY', ':1'), ('XDG_RUNTIME_DIR', '/run/user/1000'), ('GDK_BACKEND', 'x11'), ('DISPLAY', ':0'), ('LOCPATH', '/snap/code/136/usr/lib/locale'), ('LANG', 'en_US.UTF-8'), ('XDG_CURRENT_DESKTOP', 'Unity'), ('LC_TELEPHONE', 'es_AR.UTF-8'), ('GIO_MODULE_DIR_VSCODE_SNAP_ORIG', ''), ('XMODIFIERS', '@im=ibus'), ('XDG_SESSION_DESKTOP', 'ubuntu'), ('XAUTHORITY', '/run/user/1000/.mutter-Xwaylandauth.Y52F91'), ('LS_COLORS', ''), ('VSCODE_GIT_IPC_HANDLE', '/run/user/1000/vscode-git-f6dfffcee1.sock'), ('TERM_PROGRAM', 'vscode'), ('SSH_AGENT_LAUNCHER', 'gnome-keyring'), ('SSH_AUTH_SOCK', '/run/user/1000/keyring/ssh'), ('GSETTINGS_SCHEMA_DIR', '/home/thiago/snap/code/136/.local/share/glib-2.0/schemas'), ('AMENT_PREFIX_PATH', '/opt/ros/humble'), ('ORIGINAL_XDG_CURRENT_DESKTOP', 'ubuntu:GNOME'), ('SHELL', '/bin/bash'), ('LC_NAME', 'es_AR.UTF-8'), ('QT_ACCESSIBILITY', '1'), ('GDMSESSION', 'ubuntu'), ('LESSCLOSE', '/usr/bin/lesspipe %s %s'), ('GTK_PATH_VSCODE_SNAP_ORIG', ''), ('GTK_IM_MODULE_FILE_VSCODE_SNAP_ORIG', ''), ('LC_MEASUREMENT', 'es_AR.UTF-8'), ('GJS_DEBUG_OUTPUT', 'stderr'), ('LC_IDENTIFICATION', 'es_AR.UTF-8'), ('VSCODE_GIT_ASKPASS_EXTRA_ARGS', '--ms-enable-electron-run-as-node'), ('QT_IM_MODULE', 'ibus'), ('PWD', '/home/thiago/workspaces/lidar/build/version0'), ('LC_ALL', 'en_US.UTF-8'), ('XDG_CONFIG_DIRS', '/etc/xdg/xdg-ubuntu:/etc/xdg'), ('XDG_DATA_DIRS', '/home/thiago/snap/code/136/.local/share:/home/thiago/snap/code/136:/snap/code/136/usr/share:/usr/share/ubuntu:/usr/local/share/:/usr/share/:/var/lib/snapd/desktop'), ('PYTHONPATH', '/opt/ros/humble/lib/python3.10/site-packages:/opt/ros/humble/local/lib/python3.10/dist-packages'), ('LC_NUMERIC', 'es_AR.UTF-8'), ('LC_PAPER', 'es_AR.UTF-8'), ('COLCON', '1'), ('CMAKE_PREFIX_PATH', '/opt/ros/humble')]), 'shell': False}
[0.325343] (version1) StdoutLine: {'line': b'-- Up-to-date symlink: /home/thiago/workspaces/lidar/install/version1/share/ament_index/resource_index/packages/version1\n'}
[0.325499] (version1) StdoutLine: {'line': b'-- Up-to-date symlink: /home/thiago/workspaces/lidar/install/version1/share/version1/cmake/version1Config.cmake\n'}
[0.325573] (version1) StdoutLine: {'line': b'-- Up-to-date symlink: /home/thiago/workspaces/lidar/install/version1/share/version1/cmake/version1Config-version.cmake\n'}
[0.325664] (version1) StdoutLine: {'line': b'-- Up-to-date symlink: /home/thiago/workspaces/lidar/install/version1/share/version1/package.xml\n'}
[0.328453] (version0) StdoutLine: {'line': b'-- Install configuration: ""\n'}
[0.329074] (version0) StdoutLine: {'line': b'-- Execute custom install script\n'}
[0.329178] (version0) StdoutLine: {'line': b'-- Up-to-date symlink: /home/thiago/workspaces/lidar/install/version0/share/ament_index/resource_index/rosidl_interfaces/version0\n'}
[0.329418] (version0) StdoutLine: {'line': b'-- Up-to-date symlink: /home/thiago/workspaces/lidar/install/version0/include/version0/version0/action/detail/navigate__functions.h\n'}
[0.329552] (version0) StdoutLine: {'line': b'-- Up-to-date symlink: /home/thiago/workspaces/lidar/install/version0/include/version0/version0/action/detail/navigate__struct.h\n'}
[0.329638] (version0) StdoutLine: {'line': b'-- Up-to-date symlink: /home/thiago/workspaces/lidar/install/version0/include/version0/version0/action/detail/navigate__type_support.h\n'}
[0.329706] (version0) StdoutLine: {'line': b'-- Up-to-date symlink: /home/thiago/workspaces/lidar/install/version0/include/version0/version0/action/navigate.h\n'}
[0.329793] (version0) StdoutLine: {'line': b'-- Up-to-date symlink: /home/thiago/workspaces/lidar/install/version0/include/version0/version0/msg/rosidl_generator_c__visibility_control.h\n'}
[0.329858] (version0) StdoutLine: {'line': b'-- Up-to-date symlink: /home/thiago/workspaces/lidar/install/version0/include/version0/version0/srv/detail/odd_even_check__functions.h\n'}
[0.329953] (version0) StdoutLine: {'line': b'-- Up-to-date symlink: /home/thiago/workspaces/lidar/install/version0/include/version0/version0/srv/detail/odd_even_check__struct.h\n'}
[0.330017] (version0) StdoutLine: {'line': b'-- Up-to-date symlink: /home/thiago/workspaces/lidar/install/version0/include/version0/version0/srv/detail/odd_even_check__type_support.h\n'}
[0.330079] (version0) StdoutLine: {'line': b'-- Up-to-date symlink: /home/thiago/workspaces/lidar/install/version0/include/version0/version0/srv/odd_even_check.h\n'}
[0.330161] (version0) StdoutLine: {'line': b'-- Up-to-date symlink: /home/thiago/workspaces/lidar/install/version0/share/version0/environment/library_path.sh\n'}
[0.330224] (version0) StdoutLine: {'line': b'-- Up-to-date symlink: /home/thiago/workspaces/lidar/install/version0/share/version0/environment/library_path.dsv\n'}
[0.330497] (version0) StdoutLine: {'line': b'-- Up-to-date symlink: /home/thiago/workspaces/lidar/install/version0/include/version0/version0/action/detail/navigate__rosidl_typesupport_fastrtps_c.h\n'}
[0.330562] (version0) StdoutLine: {'line': b'-- Up-to-date symlink: /home/thiago/workspaces/lidar/install/version0/include/version0/version0/msg/rosidl_typesupport_fastrtps_c__visibility_control.h\n'}
[0.330633] (version0) StdoutLine: {'line': b'-- Up-to-date symlink: /home/thiago/workspaces/lidar/install/version0/include/version0/version0/srv/detail/odd_even_check__rosidl_typesupport_fastrtps_c.h\n'}
[0.330895] (version0) StdoutLine: {'line': b'-- Up-to-date symlink: /home/thiago/workspaces/lidar/install/version0/include/version0/version0/action/detail/navigate__builder.hpp\n'}
[0.330962] (version0) StdoutLine: {'line': b'-- Up-to-date symlink: /home/thiago/workspaces/lidar/install/version0/include/version0/version0/action/detail/navigate__struct.hpp\n'}
[0.331032] (version0) StdoutLine: {'line': b'-- Up-to-date symlink: /home/thiago/workspaces/lidar/install/version0/include/version0/version0/action/detail/navigate__traits.hpp\n'}
[0.331100] (version0) StdoutLine: {'line': b'-- Up-to-date symlink: /home/thiago/workspaces/lidar/install/version0/include/version0/version0/action/navigate.hpp\n'}
[0.331180] (version0) StdoutLine: {'line': b'-- Up-to-date symlink: /home/thiago/workspaces/lidar/install/version0/include/version0/version0/srv/detail/odd_even_check__builder.hpp\n'}
[0.331253] (version0) StdoutLine: {'line': b'-- Up-to-date symlink: /home/thiago/workspaces/lidar/install/version0/include/version0/version0/srv/detail/odd_even_check__struct.hpp\n'}
[0.331324] (version0) StdoutLine: {'line': b'-- Up-to-date symlink: /home/thiago/workspaces/lidar/install/version0/include/version0/version0/srv/detail/odd_even_check__traits.hpp\n'}
[0.331394] (version0) StdoutLine: {'line': b'-- Up-to-date symlink: /home/thiago/workspaces/lidar/install/version0/include/version0/version0/srv/odd_even_check.hpp\n'}
[0.331762] (version0) StdoutLine: {'line': b'-- Up-to-date symlink: /home/thiago/workspaces/lidar/install/version0/include/version0/version0/action/detail/navigate__rosidl_typesupport_fastrtps_cpp.hpp\n'}
[0.331850] (version0) StdoutLine: {'line': b'-- Up-to-date symlink: /home/thiago/workspaces/lidar/install/version0/include/version0/version0/msg/rosidl_typesupport_fastrtps_cpp__visibility_control.h\n'}
[0.331948] (version0) StdoutLine: {'line': b'-- Up-to-date symlink: /home/thiago/workspaces/lidar/install/version0/include/version0/version0/srv/detail/odd_even_check__rosidl_typesupport_fastrtps_cpp.hpp\n'}
[0.332150] (version0) StdoutLine: {'line': b'-- Up-to-date symlink: /home/thiago/workspaces/lidar/install/version0/include/version0/version0/action/detail/navigate__rosidl_typesupport_introspection_c.h\n'}
[0.332216] (version0) StdoutLine: {'line': b'-- Up-to-date symlink: /home/thiago/workspaces/lidar/install/version0/include/version0/version0/msg/rosidl_typesupport_introspection_c__visibility_control.h\n'}
[0.332284] (version0) StdoutLine: {'line': b'-- Up-to-date symlink: /home/thiago/workspaces/lidar/install/version0/include/version0/version0/srv/detail/odd_even_check__rosidl_typesupport_introspection_c.h\n'}
[0.332509] (version0) StdoutLine: {'line': b'-- Up-to-date symlink: /home/thiago/workspaces/lidar/install/version0/include/version0/version0/action/detail/navigate__rosidl_typesupport_introspection_cpp.hpp\n'}
[0.332582] (version0) StdoutLine: {'line': b'-- Up-to-date symlink: /home/thiago/workspaces/lidar/install/version0/include/version0/version0/srv/detail/odd_even_check__rosidl_typesupport_introspection_cpp.hpp\n'}
[0.332673] (version0) StdoutLine: {'line': b'-- Up-to-date symlink: /home/thiago/workspaces/lidar/install/version0/share/version0/environment/pythonpath.sh\n'}
[0.332768] (version0) StdoutLine: {'line': b'-- Up-to-date symlink: /home/thiago/workspaces/lidar/install/version0/share/version0/environment/pythonpath.dsv\n'}
[0.332982] (version0) StdoutLine: {'line': b'-- Up-to-date symlink: /home/thiago/workspaces/lidar/install/version0/local/lib/python3.10/dist-packages/version0-0.0.0-py3.10.egg-info/PKG-INFO\n'}
[0.333046] (version0) StdoutLine: {'line': b'-- Up-to-date symlink: /home/thiago/workspaces/lidar/install/version0/local/lib/python3.10/dist-packages/version0-0.0.0-py3.10.egg-info/SOURCES.txt\n'}
[0.333122] (version0) StdoutLine: {'line': b'-- Up-to-date symlink: /home/thiago/workspaces/lidar/install/version0/local/lib/python3.10/dist-packages/version0-0.0.0-py3.10.egg-info/dependency_links.txt\n'}
[0.333192] (version0) StdoutLine: {'line': b'-- Up-to-date symlink: /home/thiago/workspaces/lidar/install/version0/local/lib/python3.10/dist-packages/version0-0.0.0-py3.10.egg-info/top_level.txt\n'}
[0.333614] (version0) StdoutLine: {'line': b'-- Up-to-date symlink: /home/thiago/workspaces/lidar/install/version0/local/lib/python3.10/dist-packages/version0/__init__.py\n'}
[0.333683] (version0) StdoutLine: {'line': b'-- Up-to-date symlink: /home/thiago/workspaces/lidar/install/version0/local/lib/python3.10/dist-packages/version0/_version0_s.ep.rosidl_typesupport_c.c\n'}
[0.333760] (version0) StdoutLine: {'line': b'-- Up-to-date symlink: /home/thiago/workspaces/lidar/install/version0/local/lib/python3.10/dist-packages/version0/_version0_s.ep.rosidl_typesupport_fastrtps_c.c\n'}
[0.333831] (version0) StdoutLine: {'line': b'-- Up-to-date symlink: /home/thiago/workspaces/lidar/install/version0/local/lib/python3.10/dist-packages/version0/_version0_s.ep.rosidl_typesupport_introspection_c.c\n'}
[0.333901] (version0) StdoutLine: {'line': b'-- Up-to-date symlink: /home/thiago/workspaces/lidar/install/version0/local/lib/python3.10/dist-packages/version0/action/__init__.py\n'}
[0.333959] (version0) StdoutLine: {'line': b'-- Up-to-date symlink: /home/thiago/workspaces/lidar/install/version0/local/lib/python3.10/dist-packages/version0/action/_navigate.py\n'}
[0.334026] (version0) StdoutLine: {'line': b'-- Up-to-date symlink: /home/thiago/workspaces/lidar/install/version0/local/lib/python3.10/dist-packages/version0/action/_navigate_s.c\n'}
[0.334096] (version0) StdoutLine: {'line': b'-- Up-to-date symlink: /home/thiago/workspaces/lidar/install/version0/local/lib/python3.10/dist-packages/version0/libversion0__rosidl_generator_py.so\n'}
[0.334178] (version0) StdoutLine: {'line': b'-- Up-to-date symlink: /home/thiago/workspaces/lidar/install/version0/local/lib/python3.10/dist-packages/version0/srv/__init__.py\n'}
[0.334249] (version0) StdoutLine: {'line': b'-- Up-to-date symlink: /home/thiago/workspaces/lidar/install/version0/local/lib/python3.10/dist-packages/version0/srv/_odd_even_check.py\n'}
[0.334325] (version0) StdoutLine: {'line': b'-- Up-to-date symlink: /home/thiago/workspaces/lidar/install/version0/local/lib/python3.10/dist-packages/version0/srv/_odd_even_check_s.c\n'}
[0.334405] (version0) StdoutLine: {'line': b'-- Up-to-date symlink: /home/thiago/workspaces/lidar/install/version0/local/lib/python3.10/dist-packages/version0/version0_s__rosidl_typesupport_c.cpython-310-x86_64-linux-gnu.so\n'}
[0.334458] (version0) StdoutLine: {'line': b'-- Up-to-date symlink: /home/thiago/workspaces/lidar/install/version0/local/lib/python3.10/dist-packages/version0/version0_s__rosidl_typesupport_fastrtps_c.cpython-310-x86_64-linux-gnu.so\n'}
[0.334536] (version0) StdoutLine: {'line': b'-- Up-to-date symlink: /home/thiago/workspaces/lidar/install/version0/local/lib/python3.10/dist-packages/version0/version0_s__rosidl_typesupport_introspection_c.cpython-310-x86_64-linux-gnu.so\n'}
[0.334649] (version0) StdoutLine: {'line': b'-- Up-to-date symlink: /home/thiago/workspaces/lidar/install/version0/local/lib/python3.10/dist-packages/version0/version0_s__rosidl_typesupport_fastrtps_c.cpython-310-x86_64-linux-gnu.so\n'}
[0.334834] (version0) StdoutLine: {'line': b'-- Up-to-date symlink: /home/thiago/workspaces/lidar/install/version0/local/lib/python3.10/dist-packages/version0/version0_s__rosidl_typesupport_introspection_c.cpython-310-x86_64-linux-gnu.so\n'}
[0.335059] (version0) StdoutLine: {'line': b'-- Up-to-date symlink: /home/thiago/workspaces/lidar/install/version0/local/lib/python3.10/dist-packages/version0/version0_s__rosidl_typesupport_c.cpython-310-x86_64-linux-gnu.so\n'}
[0.335171] (version0) StdoutLine: {'line': b'-- Up-to-date symlink: /home/thiago/workspaces/lidar/install/version0/share/version0/srv/OddEvenCheck.idl\n'}
[0.335259] (version0) StdoutLine: {'line': b'-- Up-to-date symlink: /home/thiago/workspaces/lidar/install/version0/share/version0/action/Navigate.idl\n'}
[0.335352] (version0) StdoutLine: {'line': b'-- Up-to-date symlink: /home/thiago/workspaces/lidar/install/version0/share/version0/srv/OddEvenCheck.srv\n'}
[0.335453] (version0) StdoutLine: {'line': b'-- Up-to-date symlink: /home/thiago/workspaces/lidar/install/version0/share/version0/srv/OddEvenCheck_Request.msg\n'}
[0.335535] (version0) StdoutLine: {'line': b'-- Up-to-date symlink: /home/thiago/workspaces/lidar/install/version0/share/version0/srv/OddEvenCheck_Response.msg\n'}
[0.335626] (version0) StdoutLine: {'line': b'-- Up-to-date symlink: /home/thiago/workspaces/lidar/install/version0/share/version0/action/Navigate.action\n'}
[0.335830] (version0) StdoutLine: {'line': b'-- Up-to-date symlink: /home/thiago/workspaces/lidar/install/version0/local/lib/python3.10/dist-packages/scripts-0.0.0-py3.10.egg-info/PKG-INFO\n'}
[0.335899] (version0) StdoutLine: {'line': b'-- Up-to-date symlink: /home/thiago/workspaces/lidar/install/version0/local/lib/python3.10/dist-packages/scripts-0.0.0-py3.10.egg-info/SOURCES.txt\n'}
[0.335974] (version0) StdoutLine: {'line': b'-- Up-to-date symlink: /home/thiago/workspaces/lidar/install/version0/local/lib/python3.10/dist-packages/scripts-0.0.0-py3.10.egg-info/dependency_links.txt\n'}
[0.336037] (version0) StdoutLine: {'line': b'-- Up-to-date symlink: /home/thiago/workspaces/lidar/install/version0/local/lib/python3.10/dist-packages/scripts-0.0.0-py3.10.egg-info/top_level.txt\n'}
[0.336250] (version0) StdoutLine: {'line': b'-- Up-to-date symlink: /home/thiago/workspaces/lidar/install/version0/local/lib/python3.10/dist-packages/scripts/__init__.py\n'}
[0.336317] (version0) StdoutLine: {'line': b'-- Up-to-date symlink: /home/thiago/workspaces/lidar/install/version0/local/lib/python3.10/dist-packages/scripts/publisher_laserscan.py\n'}
[0.336415] (version0) StdoutLine: {'line': b'-- Up-to-date symlink: /home/thiago/workspaces/lidar/install/version0/lib/version0/publisher_laserscan.py\n'}
[0.336586] (version0) StdoutLine: {'line': b'-- Up-to-date symlink: /home/thiago/workspaces/lidar/install/version0/share/version0//launch/rpm_node_launch.py\n'}
[0.336693] (version0) StdoutLine: {'line': b'-- Up-to-date symlink: /home/thiago/workspaces/lidar/install/version0/share/ament_index/resource_index/package_run_dependencies/version0\n'}
[0.336790] (version0) StdoutLine: {'line': b'-- Up-to-date symlink: /home/thiago/workspaces/lidar/install/version0/share/ament_index/resource_index/parent_prefix_path/version0\n'}
[0.336912] (version0) StdoutLine: {'line': b'-- Up-to-date symlink: /home/thiago/workspaces/lidar/install/version0/share/version0/environment/ament_prefix_path.sh\n'}
[0.337006] (version0) StdoutLine: {'line': b'-- Up-to-date symlink: /home/thiago/workspaces/lidar/install/version0/share/version0/environment/ament_prefix_path.dsv\n'}
[0.337101] (version0) StdoutLine: {'line': b'-- Up-to-date symlink: /home/thiago/workspaces/lidar/install/version0/share/version0/environment/path.sh\n'}
[0.337193] (version0) StdoutLine: {'line': b'-- Up-to-date symlink: /home/thiago/workspaces/lidar/install/version0/share/version0/environment/path.dsv\n'}
[0.337282] (version0) StdoutLine: {'line': b'-- Up-to-date symlink: /home/thiago/workspaces/lidar/install/version0/share/version0/local_setup.bash\n'}
[0.337380] (version0) StdoutLine: {'line': b'-- Up-to-date symlink: /home/thiago/workspaces/lidar/install/version0/share/version0/local_setup.sh\n'}
[0.337469] (version0) StdoutLine: {'line': b'-- Up-to-date symlink: /home/thiago/workspaces/lidar/install/version0/share/version0/local_setup.zsh\n'}
[0.337558] (version0) StdoutLine: {'line': b'-- Up-to-date symlink: /home/thiago/workspaces/lidar/install/version0/share/version0/local_setup.dsv\n'}
[0.337627] (version0) StdoutLine: {'line': b'-- Symlinking: /home/thiago/workspaces/lidar/install/version0/share/version0/package.dsv\n'}
[0.343788] (version0) StdoutLine: {'line': b'-- Up-to-date symlink: /home/thiago/workspaces/lidar/install/version0/share/ament_index/resource_index/packages/version0\n'}
[0.343931] (version0) StdoutLine: {'line': b'-- Up-to-date symlink: /home/thiago/workspaces/lidar/install/version0/share/version0/cmake/rosidl_cmake-extras.cmake\n'}
[0.344018] (version0) StdoutLine: {'line': b'-- Up-to-date symlink: /home/thiago/workspaces/lidar/install/version0/share/version0/cmake/ament_cmake_export_dependencies-extras.cmake\n'}
[0.344145] (version0) StdoutLine: {'line': b'-- Up-to-date symlink: /home/thiago/workspaces/lidar/install/version0/share/version0/cmake/ament_cmake_export_include_directories-extras.cmake\n'}
[0.344262] (version0) StdoutLine: {'line': b'-- Up-to-date symlink: /home/thiago/workspaces/lidar/install/version0/share/version0/cmake/ament_cmake_export_libraries-extras.cmake\n'}
[0.344362] (version0) StdoutLine: {'line': b'-- Up-to-date symlink: /home/thiago/workspaces/lidar/install/version0/share/version0/cmake/ament_cmake_export_targets-extras.cmake\n'}
[0.344456] (version0) StdoutLine: {'line': b'-- Up-to-date symlink: /home/thiago/workspaces/lidar/install/version0/share/version0/cmake/rosidl_cmake_export_typesupport_targets-extras.cmake\n'}
[0.344547] (version0) StdoutLine: {'line': b'-- Up-to-date symlink: /home/thiago/workspaces/lidar/install/version0/share/version0/cmake/rosidl_cmake_export_typesupport_libraries-extras.cmake\n'}
[0.344640] (version0) StdoutLine: {'line': b'-- Up-to-date symlink: /home/thiago/workspaces/lidar/install/version0/share/version0/cmake/version0Config.cmake\n'}
[0.344706] (version0) StdoutLine: {'line': b'-- Up-to-date symlink: /home/thiago/workspaces/lidar/install/version0/share/version0/cmake/version0Config-version.cmake\n'}
[0.344810] (version0) StdoutLine: {'line': b'-- Up-to-date symlink: /home/thiago/workspaces/lidar/install/version0/share/version0/package.xml\n'}
[0.345004] (version0) StdoutLine: {'line': b'-- Up-to-date: /home/thiago/workspaces/lidar/install/version0/lib/libversion0__rosidl_generator_c.so\n'}
[0.345181] (version0) StdoutLine: {'line': b'-- Up-to-date: /home/thiago/workspaces/lidar/install/version0/lib/libversion0__rosidl_typesupport_fastrtps_c.so\n'}
[0.345347] (version0) StdoutLine: {'line': b'-- Up-to-date: /home/thiago/workspaces/lidar/install/version0/lib/libversion0__rosidl_typesupport_fastrtps_cpp.so\n'}
[0.345506] (version0) StdoutLine: {'line': b'-- Up-to-date: /home/thiago/workspaces/lidar/install/version0/lib/libversion0__rosidl_typesupport_introspection_c.so\n'}
[0.345657] (version0) StdoutLine: {'line': b'-- Up-to-date: /home/thiago/workspaces/lidar/install/version0/lib/libversion0__rosidl_typesupport_c.so\n'}
[0.345812] (version0) StdoutLine: {'line': b'-- Up-to-date: /home/thiago/workspaces/lidar/install/version0/lib/libversion0__rosidl_typesupport_introspection_cpp.so\n'}
[0.345966] (version0) StdoutLine: {'line': b'-- Up-to-date: /home/thiago/workspaces/lidar/install/version0/lib/libversion0__rosidl_typesupport_cpp.so\n'}
[0.346480] (version1) StdoutLine: {'line': b"Listing '/home/thiago/workspaces/lidar/install/version1/local/lib/python3.10/dist-packages/scripts'...\n"}
[0.350743] (version1) CommandEnded: {'returncode': 0}
[0.367410] (version0) StdoutLine: {'line': b"Listing '/home/thiago/workspaces/lidar/install/version0/local/lib/python3.10/dist-packages/version0'...\n"}
[0.367550] (version0) StdoutLine: {'line': b"Listing '/home/thiago/workspaces/lidar/install/version0/local/lib/python3.10/dist-packages/version0/action'...\n"}
[0.367627] (version0) StdoutLine: {'line': b"Listing '/home/thiago/workspaces/lidar/install/version0/local/lib/python3.10/dist-packages/version0/srv'...\n"}
[0.370431] (version0) StdoutLine: {'line': b'-- Up-to-date: /home/thiago/workspaces/lidar/install/version0/lib/libversion0__rosidl_generator_py.so\n'}
[0.389016] (version1) JobEnded: {'identifier': 'version1', 'rc': 0}
[0.390931] (version0) StdoutLine: {'line': b"Listing '/home/thiago/workspaces/lidar/install/version0/local/lib/python3.10/dist-packages/scripts'...\n"}
[0.393742] (version0) StdoutLine: {'line': b'-- Up-to-date: /home/thiago/workspaces/lidar/install/version0/share/version0/cmake/export_version0__rosidl_generator_cExport.cmake\n'}
[0.393879] (version0) StdoutLine: {'line': b'-- Up-to-date: /home/thiago/workspaces/lidar/install/version0/share/version0/cmake/export_version0__rosidl_generator_cExport-noconfig.cmake\n'}
[0.393955] (version0) StdoutLine: {'line': b'-- Up-to-date: /home/thiago/workspaces/lidar/install/version0/share/version0/cmake/export_version0__rosidl_typesupport_fastrtps_cExport.cmake\n'}
[0.394022] (version0) StdoutLine: {'line': b'-- Up-to-date: /home/thiago/workspaces/lidar/install/version0/share/version0/cmake/export_version0__rosidl_typesupport_fastrtps_cExport-noconfig.cmake\n'}
[0.394125] (version0) StdoutLine: {'line': b'-- Up-to-date: /home/thiago/workspaces/lidar/install/version0/share/version0/cmake/export_version0__rosidl_generator_cppExport.cmake\n'}
[0.394199] (version0) StdoutLine: {'line': b'-- Up-to-date: /home/thiago/workspaces/lidar/install/version0/share/version0/cmake/export_version0__rosidl_typesupport_fastrtps_cppExport.cmake\n'}
[0.394263] (version0) StdoutLine: {'line': b'-- Up-to-date: /home/thiago/workspaces/lidar/install/version0/share/version0/cmake/export_version0__rosidl_typesupport_fastrtps_cppExport-noconfig.cmake\n'}
[0.394331] (version0) StdoutLine: {'line': b'-- Up-to-date: /home/thiago/workspaces/lidar/install/version0/share/version0/cmake/version0__rosidl_typesupport_introspection_cExport.cmake\n'}
[0.394389] (version0) StdoutLine: {'line': b'-- Up-to-date: /home/thiago/workspaces/lidar/install/version0/share/version0/cmake/version0__rosidl_typesupport_introspection_cExport-noconfig.cmake\n'}
[0.394498] (version0) StdoutLine: {'line': b'-- Up-to-date: /home/thiago/workspaces/lidar/install/version0/share/version0/cmake/version0__rosidl_typesupport_cExport.cmake\n'}
[0.394565] (version0) StdoutLine: {'line': b'-- Up-to-date: /home/thiago/workspaces/lidar/install/version0/share/version0/cmake/version0__rosidl_typesupport_cExport-noconfig.cmake\n'}
[0.394621] (version0) StdoutLine: {'line': b'-- Up-to-date: /home/thiago/workspaces/lidar/install/version0/share/version0/cmake/version0__rosidl_typesupport_introspection_cppExport.cmake\n'}
[0.394670] (version0) StdoutLine: {'line': b'-- Up-to-date: /home/thiago/workspaces/lidar/install/version0/share/version0/cmake/version0__rosidl_typesupport_introspection_cppExport-noconfig.cmake\n'}
[0.394718] (version0) StdoutLine: {'line': b'-- Up-to-date: /home/thiago/workspaces/lidar/install/version0/share/version0/cmake/version0__rosidl_typesupport_cppExport.cmake\n'}
[0.394768] (version0) StdoutLine: {'line': b'-- Up-to-date: /home/thiago/workspaces/lidar/install/version0/share/version0/cmake/version0__rosidl_typesupport_cppExport-noconfig.cmake\n'}
[0.394818] (version0) StdoutLine: {'line': b'-- Up-to-date: /home/thiago/workspaces/lidar/install/version0/share/version0/cmake/export_version0__rosidl_generator_pyExport.cmake\n'}
[0.394867] (version0) StdoutLine: {'line': b'-- Up-to-date: /home/thiago/workspaces/lidar/install/version0/share/version0/cmake/export_version0__rosidl_generator_pyExport-noconfig.cmake\n'}
[0.396134] (version0) CommandEnded: {'returncode': 0}
[0.400269] (-) TimerEvent: {}
[0.464499] (version0) JobEnded: {'identifier': 'version0', 'rc': 0}
[0.465111] (-) EventReactorShutdown: {}
