[0.011s] Invoking command in '/home/thiago/workspaces/lidar/build/version1': CMAKE_PREFIX_PATH=/opt/ros/humble /usr/bin/cmake --build /home/thiago/workspaces/lidar/build/version1 -- -j12 -l12
[0.030s] -- Found ament_cmake: 1.3.4 (/opt/ros/humble/share/ament_cmake/cmake)
[0.158s] -- Override CMake install command with custom implementation using symlinks instead of copying resources
[0.164s] -- Found cv_bridge: 3.2.1 (/opt/ros/humble/share/cv_bridge/cmake)
[0.189s] -- Found rosidl_generator_c: 3.1.4 (/opt/ros/humble/share/rosidl_generator_c/cmake)
[0.190s] -- Found rosidl_adapter: 3.1.4 (/opt/ros/humble/share/rosidl_adapter/cmake)
[0.195s] -- Found rosidl_generator_cpp: 3.1.4 (/opt/ros/humble/share/rosidl_generator_cpp/cmake)
[0.206s] -- Using all available rosidl_typesupport_c: rosidl_typesupport_fastrtps_c;rosidl_typesupport_introspection_c
[0.218s] -- Using all available rosidl_typesupport_cpp: rosidl_typesupport_fastrtps_cpp;rosidl_typesupport_introspection_cpp
[0.385s] -- Found laser_geometry: 2.4.0 (/opt/ros/humble/share/laser_geometry/cmake)
[0.427s] -- Found rmw_implementation_cmake: 6.1.1 (/opt/ros/humble/share/rmw_implementation_cmake/cmake)
[0.428s] -- Found rmw_fastrtps_cpp: 6.2.2 (/opt/ros/humble/share/rmw_fastrtps_cpp/cmake)
[0.523s] -- Using RMW implementation 'rmw_fastrtps_cpp' as default
[0.646s] -- Found rosidl_default_generators: 1.2.0 (/opt/ros/humble/share/rosidl_default_generators/cmake)
[0.917s] -- Found ament_cmake_ros: 0.10.0 (/opt/ros/humble/share/ament_cmake_ros/cmake)
[1.256s] -- Using all available rosidl_typesupport_c: rosidl_typesupport_fastrtps_c;rosidl_typesupport_introspection_c
[1.395s] -- Using all available rosidl_typesupport_cpp: rosidl_typesupport_fastrtps_cpp;rosidl_typesupport_introspection_cpp
[1.412s] -- Found python_cmake_module: 0.10.0 (/opt/ros/humble/share/python_cmake_module/cmake)
[1.428s] -- Using PYTHON_EXECUTABLE: /usr/bin/python3
[1.428s] -- Using PYTHON_INCLUDE_DIRS: /usr/include/python3.10
[1.429s] -- Using PYTHON_LIBRARIES: /usr/lib/x86_64-linux-gnu/libpython3.10.so
[1.470s] -- Found ament_lint_auto: 0.12.6 (/opt/ros/humble/share/ament_lint_auto/cmake)
[1.478s] -- Added test 'flake8' to check Python code syntax and style conventions
[1.479s] -- Added test 'lint_cmake' to check CMake code style
[1.479s] -- Added test 'pep257' to check Python code against some of the docstring style conventions in PEP 257
[1.480s] -- Added test 'xmllint' to check XML markup files
[1.482s] -- Configuring done
[1.514s] -- Generating done
[1.517s] -- Build files have been written to: /home/thiago/workspaces/lidar/build/version1
[1.539s] [35m[1mConsolidate compiler generated dependencies of target version1__rosidl_generator_c[0m
[1.545s] [  2%] Built target version1__cpp
[1.548s] [ 12%] Built target version1__rosidl_generator_c
[1.552s] [ 12%] Built target ament_cmake_python_symlink_scripts
[1.552s] [ 12%] Built target ament_cmake_python_symlink_version1
[1.553s] [35m[1mConsolidate compiler generated dependencies of target version1__rosidl_typesupport_cpp[0m
[1.553s] [35m[1mConsolidate compiler generated dependencies of target version1__rosidl_typesupport_fastrtps_cpp[0m
[1.553s] [35m[1mConsolidate compiler generated dependencies of target version1__rosidl_typesupport_introspection_cpp[0m
[1.557s] [35m[1mConsolidate compiler generated dependencies of target version1__rosidl_typesupport_c[0m
[1.558s] [35m[1mConsolidate compiler generated dependencies of target version1__rosidl_typesupport_introspection_c[0m
[1.558s] [35m[1mConsolidate compiler generated dependencies of target version1__rosidl_typesupport_fastrtps_c[0m
[1.567s] [ 23%] Built target version1__rosidl_typesupport_cpp
[1.568s] [ 35%] Built target version1__rosidl_typesupport_c
[1.568s] [ 43%] Built target version1__rosidl_typesupport_introspection_cpp
[1.568s] [ 53%] Built target version1__rosidl_typesupport_introspection_c
[1.569s] [ 64%] Built target version1__rosidl_typesupport_fastrtps_cpp
[1.573s] [ 74%] Built target version1__rosidl_typesupport_fastrtps_c
[1.588s] [ 74%] Built target version1
[1.602s] [ 76%] Built target version1__py
[1.612s] [35m[1mConsolidate compiler generated dependencies of target version1__rosidl_generator_py[0m
[1.626s] [ 84%] Built target version1__rosidl_generator_py
[1.636s] [35m[1mConsolidate compiler generated dependencies of target version1__rosidl_typesupport_introspection_c__pyext[0m
[1.636s] [35m[1mConsolidate compiler generated dependencies of target version1__rosidl_typesupport_c__pyext[0m
[1.636s] [35m[1mConsolidate compiler generated dependencies of target version1__rosidl_typesupport_fastrtps_c__pyext[0m
[1.646s] [100%] Built target version1__rosidl_typesupport_fastrtps_c__pyext
[1.646s] [100%] Built target version1__rosidl_typesupport_introspection_c__pyext
[1.647s] [100%] Built target version1__rosidl_typesupport_c__pyext
[1.748s] running egg_info
[1.748s] writing version1.egg-info/PKG-INFO
[1.749s] writing dependency_links to version1.egg-info/dependency_links.txt
[1.749s] writing top-level names to version1.egg-info/top_level.txt
[1.750s] reading manifest file 'version1.egg-info/SOURCES.txt'
[1.751s] writing manifest file 'version1.egg-info/SOURCES.txt'
[1.752s] running egg_info
[1.752s] writing scripts.egg-info/PKG-INFO
[1.752s] writing dependency_links to scripts.egg-info/dependency_links.txt
[1.752s] writing top-level names to scripts.egg-info/top_level.txt
[1.754s] reading manifest file 'scripts.egg-info/SOURCES.txt'
[1.754s] writing manifest file 'scripts.egg-info/SOURCES.txt'
[1.773s] [100%] Built target ament_cmake_python_build_version1_egg
[1.776s] [100%] Built target ament_cmake_python_build_scripts_egg
[1.784s] Invoked command in '/home/thiago/workspaces/lidar/build/version1' returned '0': CMAKE_PREFIX_PATH=/opt/ros/humble /usr/bin/cmake --build /home/thiago/workspaces/lidar/build/version1 -- -j12 -l12
[1.823s] Invoking command in '/home/thiago/workspaces/lidar/build/version1': CMAKE_PREFIX_PATH=/opt/ros/humble /usr/bin/cmake --install /home/thiago/workspaces/lidar/build/version1
[1.828s] -- Install configuration: ""
[1.828s] -- Execute custom install script
[1.828s] -- Up-to-date symlink: /home/thiago/workspaces/lidar/install/version1/share/ament_index/resource_index/rosidl_interfaces/version1
[1.829s] -- Up-to-date symlink: /home/thiago/workspaces/lidar/install/version1/include/version1/version1/action/detail/navigate__functions.h
[1.829s] -- Up-to-date symlink: /home/thiago/workspaces/lidar/install/version1/include/version1/version1/action/detail/navigate__struct.h
[1.829s] -- Up-to-date symlink: /home/thiago/workspaces/lidar/install/version1/include/version1/version1/action/detail/navigate__type_support.h
[1.829s] -- Up-to-date symlink: /home/thiago/workspaces/lidar/install/version1/include/version1/version1/action/navigate.h
[1.829s] -- Up-to-date symlink: /home/thiago/workspaces/lidar/install/version1/include/version1/version1/msg/rosidl_generator_c__visibility_control.h
[1.829s] -- Up-to-date symlink: /home/thiago/workspaces/lidar/install/version1/include/version1/version1/srv/detail/odd_even_check__functions.h
[1.829s] -- Up-to-date symlink: /home/thiago/workspaces/lidar/install/version1/include/version1/version1/srv/detail/odd_even_check__struct.h
[1.829s] -- Up-to-date symlink: /home/thiago/workspaces/lidar/install/version1/include/version1/version1/srv/detail/odd_even_check__type_support.h
[1.829s] -- Up-to-date symlink: /home/thiago/workspaces/lidar/install/version1/include/version1/version1/srv/odd_even_check.h
[1.829s] -- Up-to-date symlink: /home/thiago/workspaces/lidar/install/version1/share/version1/environment/library_path.sh
[1.829s] -- Up-to-date symlink: /home/thiago/workspaces/lidar/install/version1/share/version1/environment/library_path.dsv
[1.830s] -- Up-to-date symlink: /home/thiago/workspaces/lidar/install/version1/include/version1/version1/action/detail/navigate__rosidl_typesupport_fastrtps_c.h
[1.830s] -- Up-to-date symlink: /home/thiago/workspaces/lidar/install/version1/include/version1/version1/msg/rosidl_typesupport_fastrtps_c__visibility_control.h
[1.830s] -- Up-to-date symlink: /home/thiago/workspaces/lidar/install/version1/include/version1/version1/srv/detail/odd_even_check__rosidl_typesupport_fastrtps_c.h
[1.830s] -- Up-to-date symlink: /home/thiago/workspaces/lidar/install/version1/include/version1/version1/action/detail/navigate__builder.hpp
[1.830s] -- Up-to-date symlink: /home/thiago/workspaces/lidar/install/version1/include/version1/version1/action/detail/navigate__struct.hpp
[1.830s] -- Up-to-date symlink: /home/thiago/workspaces/lidar/install/version1/include/version1/version1/action/detail/navigate__traits.hpp
[1.830s] -- Up-to-date symlink: /home/thiago/workspaces/lidar/install/version1/include/version1/version1/action/navigate.hpp
[1.830s] -- Up-to-date symlink: /home/thiago/workspaces/lidar/install/version1/include/version1/version1/srv/detail/odd_even_check__builder.hpp
[1.830s] -- Up-to-date symlink: /home/thiago/workspaces/lidar/install/version1/include/version1/version1/srv/detail/odd_even_check__struct.hpp
[1.830s] -- Up-to-date symlink: /home/thiago/workspaces/lidar/install/version1/include/version1/version1/srv/detail/odd_even_check__traits.hpp
[1.831s] -- Up-to-date symlink: /home/thiago/workspaces/lidar/install/version1/include/version1/version1/srv/odd_even_check.hpp
[1.831s] -- Up-to-date symlink: /home/thiago/workspaces/lidar/install/version1/include/version1/version1/action/detail/navigate__rosidl_typesupport_fastrtps_cpp.hpp
[1.831s] -- Up-to-date symlink: /home/thiago/workspaces/lidar/install/version1/include/version1/version1/msg/rosidl_typesupport_fastrtps_cpp__visibility_control.h
[1.831s] -- Up-to-date symlink: /home/thiago/workspaces/lidar/install/version1/include/version1/version1/srv/detail/odd_even_check__rosidl_typesupport_fastrtps_cpp.hpp
[1.831s] -- Up-to-date symlink: /home/thiago/workspaces/lidar/install/version1/include/version1/version1/action/detail/navigate__rosidl_typesupport_introspection_c.h
[1.831s] -- Up-to-date symlink: /home/thiago/workspaces/lidar/install/version1/include/version1/version1/msg/rosidl_typesupport_introspection_c__visibility_control.h
[1.831s] -- Up-to-date symlink: /home/thiago/workspaces/lidar/install/version1/include/version1/version1/srv/detail/odd_even_check__rosidl_typesupport_introspection_c.h
[1.832s] -- Up-to-date symlink: /home/thiago/workspaces/lidar/install/version1/include/version1/version1/action/detail/navigate__rosidl_typesupport_introspection_cpp.hpp
[1.832s] -- Up-to-date symlink: /home/thiago/workspaces/lidar/install/version1/include/version1/version1/srv/detail/odd_even_check__rosidl_typesupport_introspection_cpp.hpp
[1.832s] -- Up-to-date symlink: /home/thiago/workspaces/lidar/install/version1/share/version1/environment/pythonpath.sh
[1.832s] -- Up-to-date symlink: /home/thiago/workspaces/lidar/install/version1/share/version1/environment/pythonpath.dsv
[1.832s] -- Up-to-date symlink: /home/thiago/workspaces/lidar/install/version1/local/lib/python3.10/dist-packages/version1-0.0.0-py3.10.egg-info/PKG-INFO
[1.832s] -- Up-to-date symlink: /home/thiago/workspaces/lidar/install/version1/local/lib/python3.10/dist-packages/version1-0.0.0-py3.10.egg-info/SOURCES.txt
[1.832s] -- Up-to-date symlink: /home/thiago/workspaces/lidar/install/version1/local/lib/python3.10/dist-packages/version1-0.0.0-py3.10.egg-info/dependency_links.txt
[1.832s] -- Up-to-date symlink: /home/thiago/workspaces/lidar/install/version1/local/lib/python3.10/dist-packages/version1-0.0.0-py3.10.egg-info/top_level.txt
[1.833s] -- Up-to-date symlink: /home/thiago/workspaces/lidar/install/version1/local/lib/python3.10/dist-packages/version1/__init__.py
[1.833s] -- Up-to-date symlink: /home/thiago/workspaces/lidar/install/version1/local/lib/python3.10/dist-packages/version1/_version1_s.ep.rosidl_typesupport_c.c
[1.833s] -- Up-to-date symlink: /home/thiago/workspaces/lidar/install/version1/local/lib/python3.10/dist-packages/version1/_version1_s.ep.rosidl_typesupport_fastrtps_c.c
[1.833s] -- Up-to-date symlink: /home/thiago/workspaces/lidar/install/version1/local/lib/python3.10/dist-packages/version1/_version1_s.ep.rosidl_typesupport_introspection_c.c
[1.833s] -- Up-to-date symlink: /home/thiago/workspaces/lidar/install/version1/local/lib/python3.10/dist-packages/version1/action/__init__.py
[1.833s] -- Up-to-date symlink: /home/thiago/workspaces/lidar/install/version1/local/lib/python3.10/dist-packages/version1/action/_navigate.py
[1.833s] -- Up-to-date symlink: /home/thiago/workspaces/lidar/install/version1/local/lib/python3.10/dist-packages/version1/action/_navigate_s.c
[1.833s] -- Up-to-date symlink: /home/thiago/workspaces/lidar/install/version1/local/lib/python3.10/dist-packages/version1/libversion1__rosidl_generator_py.so
[1.833s] -- Up-to-date symlink: /home/thiago/workspaces/lidar/install/version1/local/lib/python3.10/dist-packages/version1/srv/__init__.py
[1.833s] -- Up-to-date symlink: /home/thiago/workspaces/lidar/install/version1/local/lib/python3.10/dist-packages/version1/srv/_odd_even_check.py
[1.833s] -- Up-to-date symlink: /home/thiago/workspaces/lidar/install/version1/local/lib/python3.10/dist-packages/version1/srv/_odd_even_check_s.c
[1.834s] -- Up-to-date symlink: /home/thiago/workspaces/lidar/install/version1/local/lib/python3.10/dist-packages/version1/version1_s__rosidl_typesupport_c.cpython-310-x86_64-linux-gnu.so
[1.834s] -- Up-to-date symlink: /home/thiago/workspaces/lidar/install/version1/local/lib/python3.10/dist-packages/version1/version1_s__rosidl_typesupport_fastrtps_c.cpython-310-x86_64-linux-gnu.so
[1.834s] -- Up-to-date symlink: /home/thiago/workspaces/lidar/install/version1/local/lib/python3.10/dist-packages/version1/version1_s__rosidl_typesupport_introspection_c.cpython-310-x86_64-linux-gnu.so
[1.834s] -- Up-to-date symlink: /home/thiago/workspaces/lidar/install/version1/local/lib/python3.10/dist-packages/version1/version1_s__rosidl_typesupport_fastrtps_c.cpython-310-x86_64-linux-gnu.so
[1.834s] -- Up-to-date symlink: /home/thiago/workspaces/lidar/install/version1/local/lib/python3.10/dist-packages/version1/version1_s__rosidl_typesupport_introspection_c.cpython-310-x86_64-linux-gnu.so
[1.834s] -- Up-to-date symlink: /home/thiago/workspaces/lidar/install/version1/local/lib/python3.10/dist-packages/version1/version1_s__rosidl_typesupport_c.cpython-310-x86_64-linux-gnu.so
[1.834s] -- Up-to-date symlink: /home/thiago/workspaces/lidar/install/version1/share/version1/srv/OddEvenCheck.idl
[1.834s] -- Up-to-date symlink: /home/thiago/workspaces/lidar/install/version1/share/version1/action/Navigate.idl
[1.834s] -- Up-to-date symlink: /home/thiago/workspaces/lidar/install/version1/share/version1/srv/OddEvenCheck.srv
[1.835s] -- Up-to-date symlink: /home/thiago/workspaces/lidar/install/version1/share/version1/srv/OddEvenCheck_Request.msg
[1.835s] -- Up-to-date symlink: /home/thiago/workspaces/lidar/install/version1/share/version1/srv/OddEvenCheck_Response.msg
[1.835s] -- Up-to-date symlink: /home/thiago/workspaces/lidar/install/version1/share/version1/action/Navigate.action
[1.835s] -- Up-to-date symlink: /home/thiago/workspaces/lidar/install/version1/local/lib/python3.10/dist-packages/scripts-0.0.0-py3.10.egg-info/PKG-INFO
[1.835s] -- Up-to-date symlink: /home/thiago/workspaces/lidar/install/version1/local/lib/python3.10/dist-packages/scripts-0.0.0-py3.10.egg-info/SOURCES.txt
[1.835s] -- Up-to-date symlink: /home/thiago/workspaces/lidar/install/version1/local/lib/python3.10/dist-packages/scripts-0.0.0-py3.10.egg-info/dependency_links.txt
[1.835s] -- Up-to-date symlink: /home/thiago/workspaces/lidar/install/version1/local/lib/python3.10/dist-packages/scripts-0.0.0-py3.10.egg-info/top_level.txt
[1.835s] -- Up-to-date symlink: /home/thiago/workspaces/lidar/install/version1/local/lib/python3.10/dist-packages/scripts/__init__.py
[1.835s] -- Up-to-date symlink: /home/thiago/workspaces/lidar/install/version1/local/lib/python3.10/dist-packages/scripts/publisher_filtro.py
[1.835s] -- Up-to-date symlink: /home/thiago/workspaces/lidar/install/version1/local/lib/python3.10/dist-packages/scripts/publisher_laserscan.py
[1.836s] -- Up-to-date symlink: /home/thiago/workspaces/lidar/install/version1/lib/version1/publisher_laserscan.py
[1.836s] [31mCMake Error at ament_cmake_symlink_install/ament_cmake_symlink_install.cmake:204 (message):
[1.836s]   ament_cmake_symlink_install_programs() can't find
[1.836s]   '/home/thiago/workspaces/lidar/src/version1/publisher_filtro.py'
[1.836s] Call Stack (most recent call first):
[1.836s]   ament_cmake_symlink_install/ament_cmake_symlink_install.cmake:386 (ament_cmake_symlink_install_programs)
[1.836s]   cmake_install.cmake:46 (include)
[1.836s] 
[1.836s] [0m
[1.837s] Invoked command in '/home/thiago/workspaces/lidar/build/version1' returned '1': CMAKE_PREFIX_PATH=/opt/ros/humble /usr/bin/cmake --install /home/thiago/workspaces/lidar/build/version1
