[0.012s] Invoking command in '/home/thiago/workspaces/lidar/build/version0.1': /usr/bin/cmake /home/thiago/workspaces/lidar/src/version0.1 -DCMAKE_INSTALL_PREFIX=/home/thiago/workspaces/lidar/install/version0.1
[0.020s] -- Found ament_cmake: 1.3.4 (/opt/ros/humble/share/ament_cmake/cmake)
[0.138s] -- Found cv_bridge: 3.2.1 (/opt/ros/humble/share/cv_bridge/cmake)
[0.162s] -- Found rosidl_generator_c: 3.1.4 (/opt/ros/humble/share/rosidl_generator_c/cmake)
[0.163s] -- Found rosidl_adapter: 3.1.4 (/opt/ros/humble/share/rosidl_adapter/cmake)
[0.168s] -- Found rosidl_generator_cpp: 3.1.4 (/opt/ros/humble/share/rosidl_generator_cpp/cmake)
[0.176s] -- Using all available rosidl_typesupport_c: rosidl_typesupport_fastrtps_c;rosidl_typesupport_introspection_c
[0.188s] -- Using all available rosidl_typesupport_cpp: rosidl_typesupport_fastrtps_cpp;rosidl_typesupport_introspection_cpp
[0.370s] -- Found rosidl_default_generators: 1.2.0 (/opt/ros/humble/share/rosidl_default_generators/cmake)
[0.504s] [31mCMake Error at /opt/ros/humble/share/rosidl_adapter/cmake/rosidl_adapt_interfaces.cmake:59 (message):
[0.504s]   execute_process(/usr/bin/python3.10 -m rosidl_adapter --package-name
[0.504s]   version0.1 --arguments-file
[0.504s]   /home/thiago/workspaces/lidar/build/version0.1/rosidl_adapter__arguments__version0.1.json
[0.504s]   --output-dir
[0.504s]   /home/thiago/workspaces/lidar/build/version0.1/rosidl_adapter/version0.1
[0.504s]   --output-file
[0.504s]   /home/thiago/workspaces/lidar/build/version0.1/rosidl_adapter/version0.1.idls)
[0.504s]   returned error code 1:
[0.505s] 
[0.505s]   Traceback (most recent call last):
[0.505s] 
[0.505s]     File "/usr/lib/python3.10/runpy.py", line 196, in _run_module_as_main
[0.505s]       return _run_code(code, main_globals, None,
[0.505s] -- Configuring incomplete, errors occurred!
[0.505s] See also "/home/thiago/workspaces/lidar/build/version0.1/CMakeFiles/CMakeOutput.log".
[0.505s]     File "/usr/lib/python3.10/runpy.py", line 86, in _run_code
[0.505s]       exec(code, run_globals)
[0.505s]     File "/opt/ros/humble/local/lib/python3.10/dist-packages/rosidl_adapter/__main__.py", line 19, in <module>
[0.505s]       sys.exit(main())
[0.505s]     File "/opt/ros/humble/local/lib/python3.10/dist-packages/rosidl_adapter/main.py", line 53, in main
[0.506s]       abs_idl_file = convert_to_idl(
[0.506s]     File "/opt/ros/humble/local/lib/python3.10/dist-packages/rosidl_adapter/__init__.py", line 24, in convert_to_idl
[0.506s]       return convert_srv_to_idl(
[0.506s]     File "/opt/ros/humble/local/lib/python3.10/dist-packages/rosidl_adapter/srv/__init__.py", line 28, in convert_srv_to_idl
[0.506s]       srv = parse_service_string(package_name, input_file.stem, content)
[0.506s]     File "/opt/ros/humble/local/lib/python3.10/dist-packages/rosidl_adapter/parser.py", line 859, in parse_service_string
[0.506s]       request_message = parse_message_string(
[0.506s]     File "/opt/ros/humble/local/lib/python3.10/dist-packages/rosidl_adapter/parser.py", line 544, in parse_message_string
[0.506s]       msg = MessageSpecification(pkg_name, msg_name, fields, constants)
[0.506s]     File "/opt/ros/humble/local/lib/python3.10/dist-packages/rosidl_adapter/parser.py", line 388, in __init__
[0.506s]       self.base_type = BaseType(
[0.506s]     File "/opt/ros/humble/local/lib/python3.10/dist-packages/rosidl_adapter/parser.py", line 201, in __init__
[0.506s]       raise InvalidResourceName(
[0.506s] 
[0.506s]   rosidl_adapter.parser.InvalidResourceName: 'version0.1' is an invalid
[0.506s]   package name.  It should have the pattern
[0.506s]   '^(?!.*__)(?!.*_$)[a-z][a-z0-9_]*$'
[0.506s] 
[0.507s] Call Stack (most recent call first):
[0.507s]   /opt/ros/humble/share/rosidl_cmake/cmake/rosidl_generate_interfaces.cmake:130 (rosidl_adapt_interfaces)
[0.507s]   CMakeLists.txt:16 (rosidl_generate_interfaces)
[0.507s] 
[0.507s] [0m
[0.511s] Invoked command in '/home/thiago/workspaces/lidar/build/version0.1' returned '1': /usr/bin/cmake /home/thiago/workspaces/lidar/src/version0.1 -DCMAKE_INSTALL_PREFIX=/home/thiago/workspaces/lidar/install/version0.1
