[0.011s] Invoking command in '/home/thiago/workspaces/lidar/build/version1': CMAKE_PREFIX_PATH=/opt/ros/humble /usr/bin/cmake --build /home/thiago/workspaces/lidar/build/version1 -- -j12 -l12
[0.031s] -- Found ament_cmake: 1.3.4 (/opt/ros/humble/share/ament_cmake/cmake)
[0.146s] -- Override CMake install command with custom implementation using symlinks instead of copying resources
[0.151s] -- Found cv_bridge: 3.2.1 (/opt/ros/humble/share/cv_bridge/cmake)
[0.175s] -- Found rosidl_generator_c: 3.1.4 (/opt/ros/humble/share/rosidl_generator_c/cmake)
[0.177s] -- Found rosidl_adapter: 3.1.4 (/opt/ros/humble/share/rosidl_adapter/cmake)
[0.181s] -- Found rosidl_generator_cpp: 3.1.4 (/opt/ros/humble/share/rosidl_generator_cpp/cmake)
[0.188s] -- Using all available rosidl_typesupport_c: rosidl_typesupport_fastrtps_c;rosidl_typesupport_introspection_c
[0.203s] -- Using all available rosidl_typesupport_cpp: rosidl_typesupport_fastrtps_cpp;rosidl_typesupport_introspection_cpp
[0.363s] -- Found laser_geometry: 2.4.0 (/opt/ros/humble/share/laser_geometry/cmake)
[0.404s] -- Found rmw_implementation_cmake: 6.1.1 (/opt/ros/humble/share/rmw_implementation_cmake/cmake)
[0.404s] -- Found rmw_fastrtps_cpp: 6.2.2 (/opt/ros/humble/share/rmw_fastrtps_cpp/cmake)
[0.498s] -- Using RMW implementation 'rmw_fastrtps_cpp' as default
[0.612s] -- Found rosidl_default_generators: 1.2.0 (/opt/ros/humble/share/rosidl_default_generators/cmake)
[0.913s] -- Found ament_cmake_ros: 0.10.0 (/opt/ros/humble/share/ament_cmake_ros/cmake)
[1.273s] -- Using all available rosidl_typesupport_c: rosidl_typesupport_fastrtps_c;rosidl_typesupport_introspection_c
[1.424s] -- Using all available rosidl_typesupport_cpp: rosidl_typesupport_fastrtps_cpp;rosidl_typesupport_introspection_cpp
[1.442s] -- Found python_cmake_module: 0.10.0 (/opt/ros/humble/share/python_cmake_module/cmake)
[1.458s] -- Using PYTHON_EXECUTABLE: /usr/bin/python3
[1.458s] -- Using PYTHON_INCLUDE_DIRS: /usr/include/python3.10
[1.458s] -- Using PYTHON_LIBRARIES: /usr/lib/x86_64-linux-gnu/libpython3.10.so
[1.504s] -- Found ament_lint_auto: 0.12.6 (/opt/ros/humble/share/ament_lint_auto/cmake)
[1.512s] -- Added test 'flake8' to check Python code syntax and style conventions
[1.513s] -- Added test 'lint_cmake' to check CMake code style
[1.513s] -- Added test 'pep257' to check Python code against some of the docstring style conventions in PEP 257
[1.514s] -- Added test 'xmllint' to check XML markup files
[1.516s] -- Configuring done
[1.546s] -- Generating done
[1.549s] -- Build files have been written to: /home/thiago/workspaces/lidar/build/version1
[1.569s] [35m[1mConsolidate compiler generated dependencies of target version1__rosidl_generator_c[0m
[1.575s] [  2%] Built target version1__cpp
[1.576s] [ 12%] Built target version1__rosidl_generator_c
[1.581s] [ 12%] Built target ament_cmake_python_symlink_version1
[1.581s] [ 12%] Built target ament_cmake_python_symlink_scripts
[1.582s] [35m[1mConsolidate compiler generated dependencies of target version1__rosidl_typesupport_introspection_c[0m
[1.582s] [35m[1mConsolidate compiler generated dependencies of target version1__rosidl_typesupport_cpp[0m
[1.582s] [35m[1mConsolidate compiler generated dependencies of target version1__rosidl_typesupport_fastrtps_c[0m
[1.583s] [35m[1mConsolidate compiler generated dependencies of target version1__rosidl_typesupport_fastrtps_cpp[0m
[1.583s] [35m[1mConsolidate compiler generated dependencies of target version1__rosidl_typesupport_c[0m
[1.584s] [35m[1mConsolidate compiler generated dependencies of target version1__rosidl_typesupport_introspection_cpp[0m
[1.594s] [ 23%] Built target version1__rosidl_typesupport_c
[1.594s] [ 43%] Built target version1__rosidl_typesupport_introspection_c
[1.595s] [ 43%] Built target version1__rosidl_typesupport_cpp
[1.596s] [ 53%] Built target version1__rosidl_typesupport_fastrtps_c
[1.596s] [ 74%] Built target version1__rosidl_typesupport_fastrtps_cpp
[1.596s] [ 74%] Built target version1__rosidl_typesupport_introspection_cpp
[1.612s] [ 74%] Built target version1
[1.626s] [ 76%] Built target version1__py
[1.634s] [35m[1mConsolidate compiler generated dependencies of target version1__rosidl_generator_py[0m
[1.644s] [ 84%] Built target version1__rosidl_generator_py
[1.651s] [35m[1mConsolidate compiler generated dependencies of target version1__rosidl_typesupport_c__pyext[0m
[1.651s] [35m[1mConsolidate compiler generated dependencies of target version1__rosidl_typesupport_fastrtps_c__pyext[0m
[1.652s] [35m[1mConsolidate compiler generated dependencies of target version1__rosidl_typesupport_introspection_c__pyext[0m
[1.661s] [ 94%] Built target version1__rosidl_typesupport_introspection_c__pyext
[1.661s] [ 94%] Built target version1__rosidl_typesupport_fastrtps_c__pyext
[1.661s] [100%] Built target version1__rosidl_typesupport_c__pyext
[1.771s] running egg_info
[1.771s] writing scripts.egg-info/PKG-INFO
[1.771s] writing dependency_links to scripts.egg-info/dependency_links.txt
[1.772s] writing top-level names to scripts.egg-info/top_level.txt
[1.773s] reading manifest file 'scripts.egg-info/SOURCES.txt'
[1.774s] writing manifest file 'scripts.egg-info/SOURCES.txt'
[1.776s] running egg_info
[1.776s] writing version1.egg-info/PKG-INFO
[1.776s] writing dependency_links to version1.egg-info/dependency_links.txt
[1.777s] writing top-level names to version1.egg-info/top_level.txt
[1.778s] reading manifest file 'version1.egg-info/SOURCES.txt'
[1.779s] writing manifest file 'version1.egg-info/SOURCES.txt'
[1.805s] [100%] Built target ament_cmake_python_build_scripts_egg
[1.809s] [100%] Built target ament_cmake_python_build_version1_egg
[1.820s] Invoked command in '/home/thiago/workspaces/lidar/build/version1' returned '0': CMAKE_PREFIX_PATH=/opt/ros/humble /usr/bin/cmake --build /home/thiago/workspaces/lidar/build/version1 -- -j12 -l12
[1.860s] Invoking command in '/home/thiago/workspaces/lidar/build/version1': CMAKE_PREFIX_PATH=/opt/ros/humble /usr/bin/cmake --install /home/thiago/workspaces/lidar/build/version1
[1.864s] -- Install configuration: ""
[1.865s] -- Execute custom install script
[1.865s] -- Up-to-date symlink: /home/thiago/workspaces/lidar/install/version1/share/ament_index/resource_index/rosidl_interfaces/version1
[1.865s] -- Up-to-date symlink: /home/thiago/workspaces/lidar/install/version1/include/version1/version1/action/detail/navigate__functions.h
[1.865s] -- Up-to-date symlink: /home/thiago/workspaces/lidar/install/version1/include/version1/version1/action/detail/navigate__struct.h
[1.865s] -- Up-to-date symlink: /home/thiago/workspaces/lidar/install/version1/include/version1/version1/action/detail/navigate__type_support.h
[1.866s] -- Up-to-date symlink: /home/thiago/workspaces/lidar/install/version1/include/version1/version1/action/navigate.h
[1.866s] -- Up-to-date symlink: /home/thiago/workspaces/lidar/install/version1/include/version1/version1/msg/rosidl_generator_c__visibility_control.h
[1.866s] -- Up-to-date symlink: /home/thiago/workspaces/lidar/install/version1/include/version1/version1/srv/detail/odd_even_check__functions.h
[1.866s] -- Up-to-date symlink: /home/thiago/workspaces/lidar/install/version1/include/version1/version1/srv/detail/odd_even_check__struct.h
[1.866s] -- Up-to-date symlink: /home/thiago/workspaces/lidar/install/version1/include/version1/version1/srv/detail/odd_even_check__type_support.h
[1.866s] -- Up-to-date symlink: /home/thiago/workspaces/lidar/install/version1/include/version1/version1/srv/odd_even_check.h
[1.866s] -- Up-to-date symlink: /home/thiago/workspaces/lidar/install/version1/share/version1/environment/library_path.sh
[1.866s] -- Up-to-date symlink: /home/thiago/workspaces/lidar/install/version1/share/version1/environment/library_path.dsv
[1.866s] -- Up-to-date symlink: /home/thiago/workspaces/lidar/install/version1/include/version1/version1/action/detail/navigate__rosidl_typesupport_fastrtps_c.h
[1.866s] -- Up-to-date symlink: /home/thiago/workspaces/lidar/install/version1/include/version1/version1/msg/rosidl_typesupport_fastrtps_c__visibility_control.h
[1.867s] -- Up-to-date symlink: /home/thiago/workspaces/lidar/install/version1/include/version1/version1/srv/detail/odd_even_check__rosidl_typesupport_fastrtps_c.h
[1.867s] -- Up-to-date symlink: /home/thiago/workspaces/lidar/install/version1/include/version1/version1/action/detail/navigate__builder.hpp
[1.867s] -- Up-to-date symlink: /home/thiago/workspaces/lidar/install/version1/include/version1/version1/action/detail/navigate__struct.hpp
[1.867s] -- Up-to-date symlink: /home/thiago/workspaces/lidar/install/version1/include/version1/version1/action/detail/navigate__traits.hpp
[1.867s] -- Up-to-date symlink: /home/thiago/workspaces/lidar/install/version1/include/version1/version1/action/navigate.hpp
[1.867s] -- Up-to-date symlink: /home/thiago/workspaces/lidar/install/version1/include/version1/version1/srv/detail/odd_even_check__builder.hpp
[1.867s] -- Up-to-date symlink: /home/thiago/workspaces/lidar/install/version1/include/version1/version1/srv/detail/odd_even_check__struct.hpp
[1.867s] -- Up-to-date symlink: /home/thiago/workspaces/lidar/install/version1/include/version1/version1/srv/detail/odd_even_check__traits.hpp
[1.867s] -- Up-to-date symlink: /home/thiago/workspaces/lidar/install/version1/include/version1/version1/srv/odd_even_check.hpp
[1.868s] -- Up-to-date symlink: /home/thiago/workspaces/lidar/install/version1/include/version1/version1/action/detail/navigate__rosidl_typesupport_fastrtps_cpp.hpp
[1.868s] -- Up-to-date symlink: /home/thiago/workspaces/lidar/install/version1/include/version1/version1/msg/rosidl_typesupport_fastrtps_cpp__visibility_control.h
[1.868s] -- Up-to-date symlink: /home/thiago/workspaces/lidar/install/version1/include/version1/version1/srv/detail/odd_even_check__rosidl_typesupport_fastrtps_cpp.hpp
[1.868s] -- Up-to-date symlink: /home/thiago/workspaces/lidar/install/version1/include/version1/version1/action/detail/navigate__rosidl_typesupport_introspection_c.h
[1.868s] -- Up-to-date symlink: /home/thiago/workspaces/lidar/install/version1/include/version1/version1/msg/rosidl_typesupport_introspection_c__visibility_control.h
[1.868s] -- Up-to-date symlink: /home/thiago/workspaces/lidar/install/version1/include/version1/version1/srv/detail/odd_even_check__rosidl_typesupport_introspection_c.h
[1.869s] -- Up-to-date symlink: /home/thiago/workspaces/lidar/install/version1/include/version1/version1/action/detail/navigate__rosidl_typesupport_introspection_cpp.hpp
[1.869s] -- Up-to-date symlink: /home/thiago/workspaces/lidar/install/version1/include/version1/version1/srv/detail/odd_even_check__rosidl_typesupport_introspection_cpp.hpp
[1.869s] -- Up-to-date symlink: /home/thiago/workspaces/lidar/install/version1/share/version1/environment/pythonpath.sh
[1.869s] -- Up-to-date symlink: /home/thiago/workspaces/lidar/install/version1/share/version1/environment/pythonpath.dsv
[1.869s] -- Up-to-date symlink: /home/thiago/workspaces/lidar/install/version1/local/lib/python3.10/dist-packages/version1-0.0.0-py3.10.egg-info/PKG-INFO
[1.869s] -- Up-to-date symlink: /home/thiago/workspaces/lidar/install/version1/local/lib/python3.10/dist-packages/version1-0.0.0-py3.10.egg-info/SOURCES.txt
[1.869s] -- Up-to-date symlink: /home/thiago/workspaces/lidar/install/version1/local/lib/python3.10/dist-packages/version1-0.0.0-py3.10.egg-info/dependency_links.txt
[1.870s] -- Up-to-date symlink: /home/thiago/workspaces/lidar/install/version1/local/lib/python3.10/dist-packages/version1-0.0.0-py3.10.egg-info/top_level.txt
[1.870s] -- Up-to-date symlink: /home/thiago/workspaces/lidar/install/version1/local/lib/python3.10/dist-packages/version1/__init__.py
[1.870s] -- Up-to-date symlink: /home/thiago/workspaces/lidar/install/version1/local/lib/python3.10/dist-packages/version1/_version1_s.ep.rosidl_typesupport_c.c
[1.870s] -- Up-to-date symlink: /home/thiago/workspaces/lidar/install/version1/local/lib/python3.10/dist-packages/version1/_version1_s.ep.rosidl_typesupport_fastrtps_c.c
[1.870s] -- Up-to-date symlink: /home/thiago/workspaces/lidar/install/version1/local/lib/python3.10/dist-packages/version1/_version1_s.ep.rosidl_typesupport_introspection_c.c
[1.870s] -- Up-to-date symlink: /home/thiago/workspaces/lidar/install/version1/local/lib/python3.10/dist-packages/version1/action/__init__.py
[1.870s] -- Up-to-date symlink: /home/thiago/workspaces/lidar/install/version1/local/lib/python3.10/dist-packages/version1/action/_navigate.py
[1.870s] -- Up-to-date symlink: /home/thiago/workspaces/lidar/install/version1/local/lib/python3.10/dist-packages/version1/action/_navigate_s.c
[1.870s] -- Up-to-date symlink: /home/thiago/workspaces/lidar/install/version1/local/lib/python3.10/dist-packages/version1/libversion1__rosidl_generator_py.so
[1.871s] -- Up-to-date symlink: /home/thiago/workspaces/lidar/install/version1/local/lib/python3.10/dist-packages/version1/srv/__init__.py
[1.871s] -- Up-to-date symlink: /home/thiago/workspaces/lidar/install/version1/local/lib/python3.10/dist-packages/version1/srv/_odd_even_check.py
[1.871s] -- Up-to-date symlink: /home/thiago/workspaces/lidar/install/version1/local/lib/python3.10/dist-packages/version1/srv/_odd_even_check_s.c
[1.871s] -- Up-to-date symlink: /home/thiago/workspaces/lidar/install/version1/local/lib/python3.10/dist-packages/version1/version1_s__rosidl_typesupport_c.cpython-310-x86_64-linux-gnu.so
[1.871s] -- Up-to-date symlink: /home/thiago/workspaces/lidar/install/version1/local/lib/python3.10/dist-packages/version1/version1_s__rosidl_typesupport_fastrtps_c.cpython-310-x86_64-linux-gnu.so
[1.871s] -- Up-to-date symlink: /home/thiago/workspaces/lidar/install/version1/local/lib/python3.10/dist-packages/version1/version1_s__rosidl_typesupport_introspection_c.cpython-310-x86_64-linux-gnu.so
[1.871s] -- Up-to-date symlink: /home/thiago/workspaces/lidar/install/version1/local/lib/python3.10/dist-packages/version1/version1_s__rosidl_typesupport_fastrtps_c.cpython-310-x86_64-linux-gnu.so
[1.871s] -- Up-to-date symlink: /home/thiago/workspaces/lidar/install/version1/local/lib/python3.10/dist-packages/version1/version1_s__rosidl_typesupport_introspection_c.cpython-310-x86_64-linux-gnu.so
[1.871s] -- Up-to-date symlink: /home/thiago/workspaces/lidar/install/version1/local/lib/python3.10/dist-packages/version1/version1_s__rosidl_typesupport_c.cpython-310-x86_64-linux-gnu.so
[1.871s] -- Up-to-date symlink: /home/thiago/workspaces/lidar/install/version1/share/version1/srv/OddEvenCheck.idl
[1.872s] -- Up-to-date symlink: /home/thiago/workspaces/lidar/install/version1/share/version1/action/Navigate.idl
[1.872s] -- Up-to-date symlink: /home/thiago/workspaces/lidar/install/version1/share/version1/srv/OddEvenCheck.srv
[1.872s] -- Up-to-date symlink: /home/thiago/workspaces/lidar/install/version1/share/version1/srv/OddEvenCheck_Request.msg
[1.872s] -- Up-to-date symlink: /home/thiago/workspaces/lidar/install/version1/share/version1/srv/OddEvenCheck_Response.msg
[1.872s] -- Up-to-date symlink: /home/thiago/workspaces/lidar/install/version1/share/version1/action/Navigate.action
[1.872s] -- Up-to-date symlink: /home/thiago/workspaces/lidar/install/version1/local/lib/python3.10/dist-packages/scripts-0.0.0-py3.10.egg-info/PKG-INFO
[1.872s] -- Up-to-date symlink: /home/thiago/workspaces/lidar/install/version1/local/lib/python3.10/dist-packages/scripts-0.0.0-py3.10.egg-info/SOURCES.txt
[1.872s] -- Up-to-date symlink: /home/thiago/workspaces/lidar/install/version1/local/lib/python3.10/dist-packages/scripts-0.0.0-py3.10.egg-info/dependency_links.txt
[1.872s] -- Up-to-date symlink: /home/thiago/workspaces/lidar/install/version1/local/lib/python3.10/dist-packages/scripts-0.0.0-py3.10.egg-info/top_level.txt
[1.873s] -- Up-to-date symlink: /home/thiago/workspaces/lidar/install/version1/local/lib/python3.10/dist-packages/scripts/__init__.py
[1.873s] -- Up-to-date symlink: /home/thiago/workspaces/lidar/install/version1/local/lib/python3.10/dist-packages/scripts/publisher_filtro.py
[1.873s] -- Up-to-date symlink: /home/thiago/workspaces/lidar/install/version1/local/lib/python3.10/dist-packages/scripts/publisher_laserscan.py
[1.873s] -- Up-to-date symlink: /home/thiago/workspaces/lidar/install/version1/lib/version1/publisher_laserscan.py
[1.873s] -- Up-to-date symlink: /home/thiago/workspaces/lidar/install/version1/lib/version1/publisher_filtro.py
[1.873s] -- Up-to-date symlink: /home/thiago/workspaces/lidar/install/version1/share/version1//launch/rpm_node_launch.py
[1.873s] -- Up-to-date symlink: /home/thiago/workspaces/lidar/install/version1/share/ament_index/resource_index/package_run_dependencies/version1
[1.873s] -- Up-to-date symlink: /home/thiago/workspaces/lidar/install/version1/share/ament_index/resource_index/parent_prefix_path/version1
[1.873s] -- Up-to-date symlink: /home/thiago/workspaces/lidar/install/version1/share/version1/environment/ament_prefix_path.sh
[1.874s] -- Up-to-date symlink: /home/thiago/workspaces/lidar/install/version1/share/version1/environment/ament_prefix_path.dsv
[1.874s] -- Up-to-date symlink: /home/thiago/workspaces/lidar/install/version1/share/version1/environment/path.sh
[1.874s] -- Up-to-date symlink: /home/thiago/workspaces/lidar/install/version1/share/version1/environment/path.dsv
[1.874s] -- Up-to-date symlink: /home/thiago/workspaces/lidar/install/version1/share/version1/local_setup.bash
[1.874s] -- Up-to-date symlink: /home/thiago/workspaces/lidar/install/version1/share/version1/local_setup.sh
[1.874s] -- Up-to-date symlink: /home/thiago/workspaces/lidar/install/version1/share/version1/local_setup.zsh
[1.874s] -- Up-to-date symlink: /home/thiago/workspaces/lidar/install/version1/share/version1/local_setup.dsv
[1.874s] -- Symlinking: /home/thiago/workspaces/lidar/install/version1/share/version1/package.dsv
[1.880s] -- Up-to-date symlink: /home/thiago/workspaces/lidar/install/version1/share/ament_index/resource_index/packages/version1
[1.880s] -- Up-to-date symlink: /home/thiago/workspaces/lidar/install/version1/share/version1/cmake/rosidl_cmake-extras.cmake
[1.880s] -- Up-to-date symlink: /home/thiago/workspaces/lidar/install/version1/share/version1/cmake/ament_cmake_export_dependencies-extras.cmake
[1.880s] -- Up-to-date symlink: /home/thiago/workspaces/lidar/install/version1/share/version1/cmake/ament_cmake_export_include_directories-extras.cmake
[1.880s] -- Up-to-date symlink: /home/thiago/workspaces/lidar/install/version1/share/version1/cmake/ament_cmake_export_libraries-extras.cmake
[1.880s] -- Up-to-date symlink: /home/thiago/workspaces/lidar/install/version1/share/version1/cmake/ament_cmake_export_targets-extras.cmake
[1.880s] -- Up-to-date symlink: /home/thiago/workspaces/lidar/install/version1/share/version1/cmake/rosidl_cmake_export_typesupport_targets-extras.cmake
[1.880s] -- Up-to-date symlink: /home/thiago/workspaces/lidar/install/version1/share/version1/cmake/rosidl_cmake_export_typesupport_libraries-extras.cmake
[1.880s] -- Up-to-date symlink: /home/thiago/workspaces/lidar/install/version1/share/version1/cmake/version1Config.cmake
[1.880s] -- Up-to-date symlink: /home/thiago/workspaces/lidar/install/version1/share/version1/cmake/version1Config-version.cmake
[1.880s] -- Up-to-date symlink: /home/thiago/workspaces/lidar/install/version1/share/version1/package.xml
[1.881s] -- Up-to-date: /home/thiago/workspaces/lidar/install/version1/lib/libversion1__rosidl_generator_c.so
[1.881s] -- Up-to-date: /home/thiago/workspaces/lidar/install/version1/lib/libversion1__rosidl_typesupport_fastrtps_c.so
[1.881s] -- Up-to-date: /home/thiago/workspaces/lidar/install/version1/lib/libversion1__rosidl_typesupport_fastrtps_cpp.so
[1.881s] -- Up-to-date: /home/thiago/workspaces/lidar/install/version1/lib/libversion1__rosidl_typesupport_introspection_c.so
[1.881s] -- Up-to-date: /home/thiago/workspaces/lidar/install/version1/lib/libversion1__rosidl_typesupport_c.so
[1.881s] -- Up-to-date: /home/thiago/workspaces/lidar/install/version1/lib/libversion1__rosidl_typesupport_introspection_cpp.so
[1.882s] -- Up-to-date: /home/thiago/workspaces/lidar/install/version1/lib/libversion1__rosidl_typesupport_cpp.so
[1.909s] Listing '/home/thiago/workspaces/lidar/install/version1/local/lib/python3.10/dist-packages/version1'...
[1.909s] Compiling '/home/thiago/workspaces/lidar/install/version1/local/lib/python3.10/dist-packages/version1/__init__.py'...
[1.910s] Listing '/home/thiago/workspaces/lidar/install/version1/local/lib/python3.10/dist-packages/version1/action'...
[1.910s] Listing '/home/thiago/workspaces/lidar/install/version1/local/lib/python3.10/dist-packages/version1/srv'...
[1.910s] -- Up-to-date: /home/thiago/workspaces/lidar/install/version1/lib/libversion1__rosidl_generator_py.so
[1.932s] Listing '/home/thiago/workspaces/lidar/install/version1/local/lib/python3.10/dist-packages/scripts'...
[1.932s] Compiling '/home/thiago/workspaces/lidar/install/version1/local/lib/python3.10/dist-packages/scripts/publisher_filtro.py'...
[1.935s] -- Up-to-date: /home/thiago/workspaces/lidar/install/version1/share/version1/cmake/export_version1__rosidl_generator_cExport.cmake
[1.935s] -- Up-to-date: /home/thiago/workspaces/lidar/install/version1/share/version1/cmake/export_version1__rosidl_generator_cExport-noconfig.cmake
[1.935s] -- Up-to-date: /home/thiago/workspaces/lidar/install/version1/share/version1/cmake/export_version1__rosidl_typesupport_fastrtps_cExport.cmake
[1.935s] -- Up-to-date: /home/thiago/workspaces/lidar/install/version1/share/version1/cmake/export_version1__rosidl_typesupport_fastrtps_cExport-noconfig.cmake
[1.935s] -- Up-to-date: /home/thiago/workspaces/lidar/install/version1/share/version1/cmake/export_version1__rosidl_generator_cppExport.cmake
[1.935s] -- Up-to-date: /home/thiago/workspaces/lidar/install/version1/share/version1/cmake/export_version1__rosidl_typesupport_fastrtps_cppExport.cmake
[1.935s] -- Up-to-date: /home/thiago/workspaces/lidar/install/version1/share/version1/cmake/export_version1__rosidl_typesupport_fastrtps_cppExport-noconfig.cmake
[1.936s] -- Up-to-date: /home/thiago/workspaces/lidar/install/version1/share/version1/cmake/version1__rosidl_typesupport_introspection_cExport.cmake
[1.936s] -- Up-to-date: /home/thiago/workspaces/lidar/install/version1/share/version1/cmake/version1__rosidl_typesupport_introspection_cExport-noconfig.cmake
[1.936s] -- Up-to-date: /home/thiago/workspaces/lidar/install/version1/share/version1/cmake/version1__rosidl_typesupport_cExport.cmake
[1.936s] -- Up-to-date: /home/thiago/workspaces/lidar/install/version1/share/version1/cmake/version1__rosidl_typesupport_cExport-noconfig.cmake
[1.936s] -- Up-to-date: /home/thiago/workspaces/lidar/install/version1/share/version1/cmake/version1__rosidl_typesupport_introspection_cppExport.cmake
[1.936s] -- Up-to-date: /home/thiago/workspaces/lidar/install/version1/share/version1/cmake/version1__rosidl_typesupport_introspection_cppExport-noconfig.cmake
[1.936s] -- Up-to-date: /home/thiago/workspaces/lidar/install/version1/share/version1/cmake/version1__rosidl_typesupport_cppExport.cmake
[1.936s] -- Up-to-date: /home/thiago/workspaces/lidar/install/version1/share/version1/cmake/version1__rosidl_typesupport_cppExport-noconfig.cmake
[1.936s] -- Up-to-date: /home/thiago/workspaces/lidar/install/version1/share/version1/cmake/export_version1__rosidl_generator_pyExport.cmake
[1.936s] -- Up-to-date: /home/thiago/workspaces/lidar/install/version1/share/version1/cmake/export_version1__rosidl_generator_pyExport-noconfig.cmake
[1.938s] Invoked command in '/home/thiago/workspaces/lidar/build/version1' returned '0': CMAKE_PREFIX_PATH=/opt/ros/humble /usr/bin/cmake --install /home/thiago/workspaces/lidar/build/version1
