[0.235s] DEBUG:colcon:Command line arguments: ['/usr/bin/colcon', 'build', '--symlink-install']
[0.235s] DEBUG:colcon:Parsed command line arguments: Namespace(log_base=None, log_level=None, verb_name='build', build_base='build', install_base='install', merge_install=False, symlink_install=True, test_result_base=None, continue_on_error=False, executor='parallel', parallel_workers=12, event_handlers=None, ignore_user_meta=False, metas=['./colcon.meta'], base_paths=['.'], packages_ignore=None, packages_ignore_regex=None, paths=None, packages_up_to=None, packages_up_to_regex=None, packages_above=None, packages_above_and_dependencies=None, packages_above_depth=None, packages_select_by_dep=None, packages_skip_by_dep=None, packages_skip_up_to=None, packages_select_build_failed=False, packages_skip_build_finished=False, packages_select_test_failures=False, packages_skip_test_passed=False, packages_select=None, packages_skip=None, packages_select_regex=None, packages_skip_regex=None, packages_start=None, packages_end=None, allow_overriding=[], cmake_args=None, cmake_target=None, cmake_target_skip_unavailable=False, cmake_clean_cache=False, cmake_clean_first=False, cmake_force_configure=False, ament_cmake_args=None, catkin_cmake_args=None, catkin_skip_building_tests=False, verb_parser=<colcon_defaults.argument_parser.defaults.DefaultArgumentsDecorator object at 0x7f0ca7cb7b50>, verb_extension=<colcon_core.verb.build.BuildVerb object at 0x7f0ca7c1b880>, main=<bound method BuildVerb.main of <colcon_core.verb.build.BuildVerb object at 0x7f0ca7c1b880>>)
[0.262s] Level 1:colcon.colcon_core.package_discovery:discover_packages(colcon_meta) check parameters
[0.262s] Level 1:colcon.colcon_core.package_discovery:discover_packages(recursive) check parameters
[0.262s] Level 1:colcon.colcon_core.package_discovery:discover_packages(ignore) check parameters
[0.262s] Level 1:colcon.colcon_core.package_discovery:discover_packages(path) check parameters
[0.262s] Level 1:colcon.colcon_core.package_discovery:discover_packages(colcon_meta) discover
[0.262s] Level 1:colcon.colcon_core.package_discovery:discover_packages(recursive) discover
[0.262s] INFO:colcon.colcon_core.package_discovery:Crawling recursively for packages in '/home/thiago/workspaces/lidar'
[0.262s] Level 1:colcon.colcon_core.package_identification:_identify(.) by extensions ['ignore', 'ignore_ament_install']
[0.262s] Level 1:colcon.colcon_core.package_identification:_identify(.) by extension 'ignore'
[0.262s] Level 1:colcon.colcon_core.package_identification:_identify(.) by extension 'ignore_ament_install'
[0.262s] Level 1:colcon.colcon_core.package_identification:_identify(.) by extensions ['colcon_pkg']
[0.262s] Level 1:colcon.colcon_core.package_identification:_identify(.) by extension 'colcon_pkg'
[0.262s] Level 1:colcon.colcon_core.package_identification:_identify(.) by extensions ['colcon_meta']
[0.262s] Level 1:colcon.colcon_core.package_identification:_identify(.) by extension 'colcon_meta'
[0.262s] Level 1:colcon.colcon_core.package_identification:_identify(.) by extensions ['ros']
[0.262s] Level 1:colcon.colcon_core.package_identification:_identify(.) by extension 'ros'
[0.270s] Level 1:colcon.colcon_core.package_identification:_identify(.) by extensions ['cmake', 'python']
[0.270s] Level 1:colcon.colcon_core.package_identification:_identify(.) by extension 'cmake'
[0.271s] Level 1:colcon.colcon_core.package_identification:_identify(.) by extension 'python'
[0.271s] Level 1:colcon.colcon_core.package_identification:_identify(.) by extensions ['python_setup_py']
[0.271s] Level 1:colcon.colcon_core.package_identification:_identify(.) by extension 'python_setup_py'
[0.271s] Level 1:colcon.colcon_core.package_identification:_identify(build) by extensions ['ignore', 'ignore_ament_install']
[0.271s] Level 1:colcon.colcon_core.package_identification:_identify(build) by extension 'ignore'
[0.271s] Level 1:colcon.colcon_core.package_identification:_identify(build) ignored
[0.271s] Level 1:colcon.colcon_core.package_identification:_identify(install) by extensions ['ignore', 'ignore_ament_install']
[0.271s] Level 1:colcon.colcon_core.package_identification:_identify(install) by extension 'ignore'
[0.271s] Level 1:colcon.colcon_core.package_identification:_identify(install) ignored
[0.271s] Level 1:colcon.colcon_core.package_identification:_identify(log) by extensions ['ignore', 'ignore_ament_install']
[0.271s] Level 1:colcon.colcon_core.package_identification:_identify(log) by extension 'ignore'
[0.271s] Level 1:colcon.colcon_core.package_identification:_identify(log) ignored
[0.271s] Level 1:colcon.colcon_core.package_identification:_identify(src) by extensions ['ignore', 'ignore_ament_install']
[0.271s] Level 1:colcon.colcon_core.package_identification:_identify(src) by extension 'ignore'
[0.271s] Level 1:colcon.colcon_core.package_identification:_identify(src) by extension 'ignore_ament_install'
[0.271s] Level 1:colcon.colcon_core.package_identification:_identify(src) by extensions ['colcon_pkg']
[0.271s] Level 1:colcon.colcon_core.package_identification:_identify(src) by extension 'colcon_pkg'
[0.272s] Level 1:colcon.colcon_core.package_identification:_identify(src) by extensions ['colcon_meta']
[0.272s] Level 1:colcon.colcon_core.package_identification:_identify(src) by extension 'colcon_meta'
[0.272s] Level 1:colcon.colcon_core.package_identification:_identify(src) by extensions ['ros']
[0.272s] Level 1:colcon.colcon_core.package_identification:_identify(src) by extension 'ros'
[0.272s] Level 1:colcon.colcon_core.package_identification:_identify(src) by extensions ['cmake', 'python']
[0.272s] Level 1:colcon.colcon_core.package_identification:_identify(src) by extension 'cmake'
[0.272s] Level 1:colcon.colcon_core.package_identification:_identify(src) by extension 'python'
[0.272s] Level 1:colcon.colcon_core.package_identification:_identify(src) by extensions ['python_setup_py']
[0.272s] Level 1:colcon.colcon_core.package_identification:_identify(src) by extension 'python_setup_py'
[0.272s] Level 1:colcon.colcon_core.package_identification:_identify(src/version0) by extensions ['ignore', 'ignore_ament_install']
[0.272s] Level 1:colcon.colcon_core.package_identification:_identify(src/version0) by extension 'ignore'
[0.272s] Level 1:colcon.colcon_core.package_identification:_identify(src/version0) by extension 'ignore_ament_install'
[0.272s] Level 1:colcon.colcon_core.package_identification:_identify(src/version0) by extensions ['colcon_pkg']
[0.272s] Level 1:colcon.colcon_core.package_identification:_identify(src/version0) by extension 'colcon_pkg'
[0.272s] Level 1:colcon.colcon_core.package_identification:_identify(src/version0) by extensions ['colcon_meta']
[0.272s] Level 1:colcon.colcon_core.package_identification:_identify(src/version0) by extension 'colcon_meta'
[0.272s] Level 1:colcon.colcon_core.package_identification:_identify(src/version0) by extensions ['ros']
[0.272s] Level 1:colcon.colcon_core.package_identification:_identify(src/version0) by extension 'ros'
[0.274s] DEBUG:colcon.colcon_core.package_identification:Package 'src/version0' with type 'ros.ament_cmake' and name 'version0'
[0.274s] Level 1:colcon.colcon_core.package_identification:_identify(src/version1) by extensions ['ignore', 'ignore_ament_install']
[0.274s] Level 1:colcon.colcon_core.package_identification:_identify(src/version1) by extension 'ignore'
[0.274s] Level 1:colcon.colcon_core.package_identification:_identify(src/version1) by extension 'ignore_ament_install'
[0.274s] Level 1:colcon.colcon_core.package_identification:_identify(src/version1) by extensions ['colcon_pkg']
[0.274s] Level 1:colcon.colcon_core.package_identification:_identify(src/version1) by extension 'colcon_pkg'
[0.274s] Level 1:colcon.colcon_core.package_identification:_identify(src/version1) by extensions ['colcon_meta']
[0.274s] Level 1:colcon.colcon_core.package_identification:_identify(src/version1) by extension 'colcon_meta'
[0.274s] Level 1:colcon.colcon_core.package_identification:_identify(src/version1) by extensions ['ros']
[0.274s] Level 1:colcon.colcon_core.package_identification:_identify(src/version1) by extension 'ros'
[0.275s] DEBUG:colcon.colcon_core.package_identification:Package 'src/version1' with type 'ros.ament_cmake' and name 'version1'
[0.275s] Level 1:colcon.colcon_core.package_discovery:discover_packages(recursive) using defaults
[0.275s] Level 1:colcon.colcon_core.package_discovery:discover_packages(ignore) discover
[0.275s] Level 1:colcon.colcon_core.package_discovery:discover_packages(ignore) using defaults
[0.275s] Level 1:colcon.colcon_core.package_discovery:discover_packages(path) discover
[0.275s] Level 1:colcon.colcon_core.package_discovery:discover_packages(path) using defaults
[0.292s] Level 1:colcon.colcon_core.package_discovery:discover_packages(prefix_path) check parameters
[0.292s] Level 1:colcon.colcon_core.package_discovery:discover_packages(prefix_path) discover
[0.295s] DEBUG:colcon.colcon_installed_package_information.package_discovery:Found 311 installed packages in /opt/ros/humble
[0.296s] Level 1:colcon.colcon_core.package_discovery:discover_packages(prefix_path) using defaults
[0.340s] Level 5:colcon.colcon_core.verb:set package 'version0' build argument 'cmake_args' from command line to 'None'
[0.340s] Level 5:colcon.colcon_core.verb:set package 'version0' build argument 'cmake_target' from command line to 'None'
[0.340s] Level 5:colcon.colcon_core.verb:set package 'version0' build argument 'cmake_target_skip_unavailable' from command line to 'False'
[0.340s] Level 5:colcon.colcon_core.verb:set package 'version0' build argument 'cmake_clean_cache' from command line to 'False'
[0.340s] Level 5:colcon.colcon_core.verb:set package 'version0' build argument 'cmake_clean_first' from command line to 'False'
[0.340s] Level 5:colcon.colcon_core.verb:set package 'version0' build argument 'cmake_force_configure' from command line to 'False'
[0.340s] Level 5:colcon.colcon_core.verb:set package 'version0' build argument 'ament_cmake_args' from command line to 'None'
[0.340s] Level 5:colcon.colcon_core.verb:set package 'version0' build argument 'catkin_cmake_args' from command line to 'None'
[0.340s] Level 5:colcon.colcon_core.verb:set package 'version0' build argument 'catkin_skip_building_tests' from command line to 'False'
[0.341s] DEBUG:colcon.colcon_core.verb:Building package 'version0' with the following arguments: {'ament_cmake_args': None, 'build_base': '/home/thiago/workspaces/lidar/build/version0', 'catkin_cmake_args': None, 'catkin_skip_building_tests': False, 'cmake_args': None, 'cmake_clean_cache': False, 'cmake_clean_first': False, 'cmake_force_configure': False, 'cmake_target': None, 'cmake_target_skip_unavailable': False, 'install_base': '/home/thiago/workspaces/lidar/install/version0', 'merge_install': False, 'path': '/home/thiago/workspaces/lidar/src/version0', 'symlink_install': True, 'test_result_base': None}
[0.341s] Level 5:colcon.colcon_core.verb:set package 'version1' build argument 'cmake_args' from command line to 'None'
[0.341s] Level 5:colcon.colcon_core.verb:set package 'version1' build argument 'cmake_target' from command line to 'None'
[0.341s] Level 5:colcon.colcon_core.verb:set package 'version1' build argument 'cmake_target_skip_unavailable' from command line to 'False'
[0.341s] Level 5:colcon.colcon_core.verb:set package 'version1' build argument 'cmake_clean_cache' from command line to 'False'
[0.341s] Level 5:colcon.colcon_core.verb:set package 'version1' build argument 'cmake_clean_first' from command line to 'False'
[0.341s] Level 5:colcon.colcon_core.verb:set package 'version1' build argument 'cmake_force_configure' from command line to 'False'
[0.341s] Level 5:colcon.colcon_core.verb:set package 'version1' build argument 'ament_cmake_args' from command line to 'None'
[0.341s] Level 5:colcon.colcon_core.verb:set package 'version1' build argument 'catkin_cmake_args' from command line to 'None'
[0.341s] Level 5:colcon.colcon_core.verb:set package 'version1' build argument 'catkin_skip_building_tests' from command line to 'False'
[0.341s] DEBUG:colcon.colcon_core.verb:Building package 'version1' with the following arguments: {'ament_cmake_args': None, 'build_base': '/home/thiago/workspaces/lidar/build/version1', 'catkin_cmake_args': None, 'catkin_skip_building_tests': False, 'cmake_args': None, 'cmake_clean_cache': False, 'cmake_clean_first': False, 'cmake_force_configure': False, 'cmake_target': None, 'cmake_target_skip_unavailable': False, 'install_base': '/home/thiago/workspaces/lidar/install/version1', 'merge_install': False, 'path': '/home/thiago/workspaces/lidar/src/version1', 'symlink_install': True, 'test_result_base': None}
[0.342s] INFO:colcon.colcon_core.executor:Executing jobs using 'parallel' executor
[0.344s] DEBUG:colcon.colcon_parallel_executor.executor.parallel:run_until_complete
[0.344s] INFO:colcon.colcon_ros.task.ament_cmake.build:Building ROS package in '/home/thiago/workspaces/lidar/src/version0' with build type 'ament_cmake'
[0.345s] INFO:colcon.colcon_cmake.task.cmake.build:Building CMake package in '/home/thiago/workspaces/lidar/src/version0'
[0.348s] INFO:colcon.colcon_core.plugin_system:Skipping extension 'colcon_core.shell.bat': Not used on non-Windows systems
[0.348s] INFO:colcon.colcon_core.shell:Skip shell extension 'powershell' for command environment: Not usable outside of PowerShell
[0.348s] DEBUG:colcon.colcon_core.shell:Skip shell extension 'dsv' for command environment
[0.350s] INFO:colcon.colcon_ros.task.ament_cmake.build:Building ROS package in '/home/thiago/workspaces/lidar/src/version1' with build type 'ament_cmake'
[0.350s] INFO:colcon.colcon_cmake.task.cmake.build:Building CMake package in '/home/thiago/workspaces/lidar/src/version1'
[0.351s] INFO:colcon.colcon_core.shell:Skip shell extension 'powershell' for command environment: Not usable outside of PowerShell
[0.351s] DEBUG:colcon.colcon_core.shell:Skip shell extension 'dsv' for command environment
[0.357s] DEBUG:colcon.colcon_core.event_handler.log_command:Invoking command in '/home/thiago/workspaces/lidar/build/version0': CMAKE_PREFIX_PATH=/opt/ros/humble /usr/bin/cmake --build /home/thiago/workspaces/lidar/build/version0 -- -j12 -l12
[0.365s] DEBUG:colcon.colcon_core.event_handler.log_command:Invoking command in '/home/thiago/workspaces/lidar/build/version1': CMAKE_PREFIX_PATH=/opt/ros/humble /usr/bin/cmake --build /home/thiago/workspaces/lidar/build/version1 -- -j12 -l12
[0.644s] DEBUG:colcon.colcon_core.event_handler.log_command:Invoked command in '/home/thiago/workspaces/lidar/build/version1' returned '0': CMAKE_PREFIX_PATH=/opt/ros/humble /usr/bin/cmake --build /home/thiago/workspaces/lidar/build/version1 -- -j12 -l12
[0.661s] DEBUG:colcon.colcon_core.event_handler.log_command:Invoked command in '/home/thiago/workspaces/lidar/build/version0' returned '0': CMAKE_PREFIX_PATH=/opt/ros/humble /usr/bin/cmake --build /home/thiago/workspaces/lidar/build/version0 -- -j12 -l12
[0.670s] DEBUG:colcon.colcon_core.event_handler.log_command:Invoking command in '/home/thiago/workspaces/lidar/build/version1': CMAKE_PREFIX_PATH=/opt/ros/humble /usr/bin/cmake --install /home/thiago/workspaces/lidar/build/version1
[0.707s] DEBUG:colcon.colcon_core.event_handler.log_command:Invoking command in '/home/thiago/workspaces/lidar/build/version0': CMAKE_PREFIX_PATH=/opt/ros/humble /usr/bin/cmake --install /home/thiago/workspaces/lidar/build/version0
[0.718s] Level 1:colcon.colcon_core.environment:create_environment_scripts_only(version1)
[0.719s] DEBUG:colcon.colcon_core.event_handler.log_command:Invoked command in '/home/thiago/workspaces/lidar/build/version1' returned '0': CMAKE_PREFIX_PATH=/opt/ros/humble /usr/bin/cmake --install /home/thiago/workspaces/lidar/build/version1
[0.726s] Level 1:colcon.colcon_core.environment:checking '/home/thiago/workspaces/lidar/install/version1' for CMake module files
[0.727s] Level 1:colcon.colcon_core.environment:checking '/home/thiago/workspaces/lidar/install/version1' for CMake config files
[0.728s] Level 1:colcon.colcon_core.shell:create_environment_hook('version1', 'cmake_prefix_path')
[0.729s] INFO:colcon.colcon_core.shell:Creating environment hook '/home/thiago/workspaces/lidar/install/version1/share/version1/hook/cmake_prefix_path.ps1'
[0.729s] INFO:colcon.colcon_core.shell:Creating environment descriptor '/home/thiago/workspaces/lidar/install/version1/share/version1/hook/cmake_prefix_path.dsv'
[0.731s] INFO:colcon.colcon_core.shell:Creating environment hook '/home/thiago/workspaces/lidar/install/version1/share/version1/hook/cmake_prefix_path.sh'
[0.732s] Level 1:colcon.colcon_core.environment:checking '/home/thiago/workspaces/lidar/install/version1/lib'
[0.732s] Level 1:colcon.colcon_core.shell:create_environment_hook('version1', 'ld_library_path_lib')
[0.733s] INFO:colcon.colcon_core.shell:Creating environment hook '/home/thiago/workspaces/lidar/install/version1/share/version1/hook/ld_library_path_lib.ps1'
[0.734s] INFO:colcon.colcon_core.shell:Creating environment descriptor '/home/thiago/workspaces/lidar/install/version1/share/version1/hook/ld_library_path_lib.dsv'
[0.734s] INFO:colcon.colcon_core.shell:Creating environment hook '/home/thiago/workspaces/lidar/install/version1/share/version1/hook/ld_library_path_lib.sh'
[0.734s] Level 1:colcon.colcon_core.environment:checking '/home/thiago/workspaces/lidar/install/version1/bin'
[0.734s] Level 1:colcon.colcon_core.environment:checking '/home/thiago/workspaces/lidar/install/version1/lib/pkgconfig/version1.pc'
[0.734s] Level 1:colcon.colcon_core.environment:checking '/home/thiago/workspaces/lidar/install/version1/lib/python3.10/site-packages'
[0.734s] Level 1:colcon.colcon_core.environment:checking '/home/thiago/workspaces/lidar/install/version1/bin'
[0.736s] INFO:colcon.colcon_core.shell:Creating package script '/home/thiago/workspaces/lidar/install/version1/share/version1/package.ps1'
[0.736s] INFO:colcon.colcon_core.shell:Creating package descriptor '/home/thiago/workspaces/lidar/install/version1/share/version1/package.dsv'
[0.736s] INFO:colcon.colcon_core.shell:Creating package script '/home/thiago/workspaces/lidar/install/version1/share/version1/package.sh'
[0.737s] INFO:colcon.colcon_core.shell:Creating package script '/home/thiago/workspaces/lidar/install/version1/share/version1/package.bash'
[0.737s] INFO:colcon.colcon_core.shell:Creating package script '/home/thiago/workspaces/lidar/install/version1/share/version1/package.zsh'
[0.738s] Level 1:colcon.colcon_core.environment:create_file_with_runtime_dependencies(/home/thiago/workspaces/lidar/install/version1/share/colcon-core/packages/version1)
[0.755s] Level 1:colcon.colcon_core.environment:create_environment_scripts_only(version1)
[0.757s] Level 1:colcon.colcon_core.environment:checking '/home/thiago/workspaces/lidar/install/version1' for CMake module files
[0.759s] Level 1:colcon.colcon_core.environment:checking '/home/thiago/workspaces/lidar/install/version1' for CMake config files
[0.760s] Level 1:colcon.colcon_core.shell:create_environment_hook('version1', 'cmake_prefix_path')
[0.761s] INFO:colcon.colcon_core.shell:Creating environment hook '/home/thiago/workspaces/lidar/install/version1/share/version1/hook/cmake_prefix_path.ps1'
[0.761s] INFO:colcon.colcon_core.shell:Creating environment descriptor '/home/thiago/workspaces/lidar/install/version1/share/version1/hook/cmake_prefix_path.dsv'
[0.761s] INFO:colcon.colcon_core.shell:Creating environment hook '/home/thiago/workspaces/lidar/install/version1/share/version1/hook/cmake_prefix_path.sh'
[0.762s] Level 1:colcon.colcon_core.environment:checking '/home/thiago/workspaces/lidar/install/version1/lib'
[0.762s] Level 1:colcon.colcon_core.shell:create_environment_hook('version1', 'ld_library_path_lib')
[0.763s] INFO:colcon.colcon_core.shell:Creating environment hook '/home/thiago/workspaces/lidar/install/version1/share/version1/hook/ld_library_path_lib.ps1'
[0.763s] INFO:colcon.colcon_core.shell:Creating environment descriptor '/home/thiago/workspaces/lidar/install/version1/share/version1/hook/ld_library_path_lib.dsv'
[0.763s] INFO:colcon.colcon_core.shell:Creating environment hook '/home/thiago/workspaces/lidar/install/version1/share/version1/hook/ld_library_path_lib.sh'
[0.763s] Level 1:colcon.colcon_core.environment:checking '/home/thiago/workspaces/lidar/install/version1/bin'
[0.763s] Level 1:colcon.colcon_core.environment:checking '/home/thiago/workspaces/lidar/install/version1/lib/pkgconfig/version1.pc'
[0.763s] Level 1:colcon.colcon_core.environment:checking '/home/thiago/workspaces/lidar/install/version1/lib/python3.10/site-packages'
[0.764s] Level 1:colcon.colcon_core.environment:checking '/home/thiago/workspaces/lidar/install/version1/bin'
[0.765s] INFO:colcon.colcon_core.shell:Creating package script '/home/thiago/workspaces/lidar/install/version1/share/version1/package.ps1'
[0.765s] INFO:colcon.colcon_core.shell:Creating package descriptor '/home/thiago/workspaces/lidar/install/version1/share/version1/package.dsv'
[0.765s] INFO:colcon.colcon_core.shell:Creating package script '/home/thiago/workspaces/lidar/install/version1/share/version1/package.sh'
[0.766s] INFO:colcon.colcon_core.shell:Creating package script '/home/thiago/workspaces/lidar/install/version1/share/version1/package.bash'
[0.766s] INFO:colcon.colcon_core.shell:Creating package script '/home/thiago/workspaces/lidar/install/version1/share/version1/package.zsh'
[0.766s] Level 1:colcon.colcon_core.environment:create_file_with_runtime_dependencies(/home/thiago/workspaces/lidar/install/version1/share/colcon-core/packages/version1)
[0.792s] Level 1:colcon.colcon_core.environment:create_environment_scripts_only(version0)
[0.794s] Level 1:colcon.colcon_core.environment:checking '/home/thiago/workspaces/lidar/install/version0' for CMake module files
[0.795s] DEBUG:colcon.colcon_core.event_handler.log_command:Invoked command in '/home/thiago/workspaces/lidar/build/version0' returned '0': CMAKE_PREFIX_PATH=/opt/ros/humble /usr/bin/cmake --install /home/thiago/workspaces/lidar/build/version0
[0.796s] Level 1:colcon.colcon_core.environment:checking '/home/thiago/workspaces/lidar/install/version0' for CMake config files
[0.797s] Level 1:colcon.colcon_core.shell:create_environment_hook('version0', 'cmake_prefix_path')
[0.798s] INFO:colcon.colcon_core.shell:Creating environment hook '/home/thiago/workspaces/lidar/install/version0/share/version0/hook/cmake_prefix_path.ps1'
[0.798s] INFO:colcon.colcon_core.shell:Creating environment descriptor '/home/thiago/workspaces/lidar/install/version0/share/version0/hook/cmake_prefix_path.dsv'
[0.798s] INFO:colcon.colcon_core.shell:Creating environment hook '/home/thiago/workspaces/lidar/install/version0/share/version0/hook/cmake_prefix_path.sh'
[0.799s] Level 1:colcon.colcon_core.environment:checking '/home/thiago/workspaces/lidar/install/version0/lib'
[0.799s] Level 1:colcon.colcon_core.shell:create_environment_hook('version0', 'ld_library_path_lib')
[0.800s] INFO:colcon.colcon_core.shell:Creating environment hook '/home/thiago/workspaces/lidar/install/version0/share/version0/hook/ld_library_path_lib.ps1'
[0.800s] INFO:colcon.colcon_core.shell:Creating environment descriptor '/home/thiago/workspaces/lidar/install/version0/share/version0/hook/ld_library_path_lib.dsv'
[0.800s] INFO:colcon.colcon_core.shell:Creating environment hook '/home/thiago/workspaces/lidar/install/version0/share/version0/hook/ld_library_path_lib.sh'
[0.800s] Level 1:colcon.colcon_core.environment:checking '/home/thiago/workspaces/lidar/install/version0/bin'
[0.800s] Level 1:colcon.colcon_core.environment:checking '/home/thiago/workspaces/lidar/install/version0/lib/pkgconfig/version0.pc'
[0.801s] Level 1:colcon.colcon_core.environment:checking '/home/thiago/workspaces/lidar/install/version0/lib/python3.10/site-packages'
[0.801s] Level 1:colcon.colcon_core.environment:checking '/home/thiago/workspaces/lidar/install/version0/bin'
[0.802s] INFO:colcon.colcon_core.shell:Creating package script '/home/thiago/workspaces/lidar/install/version0/share/version0/package.ps1'
[0.802s] INFO:colcon.colcon_core.shell:Creating package descriptor '/home/thiago/workspaces/lidar/install/version0/share/version0/package.dsv'
[0.802s] INFO:colcon.colcon_core.shell:Creating package script '/home/thiago/workspaces/lidar/install/version0/share/version0/package.sh'
[0.803s] INFO:colcon.colcon_core.shell:Creating package script '/home/thiago/workspaces/lidar/install/version0/share/version0/package.bash'
[0.803s] INFO:colcon.colcon_core.shell:Creating package script '/home/thiago/workspaces/lidar/install/version0/share/version0/package.zsh'
[0.803s] Level 1:colcon.colcon_core.environment:create_file_with_runtime_dependencies(/home/thiago/workspaces/lidar/install/version0/share/colcon-core/packages/version0)
[0.847s] Level 1:colcon.colcon_core.environment:create_environment_scripts_only(version0)
[0.848s] Level 1:colcon.colcon_core.environment:checking '/home/thiago/workspaces/lidar/install/version0' for CMake module files
[0.849s] Level 1:colcon.colcon_core.environment:checking '/home/thiago/workspaces/lidar/install/version0' for CMake config files
[0.850s] Level 1:colcon.colcon_core.shell:create_environment_hook('version0', 'cmake_prefix_path')
[0.851s] INFO:colcon.colcon_core.shell:Creating environment hook '/home/thiago/workspaces/lidar/install/version0/share/version0/hook/cmake_prefix_path.ps1'
[0.851s] INFO:colcon.colcon_core.shell:Creating environment descriptor '/home/thiago/workspaces/lidar/install/version0/share/version0/hook/cmake_prefix_path.dsv'
[0.851s] INFO:colcon.colcon_core.shell:Creating environment hook '/home/thiago/workspaces/lidar/install/version0/share/version0/hook/cmake_prefix_path.sh'
[0.852s] Level 1:colcon.colcon_core.environment:checking '/home/thiago/workspaces/lidar/install/version0/lib'
[0.852s] Level 1:colcon.colcon_core.shell:create_environment_hook('version0', 'ld_library_path_lib')
[0.853s] INFO:colcon.colcon_core.shell:Creating environment hook '/home/thiago/workspaces/lidar/install/version0/share/version0/hook/ld_library_path_lib.ps1'
[0.854s] INFO:colcon.colcon_core.shell:Creating environment descriptor '/home/thiago/workspaces/lidar/install/version0/share/version0/hook/ld_library_path_lib.dsv'
[0.854s] INFO:colcon.colcon_core.shell:Creating environment hook '/home/thiago/workspaces/lidar/install/version0/share/version0/hook/ld_library_path_lib.sh'
[0.854s] Level 1:colcon.colcon_core.environment:checking '/home/thiago/workspaces/lidar/install/version0/bin'
[0.854s] Level 1:colcon.colcon_core.environment:checking '/home/thiago/workspaces/lidar/install/version0/lib/pkgconfig/version0.pc'
[0.854s] Level 1:colcon.colcon_core.environment:checking '/home/thiago/workspaces/lidar/install/version0/lib/python3.10/site-packages'
[0.855s] Level 1:colcon.colcon_core.environment:checking '/home/thiago/workspaces/lidar/install/version0/bin'
[0.856s] INFO:colcon.colcon_core.shell:Creating package script '/home/thiago/workspaces/lidar/install/version0/share/version0/package.ps1'
[0.856s] INFO:colcon.colcon_core.shell:Creating package descriptor '/home/thiago/workspaces/lidar/install/version0/share/version0/package.dsv'
[0.857s] INFO:colcon.colcon_core.shell:Creating package script '/home/thiago/workspaces/lidar/install/version0/share/version0/package.sh'
[0.857s] INFO:colcon.colcon_core.shell:Creating package script '/home/thiago/workspaces/lidar/install/version0/share/version0/package.bash'
[0.857s] INFO:colcon.colcon_core.shell:Creating package script '/home/thiago/workspaces/lidar/install/version0/share/version0/package.zsh'
[0.858s] Level 1:colcon.colcon_core.environment:create_file_with_runtime_dependencies(/home/thiago/workspaces/lidar/install/version0/share/colcon-core/packages/version0)
[0.858s] DEBUG:colcon.colcon_parallel_executor.executor.parallel:closing loop
[0.858s] DEBUG:colcon.colcon_parallel_executor.executor.parallel:loop closed
[0.858s] DEBUG:colcon.colcon_parallel_executor.executor.parallel:run_until_complete finished with '0'
[0.858s] DEBUG:colcon.colcon_core.event_reactor:joining thread
[0.862s] INFO:colcon.colcon_core.plugin_system:Skipping extension 'colcon_notification.desktop_notification.terminal_notifier': Not used on non-Darwin systems
[0.863s] INFO:colcon.colcon_core.plugin_system:Skipping extension 'colcon_notification.desktop_notification.win32': Not used on non-Windows systems
[0.863s] INFO:colcon.colcon_notification.desktop_notification:Sending desktop notification using 'notify2'
[0.873s] DEBUG:colcon.colcon_core.event_reactor:joined thread
[0.874s] INFO:colcon.colcon_core.shell:Creating prefix script '/home/thiago/workspaces/lidar/install/local_setup.ps1'
[0.875s] INFO:colcon.colcon_core.shell:Creating prefix util module '/home/thiago/workspaces/lidar/install/_local_setup_util_ps1.py'
[0.877s] INFO:colcon.colcon_core.shell:Creating prefix chain script '/home/thiago/workspaces/lidar/install/setup.ps1'
[0.878s] INFO:colcon.colcon_core.shell:Creating prefix script '/home/thiago/workspaces/lidar/install/local_setup.sh'
[0.879s] INFO:colcon.colcon_core.shell:Creating prefix util module '/home/thiago/workspaces/lidar/install/_local_setup_util_sh.py'
[0.879s] INFO:colcon.colcon_core.shell:Creating prefix chain script '/home/thiago/workspaces/lidar/install/setup.sh'
[0.880s] INFO:colcon.colcon_core.shell:Creating prefix script '/home/thiago/workspaces/lidar/install/local_setup.bash'
[0.881s] INFO:colcon.colcon_core.shell:Creating prefix chain script '/home/thiago/workspaces/lidar/install/setup.bash'
[0.883s] INFO:colcon.colcon_core.shell:Creating prefix script '/home/thiago/workspaces/lidar/install/local_setup.zsh'
[0.884s] INFO:colcon.colcon_core.shell:Creating prefix chain script '/home/thiago/workspaces/lidar/install/setup.zsh'
