[0.000000] (-) TimerEvent: {}
[0.000689] (version0) JobQueued: {'identifier': 'version0', 'dependencies': OrderedDict()}
[0.000720] (version1) JobQueued: {'identifier': 'version1', 'dependencies': OrderedDict()}
[0.000740] (version0) JobStarted: {'identifier': 'version0'}
[0.007523] (version1) JobStarted: {'identifier': 'version1'}
[0.012085] (version0) JobProgress: {'identifier': 'version0', 'progress': 'cmake'}
[0.012887] (version0) JobProgress: {'identifier': 'version0', 'progress': 'build'}
[0.013520] (version0) Command: {'cmd': ['/usr/bin/cmake', '--build', '/home/thiago/workspaces/lidar/build/version0', '--', '-j12', '-l12'], 'cwd': '/home/thiago/workspaces/lidar/build/version0', 'env': OrderedDict([('GJS_DEBUG_TOPICS', 'JS ERROR;JS LOG'), ('LESSOPEN', '| /usr/bin/lesspipe %s'), ('USER', 'thiago'), ('LC_TIME', 'es_AR.UTF-8'), ('GIO_MODULE_DIR', '/home/thiago/snap/code/common/.cache/gio-modules'), ('XDG_SESSION_TYPE', 'wayland'), ('GIT_ASKPASS', '/snap/code/136/usr/share/code/resources/app/extensions/git/dist/askpass.sh'), ('GTK_EXE_PREFIX_VSCODE_SNAP_ORIG', ''), ('GDK_BACKEND_VSCODE_SNAP_ORIG', ''), ('SHLVL', '1'), ('LD_LIBRARY_PATH', '/opt/ros/humble/opt/rviz_ogre_vendor/lib:/opt/ros/humble/lib/x86_64-linux-gnu:/opt/ros/humble/lib'), ('HOME', '/home/thiago'), ('CHROME_DESKTOP', 'code-url-handler.desktop'), ('LOCPATH_VSCODE_SNAP_ORIG', ''), ('TERM_PROGRAM_VERSION', '1.81.0'), ('DESKTOP_SESSION', 'ubuntu'), ('GTK_PATH', '/snap/code/136/usr/lib/x86_64-linux-gnu/gtk-3.0'), ('GTK_IM_MODULE_FILE', '/home/thiago/snap/code/common/.cache/immodules/immodules.cache'), ('GIO_LAUNCHED_DESKTOP_FILE', '/var/lib/snapd/desktop/applications/code_code.desktop'), ('ROS_PYTHON_VERSION', '3'), ('GNOME_SHELL_SESSION_MODE', 'ubuntu'), ('GTK_MODULES', 'gail:atk-bridge'), ('GSETTINGS_SCHEMA_DIR_VSCODE_SNAP_ORIG', ''), ('VSCODE_GIT_ASKPASS_MAIN', '/snap/code/136/usr/share/code/resources/app/extensions/git/dist/askpass-main.js'), ('LC_MONETARY', 'es_AR.UTF-8'), ('VSCODE_GIT_ASKPASS_NODE', '/snap/code/136/usr/share/code/code'), ('MANAGERPID', '1619'), ('SYSTEMD_EXEC_PID', '1833'), ('IM_CONFIG_CHECK_ENV', '1'), ('DBUS_SESSION_BUS_ADDRESS', 'unix:path=/run/user/1000/bus'), ('COLORTERM', 'truecolor'), ('GIO_LAUNCHED_DESKTOP_FILE_PID', '9035'), ('IM_CONFIG_PHASE', '1'), ('WAYLAND_DISPLAY', 'wayland-0'), ('ROS_DISTRO', 'humble'), ('LOGNAME', 'thiago'), ('JOURNAL_STREAM', '8:35974'), ('_', '/usr/bin/colcon'), ('ROS_VERSION', '2'), ('XDG_CONFIG_DIRS_VSCODE_SNAP_ORIG', '/etc/xdg/xdg-ubuntu:/etc/xdg'), ('XDG_SESSION_CLASS', 'user'), ('XDG_DATA_DIRS_VSCODE_SNAP_ORIG', '/usr/share/ubuntu:/usr/local/share/:/usr/share/:/var/lib/snapd/desktop'), ('USERNAME', 'thiago'), ('TERM', 'xterm-256color'), ('GNOME_DESKTOP_SESSION_ID', 'this-is-deprecated'), ('ROS_LOCALHOST_ONLY', '0'), ('PATH', '/home/thiago/.local/bin:/opt/ros/humble/bin:/home/thiago/.local/bin:/usr/local/sbin:/usr/local/bin:/usr/sbin:/usr/bin:/sbin:/bin:/usr/games:/usr/local/games:/snap/bin:/snap/bin'), ('SESSION_MANAGER', 'local/thiago-ubuntu:@/tmp/.ICE-unix/1787,unix/thiago-ubuntu:/tmp/.ICE-unix/1787'), ('GTK_EXE_PREFIX', '/snap/code/136/usr'), ('INVOCATION_ID', 'f39377580b26404cad46146b8cfc4176'), ('XDG_MENU_PREFIX', 'gnome-'), ('LC_ADDRESS', 'es_AR.UTF-8'), ('BAMF_DESKTOP_FILE_HINT', '/var/lib/snapd/desktop/applications/code_code.desktop'), ('GNOME_SETUP_DISPLAY', ':1'), ('XDG_RUNTIME_DIR', '/run/user/1000'), ('GDK_BACKEND', 'x11'), ('DISPLAY', ':0'), ('LOCPATH', '/snap/code/136/usr/lib/locale'), ('LANG', 'en_US.UTF-8'), ('XDG_CURRENT_DESKTOP', 'Unity'), ('LC_TELEPHONE', 'es_AR.UTF-8'), ('GIO_MODULE_DIR_VSCODE_SNAP_ORIG', ''), ('XMODIFIERS', '@im=ibus'), ('XDG_SESSION_DESKTOP', 'ubuntu'), ('XAUTHORITY', '/run/user/1000/.mutter-Xwaylandauth.PSCU91'), ('LS_COLORS', ''), ('VSCODE_GIT_IPC_HANDLE', '/run/user/1000/vscode-git-f6dfffcee1.sock'), ('TERM_PROGRAM', 'vscode'), ('SSH_AGENT_LAUNCHER', 'gnome-keyring'), ('SSH_AUTH_SOCK', '/run/user/1000/keyring/ssh'), ('GSETTINGS_SCHEMA_DIR', '/home/thiago/snap/code/136/.local/share/glib-2.0/schemas'), ('AMENT_PREFIX_PATH', '/opt/ros/humble'), ('ORIGINAL_XDG_CURRENT_DESKTOP', 'ubuntu:GNOME'), ('SHELL', '/bin/bash'), ('LC_NAME', 'es_AR.UTF-8'), ('QT_ACCESSIBILITY', '1'), ('GDMSESSION', 'ubuntu'), ('LESSCLOSE', '/usr/bin/lesspipe %s %s'), ('GTK_PATH_VSCODE_SNAP_ORIG', ''), ('GTK_IM_MODULE_FILE_VSCODE_SNAP_ORIG', ''), ('LC_MEASUREMENT', 'es_AR.UTF-8'), ('GJS_DEBUG_OUTPUT', 'stderr'), ('LC_IDENTIFICATION', 'es_AR.UTF-8'), ('VSCODE_GIT_ASKPASS_EXTRA_ARGS', '--ms-enable-electron-run-as-node'), ('QT_IM_MODULE', 'ibus'), ('PWD', '/home/thiago/workspaces/lidar/build/version0'), ('LC_ALL', 'en_US.UTF-8'), ('XDG_CONFIG_DIRS', '/etc/xdg/xdg-ubuntu:/etc/xdg'), ('XDG_DATA_DIRS', '/home/thiago/snap/code/136/.local/share:/home/thiago/snap/code/136:/snap/code/136/usr/share:/usr/share/ubuntu:/usr/local/share/:/usr/share/:/var/lib/snapd/desktop'), ('PYTHONPATH', '/opt/ros/humble/lib/python3.10/site-packages:/opt/ros/humble/local/lib/python3.10/dist-packages'), ('LC_NUMERIC', 'es_AR.UTF-8'), ('LC_PAPER', 'es_AR.UTF-8'), ('COLCON', '1'), ('CMAKE_PREFIX_PATH', '/opt/ros/humble')]), 'shell': False}
[0.017205] (version1) JobProgress: {'identifier': 'version1', 'progress': 'cmake'}
[0.019778] (version1) JobProgress: {'identifier': 'version1', 'progress': 'build'}
[0.020093] (version1) Command: {'cmd': ['/usr/bin/cmake', '--build', '/home/thiago/workspaces/lidar/build/version1', '--', '-j12', '-l12'], 'cwd': '/home/thiago/workspaces/lidar/build/version1', 'env': OrderedDict([('GJS_DEBUG_TOPICS', 'JS ERROR;JS LOG'), ('LESSOPEN', '| /usr/bin/lesspipe %s'), ('USER', 'thiago'), ('LC_TIME', 'es_AR.UTF-8'), ('GIO_MODULE_DIR', '/home/thiago/snap/code/common/.cache/gio-modules'), ('XDG_SESSION_TYPE', 'wayland'), ('GIT_ASKPASS', '/snap/code/136/usr/share/code/resources/app/extensions/git/dist/askpass.sh'), ('GTK_EXE_PREFIX_VSCODE_SNAP_ORIG', ''), ('GDK_BACKEND_VSCODE_SNAP_ORIG', ''), ('SHLVL', '1'), ('LD_LIBRARY_PATH', '/opt/ros/humble/opt/rviz_ogre_vendor/lib:/opt/ros/humble/lib/x86_64-linux-gnu:/opt/ros/humble/lib'), ('HOME', '/home/thiago'), ('CHROME_DESKTOP', 'code-url-handler.desktop'), ('LOCPATH_VSCODE_SNAP_ORIG', ''), ('TERM_PROGRAM_VERSION', '1.81.0'), ('DESKTOP_SESSION', 'ubuntu'), ('GTK_PATH', '/snap/code/136/usr/lib/x86_64-linux-gnu/gtk-3.0'), ('GTK_IM_MODULE_FILE', '/home/thiago/snap/code/common/.cache/immodules/immodules.cache'), ('GIO_LAUNCHED_DESKTOP_FILE', '/var/lib/snapd/desktop/applications/code_code.desktop'), ('ROS_PYTHON_VERSION', '3'), ('GNOME_SHELL_SESSION_MODE', 'ubuntu'), ('GTK_MODULES', 'gail:atk-bridge'), ('GSETTINGS_SCHEMA_DIR_VSCODE_SNAP_ORIG', ''), ('VSCODE_GIT_ASKPASS_MAIN', '/snap/code/136/usr/share/code/resources/app/extensions/git/dist/askpass-main.js'), ('LC_MONETARY', 'es_AR.UTF-8'), ('VSCODE_GIT_ASKPASS_NODE', '/snap/code/136/usr/share/code/code'), ('MANAGERPID', '1619'), ('SYSTEMD_EXEC_PID', '1833'), ('IM_CONFIG_CHECK_ENV', '1'), ('DBUS_SESSION_BUS_ADDRESS', 'unix:path=/run/user/1000/bus'), ('COLORTERM', 'truecolor'), ('GIO_LAUNCHED_DESKTOP_FILE_PID', '9035'), ('IM_CONFIG_PHASE', '1'), ('WAYLAND_DISPLAY', 'wayland-0'), ('ROS_DISTRO', 'humble'), ('LOGNAME', 'thiago'), ('JOURNAL_STREAM', '8:35974'), ('_', '/usr/bin/colcon'), ('ROS_VERSION', '2'), ('XDG_CONFIG_DIRS_VSCODE_SNAP_ORIG', '/etc/xdg/xdg-ubuntu:/etc/xdg'), ('XDG_SESSION_CLASS', 'user'), ('XDG_DATA_DIRS_VSCODE_SNAP_ORIG', '/usr/share/ubuntu:/usr/local/share/:/usr/share/:/var/lib/snapd/desktop'), ('USERNAME', 'thiago'), ('TERM', 'xterm-256color'), ('GNOME_DESKTOP_SESSION_ID', 'this-is-deprecated'), ('ROS_LOCALHOST_ONLY', '0'), ('PATH', '/home/thiago/.local/bin:/opt/ros/humble/bin:/home/thiago/.local/bin:/usr/local/sbin:/usr/local/bin:/usr/sbin:/usr/bin:/sbin:/bin:/usr/games:/usr/local/games:/snap/bin:/snap/bin'), ('SESSION_MANAGER', 'local/thiago-ubuntu:@/tmp/.ICE-unix/1787,unix/thiago-ubuntu:/tmp/.ICE-unix/1787'), ('GTK_EXE_PREFIX', '/snap/code/136/usr'), ('INVOCATION_ID', 'f39377580b26404cad46146b8cfc4176'), ('XDG_MENU_PREFIX', 'gnome-'), ('LC_ADDRESS', 'es_AR.UTF-8'), ('BAMF_DESKTOP_FILE_HINT', '/var/lib/snapd/desktop/applications/code_code.desktop'), ('GNOME_SETUP_DISPLAY', ':1'), ('XDG_RUNTIME_DIR', '/run/user/1000'), ('GDK_BACKEND', 'x11'), ('DISPLAY', ':0'), ('LOCPATH', '/snap/code/136/usr/lib/locale'), ('LANG', 'en_US.UTF-8'), ('XDG_CURRENT_DESKTOP', 'Unity'), ('LC_TELEPHONE', 'es_AR.UTF-8'), ('GIO_MODULE_DIR_VSCODE_SNAP_ORIG', ''), ('XMODIFIERS', '@im=ibus'), ('XDG_SESSION_DESKTOP', 'ubuntu'), ('XAUTHORITY', '/run/user/1000/.mutter-Xwaylandauth.PSCU91'), ('LS_COLORS', ''), ('VSCODE_GIT_IPC_HANDLE', '/run/user/1000/vscode-git-f6dfffcee1.sock'), ('TERM_PROGRAM', 'vscode'), ('SSH_AGENT_LAUNCHER', 'gnome-keyring'), ('SSH_AUTH_SOCK', '/run/user/1000/keyring/ssh'), ('GSETTINGS_SCHEMA_DIR', '/home/thiago/snap/code/136/.local/share/glib-2.0/schemas'), ('AMENT_PREFIX_PATH', '/opt/ros/humble'), ('ORIGINAL_XDG_CURRENT_DESKTOP', 'ubuntu:GNOME'), ('SHELL', '/bin/bash'), ('LC_NAME', 'es_AR.UTF-8'), ('QT_ACCESSIBILITY', '1'), ('GDMSESSION', 'ubuntu'), ('LESSCLOSE', '/usr/bin/lesspipe %s %s'), ('GTK_PATH_VSCODE_SNAP_ORIG', ''), ('GTK_IM_MODULE_FILE_VSCODE_SNAP_ORIG', ''), ('LC_MEASUREMENT', 'es_AR.UTF-8'), ('GJS_DEBUG_OUTPUT', 'stderr'), ('LC_IDENTIFICATION', 'es_AR.UTF-8'), ('VSCODE_GIT_ASKPASS_EXTRA_ARGS', '--ms-enable-electron-run-as-node'), ('QT_IM_MODULE', 'ibus'), ('PWD', '/home/thiago/workspaces/lidar/build/version1'), ('LC_ALL', 'en_US.UTF-8'), ('XDG_CONFIG_DIRS', '/etc/xdg/xdg-ubuntu:/etc/xdg'), ('XDG_DATA_DIRS', '/home/thiago/snap/code/136/.local/share:/home/thiago/snap/code/136:/snap/code/136/usr/share:/usr/share/ubuntu:/usr/local/share/:/usr/share/:/var/lib/snapd/desktop'), ('PYTHONPATH', '/opt/ros/humble/lib/python3.10/site-packages:/opt/ros/humble/local/lib/python3.10/dist-packages'), ('LC_NUMERIC', 'es_AR.UTF-8'), ('LC_PAPER', 'es_AR.UTF-8'), ('COLCON', '1'), ('CMAKE_PREFIX_PATH', '/opt/ros/humble')]), 'shell': False}
[0.055691] (version0) StdoutLine: {'line': b'-- Found ament_cmake: 1.3.5 (/opt/ros/humble/share/ament_cmake/cmake)\n'}
[0.057605] (version1) StdoutLine: {'line': b'-- Found ament_cmake: 1.3.5 (/opt/ros/humble/share/ament_cmake/cmake)\n'}
[0.099732] (-) TimerEvent: {}
[0.115176] (version1) StdoutLine: {'line': b'-- Found Python3: /usr/bin/python3.10 (found version "3.10.12") found components: Interpreter \n'}
[0.116251] (version0) StdoutLine: {'line': b'-- Found Python3: /usr/bin/python3.10 (found version "3.10.12") found components: Interpreter \n'}
[0.169293] (version0) StdoutLine: {'line': b'-- Override CMake install command with custom implementation using symlinks instead of copying resources\n'}
[0.169505] (version1) StdoutLine: {'line': b'-- Override CMake install command with custom implementation using symlinks instead of copying resources\n'}
[0.181009] (version1) StdoutLine: {'line': b'-- Found cv_bridge: 3.2.1 (/opt/ros/humble/share/cv_bridge/cmake)\n'}
[0.181188] (version0) StdoutLine: {'line': b'-- Found cv_bridge: 3.2.1 (/opt/ros/humble/share/cv_bridge/cmake)\n'}
[0.199790] (-) TimerEvent: {}
[0.214675] (version0) StdoutLine: {'line': b'-- Found rosidl_generator_c: 3.1.5 (/opt/ros/humble/share/rosidl_generator_c/cmake)\n'}
[0.214897] (version1) StdoutLine: {'line': b'-- Found rosidl_generator_c: 3.1.5 (/opt/ros/humble/share/rosidl_generator_c/cmake)\n'}
[0.218532] (version0) StdoutLine: {'line': b'-- Found rosidl_adapter: 3.1.5 (/opt/ros/humble/share/rosidl_adapter/cmake)\n'}
[0.218691] (version1) StdoutLine: {'line': b'-- Found rosidl_adapter: 3.1.5 (/opt/ros/humble/share/rosidl_adapter/cmake)\n'}
[0.227198] (version0) StdoutLine: {'line': b'-- Found rosidl_generator_cpp: 3.1.5 (/opt/ros/humble/share/rosidl_generator_cpp/cmake)\n'}
[0.227360] (version1) StdoutLine: {'line': b'-- Found rosidl_generator_cpp: 3.1.5 (/opt/ros/humble/share/rosidl_generator_cpp/cmake)\n'}
[0.241980] (version1) StdoutLine: {'line': b'-- Using all available rosidl_typesupport_c: rosidl_typesupport_fastrtps_c;rosidl_typesupport_introspection_c\n'}
[0.242157] (version0) StdoutLine: {'line': b'-- Using all available rosidl_typesupport_c: rosidl_typesupport_fastrtps_c;rosidl_typesupport_introspection_c\n'}
[0.256263] (version0) StdoutLine: {'line': b'-- Using all available rosidl_typesupport_cpp: rosidl_typesupport_fastrtps_cpp;rosidl_typesupport_introspection_cpp\n'}
[0.256459] (version1) StdoutLine: {'line': b'-- Using all available rosidl_typesupport_cpp: rosidl_typesupport_fastrtps_cpp;rosidl_typesupport_introspection_cpp\n'}
[0.299902] (-) TimerEvent: {}
[0.400206] (-) TimerEvent: {}
[0.427309] (version1) StdoutLine: {'line': b'-- Found laser_geometry: 2.4.0 (/opt/ros/humble/share/laser_geometry/cmake)\n'}
[0.427586] (version0) StdoutLine: {'line': b'-- Found rosidl_default_generators: 1.2.0 (/opt/ros/humble/share/rosidl_default_generators/cmake)\n'}
[0.475785] (version1) StdoutLine: {'line': b'-- Found rmw_implementation_cmake: 6.1.1 (/opt/ros/humble/share/rmw_implementation_cmake/cmake)\n'}
[0.477486] (version1) StdoutLine: {'line': b'-- Found rmw_fastrtps_cpp: 6.2.3 (/opt/ros/humble/share/rmw_fastrtps_cpp/cmake)\n'}
[0.500311] (-) TimerEvent: {}
[0.578461] (version1) StdoutLine: {'line': b"-- Using RMW implementation 'rmw_fastrtps_cpp' as default\n"}
[0.600415] (-) TimerEvent: {}
[0.700689] (-) TimerEvent: {}
[0.706532] (version1) StdoutLine: {'line': b'-- Found rosidl_default_generators: 1.2.0 (/opt/ros/humble/share/rosidl_default_generators/cmake)\n'}
[0.714188] (version1) StdoutLine: {'line': b'-- Found rclpy: 3.3.9 (/opt/ros/humble/share/rclpy/cmake)\n'}
[0.714378] (version1) StdoutLine: {'line': b'-- Found perception_pcl: 2.4.0 (/opt/ros/humble/share/perception_pcl/cmake)\n'}
[0.715027] (version1) StdoutLine: {'line': b'-- Found pcl_ros: 2.4.0 (/opt/ros/humble/share/pcl_ros/cmake)\n'}
[0.722865] (version0) StdoutLine: {'line': b'-- Found ament_cmake_ros: 0.10.0 (/opt/ros/humble/share/ament_cmake_ros/cmake)\n'}
[0.800796] (-) TimerEvent: {}
[0.901072] (-) TimerEvent: {}
[0.924012] (version1) StdoutLine: {'line': b'-- Ensuring Eigen3 include directory is part of orocos-kdl CMake target\n'}
[1.001170] (-) TimerEvent: {}
[1.082076] (version0) StdoutLine: {'line': b'-- Using all available rosidl_typesupport_c: rosidl_typesupport_fastrtps_c;rosidl_typesupport_introspection_c\n'}
[1.101264] (-) TimerEvent: {}
[1.201540] (-) TimerEvent: {}
[1.220339] (version0) StdoutLine: {'line': b'-- Using all available rosidl_typesupport_cpp: rosidl_typesupport_fastrtps_cpp;rosidl_typesupport_introspection_cpp\n'}
[1.230284] (version1) StdoutLine: {'line': b'-- Eigen found (include: /usr/include/eigen3, version: 3.4.0)\n'}
[1.236607] (version0) StdoutLine: {'line': b'-- Found PythonInterp: /usr/bin/python3 (found suitable version "3.10.12", minimum required is "3.6") \n'}
[1.237182] (version0) StdoutLine: {'line': b'-- Found python_cmake_module: 0.10.0 (/opt/ros/humble/share/python_cmake_module/cmake)\n'}
[1.254236] (version0) StdoutLine: {'line': b'-- Found PythonLibs: /usr/lib/x86_64-linux-gnu/libpython3.10.so (found suitable version "3.10.12", minimum required is "3.5") \n'}
[1.254456] (version0) StdoutLine: {'line': b'-- Using PYTHON_EXECUTABLE: /usr/bin/python3\n'}
[1.254538] (version0) StdoutLine: {'line': b'-- Using PYTHON_INCLUDE_DIRS: /usr/include/python3.10\n'}
[1.254615] (version0) StdoutLine: {'line': b'-- Using PYTHON_LIBRARIES: /usr/lib/x86_64-linux-gnu/libpython3.10.so\n'}
[1.257342] (version1) StdoutLine: {'line': b'-- FLANN found (include: /usr/include, lib: /usr/lib/x86_64-linux-gnu/libflann_cpp.so)\n'}
[1.297079] (version0) StdoutLine: {'line': b'-- Found ament_lint_auto: 0.12.7 (/opt/ros/humble/share/ament_lint_auto/cmake)\n'}
[1.301623] (-) TimerEvent: {}
[1.316313] (version0) StdoutLine: {'line': b"-- Added test 'flake8' to check Python code syntax and style conventions\n"}
[1.316578] (version0) StdoutLine: {'line': b"-- Added test 'lint_cmake' to check CMake code style\n"}
[1.317066] (version0) StdoutLine: {'line': b"-- Added test 'pep257' to check Python code against some of the docstring style conventions in PEP 257\n"}
[1.318593] (version0) StdoutLine: {'line': b"-- Added test 'xmllint' to check XML markup files\n"}
[1.321666] (version0) StdoutLine: {'line': b'-- Configuring done\n'}
[1.368190] (version0) StdoutLine: {'line': b'-- Generating done\n'}
[1.370719] (version0) StdoutLine: {'line': b'-- Build files have been written to: /home/thiago/workspaces/lidar/build/version0\n'}
[1.393525] (version0) StdoutLine: {'line': b'[  2%] \x1b[34m\x1b[1mGenerating C code for ROS interfaces\x1b[0m\n'}
[1.400911] (version0) StdoutLine: {'line': b'[  5%] \x1b[34m\x1b[1mGenerating C++ code for ROS interfaces\x1b[0m\n'}
[1.401713] (-) TimerEvent: {}
[1.407843] (version0) StdoutLine: {'line': b'[  5%] Built target ament_cmake_python_symlink_version0\n'}
[1.409300] (version0) StdoutLine: {'line': b'[  5%] Built target ament_cmake_python_symlink_scripts\n'}
[1.501824] (-) TimerEvent: {}
[1.572227] (version1) StdoutLine: {'line': b'-- OpenNI found (version: 1.5.4.0, include: /usr/include/ni, lib: /usr/lib/libOpenNI.so;libusb::libusb)\n'}
[1.577181] (version1) StdoutLine: {'line': b'-- OpenNI2 found (version: 2.2.0.33, include: /usr/include/openni2, lib: /usr/lib/x86_64-linux-gnu/libOpenNI2.so;libusb::libusb)\n'}
[1.601925] (-) TimerEvent: {}
[1.612720] (version0) StdoutLine: {'line': b'running egg_info\n'}
[1.614270] (version0) StdoutLine: {'line': b'writing scripts.egg-info/PKG-INFO\n'}
[1.614439] (version0) StdoutLine: {'line': b'writing dependency_links to scripts.egg-info/dependency_links.txt\n'}
[1.614547] (version0) StdoutLine: {'line': b'writing top-level names to scripts.egg-info/top_level.txt\n'}
[1.617497] (version0) StdoutLine: {'line': b"reading manifest file 'scripts.egg-info/SOURCES.txt'\n"}
[1.619373] (version0) StdoutLine: {'line': b"writing manifest file 'scripts.egg-info/SOURCES.txt'\n"}
[1.650887] (version0) StdoutLine: {'line': b'[  5%] Built target ament_cmake_python_build_scripts_egg\n'}
[1.666147] (version0) StdoutLine: {'line': b'running egg_info\n'}
[1.666943] (version0) StdoutLine: {'line': b'writing version0.egg-info/PKG-INFO\n'}
[1.667304] (version0) StdoutLine: {'line': b'writing dependency_links to version0.egg-info/dependency_links.txt\n'}
[1.667482] (version0) StdoutLine: {'line': b'writing top-level names to version0.egg-info/top_level.txt\n'}
[1.669474] (version0) StdoutLine: {'line': b"reading manifest file 'version0.egg-info/SOURCES.txt'\n"}
[1.670120] (version0) StdoutLine: {'line': b"writing manifest file 'version0.egg-info/SOURCES.txt'\n"}
[1.702042] (-) TimerEvent: {}
[1.703550] (version0) StdoutLine: {'line': b'[  5%] Built target ament_cmake_python_build_version0_egg\n'}
[1.744632] (version1) StdoutLine: {'line': b'-- Eigen found (include: /usr/include/eigen3, version: 3.4.0)\n'}
[1.751762] (version1) StdoutLine: {'line': b'-- OpenNI found (version: 1.5.4.0, include: /usr/include/ni, lib: /usr/lib/libOpenNI.so;libusb::libusb)\n'}
[1.758699] (version1) StdoutLine: {'line': b'-- OpenNI2 found (version: 2.2.0.33, include: /usr/include/openni2, lib: /usr/lib/x86_64-linux-gnu/libOpenNI2.so;libusb::libusb)\n'}
[1.802184] (-) TimerEvent: {}
[1.810766] (version0) StdoutLine: {'line': b'[  5%] Built target version0__cpp\n'}
[1.821545] (version0) StdoutLine: {'line': b'[ 12%] \x1b[34m\x1b[1mGenerating C++ type support dispatch for ROS interfaces\x1b[0m\n'}
[1.821826] (version0) StdoutLine: {'line': b'[ 12%] \x1b[34m\x1b[1mGenerating C++ introspection for ROS interfaces\x1b[0m\n'}
[1.821955] (version0) StdoutLine: {'line': b'[ 12%] \x1b[34m\x1b[1mGenerating C++ type support for eProsima Fast-RTPS\x1b[0m\n'}
[1.902287] (-) TimerEvent: {}
[1.935471] (version0) StdoutLine: {'line': b'\x1b[35m\x1b[1mConsolidate compiler generated dependencies of target version0__rosidl_generator_c\x1b[0m\n'}
[1.936982] (version1) StdoutLine: {'line': b'-- Found Qhull version 8.0.2\n'}
[1.947299] (version0) StdoutLine: {'line': b'[ 17%] \x1b[32mBuilding C object CMakeFiles/version0__rosidl_generator_c.dir/rosidl_generator_c/version0/action/detail/navigate__functions.c.o\x1b[0m\n'}
[1.947586] (version0) StdoutLine: {'line': b'[ 17%] \x1b[32mBuilding C object CMakeFiles/version0__rosidl_generator_c.dir/rosidl_generator_c/version0/srv/detail/odd_even_check__functions.c.o\x1b[0m\n'}
[2.002420] (-) TimerEvent: {}
[2.076343] (version0) StdoutLine: {'line': b'[ 20%] \x1b[32m\x1b[1mLinking C shared library libversion0__rosidl_generator_c.so\x1b[0m\n'}
[2.102546] (-) TimerEvent: {}
[2.126956] (version0) StdoutLine: {'line': b'[ 20%] Built target version0__rosidl_generator_c\n'}
[2.140925] (version0) StdoutLine: {'line': b'[ 28%] \x1b[34m\x1b[1mGenerating C type support dispatch for ROS interfaces\x1b[0m\n'}
[2.141203] (version0) StdoutLine: {'line': b'[ 28%] \x1b[34m\x1b[1mGenerating C type support for eProsima Fast-RTPS\x1b[0m\n'}
[2.141361] (version0) StdoutLine: {'line': b'[ 28%] \x1b[34m\x1b[1mGenerating C introspection for ROS interfaces\x1b[0m\n'}
[2.142928] (version1) StdoutLine: {'line': b'-- OpenNI found (version: 1.5.4.0, include: /usr/include/ni, lib: /usr/lib/libOpenNI.so;libusb::libusb)\n'}
[2.156566] (version0) StdoutLine: {'line': b'\x1b[35m\x1b[1mConsolidate compiler generated dependencies of target version0__rosidl_typesupport_cpp\x1b[0m\n'}
[2.178750] (version0) StdoutLine: {'line': b'[ 33%] \x1b[32mBuilding CXX object CMakeFiles/version0__rosidl_typesupport_cpp.dir/rosidl_typesupport_cpp/version0/action/navigate__type_support.cpp.o\x1b[0m\n'}
[2.179233] (version0) StdoutLine: {'line': b'[ 33%] \x1b[32mBuilding CXX object CMakeFiles/version0__rosidl_typesupport_cpp.dir/rosidl_typesupport_cpp/version0/srv/odd_even_check__type_support.cpp.o\x1b[0m\n'}
[2.202699] (-) TimerEvent: {}
[2.288264] (version0) StdoutLine: {'line': b'\x1b[35m\x1b[1mConsolidate compiler generated dependencies of target version0__rosidl_typesupport_introspection_cpp\x1b[0m\n'}
[2.302813] (-) TimerEvent: {}
[2.319560] (version0) StdoutLine: {'line': b'[ 35%] \x1b[32mBuilding CXX object CMakeFiles/version0__rosidl_typesupport_introspection_cpp.dir/rosidl_typesupport_introspection_cpp/version0/action/detail/navigate__type_support.cpp.o\x1b[0m\n'}
[2.322437] (version0) StdoutLine: {'line': b'\x1b[35m\x1b[1mConsolidate compiler generated dependencies of target version0__rosidl_typesupport_fastrtps_cpp\x1b[0m\n'}
[2.322745] (version0) StdoutLine: {'line': b'[ 38%] \x1b[32mBuilding CXX object CMakeFiles/version0__rosidl_typesupport_introspection_cpp.dir/rosidl_typesupport_introspection_cpp/version0/srv/detail/odd_even_check__type_support.cpp.o\x1b[0m\n'}
[2.354324] (version0) StdoutLine: {'line': b'[ 43%] \x1b[32mBuilding CXX object CMakeFiles/version0__rosidl_typesupport_fastrtps_cpp.dir/rosidl_typesupport_fastrtps_cpp/version0/srv/detail/dds_fastrtps/odd_even_check__type_support.cpp.o\x1b[0m\n'}
[2.355224] (version0) StdoutLine: {'line': b'[ 43%] \x1b[32mBuilding CXX object CMakeFiles/version0__rosidl_typesupport_fastrtps_cpp.dir/rosidl_typesupport_fastrtps_cpp/version0/action/detail/dds_fastrtps/navigate__type_support.cpp.o\x1b[0m\n'}
[2.402977] (-) TimerEvent: {}
[2.464306] (version1) StdoutLine: {'line': b'-- Found ros_ign_gazebo: 0.244.11 (/opt/ros/humble/share/ros_ign_gazebo/cmake)\n'}
[2.503063] (-) TimerEvent: {}
[2.572944] (version0) StdoutLine: {'line': b'\x1b[35m\x1b[1mConsolidate compiler generated dependencies of target version0__rosidl_typesupport_c\x1b[0m\n'}
[2.602855] (version0) StdoutLine: {'line': b'[ 46%] \x1b[32mBuilding CXX object CMakeFiles/version0__rosidl_typesupport_c.dir/rosidl_typesupport_c/version0/srv/odd_even_check__type_support.cpp.o\x1b[0m\n'}
[2.603191] (-) TimerEvent: {}
[2.609779] (version0) StdoutLine: {'line': b'[ 48%] \x1b[32mBuilding CXX object CMakeFiles/version0__rosidl_typesupport_c.dir/rosidl_typesupport_c/version0/action/navigate__type_support.cpp.o\x1b[0m\n'}
[2.703447] (-) TimerEvent: {}
[2.721204] (version0) StdoutLine: {'line': b'[ 51%] \x1b[32m\x1b[1mLinking CXX shared library libversion0__rosidl_typesupport_c.so\x1b[0m\n'}
[2.746205] (version0) StdoutLine: {'line': b'\x1b[35m\x1b[1mConsolidate compiler generated dependencies of target version0__rosidl_typesupport_introspection_c\x1b[0m\n'}
[2.775887] (version0) StdoutLine: {'line': b'[ 53%] \x1b[32mBuilding C object CMakeFiles/version0__rosidl_typesupport_introspection_c.dir/rosidl_typesupport_introspection_c/version0/srv/detail/odd_even_check__type_support.c.o\x1b[0m\n'}
[2.780816] (version0) StdoutLine: {'line': b'[ 56%] \x1b[32mBuilding C object CMakeFiles/version0__rosidl_typesupport_introspection_c.dir/rosidl_typesupport_introspection_c/version0/action/detail/navigate__type_support.c.o\x1b[0m\n'}
[2.803578] (-) TimerEvent: {}
[2.831752] (version0) StdoutLine: {'line': b'[ 56%] Built target version0__rosidl_typesupport_c\n'}
[2.848713] (version0) StdoutLine: {'line': b'\x1b[35m\x1b[1mConsolidate compiler generated dependencies of target version0__rosidl_typesupport_fastrtps_c\x1b[0m\n'}
[2.863026] (version0) StdoutLine: {'line': b'[ 58%] \x1b[32m\x1b[1mLinking C shared library libversion0__rosidl_typesupport_introspection_c.so\x1b[0m\n'}
[2.877687] (version0) StdoutLine: {'line': b'[ 61%] \x1b[32mBuilding CXX object CMakeFiles/version0__rosidl_typesupport_fastrtps_c.dir/rosidl_typesupport_fastrtps_c/version0/srv/detail/odd_even_check__type_support_c.cpp.o\x1b[0m\n'}
[2.878756] (version0) StdoutLine: {'line': b'[ 64%] \x1b[32mBuilding CXX object CMakeFiles/version0__rosidl_typesupport_fastrtps_c.dir/rosidl_typesupport_fastrtps_c/version0/action/detail/navigate__type_support_c.cpp.o\x1b[0m\n'}
[2.903708] (-) TimerEvent: {}
[2.908527] (version0) StdoutLine: {'line': b'[ 64%] Built target version0__rosidl_typesupport_introspection_c\n'}
[2.946327] (version0) StdoutLine: {'line': b'[ 66%] \x1b[32m\x1b[1mLinking CXX shared library libversion0__rosidl_typesupport_cpp.so\x1b[0m\n'}
[3.002389] (version0) StdoutLine: {'line': b'[ 66%] Built target version0__rosidl_typesupport_cpp\n'}
[3.007282] (-) TimerEvent: {}
[3.101295] (version0) StdoutLine: {'line': b'[ 69%] \x1b[32m\x1b[1mLinking CXX shared library libversion0__rosidl_typesupport_introspection_cpp.so\x1b[0m\n'}
[3.107403] (-) TimerEvent: {}
[3.108520] (version0) StdoutLine: {'line': b'[ 71%] \x1b[32m\x1b[1mLinking CXX shared library libversion0__rosidl_typesupport_fastrtps_cpp.so\x1b[0m\n'}
[3.186802] (version0) StdoutLine: {'line': b'[ 71%] Built target version0__rosidl_typesupport_introspection_cpp\n'}
[3.188821] (version0) StdoutLine: {'line': b'[ 71%] Built target version0__rosidl_typesupport_fastrtps_cpp\n'}
[3.207514] (-) TimerEvent: {}
[3.290133] (version0) StdoutLine: {'line': b'[ 74%] \x1b[32m\x1b[1mLinking CXX shared library libversion0__rosidl_typesupport_fastrtps_c.so\x1b[0m\n'}
[3.307626] (-) TimerEvent: {}
[3.347337] (version0) StdoutLine: {'line': b'[ 74%] Built target version0__rosidl_typesupport_fastrtps_c\n'}
[3.361636] (version0) StdoutLine: {'line': b'[ 74%] Built target version0\n'}
[3.376465] (version0) StdoutLine: {'line': b'[ 76%] \x1b[34m\x1b[1mGenerating Python code for ROS interfaces\x1b[0m\n'}
[3.407738] (-) TimerEvent: {}
[3.507981] (-) TimerEvent: {}
[3.608244] (-) TimerEvent: {}
[3.708500] (-) TimerEvent: {}
[3.742006] (version1) StdoutLine: {'line': b'-- Found ament_cmake_ros: 0.10.0 (/opt/ros/humble/share/ament_cmake_ros/cmake)\n'}
[3.808596] (-) TimerEvent: {}
[3.908862] (-) TimerEvent: {}
[4.009115] (-) TimerEvent: {}
[4.015614] (version0) StdoutLine: {'line': b'[ 76%] Built target version0__py\n'}
[4.024304] (version0) StdoutLine: {'line': b'\x1b[35m\x1b[1mConsolidate compiler generated dependencies of target version0__rosidl_generator_py\x1b[0m\n'}
[4.036365] (version0) StdoutLine: {'line': b'[ 82%] \x1b[32mBuilding C object CMakeFiles/version0__rosidl_generator_py.dir/rosidl_generator_py/version0/srv/_odd_even_check_s.c.o\x1b[0m\n'}
[4.036578] (version0) StdoutLine: {'line': b'[ 82%] \x1b[32mBuilding C object CMakeFiles/version0__rosidl_generator_py.dir/rosidl_generator_py/version0/action/_navigate_s.c.o\x1b[0m\n'}
[4.109227] (-) TimerEvent: {}
[4.151738] (version1) StdoutLine: {'line': b'-- Using all available rosidl_typesupport_c: rosidl_typesupport_fastrtps_c;rosidl_typesupport_introspection_c\n'}
[4.165547] (version0) StdoutLine: {'line': b'[ 84%] \x1b[32m\x1b[1mLinking C shared library rosidl_generator_py/version0/libversion0__rosidl_generator_py.so\x1b[0m\n'}
[4.200707] (version0) StdoutLine: {'line': b'[ 84%] Built target version0__rosidl_generator_py\n'}
[4.209009] (version0) StdoutLine: {'line': b'\x1b[35m\x1b[1mConsolidate compiler generated dependencies of target version0__rosidl_typesupport_fastrtps_c__pyext\x1b[0m\n'}
[4.209256] (-) TimerEvent: {}
[4.209389] (version0) StdoutLine: {'line': b'\x1b[35m\x1b[1mConsolidate compiler generated dependencies of target version0__rosidl_typesupport_introspection_c__pyext\x1b[0m\n'}
[4.209502] (version0) StdoutLine: {'line': b'\x1b[35m\x1b[1mConsolidate compiler generated dependencies of target version0__rosidl_typesupport_c__pyext\x1b[0m\n'}
[4.219335] (version0) StdoutLine: {'line': b'[ 92%] \x1b[32mBuilding C object CMakeFiles/version0__rosidl_typesupport_c__pyext.dir/rosidl_generator_py/version0/_version0_s.ep.rosidl_typesupport_c.c.o\x1b[0m\n'}
[4.219604] (version0) StdoutLine: {'line': b'[ 92%] \x1b[32mBuilding C object CMakeFiles/version0__rosidl_typesupport_fastrtps_c__pyext.dir/rosidl_generator_py/version0/_version0_s.ep.rosidl_typesupport_fastrtps_c.c.o\x1b[0m\n'}
[4.219770] (version0) StdoutLine: {'line': b'[ 92%] \x1b[32mBuilding C object CMakeFiles/version0__rosidl_typesupport_introspection_c__pyext.dir/rosidl_generator_py/version0/_version0_s.ep.rosidl_typesupport_introspection_c.c.o\x1b[0m\n'}
[4.309367] (-) TimerEvent: {}
[4.313109] (version1) StdoutLine: {'line': b'-- Using all available rosidl_typesupport_cpp: rosidl_typesupport_fastrtps_cpp;rosidl_typesupport_introspection_cpp\n'}
[4.320212] (version0) StdoutLine: {'line': b'[ 94%] \x1b[32m\x1b[1mLinking C shared library rosidl_generator_py/version0/version0_s__rosidl_typesupport_introspection_c.cpython-310-x86_64-linux-gnu.so\x1b[0m\n'}
[4.323689] (version0) StdoutLine: {'line': b'[100%] \x1b[32m\x1b[1mLinking C shared library rosidl_generator_py/version0/version0_s__rosidl_typesupport_fastrtps_c.cpython-310-x86_64-linux-gnu.so\x1b[0m\n'}
[4.323901] (version0) StdoutLine: {'line': b'[100%] \x1b[32m\x1b[1mLinking C shared library rosidl_generator_py/version0/version0_s__rosidl_typesupport_c.cpython-310-x86_64-linux-gnu.so\x1b[0m\n'}
[4.337809] (version1) StdoutLine: {'line': b'-- Found PythonInterp: /usr/bin/python3 (found suitable version "3.10.12", minimum required is "3.6") \n'}
[4.340794] (version1) StdoutLine: {'line': b'-- Found python_cmake_module: 0.10.0 (/opt/ros/humble/share/python_cmake_module/cmake)\n'}
[4.367740] (version1) StdoutLine: {'line': b'-- Found PythonLibs: /usr/lib/x86_64-linux-gnu/libpython3.10.so (found suitable version "3.10.12", minimum required is "3.5") \n'}
[4.368135] (version1) StdoutLine: {'line': b'-- Using PYTHON_EXECUTABLE: /usr/bin/python3\n'}
[4.368400] (version1) StdoutLine: {'line': b'-- Using PYTHON_INCLUDE_DIRS: /usr/include/python3.10\n'}
[4.368620] (version1) StdoutLine: {'line': b'-- Using PYTHON_LIBRARIES: /usr/lib/x86_64-linux-gnu/libpython3.10.so\n'}
[4.372871] (version0) StdoutLine: {'line': b'[100%] Built target version0__rosidl_typesupport_introspection_c__pyext\n'}
[4.376402] (version0) StdoutLine: {'line': b'[100%] Built target version0__rosidl_typesupport_c__pyext\n'}
[4.380710] (version0) StdoutLine: {'line': b'[100%] Built target version0__rosidl_typesupport_fastrtps_c__pyext\n'}
[4.389284] (version0) CommandEnded: {'returncode': 0}
[4.409453] (-) TimerEvent: {}
[4.420587] (version1) StdoutLine: {'line': b'-- Found ament_lint_auto: 0.12.7 (/opt/ros/humble/share/ament_lint_auto/cmake)\n'}
[4.434058] (version1) StdoutLine: {'line': b"-- Added test 'flake8' to check Python code syntax and style conventions\n"}
[4.434499] (version1) StdoutLine: {'line': b"-- Added test 'lint_cmake' to check CMake code style\n"}
[4.434809] (version1) StdoutLine: {'line': b"-- Added test 'pep257' to check Python code against some of the docstring style conventions in PEP 257\n"}
[4.436020] (version1) StdoutLine: {'line': b"-- Added test 'xmllint' to check XML markup files\n"}
[4.436387] (version0) JobProgress: {'identifier': 'version0', 'progress': 'install'}
[4.439058] (version1) StdoutLine: {'line': b'-- Configuring done\n'}
[4.443528] (version0) Command: {'cmd': ['/usr/bin/cmake', '--install', '/home/thiago/workspaces/lidar/build/version0'], 'cwd': '/home/thiago/workspaces/lidar/build/version0', 'env': OrderedDict([('GJS_DEBUG_TOPICS', 'JS ERROR;JS LOG'), ('LESSOPEN', '| /usr/bin/lesspipe %s'), ('USER', 'thiago'), ('LC_TIME', 'es_AR.UTF-8'), ('GIO_MODULE_DIR', '/home/thiago/snap/code/common/.cache/gio-modules'), ('XDG_SESSION_TYPE', 'wayland'), ('GIT_ASKPASS', '/snap/code/136/usr/share/code/resources/app/extensions/git/dist/askpass.sh'), ('GTK_EXE_PREFIX_VSCODE_SNAP_ORIG', ''), ('GDK_BACKEND_VSCODE_SNAP_ORIG', ''), ('SHLVL', '1'), ('LD_LIBRARY_PATH', '/opt/ros/humble/opt/rviz_ogre_vendor/lib:/opt/ros/humble/lib/x86_64-linux-gnu:/opt/ros/humble/lib'), ('HOME', '/home/thiago'), ('CHROME_DESKTOP', 'code-url-handler.desktop'), ('LOCPATH_VSCODE_SNAP_ORIG', ''), ('TERM_PROGRAM_VERSION', '1.81.0'), ('DESKTOP_SESSION', 'ubuntu'), ('GTK_PATH', '/snap/code/136/usr/lib/x86_64-linux-gnu/gtk-3.0'), ('GTK_IM_MODULE_FILE', '/home/thiago/snap/code/common/.cache/immodules/immodules.cache'), ('GIO_LAUNCHED_DESKTOP_FILE', '/var/lib/snapd/desktop/applications/code_code.desktop'), ('ROS_PYTHON_VERSION', '3'), ('GNOME_SHELL_SESSION_MODE', 'ubuntu'), ('GTK_MODULES', 'gail:atk-bridge'), ('GSETTINGS_SCHEMA_DIR_VSCODE_SNAP_ORIG', ''), ('VSCODE_GIT_ASKPASS_MAIN', '/snap/code/136/usr/share/code/resources/app/extensions/git/dist/askpass-main.js'), ('LC_MONETARY', 'es_AR.UTF-8'), ('VSCODE_GIT_ASKPASS_NODE', '/snap/code/136/usr/share/code/code'), ('MANAGERPID', '1619'), ('SYSTEMD_EXEC_PID', '1833'), ('IM_CONFIG_CHECK_ENV', '1'), ('DBUS_SESSION_BUS_ADDRESS', 'unix:path=/run/user/1000/bus'), ('COLORTERM', 'truecolor'), ('GIO_LAUNCHED_DESKTOP_FILE_PID', '9035'), ('IM_CONFIG_PHASE', '1'), ('WAYLAND_DISPLAY', 'wayland-0'), ('ROS_DISTRO', 'humble'), ('LOGNAME', 'thiago'), ('JOURNAL_STREAM', '8:35974'), ('_', '/usr/bin/colcon'), ('ROS_VERSION', '2'), ('XDG_CONFIG_DIRS_VSCODE_SNAP_ORIG', '/etc/xdg/xdg-ubuntu:/etc/xdg'), ('XDG_SESSION_CLASS', 'user'), ('XDG_DATA_DIRS_VSCODE_SNAP_ORIG', '/usr/share/ubuntu:/usr/local/share/:/usr/share/:/var/lib/snapd/desktop'), ('USERNAME', 'thiago'), ('TERM', 'xterm-256color'), ('GNOME_DESKTOP_SESSION_ID', 'this-is-deprecated'), ('ROS_LOCALHOST_ONLY', '0'), ('PATH', '/home/thiago/.local/bin:/opt/ros/humble/bin:/home/thiago/.local/bin:/usr/local/sbin:/usr/local/bin:/usr/sbin:/usr/bin:/sbin:/bin:/usr/games:/usr/local/games:/snap/bin:/snap/bin'), ('SESSION_MANAGER', 'local/thiago-ubuntu:@/tmp/.ICE-unix/1787,unix/thiago-ubuntu:/tmp/.ICE-unix/1787'), ('GTK_EXE_PREFIX', '/snap/code/136/usr'), ('INVOCATION_ID', 'f39377580b26404cad46146b8cfc4176'), ('XDG_MENU_PREFIX', 'gnome-'), ('LC_ADDRESS', 'es_AR.UTF-8'), ('BAMF_DESKTOP_FILE_HINT', '/var/lib/snapd/desktop/applications/code_code.desktop'), ('GNOME_SETUP_DISPLAY', ':1'), ('XDG_RUNTIME_DIR', '/run/user/1000'), ('GDK_BACKEND', 'x11'), ('DISPLAY', ':0'), ('LOCPATH', '/snap/code/136/usr/lib/locale'), ('LANG', 'en_US.UTF-8'), ('XDG_CURRENT_DESKTOP', 'Unity'), ('LC_TELEPHONE', 'es_AR.UTF-8'), ('GIO_MODULE_DIR_VSCODE_SNAP_ORIG', ''), ('XMODIFIERS', '@im=ibus'), ('XDG_SESSION_DESKTOP', 'ubuntu'), ('XAUTHORITY', '/run/user/1000/.mutter-Xwaylandauth.PSCU91'), ('LS_COLORS', ''), ('VSCODE_GIT_IPC_HANDLE', '/run/user/1000/vscode-git-f6dfffcee1.sock'), ('TERM_PROGRAM', 'vscode'), ('SSH_AGENT_LAUNCHER', 'gnome-keyring'), ('SSH_AUTH_SOCK', '/run/user/1000/keyring/ssh'), ('GSETTINGS_SCHEMA_DIR', '/home/thiago/snap/code/136/.local/share/glib-2.0/schemas'), ('AMENT_PREFIX_PATH', '/opt/ros/humble'), ('ORIGINAL_XDG_CURRENT_DESKTOP', 'ubuntu:GNOME'), ('SHELL', '/bin/bash'), ('LC_NAME', 'es_AR.UTF-8'), ('QT_ACCESSIBILITY', '1'), ('GDMSESSION', 'ubuntu'), ('LESSCLOSE', '/usr/bin/lesspipe %s %s'), ('GTK_PATH_VSCODE_SNAP_ORIG', ''), ('GTK_IM_MODULE_FILE_VSCODE_SNAP_ORIG', ''), ('LC_MEASUREMENT', 'es_AR.UTF-8'), ('GJS_DEBUG_OUTPUT', 'stderr'), ('LC_IDENTIFICATION', 'es_AR.UTF-8'), ('VSCODE_GIT_ASKPASS_EXTRA_ARGS', '--ms-enable-electron-run-as-node'), ('QT_IM_MODULE', 'ibus'), ('PWD', '/home/thiago/workspaces/lidar/build/version0'), ('LC_ALL', 'en_US.UTF-8'), ('XDG_CONFIG_DIRS', '/etc/xdg/xdg-ubuntu:/etc/xdg'), ('XDG_DATA_DIRS', '/home/thiago/snap/code/136/.local/share:/home/thiago/snap/code/136:/snap/code/136/usr/share:/usr/share/ubuntu:/usr/local/share/:/usr/share/:/var/lib/snapd/desktop'), ('PYTHONPATH', '/opt/ros/humble/lib/python3.10/site-packages:/opt/ros/humble/local/lib/python3.10/dist-packages'), ('LC_NUMERIC', 'es_AR.UTF-8'), ('LC_PAPER', 'es_AR.UTF-8'), ('COLCON', '1'), ('CMAKE_PREFIX_PATH', '/opt/ros/humble')]), 'shell': False}
[4.449640] (version0) StdoutLine: {'line': b'-- Install configuration: ""\n'}
[4.450128] (version0) StdoutLine: {'line': b'-- Execute custom install script\n'}
[4.450375] (version0) StdoutLine: {'line': b'-- Up-to-date symlink: /home/thiago/workspaces/lidar/install/version0/share/ament_index/resource_index/rosidl_interfaces/version0\n'}
[4.450782] (version0) StdoutLine: {'line': b'-- Up-to-date symlink: /home/thiago/workspaces/lidar/install/version0/include/version0/version0/action/detail/navigate__functions.h\n'}
[4.450961] (version0) StdoutLine: {'line': b'-- Up-to-date symlink: /home/thiago/workspaces/lidar/install/version0/include/version0/version0/action/detail/navigate__struct.h\n'}
[4.451060] (version0) StdoutLine: {'line': b'-- Up-to-date symlink: /home/thiago/workspaces/lidar/install/version0/include/version0/version0/action/detail/navigate__type_support.h\n'}
[4.451195] (version0) StdoutLine: {'line': b'-- Up-to-date symlink: /home/thiago/workspaces/lidar/install/version0/include/version0/version0/action/navigate.h\n'}
[4.451277] (version0) StdoutLine: {'line': b'-- Up-to-date symlink: /home/thiago/workspaces/lidar/install/version0/include/version0/version0/msg/rosidl_generator_c__visibility_control.h\n'}
[4.451345] (version0) StdoutLine: {'line': b'-- Up-to-date symlink: /home/thiago/workspaces/lidar/install/version0/include/version0/version0/srv/detail/odd_even_check__functions.h\n'}
[4.451433] (version0) StdoutLine: {'line': b'-- Up-to-date symlink: /home/thiago/workspaces/lidar/install/version0/include/version0/version0/srv/detail/odd_even_check__struct.h\n'}
[4.451510] (version0) StdoutLine: {'line': b'-- Up-to-date symlink: /home/thiago/workspaces/lidar/install/version0/include/version0/version0/srv/detail/odd_even_check__type_support.h\n'}
[4.451600] (version0) StdoutLine: {'line': b'-- Up-to-date symlink: /home/thiago/workspaces/lidar/install/version0/include/version0/version0/srv/odd_even_check.h\n'}
[4.451686] (version0) StdoutLine: {'line': b'-- Up-to-date symlink: /home/thiago/workspaces/lidar/install/version0/share/version0/environment/library_path.sh\n'}
[4.451847] (version0) StdoutLine: {'line': b'-- Up-to-date symlink: /home/thiago/workspaces/lidar/install/version0/share/version0/environment/library_path.dsv\n'}
[4.452220] (version0) StdoutLine: {'line': b'-- Up-to-date symlink: /home/thiago/workspaces/lidar/install/version0/include/version0/version0/action/detail/navigate__rosidl_typesupport_fastrtps_c.h\n'}
[4.452377] (version0) StdoutLine: {'line': b'-- Up-to-date symlink: /home/thiago/workspaces/lidar/install/version0/include/version0/version0/msg/rosidl_typesupport_fastrtps_c__visibility_control.h\n'}
[4.452523] (version0) StdoutLine: {'line': b'-- Up-to-date symlink: /home/thiago/workspaces/lidar/install/version0/include/version0/version0/srv/detail/odd_even_check__rosidl_typesupport_fastrtps_c.h\n'}
[4.452718] (version0) StdoutLine: {'line': b'-- Up-to-date symlink: /home/thiago/workspaces/lidar/install/version0/include/version0/version0/action/detail/navigate__builder.hpp\n'}
[4.452828] (version0) StdoutLine: {'line': b'-- Up-to-date symlink: /home/thiago/workspaces/lidar/install/version0/include/version0/version0/action/detail/navigate__struct.hpp\n'}
[4.452982] (version0) StdoutLine: {'line': b'-- Up-to-date symlink: /home/thiago/workspaces/lidar/install/version0/include/version0/version0/action/detail/navigate__traits.hpp\n'}
[4.453129] (version0) StdoutLine: {'line': b'-- Up-to-date symlink: /home/thiago/workspaces/lidar/install/version0/include/version0/version0/action/navigate.hpp\n'}
[4.453247] (version0) StdoutLine: {'line': b'-- Up-to-date symlink: /home/thiago/workspaces/lidar/install/version0/include/version0/version0/srv/detail/odd_even_check__builder.hpp\n'}
[4.453347] (version0) StdoutLine: {'line': b'-- Up-to-date symlink: /home/thiago/workspaces/lidar/install/version0/include/version0/version0/srv/detail/odd_even_check__struct.hpp\n'}
[4.453476] (version0) StdoutLine: {'line': b'-- Up-to-date symlink: /home/thiago/workspaces/lidar/install/version0/include/version0/version0/srv/detail/odd_even_check__traits.hpp\n'}
[4.453569] (version0) StdoutLine: {'line': b'-- Up-to-date symlink: /home/thiago/workspaces/lidar/install/version0/include/version0/version0/srv/odd_even_check.hpp\n'}
[4.453778] (version0) StdoutLine: {'line': b'-- Up-to-date symlink: /home/thiago/workspaces/lidar/install/version0/include/version0/version0/action/detail/navigate__rosidl_typesupport_fastrtps_cpp.hpp\n'}
[4.453909] (version0) StdoutLine: {'line': b'-- Up-to-date symlink: /home/thiago/workspaces/lidar/install/version0/include/version0/version0/msg/rosidl_typesupport_fastrtps_cpp__visibility_control.h\n'}
[4.454029] (version0) StdoutLine: {'line': b'-- Up-to-date symlink: /home/thiago/workspaces/lidar/install/version0/include/version0/version0/srv/detail/odd_even_check__rosidl_typesupport_fastrtps_cpp.hpp\n'}
[4.454250] (version0) StdoutLine: {'line': b'-- Up-to-date symlink: /home/thiago/workspaces/lidar/install/version0/include/version0/version0/action/detail/navigate__rosidl_typesupport_introspection_c.h\n'}
[4.454375] (version0) StdoutLine: {'line': b'-- Up-to-date symlink: /home/thiago/workspaces/lidar/install/version0/include/version0/version0/msg/rosidl_typesupport_introspection_c__visibility_control.h\n'}
[4.454511] (version0) StdoutLine: {'line': b'-- Up-to-date symlink: /home/thiago/workspaces/lidar/install/version0/include/version0/version0/srv/detail/odd_even_check__rosidl_typesupport_introspection_c.h\n'}
[4.454702] (version0) StdoutLine: {'line': b'-- Up-to-date symlink: /home/thiago/workspaces/lidar/install/version0/include/version0/version0/action/detail/navigate__rosidl_typesupport_introspection_cpp.hpp\n'}
[4.454839] (version0) StdoutLine: {'line': b'-- Up-to-date symlink: /home/thiago/workspaces/lidar/install/version0/include/version0/version0/srv/detail/odd_even_check__rosidl_typesupport_introspection_cpp.hpp\n'}
[4.454969] (version0) StdoutLine: {'line': b'-- Up-to-date symlink: /home/thiago/workspaces/lidar/install/version0/share/version0/environment/pythonpath.sh\n'}
[4.455147] (version0) StdoutLine: {'line': b'-- Up-to-date symlink: /home/thiago/workspaces/lidar/install/version0/share/version0/environment/pythonpath.dsv\n'}
[4.455317] (version0) StdoutLine: {'line': b'-- Up-to-date symlink: /home/thiago/workspaces/lidar/install/version0/local/lib/python3.10/dist-packages/version0-0.0.0-py3.10.egg-info/PKG-INFO\n'}
[4.455433] (version0) StdoutLine: {'line': b'-- Up-to-date symlink: /home/thiago/workspaces/lidar/install/version0/local/lib/python3.10/dist-packages/version0-0.0.0-py3.10.egg-info/SOURCES.txt\n'}
[4.455551] (version0) StdoutLine: {'line': b'-- Up-to-date symlink: /home/thiago/workspaces/lidar/install/version0/local/lib/python3.10/dist-packages/version0-0.0.0-py3.10.egg-info/dependency_links.txt\n'}
[4.455686] (version0) StdoutLine: {'line': b'-- Up-to-date symlink: /home/thiago/workspaces/lidar/install/version0/local/lib/python3.10/dist-packages/version0-0.0.0-py3.10.egg-info/top_level.txt\n'}
[4.456097] (version0) StdoutLine: {'line': b'-- Up-to-date symlink: /home/thiago/workspaces/lidar/install/version0/local/lib/python3.10/dist-packages/version0/__init__.py\n'}
[4.456221] (version0) StdoutLine: {'line': b'-- Up-to-date symlink: /home/thiago/workspaces/lidar/install/version0/local/lib/python3.10/dist-packages/version0/_version0_s.ep.rosidl_typesupport_c.c\n'}
[4.456362] (version0) StdoutLine: {'line': b'-- Up-to-date symlink: /home/thiago/workspaces/lidar/install/version0/local/lib/python3.10/dist-packages/version0/_version0_s.ep.rosidl_typesupport_fastrtps_c.c\n'}
[4.456457] (version0) StdoutLine: {'line': b'-- Up-to-date symlink: /home/thiago/workspaces/lidar/install/version0/local/lib/python3.10/dist-packages/version0/_version0_s.ep.rosidl_typesupport_introspection_c.c\n'}
[4.456627] (version0) StdoutLine: {'line': b'-- Up-to-date symlink: /home/thiago/workspaces/lidar/install/version0/local/lib/python3.10/dist-packages/version0/action/__init__.py\n'}
[4.456715] (version0) StdoutLine: {'line': b'-- Up-to-date symlink: /home/thiago/workspaces/lidar/install/version0/local/lib/python3.10/dist-packages/version0/action/_navigate.py\n'}
[4.456822] (version0) StdoutLine: {'line': b'-- Up-to-date symlink: /home/thiago/workspaces/lidar/install/version0/local/lib/python3.10/dist-packages/version0/action/_navigate_s.c\n'}
[4.456964] (version0) StdoutLine: {'line': b'-- Up-to-date symlink: /home/thiago/workspaces/lidar/install/version0/local/lib/python3.10/dist-packages/version0/libversion0__rosidl_generator_py.so\n'}
[4.457057] (version0) StdoutLine: {'line': b'-- Up-to-date symlink: /home/thiago/workspaces/lidar/install/version0/local/lib/python3.10/dist-packages/version0/srv/__init__.py\n'}
[4.457123] (version0) StdoutLine: {'line': b'-- Up-to-date symlink: /home/thiago/workspaces/lidar/install/version0/local/lib/python3.10/dist-packages/version0/srv/_odd_even_check.py\n'}
[4.457187] (version0) StdoutLine: {'line': b'-- Up-to-date symlink: /home/thiago/workspaces/lidar/install/version0/local/lib/python3.10/dist-packages/version0/srv/_odd_even_check_s.c\n'}
[4.457280] (version0) StdoutLine: {'line': b'-- Up-to-date symlink: /home/thiago/workspaces/lidar/install/version0/local/lib/python3.10/dist-packages/version0/version0_s__rosidl_typesupport_c.cpython-310-x86_64-linux-gnu.so\n'}
[4.457336] (version0) StdoutLine: {'line': b'-- Up-to-date symlink: /home/thiago/workspaces/lidar/install/version0/local/lib/python3.10/dist-packages/version0/version0_s__rosidl_typesupport_fastrtps_c.cpython-310-x86_64-linux-gnu.so\n'}
[4.457391] (version0) StdoutLine: {'line': b'-- Up-to-date symlink: /home/thiago/workspaces/lidar/install/version0/local/lib/python3.10/dist-packages/version0/version0_s__rosidl_typesupport_introspection_c.cpython-310-x86_64-linux-gnu.so\n'}
[4.457475] (version0) StdoutLine: {'line': b'-- Up-to-date symlink: /home/thiago/workspaces/lidar/install/version0/local/lib/python3.10/dist-packages/version0/version0_s__rosidl_typesupport_fastrtps_c.cpython-310-x86_64-linux-gnu.so\n'}
[4.457634] (version0) StdoutLine: {'line': b'-- Up-to-date symlink: /home/thiago/workspaces/lidar/install/version0/local/lib/python3.10/dist-packages/version0/version0_s__rosidl_typesupport_introspection_c.cpython-310-x86_64-linux-gnu.so\n'}
[4.457823] (version0) StdoutLine: {'line': b'-- Up-to-date symlink: /home/thiago/workspaces/lidar/install/version0/local/lib/python3.10/dist-packages/version0/version0_s__rosidl_typesupport_c.cpython-310-x86_64-linux-gnu.so\n'}
[4.457950] (version0) StdoutLine: {'line': b'-- Up-to-date symlink: /home/thiago/workspaces/lidar/install/version0/share/version0/srv/OddEvenCheck.idl\n'}
[4.458069] (version0) StdoutLine: {'line': b'-- Up-to-date symlink: /home/thiago/workspaces/lidar/install/version0/share/version0/action/Navigate.idl\n'}
[4.458190] (version0) StdoutLine: {'line': b'-- Up-to-date symlink: /home/thiago/workspaces/lidar/install/version0/share/version0/srv/OddEvenCheck.srv\n'}
[4.458310] (version0) StdoutLine: {'line': b'-- Up-to-date symlink: /home/thiago/workspaces/lidar/install/version0/share/version0/srv/OddEvenCheck_Request.msg\n'}
[4.458419] (version0) StdoutLine: {'line': b'-- Up-to-date symlink: /home/thiago/workspaces/lidar/install/version0/share/version0/srv/OddEvenCheck_Response.msg\n'}
[4.458533] (version0) StdoutLine: {'line': b'-- Up-to-date symlink: /home/thiago/workspaces/lidar/install/version0/share/version0/action/Navigate.action\n'}
[4.458761] (version0) StdoutLine: {'line': b'-- Up-to-date symlink: /home/thiago/workspaces/lidar/install/version0/local/lib/python3.10/dist-packages/scripts-0.0.0-py3.10.egg-info/PKG-INFO\n'}
[4.458853] (version0) StdoutLine: {'line': b'-- Up-to-date symlink: /home/thiago/workspaces/lidar/install/version0/local/lib/python3.10/dist-packages/scripts-0.0.0-py3.10.egg-info/SOURCES.txt\n'}
[4.458943] (version0) StdoutLine: {'line': b'-- Up-to-date symlink: /home/thiago/workspaces/lidar/install/version0/local/lib/python3.10/dist-packages/scripts-0.0.0-py3.10.egg-info/dependency_links.txt\n'}
[4.459030] (version0) StdoutLine: {'line': b'-- Up-to-date symlink: /home/thiago/workspaces/lidar/install/version0/local/lib/python3.10/dist-packages/scripts-0.0.0-py3.10.egg-info/top_level.txt\n'}
[4.459281] (version0) StdoutLine: {'line': b'-- Up-to-date symlink: /home/thiago/workspaces/lidar/install/version0/local/lib/python3.10/dist-packages/scripts/__init__.py\n'}
[4.459363] (version0) StdoutLine: {'line': b'-- Up-to-date symlink: /home/thiago/workspaces/lidar/install/version0/local/lib/python3.10/dist-packages/scripts/publisher_laserscan.py\n'}
[4.459480] (version0) StdoutLine: {'line': b'-- Up-to-date symlink: /home/thiago/workspaces/lidar/install/version0/lib/version0/publisher_laserscan.py\n'}
[4.459675] (version0) StdoutLine: {'line': b'-- Up-to-date symlink: /home/thiago/workspaces/lidar/install/version0/share/version0//launch/rpm_node_launch.py\n'}
[4.459820] (version0) StdoutLine: {'line': b'-- Up-to-date symlink: /home/thiago/workspaces/lidar/install/version0/share/ament_index/resource_index/package_run_dependencies/version0\n'}
[4.459941] (version0) StdoutLine: {'line': b'-- Up-to-date symlink: /home/thiago/workspaces/lidar/install/version0/share/ament_index/resource_index/parent_prefix_path/version0\n'}
[4.460067] (version0) StdoutLine: {'line': b'-- Up-to-date symlink: /home/thiago/workspaces/lidar/install/version0/share/version0/environment/ament_prefix_path.sh\n'}
[4.460184] (version0) StdoutLine: {'line': b'-- Up-to-date symlink: /home/thiago/workspaces/lidar/install/version0/share/version0/environment/ament_prefix_path.dsv\n'}
[4.460305] (version0) StdoutLine: {'line': b'-- Up-to-date symlink: /home/thiago/workspaces/lidar/install/version0/share/version0/environment/path.sh\n'}
[4.460410] (version0) StdoutLine: {'line': b'-- Up-to-date symlink: /home/thiago/workspaces/lidar/install/version0/share/version0/environment/path.dsv\n'}
[4.460521] (version0) StdoutLine: {'line': b'-- Up-to-date symlink: /home/thiago/workspaces/lidar/install/version0/share/version0/local_setup.bash\n'}
[4.460632] (version0) StdoutLine: {'line': b'-- Up-to-date symlink: /home/thiago/workspaces/lidar/install/version0/share/version0/local_setup.sh\n'}
[4.460741] (version0) StdoutLine: {'line': b'-- Up-to-date symlink: /home/thiago/workspaces/lidar/install/version0/share/version0/local_setup.zsh\n'}
[4.460849] (version0) StdoutLine: {'line': b'-- Up-to-date symlink: /home/thiago/workspaces/lidar/install/version0/share/version0/local_setup.dsv\n'}
[4.460938] (version0) StdoutLine: {'line': b'-- Symlinking: /home/thiago/workspaces/lidar/install/version0/share/version0/package.dsv\n'}
[4.467845] (version0) StdoutLine: {'line': b'-- Up-to-date symlink: /home/thiago/workspaces/lidar/install/version0/share/ament_index/resource_index/packages/version0\n'}
[4.468027] (version0) StdoutLine: {'line': b'-- Up-to-date symlink: /home/thiago/workspaces/lidar/install/version0/share/version0/cmake/rosidl_cmake-extras.cmake\n'}
[4.468128] (version0) StdoutLine: {'line': b'-- Up-to-date symlink: /home/thiago/workspaces/lidar/install/version0/share/version0/cmake/ament_cmake_export_dependencies-extras.cmake\n'}
[4.468233] (version0) StdoutLine: {'line': b'-- Up-to-date symlink: /home/thiago/workspaces/lidar/install/version0/share/version0/cmake/ament_cmake_export_include_directories-extras.cmake\n'}
[4.468352] (version0) StdoutLine: {'line': b'-- Up-to-date symlink: /home/thiago/workspaces/lidar/install/version0/share/version0/cmake/ament_cmake_export_libraries-extras.cmake\n'}
[4.468467] (version0) StdoutLine: {'line': b'-- Up-to-date symlink: /home/thiago/workspaces/lidar/install/version0/share/version0/cmake/ament_cmake_export_targets-extras.cmake\n'}
[4.468585] (version0) StdoutLine: {'line': b'-- Up-to-date symlink: /home/thiago/workspaces/lidar/install/version0/share/version0/cmake/rosidl_cmake_export_typesupport_targets-extras.cmake\n'}
[4.468694] (version0) StdoutLine: {'line': b'-- Up-to-date symlink: /home/thiago/workspaces/lidar/install/version0/share/version0/cmake/rosidl_cmake_export_typesupport_libraries-extras.cmake\n'}
[4.468811] (version0) StdoutLine: {'line': b'-- Up-to-date symlink: /home/thiago/workspaces/lidar/install/version0/share/version0/cmake/version0Config.cmake\n'}
[4.468913] (version0) StdoutLine: {'line': b'-- Up-to-date symlink: /home/thiago/workspaces/lidar/install/version0/share/version0/cmake/version0Config-version.cmake\n'}
[4.469077] (version0) StdoutLine: {'line': b'-- Up-to-date symlink: /home/thiago/workspaces/lidar/install/version0/share/version0/package.xml\n'}
[4.469639] (version0) StdoutLine: {'line': b'-- Installing: /home/thiago/workspaces/lidar/install/version0/lib/libversion0__rosidl_generator_c.so\n'}
[4.469929] (version0) StdoutLine: {'line': b'-- Set runtime path of "/home/thiago/workspaces/lidar/install/version0/lib/libversion0__rosidl_generator_c.so" to ""\n'}
[4.470341] (version0) StdoutLine: {'line': b'-- Installing: /home/thiago/workspaces/lidar/install/version0/lib/libversion0__rosidl_typesupport_fastrtps_c.so\n'}
[4.470731] (version0) StdoutLine: {'line': b'-- Set runtime path of "/home/thiago/workspaces/lidar/install/version0/lib/libversion0__rosidl_typesupport_fastrtps_c.so" to ""\n'}
[4.471140] (version0) StdoutLine: {'line': b'-- Installing: /home/thiago/workspaces/lidar/install/version0/lib/libversion0__rosidl_typesupport_fastrtps_cpp.so\n'}
[4.471428] (version0) StdoutLine: {'line': b'-- Set runtime path of "/home/thiago/workspaces/lidar/install/version0/lib/libversion0__rosidl_typesupport_fastrtps_cpp.so" to ""\n'}
[4.471839] (version0) StdoutLine: {'line': b'-- Installing: /home/thiago/workspaces/lidar/install/version0/lib/libversion0__rosidl_typesupport_introspection_c.so\n'}
[4.472087] (version0) StdoutLine: {'line': b'-- Set runtime path of "/home/thiago/workspaces/lidar/install/version0/lib/libversion0__rosidl_typesupport_introspection_c.so" to ""\n'}
[4.472446] (version0) StdoutLine: {'line': b'-- Installing: /home/thiago/workspaces/lidar/install/version0/lib/libversion0__rosidl_typesupport_c.so\n'}
[4.472680] (version0) StdoutLine: {'line': b'-- Set runtime path of "/home/thiago/workspaces/lidar/install/version0/lib/libversion0__rosidl_typesupport_c.so" to ""\n'}
[4.473075] (version0) StdoutLine: {'line': b'-- Installing: /home/thiago/workspaces/lidar/install/version0/lib/libversion0__rosidl_typesupport_introspection_cpp.so\n'}
[4.473354] (version0) StdoutLine: {'line': b'-- Set runtime path of "/home/thiago/workspaces/lidar/install/version0/lib/libversion0__rosidl_typesupport_introspection_cpp.so" to ""\n'}
[4.473702] (version0) StdoutLine: {'line': b'-- Installing: /home/thiago/workspaces/lidar/install/version0/lib/libversion0__rosidl_typesupport_cpp.so\n'}
[4.473936] (version0) StdoutLine: {'line': b'-- Set runtime path of "/home/thiago/workspaces/lidar/install/version0/lib/libversion0__rosidl_typesupport_cpp.so" to ""\n'}
[4.489070] (version1) StdoutLine: {'line': b'-- Generating done\n'}
[4.492884] (version1) StdoutLine: {'line': b'-- Build files have been written to: /home/thiago/workspaces/lidar/build/version1\n'}
[4.506325] (version0) StdoutLine: {'line': b"Listing '/home/thiago/workspaces/lidar/install/version0/local/lib/python3.10/dist-packages/version0'...\n"}
[4.506547] (version0) StdoutLine: {'line': b"Compiling '/home/thiago/workspaces/lidar/install/version0/local/lib/python3.10/dist-packages/version0/__init__.py'...\n"}
[4.506661] (version0) StdoutLine: {'line': b"Listing '/home/thiago/workspaces/lidar/install/version0/local/lib/python3.10/dist-packages/version0/action'...\n"}
[4.506760] (version0) StdoutLine: {'line': b"Compiling '/home/thiago/workspaces/lidar/install/version0/local/lib/python3.10/dist-packages/version0/action/__init__.py'...\n"}
[4.506866] (version0) StdoutLine: {'line': b"Compiling '/home/thiago/workspaces/lidar/install/version0/local/lib/python3.10/dist-packages/version0/action/_navigate.py'...\n"}
[4.506970] (version0) StdoutLine: {'line': b"Listing '/home/thiago/workspaces/lidar/install/version0/local/lib/python3.10/dist-packages/version0/srv'...\n"}
[4.507083] (version0) StdoutLine: {'line': b"Compiling '/home/thiago/workspaces/lidar/install/version0/local/lib/python3.10/dist-packages/version0/srv/__init__.py'...\n"}
[4.507180] (version0) StdoutLine: {'line': b"Compiling '/home/thiago/workspaces/lidar/install/version0/local/lib/python3.10/dist-packages/version0/srv/_odd_even_check.py'...\n"}
[4.509543] (-) TimerEvent: {}
[4.511952] (version0) StdoutLine: {'line': b'-- Installing: /home/thiago/workspaces/lidar/install/version0/lib/libversion0__rosidl_generator_py.so\n'}
[4.512339] (version0) StdoutLine: {'line': b'-- Set runtime path of "/home/thiago/workspaces/lidar/install/version0/lib/libversion0__rosidl_generator_py.so" to ""\n'}
[4.530443] (version1) StdoutLine: {'line': b'[  2%] \x1b[34m\x1b[1mGenerating C code for ROS interfaces\x1b[0m\n'}
[4.538110] (version1) StdoutLine: {'line': b'[  5%] \x1b[34m\x1b[1mGenerating C++ code for ROS interfaces\x1b[0m\n'}
[4.541110] (version0) StdoutLine: {'line': b"Listing '/home/thiago/workspaces/lidar/install/version0/local/lib/python3.10/dist-packages/scripts'...\n"}
[4.544786] (version1) StdoutLine: {'line': b'[  5%] Built target ament_cmake_python_symlink_version1\n'}
[4.545008] (version1) StdoutLine: {'line': b'[  5%] Built target ament_cmake_python_symlink_scripts\n'}
[4.547031] (version0) StdoutLine: {'line': b'-- Up-to-date: /home/thiago/workspaces/lidar/install/version0/share/version0/cmake/export_version0__rosidl_generator_cExport.cmake\n'}
[4.547187] (version0) StdoutLine: {'line': b'-- Up-to-date: /home/thiago/workspaces/lidar/install/version0/share/version0/cmake/export_version0__rosidl_generator_cExport-noconfig.cmake\n'}
[4.547360] (version0) StdoutLine: {'line': b'-- Up-to-date: /home/thiago/workspaces/lidar/install/version0/share/version0/cmake/export_version0__rosidl_typesupport_fastrtps_cExport.cmake\n'}
[4.547559] (version0) StdoutLine: {'line': b'-- Up-to-date: /home/thiago/workspaces/lidar/install/version0/share/version0/cmake/export_version0__rosidl_typesupport_fastrtps_cExport-noconfig.cmake\n'}
[4.547705] (version0) StdoutLine: {'line': b'-- Up-to-date: /home/thiago/workspaces/lidar/install/version0/share/version0/cmake/export_version0__rosidl_generator_cppExport.cmake\n'}
[4.547873] (version0) StdoutLine: {'line': b'-- Up-to-date: /home/thiago/workspaces/lidar/install/version0/share/version0/cmake/export_version0__rosidl_typesupport_fastrtps_cppExport.cmake\n'}
[4.548017] (version0) StdoutLine: {'line': b'-- Up-to-date: /home/thiago/workspaces/lidar/install/version0/share/version0/cmake/export_version0__rosidl_typesupport_fastrtps_cppExport-noconfig.cmake\n'}
[4.548927] (version0) StdoutLine: {'line': b'-- Up-to-date: /home/thiago/workspaces/lidar/install/version0/share/version0/cmake/version0__rosidl_typesupport_introspection_cExport.cmake\n'}
[4.549040] (version0) StdoutLine: {'line': b'-- Up-to-date: /home/thiago/workspaces/lidar/install/version0/share/version0/cmake/version0__rosidl_typesupport_introspection_cExport-noconfig.cmake\n'}
[4.549172] (version0) StdoutLine: {'line': b'-- Up-to-date: /home/thiago/workspaces/lidar/install/version0/share/version0/cmake/version0__rosidl_typesupport_cExport.cmake\n'}
[4.549256] (version0) StdoutLine: {'line': b'-- Up-to-date: /home/thiago/workspaces/lidar/install/version0/share/version0/cmake/version0__rosidl_typesupport_cExport-noconfig.cmake\n'}
[4.549483] (version0) StdoutLine: {'line': b'-- Up-to-date: /home/thiago/workspaces/lidar/install/version0/share/version0/cmake/version0__rosidl_typesupport_introspection_cppExport.cmake\n'}
[4.549553] (version0) StdoutLine: {'line': b'-- Up-to-date: /home/thiago/workspaces/lidar/install/version0/share/version0/cmake/version0__rosidl_typesupport_introspection_cppExport-noconfig.cmake\n'}
[4.549799] (version0) StdoutLine: {'line': b'-- Up-to-date: /home/thiago/workspaces/lidar/install/version0/share/version0/cmake/version0__rosidl_typesupport_cppExport.cmake\n'}
[4.549875] (version0) StdoutLine: {'line': b'-- Up-to-date: /home/thiago/workspaces/lidar/install/version0/share/version0/cmake/version0__rosidl_typesupport_cppExport-noconfig.cmake\n'}
[4.550127] (version0) StdoutLine: {'line': b'-- Up-to-date: /home/thiago/workspaces/lidar/install/version0/share/version0/cmake/export_version0__rosidl_generator_pyExport.cmake\n'}
[4.550204] (version0) StdoutLine: {'line': b'-- Up-to-date: /home/thiago/workspaces/lidar/install/version0/share/version0/cmake/export_version0__rosidl_generator_pyExport-noconfig.cmake\n'}
[4.552457] (version0) CommandEnded: {'returncode': 0}
[4.609686] (-) TimerEvent: {}
[4.644092] (version0) JobEnded: {'identifier': 'version0', 'rc': 0}
[4.709791] (-) TimerEvent: {}
[4.757054] (version1) StdoutLine: {'line': b'running egg_info\n'}
[4.757656] (version1) StdoutLine: {'line': b'writing scripts.egg-info/PKG-INFO\n'}
[4.757810] (version1) StdoutLine: {'line': b'writing dependency_links to scripts.egg-info/dependency_links.txt\n'}
[4.757947] (version1) StdoutLine: {'line': b'writing top-level names to scripts.egg-info/top_level.txt\n'}
[4.759359] (version1) StdoutLine: {'line': b"reading manifest file 'scripts.egg-info/SOURCES.txt'\n"}
[4.759957] (version1) StdoutLine: {'line': b"writing manifest file 'scripts.egg-info/SOURCES.txt'\n"}
[4.762985] (version1) StdoutLine: {'line': b'running egg_info\n'}
[4.763770] (version1) StdoutLine: {'line': b'writing version1.egg-info/PKG-INFO\n'}
[4.763998] (version1) StdoutLine: {'line': b'writing dependency_links to version1.egg-info/dependency_links.txt\n'}
[4.764198] (version1) StdoutLine: {'line': b'writing top-level names to version1.egg-info/top_level.txt\n'}
[4.766323] (version1) StdoutLine: {'line': b"reading manifest file 'version1.egg-info/SOURCES.txt'\n"}
[4.767013] (version1) StdoutLine: {'line': b"writing manifest file 'version1.egg-info/SOURCES.txt'\n"}
[4.787875] (version1) StdoutLine: {'line': b'[  5%] Built target ament_cmake_python_build_scripts_egg\n'}
[4.795575] (version1) StdoutLine: {'line': b'[  5%] Built target ament_cmake_python_build_version1_egg\n'}
[4.809883] (-) TimerEvent: {}
[4.910081] (-) TimerEvent: {}
[4.944853] (version1) StdoutLine: {'line': b'[  5%] Built target version1__cpp\n'}
[4.954710] (version1) StdoutLine: {'line': b'[ 10%] \x1b[34m\x1b[1mGenerating C++ type support dispatch for ROS interfaces\x1b[0m\n'}
[4.954944] (version1) StdoutLine: {'line': b'[ 10%] \x1b[34m\x1b[1mGenerating C++ type support for eProsima Fast-RTPS\x1b[0m\n'}
[4.955670] (version1) StdoutLine: {'line': b'[ 12%] \x1b[34m\x1b[1mGenerating C++ introspection for ROS interfaces\x1b[0m\n'}
[4.956997] (version1) StdoutLine: {'line': b'\x1b[35m\x1b[1mConsolidate compiler generated dependencies of target version1__rosidl_generator_c\x1b[0m\n'}
[4.967186] (version1) StdoutLine: {'line': b'[ 17%] \x1b[32mBuilding C object CMakeFiles/version1__rosidl_generator_c.dir/rosidl_generator_c/version1/srv/detail/odd_even_check__functions.c.o\x1b[0m\n'}
[4.967420] (version1) StdoutLine: {'line': b'[ 17%] \x1b[32mBuilding C object CMakeFiles/version1__rosidl_generator_c.dir/rosidl_generator_c/version1/action/detail/navigate__functions.c.o\x1b[0m\n'}
[5.010185] (-) TimerEvent: {}
[5.069536] (version1) StdoutLine: {'line': b'[ 20%] \x1b[32m\x1b[1mLinking C shared library libversion1__rosidl_generator_c.so\x1b[0m\n'}
[5.103204] (version1) StdoutLine: {'line': b'[ 20%] Built target version1__rosidl_generator_c\n'}
[5.110301] (-) TimerEvent: {}
[5.111813] (version1) StdoutLine: {'line': b'[ 23%] \x1b[34m\x1b[1mGenerating C type support for eProsima Fast-RTPS\x1b[0m\n'}
[5.113775] (version1) StdoutLine: {'line': b'[ 28%] \x1b[34m\x1b[1mGenerating C introspection for ROS interfaces\x1b[0m\n'}
[5.113953] (version1) StdoutLine: {'line': b'[ 28%] \x1b[34m\x1b[1mGenerating C type support dispatch for ROS interfaces\x1b[0m\n'}
[5.210402] (-) TimerEvent: {}
[5.218373] (version1) StdoutLine: {'line': b'\x1b[35m\x1b[1mConsolidate compiler generated dependencies of target version1__rosidl_typesupport_cpp\x1b[0m\n'}
[5.232443] (version1) StdoutLine: {'line': b'[ 30%] \x1b[32mBuilding CXX object CMakeFiles/version1__rosidl_typesupport_cpp.dir/rosidl_typesupport_cpp/version1/srv/odd_even_check__type_support.cpp.o\x1b[0m\n'}
[5.237248] (version1) StdoutLine: {'line': b'[ 33%] \x1b[32mBuilding CXX object CMakeFiles/version1__rosidl_typesupport_cpp.dir/rosidl_typesupport_cpp/version1/action/navigate__type_support.cpp.o\x1b[0m\n'}
[5.279306] (version1) StdoutLine: {'line': b'\x1b[35m\x1b[1mConsolidate compiler generated dependencies of target version1__rosidl_typesupport_introspection_cpp\x1b[0m\n'}
[5.291589] (version1) StdoutLine: {'line': b'[ 35%] \x1b[32mBuilding CXX object CMakeFiles/version1__rosidl_typesupport_introspection_cpp.dir/rosidl_typesupport_introspection_cpp/version1/srv/detail/odd_even_check__type_support.cpp.o\x1b[0m\n'}
[5.294144] (version1) StdoutLine: {'line': b'[ 38%] \x1b[32mBuilding CXX object CMakeFiles/version1__rosidl_typesupport_introspection_cpp.dir/rosidl_typesupport_introspection_cpp/version1/action/detail/navigate__type_support.cpp.o\x1b[0m\n'}
[5.310519] (-) TimerEvent: {}
[5.410868] (-) TimerEvent: {}
[5.444497] (version1) StdoutLine: {'line': b'\x1b[35m\x1b[1mConsolidate compiler generated dependencies of target version1__rosidl_typesupport_fastrtps_cpp\x1b[0m\n'}
[5.454992] (version1) StdoutLine: {'line': b'\x1b[35m\x1b[1mConsolidate compiler generated dependencies of target version1__rosidl_typesupport_c\x1b[0m\n'}
[5.465337] (version1) StdoutLine: {'line': b'[ 43%] \x1b[32mBuilding CXX object CMakeFiles/version1__rosidl_typesupport_fastrtps_cpp.dir/rosidl_typesupport_fastrtps_cpp/version1/srv/detail/dds_fastrtps/odd_even_check__type_support.cpp.o\x1b[0m\n'}
[5.465715] (version1) StdoutLine: {'line': b'[ 43%] \x1b[32mBuilding CXX object CMakeFiles/version1__rosidl_typesupport_fastrtps_cpp.dir/rosidl_typesupport_fastrtps_cpp/version1/action/detail/dds_fastrtps/navigate__type_support.cpp.o\x1b[0m\n'}
[5.474789] (version1) StdoutLine: {'line': b'[ 46%] \x1b[32mBuilding CXX object CMakeFiles/version1__rosidl_typesupport_c.dir/rosidl_typesupport_c/version1/srv/odd_even_check__type_support.cpp.o\x1b[0m\n'}
[5.477702] (version1) StdoutLine: {'line': b'[ 48%] \x1b[32mBuilding CXX object CMakeFiles/version1__rosidl_typesupport_c.dir/rosidl_typesupport_c/version1/action/navigate__type_support.cpp.o\x1b[0m\n'}
[5.510997] (-) TimerEvent: {}
[5.542308] (version1) StdoutLine: {'line': b'\x1b[35m\x1b[1mConsolidate compiler generated dependencies of target version1__rosidl_typesupport_fastrtps_c\x1b[0m\n'}
[5.562830] (version1) StdoutLine: {'line': b'[ 51%] \x1b[32m\x1b[1mLinking CXX shared library libversion1__rosidl_typesupport_c.so\x1b[0m\n'}
[5.577140] (version1) StdoutLine: {'line': b'[ 53%] \x1b[32mBuilding CXX object CMakeFiles/version1__rosidl_typesupport_fastrtps_c.dir/rosidl_typesupport_fastrtps_c/version1/action/detail/navigate__type_support_c.cpp.o\x1b[0m\n'}
[5.577513] (version1) StdoutLine: {'line': b'[ 56%] \x1b[32mBuilding CXX object CMakeFiles/version1__rosidl_typesupport_fastrtps_c.dir/rosidl_typesupport_fastrtps_c/version1/srv/detail/odd_even_check__type_support_c.cpp.o\x1b[0m\n'}
[5.611130] (-) TimerEvent: {}
[5.629964] (version1) StdoutLine: {'line': b'[ 56%] Built target version1__rosidl_typesupport_c\n'}
[5.643234] (version1) StdoutLine: {'line': b'\x1b[35m\x1b[1mConsolidate compiler generated dependencies of target version1__rosidl_typesupport_introspection_c\x1b[0m\n'}
[5.658562] (version1) StdoutLine: {'line': b'[ 61%] \x1b[32mBuilding C object CMakeFiles/version1__rosidl_typesupport_introspection_c.dir/rosidl_typesupport_introspection_c/version1/srv/detail/odd_even_check__type_support.c.o\x1b[0m\n'}
[5.658934] (version1) StdoutLine: {'line': b'[ 61%] \x1b[32mBuilding C object CMakeFiles/version1__rosidl_typesupport_introspection_c.dir/rosidl_typesupport_introspection_c/version1/action/detail/navigate__type_support.c.o\x1b[0m\n'}
[5.711279] (-) TimerEvent: {}
[5.722580] (version1) StdoutLine: {'line': b'[ 64%] \x1b[32m\x1b[1mLinking C shared library libversion1__rosidl_typesupport_introspection_c.so\x1b[0m\n'}
[5.781497] (version1) StdoutLine: {'line': b'[ 64%] Built target version1__rosidl_typesupport_introspection_c\n'}
[5.811431] (-) TimerEvent: {}
[5.839777] (version1) StdoutLine: {'line': b'[ 66%] \x1b[32m\x1b[1mLinking CXX shared library libversion1__rosidl_typesupport_cpp.so\x1b[0m\n'}
[5.889956] (version1) StdoutLine: {'line': b'[ 66%] Built target version1__rosidl_typesupport_cpp\n'}
[5.911568] (-) TimerEvent: {}
[6.012000] (-) TimerEvent: {}
[6.013356] (version1) StdoutLine: {'line': b'[ 69%] \x1b[32m\x1b[1mLinking CXX shared library libversion1__rosidl_typesupport_fastrtps_c.so\x1b[0m\n'}
[6.069684] (version1) StdoutLine: {'line': b'[ 71%] \x1b[32m\x1b[1mLinking CXX shared library libversion1__rosidl_typesupport_introspection_cpp.so\x1b[0m\n'}
[6.104667] (version1) StdoutLine: {'line': b'[ 71%] Built target version1__rosidl_typesupport_fastrtps_c\n'}
[6.112110] (-) TimerEvent: {}
[6.136613] (version1) StdoutLine: {'line': b'[ 71%] Built target version1__rosidl_typesupport_introspection_cpp\n'}
[6.137986] (version1) StdoutLine: {'line': b'[ 74%] \x1b[32m\x1b[1mLinking CXX shared library libversion1__rosidl_typesupport_fastrtps_cpp.so\x1b[0m\n'}
[6.196643] (version1) StdoutLine: {'line': b'[ 74%] Built target version1__rosidl_typesupport_fastrtps_cpp\n'}
[6.211294] (version1) StdoutLine: {'line': b'[ 74%] Built target version1\n'}
[6.212184] (-) TimerEvent: {}
[6.228001] (version1) StdoutLine: {'line': b'[ 76%] \x1b[34m\x1b[1mGenerating Python code for ROS interfaces\x1b[0m\n'}
[6.312292] (-) TimerEvent: {}
[6.412585] (-) TimerEvent: {}
[6.512843] (-) TimerEvent: {}
[6.613098] (-) TimerEvent: {}
[6.713364] (-) TimerEvent: {}
[6.813645] (-) TimerEvent: {}
[6.846644] (version1) StdoutLine: {'line': b'[ 76%] Built target version1__py\n'}
[6.854527] (version1) StdoutLine: {'line': b'\x1b[35m\x1b[1mConsolidate compiler generated dependencies of target version1__rosidl_generator_py\x1b[0m\n'}
[6.865729] (version1) StdoutLine: {'line': b'[ 82%] \x1b[32mBuilding C object CMakeFiles/version1__rosidl_generator_py.dir/rosidl_generator_py/version1/action/_navigate_s.c.o\x1b[0m\n'}
[6.865905] (version1) StdoutLine: {'line': b'[ 82%] \x1b[32mBuilding C object CMakeFiles/version1__rosidl_generator_py.dir/rosidl_generator_py/version1/srv/_odd_even_check_s.c.o\x1b[0m\n'}
[6.913755] (-) TimerEvent: {}
[6.964246] (version1) StdoutLine: {'line': b'[ 84%] \x1b[32m\x1b[1mLinking C shared library rosidl_generator_py/version1/libversion1__rosidl_generator_py.so\x1b[0m\n'}
[6.995704] (version1) StdoutLine: {'line': b'[ 84%] Built target version1__rosidl_generator_py\n'}
[7.003580] (version1) StdoutLine: {'line': b'\x1b[35m\x1b[1mConsolidate compiler generated dependencies of target version1__rosidl_typesupport_c__pyext\x1b[0m\n'}
[7.003817] (version1) StdoutLine: {'line': b'\x1b[35m\x1b[1mConsolidate compiler generated dependencies of target version1__rosidl_typesupport_introspection_c__pyext\x1b[0m\n'}
[7.003952] (version1) StdoutLine: {'line': b'\x1b[35m\x1b[1mConsolidate compiler generated dependencies of target version1__rosidl_typesupport_fastrtps_c__pyext\x1b[0m\n'}
[7.013046] (version1) StdoutLine: {'line': b'[ 92%] \x1b[32mBuilding C object CMakeFiles/version1__rosidl_typesupport_introspection_c__pyext.dir/rosidl_generator_py/version1/_version1_s.ep.rosidl_typesupport_introspection_c.c.o\x1b[0m\n'}
[7.013342] (version1) StdoutLine: {'line': b'[ 92%] \x1b[32mBuilding C object CMakeFiles/version1__rosidl_typesupport_c__pyext.dir/rosidl_generator_py/version1/_version1_s.ep.rosidl_typesupport_c.c.o\x1b[0m\n'}
[7.013484] (version1) StdoutLine: {'line': b'[ 92%] \x1b[32mBuilding C object CMakeFiles/version1__rosidl_typesupport_fastrtps_c__pyext.dir/rosidl_generator_py/version1/_version1_s.ep.rosidl_typesupport_fastrtps_c.c.o\x1b[0m\n'}
[7.013827] (-) TimerEvent: {}
[7.114075] (-) TimerEvent: {}
[7.117830] (version1) StdoutLine: {'line': b'[ 97%] \x1b[32m\x1b[1mLinking C shared library rosidl_generator_py/version1/version1_s__rosidl_typesupport_introspection_c.cpython-310-x86_64-linux-gnu.so\x1b[0m\n'}
[7.118063] (version1) StdoutLine: {'line': b'[ 97%] \x1b[32m\x1b[1mLinking C shared library rosidl_generator_py/version1/version1_s__rosidl_typesupport_fastrtps_c.cpython-310-x86_64-linux-gnu.so\x1b[0m\n'}
[7.122365] (version1) StdoutLine: {'line': b'[100%] \x1b[32m\x1b[1mLinking C shared library rosidl_generator_py/version1/version1_s__rosidl_typesupport_c.cpython-310-x86_64-linux-gnu.so\x1b[0m\n'}
[7.158486] (version1) StdoutLine: {'line': b'[100%] Built target version1__rosidl_typesupport_introspection_c__pyext\n'}
[7.158702] (version1) StdoutLine: {'line': b'[100%] Built target version1__rosidl_typesupport_fastrtps_c__pyext\n'}
[7.164156] (version1) StdoutLine: {'line': b'[100%] Built target version1__rosidl_typesupport_c__pyext\n'}
[7.172361] (version1) CommandEnded: {'returncode': 0}
[7.214163] (-) TimerEvent: {}
[7.215732] (version1) JobProgress: {'identifier': 'version1', 'progress': 'install'}
[7.216638] (version1) Command: {'cmd': ['/usr/bin/cmake', '--install', '/home/thiago/workspaces/lidar/build/version1'], 'cwd': '/home/thiago/workspaces/lidar/build/version1', 'env': OrderedDict([('GJS_DEBUG_TOPICS', 'JS ERROR;JS LOG'), ('LESSOPEN', '| /usr/bin/lesspipe %s'), ('USER', 'thiago'), ('LC_TIME', 'es_AR.UTF-8'), ('GIO_MODULE_DIR', '/home/thiago/snap/code/common/.cache/gio-modules'), ('XDG_SESSION_TYPE', 'wayland'), ('GIT_ASKPASS', '/snap/code/136/usr/share/code/resources/app/extensions/git/dist/askpass.sh'), ('GTK_EXE_PREFIX_VSCODE_SNAP_ORIG', ''), ('GDK_BACKEND_VSCODE_SNAP_ORIG', ''), ('SHLVL', '1'), ('LD_LIBRARY_PATH', '/opt/ros/humble/opt/rviz_ogre_vendor/lib:/opt/ros/humble/lib/x86_64-linux-gnu:/opt/ros/humble/lib'), ('HOME', '/home/thiago'), ('CHROME_DESKTOP', 'code-url-handler.desktop'), ('LOCPATH_VSCODE_SNAP_ORIG', ''), ('TERM_PROGRAM_VERSION', '1.81.0'), ('DESKTOP_SESSION', 'ubuntu'), ('GTK_PATH', '/snap/code/136/usr/lib/x86_64-linux-gnu/gtk-3.0'), ('GTK_IM_MODULE_FILE', '/home/thiago/snap/code/common/.cache/immodules/immodules.cache'), ('GIO_LAUNCHED_DESKTOP_FILE', '/var/lib/snapd/desktop/applications/code_code.desktop'), ('ROS_PYTHON_VERSION', '3'), ('GNOME_SHELL_SESSION_MODE', 'ubuntu'), ('GTK_MODULES', 'gail:atk-bridge'), ('GSETTINGS_SCHEMA_DIR_VSCODE_SNAP_ORIG', ''), ('VSCODE_GIT_ASKPASS_MAIN', '/snap/code/136/usr/share/code/resources/app/extensions/git/dist/askpass-main.js'), ('LC_MONETARY', 'es_AR.UTF-8'), ('VSCODE_GIT_ASKPASS_NODE', '/snap/code/136/usr/share/code/code'), ('MANAGERPID', '1619'), ('SYSTEMD_EXEC_PID', '1833'), ('IM_CONFIG_CHECK_ENV', '1'), ('DBUS_SESSION_BUS_ADDRESS', 'unix:path=/run/user/1000/bus'), ('COLORTERM', 'truecolor'), ('GIO_LAUNCHED_DESKTOP_FILE_PID', '9035'), ('IM_CONFIG_PHASE', '1'), ('WAYLAND_DISPLAY', 'wayland-0'), ('ROS_DISTRO', 'humble'), ('LOGNAME', 'thiago'), ('JOURNAL_STREAM', '8:35974'), ('_', '/usr/bin/colcon'), ('ROS_VERSION', '2'), ('XDG_CONFIG_DIRS_VSCODE_SNAP_ORIG', '/etc/xdg/xdg-ubuntu:/etc/xdg'), ('XDG_SESSION_CLASS', 'user'), ('XDG_DATA_DIRS_VSCODE_SNAP_ORIG', '/usr/share/ubuntu:/usr/local/share/:/usr/share/:/var/lib/snapd/desktop'), ('USERNAME', 'thiago'), ('TERM', 'xterm-256color'), ('GNOME_DESKTOP_SESSION_ID', 'this-is-deprecated'), ('ROS_LOCALHOST_ONLY', '0'), ('PATH', '/home/thiago/.local/bin:/opt/ros/humble/bin:/home/thiago/.local/bin:/usr/local/sbin:/usr/local/bin:/usr/sbin:/usr/bin:/sbin:/bin:/usr/games:/usr/local/games:/snap/bin:/snap/bin'), ('SESSION_MANAGER', 'local/thiago-ubuntu:@/tmp/.ICE-unix/1787,unix/thiago-ubuntu:/tmp/.ICE-unix/1787'), ('GTK_EXE_PREFIX', '/snap/code/136/usr'), ('INVOCATION_ID', 'f39377580b26404cad46146b8cfc4176'), ('XDG_MENU_PREFIX', 'gnome-'), ('LC_ADDRESS', 'es_AR.UTF-8'), ('BAMF_DESKTOP_FILE_HINT', '/var/lib/snapd/desktop/applications/code_code.desktop'), ('GNOME_SETUP_DISPLAY', ':1'), ('XDG_RUNTIME_DIR', '/run/user/1000'), ('GDK_BACKEND', 'x11'), ('DISPLAY', ':0'), ('LOCPATH', '/snap/code/136/usr/lib/locale'), ('LANG', 'en_US.UTF-8'), ('XDG_CURRENT_DESKTOP', 'Unity'), ('LC_TELEPHONE', 'es_AR.UTF-8'), ('GIO_MODULE_DIR_VSCODE_SNAP_ORIG', ''), ('XMODIFIERS', '@im=ibus'), ('XDG_SESSION_DESKTOP', 'ubuntu'), ('XAUTHORITY', '/run/user/1000/.mutter-Xwaylandauth.PSCU91'), ('LS_COLORS', ''), ('VSCODE_GIT_IPC_HANDLE', '/run/user/1000/vscode-git-f6dfffcee1.sock'), ('TERM_PROGRAM', 'vscode'), ('SSH_AGENT_LAUNCHER', 'gnome-keyring'), ('SSH_AUTH_SOCK', '/run/user/1000/keyring/ssh'), ('GSETTINGS_SCHEMA_DIR', '/home/thiago/snap/code/136/.local/share/glib-2.0/schemas'), ('AMENT_PREFIX_PATH', '/opt/ros/humble'), ('ORIGINAL_XDG_CURRENT_DESKTOP', 'ubuntu:GNOME'), ('SHELL', '/bin/bash'), ('LC_NAME', 'es_AR.UTF-8'), ('QT_ACCESSIBILITY', '1'), ('GDMSESSION', 'ubuntu'), ('LESSCLOSE', '/usr/bin/lesspipe %s %s'), ('GTK_PATH_VSCODE_SNAP_ORIG', ''), ('GTK_IM_MODULE_FILE_VSCODE_SNAP_ORIG', ''), ('LC_MEASUREMENT', 'es_AR.UTF-8'), ('GJS_DEBUG_OUTPUT', 'stderr'), ('LC_IDENTIFICATION', 'es_AR.UTF-8'), ('VSCODE_GIT_ASKPASS_EXTRA_ARGS', '--ms-enable-electron-run-as-node'), ('QT_IM_MODULE', 'ibus'), ('PWD', '/home/thiago/workspaces/lidar/build/version1'), ('LC_ALL', 'en_US.UTF-8'), ('XDG_CONFIG_DIRS', '/etc/xdg/xdg-ubuntu:/etc/xdg'), ('XDG_DATA_DIRS', '/home/thiago/snap/code/136/.local/share:/home/thiago/snap/code/136:/snap/code/136/usr/share:/usr/share/ubuntu:/usr/local/share/:/usr/share/:/var/lib/snapd/desktop'), ('PYTHONPATH', '/opt/ros/humble/lib/python3.10/site-packages:/opt/ros/humble/local/lib/python3.10/dist-packages'), ('LC_NUMERIC', 'es_AR.UTF-8'), ('LC_PAPER', 'es_AR.UTF-8'), ('COLCON', '1'), ('CMAKE_PREFIX_PATH', '/opt/ros/humble')]), 'shell': False}
[7.222169] (version1) StdoutLine: {'line': b'-- Install configuration: ""\n'}
[7.222640] (version1) StdoutLine: {'line': b'-- Execute custom install script\n'}
[7.222815] (version1) StdoutLine: {'line': b'-- Up-to-date symlink: /home/thiago/workspaces/lidar/install/version1/share/ament_index/resource_index/rosidl_interfaces/version1\n'}
[7.223140] (version1) StdoutLine: {'line': b'-- Up-to-date symlink: /home/thiago/workspaces/lidar/install/version1/include/version1/version1/action/detail/navigate__functions.h\n'}
[7.223251] (version1) StdoutLine: {'line': b'-- Up-to-date symlink: /home/thiago/workspaces/lidar/install/version1/include/version1/version1/action/detail/navigate__struct.h\n'}
[7.223347] (version1) StdoutLine: {'line': b'-- Up-to-date symlink: /home/thiago/workspaces/lidar/install/version1/include/version1/version1/action/detail/navigate__type_support.h\n'}
[7.223469] (version1) StdoutLine: {'line': b'-- Up-to-date symlink: /home/thiago/workspaces/lidar/install/version1/include/version1/version1/action/navigate.h\n'}
[7.223554] (version1) StdoutLine: {'line': b'-- Up-to-date symlink: /home/thiago/workspaces/lidar/install/version1/include/version1/version1/msg/rosidl_generator_c__visibility_control.h\n'}
[7.223671] (version1) StdoutLine: {'line': b'-- Up-to-date symlink: /home/thiago/workspaces/lidar/install/version1/include/version1/version1/srv/detail/odd_even_check__functions.h\n'}
[7.223752] (version1) StdoutLine: {'line': b'-- Up-to-date symlink: /home/thiago/workspaces/lidar/install/version1/include/version1/version1/srv/detail/odd_even_check__struct.h\n'}
[7.223839] (version1) StdoutLine: {'line': b'-- Up-to-date symlink: /home/thiago/workspaces/lidar/install/version1/include/version1/version1/srv/detail/odd_even_check__type_support.h\n'}
[7.223945] (version1) StdoutLine: {'line': b'-- Up-to-date symlink: /home/thiago/workspaces/lidar/install/version1/include/version1/version1/srv/odd_even_check.h\n'}
[7.224021] (version1) StdoutLine: {'line': b'-- Up-to-date symlink: /home/thiago/workspaces/lidar/install/version1/share/version1/environment/library_path.sh\n'}
[7.226621] (version1) StdoutLine: {'line': b'-- Up-to-date symlink: /home/thiago/workspaces/lidar/install/version1/share/version1/environment/library_path.dsv\n'}
[7.226725] (version1) StdoutLine: {'line': b'-- Up-to-date symlink: /home/thiago/workspaces/lidar/install/version1/include/version1/version1/action/detail/navigate__rosidl_typesupport_fastrtps_c.h\n'}
[7.226799] (version1) StdoutLine: {'line': b'-- Up-to-date symlink: /home/thiago/workspaces/lidar/install/version1/include/version1/version1/msg/rosidl_typesupport_fastrtps_c__visibility_control.h\n'}
[7.226881] (version1) StdoutLine: {'line': b'-- Up-to-date symlink: /home/thiago/workspaces/lidar/install/version1/include/version1/version1/srv/detail/odd_even_check__rosidl_typesupport_fastrtps_c.h\n'}
[7.226957] (version1) StdoutLine: {'line': b'-- Up-to-date symlink: /home/thiago/workspaces/lidar/install/version1/include/version1/version1/action/detail/navigate__builder.hpp\n'}
[7.227022] (version1) StdoutLine: {'line': b'-- Up-to-date symlink: /home/thiago/workspaces/lidar/install/version1/include/version1/version1/action/detail/navigate__struct.hpp\n'}
[7.227088] (version1) StdoutLine: {'line': b'-- Up-to-date symlink: /home/thiago/workspaces/lidar/install/version1/include/version1/version1/action/detail/navigate__traits.hpp\n'}
[7.227152] (version1) StdoutLine: {'line': b'-- Up-to-date symlink: /home/thiago/workspaces/lidar/install/version1/include/version1/version1/action/navigate.hpp\n'}
[7.227231] (version1) StdoutLine: {'line': b'-- Up-to-date symlink: /home/thiago/workspaces/lidar/install/version1/include/version1/version1/srv/detail/odd_even_check__builder.hpp\n'}
[7.227307] (version1) StdoutLine: {'line': b'-- Up-to-date symlink: /home/thiago/workspaces/lidar/install/version1/include/version1/version1/srv/detail/odd_even_check__struct.hpp\n'}
[7.227375] (version1) StdoutLine: {'line': b'-- Up-to-date symlink: /home/thiago/workspaces/lidar/install/version1/include/version1/version1/srv/detail/odd_even_check__traits.hpp\n'}
[7.227464] (version1) StdoutLine: {'line': b'-- Up-to-date symlink: /home/thiago/workspaces/lidar/install/version1/include/version1/version1/srv/odd_even_check.hpp\n'}
[7.227553] (version1) StdoutLine: {'line': b'-- Up-to-date symlink: /home/thiago/workspaces/lidar/install/version1/include/version1/version1/action/detail/navigate__rosidl_typesupport_fastrtps_cpp.hpp\n'}
[7.227702] (version1) StdoutLine: {'line': b'-- Up-to-date symlink: /home/thiago/workspaces/lidar/install/version1/include/version1/version1/msg/rosidl_typesupport_fastrtps_cpp__visibility_control.h\n'}
[7.227820] (version1) StdoutLine: {'line': b'-- Up-to-date symlink: /home/thiago/workspaces/lidar/install/version1/include/version1/version1/srv/detail/odd_even_check__rosidl_typesupport_fastrtps_cpp.hpp\n'}
[7.227921] (version1) StdoutLine: {'line': b'-- Up-to-date symlink: /home/thiago/workspaces/lidar/install/version1/include/version1/version1/action/detail/navigate__rosidl_typesupport_introspection_c.h\n'}
[7.228001] (version1) StdoutLine: {'line': b'-- Up-to-date symlink: /home/thiago/workspaces/lidar/install/version1/include/version1/version1/msg/rosidl_typesupport_introspection_c__visibility_control.h\n'}
[7.228103] (version1) StdoutLine: {'line': b'-- Up-to-date symlink: /home/thiago/workspaces/lidar/install/version1/include/version1/version1/srv/detail/odd_even_check__rosidl_typesupport_introspection_c.h\n'}
[7.228186] (version1) StdoutLine: {'line': b'-- Up-to-date symlink: /home/thiago/workspaces/lidar/install/version1/include/version1/version1/action/detail/navigate__rosidl_typesupport_introspection_cpp.hpp\n'}
[7.228274] (version1) StdoutLine: {'line': b'-- Up-to-date symlink: /home/thiago/workspaces/lidar/install/version1/include/version1/version1/srv/detail/odd_even_check__rosidl_typesupport_introspection_cpp.hpp\n'}
[7.228357] (version1) StdoutLine: {'line': b'-- Up-to-date symlink: /home/thiago/workspaces/lidar/install/version1/share/version1/environment/pythonpath.sh\n'}
[7.228462] (version1) StdoutLine: {'line': b'-- Up-to-date symlink: /home/thiago/workspaces/lidar/install/version1/share/version1/environment/pythonpath.dsv\n'}
[7.228570] (version1) StdoutLine: {'line': b'-- Up-to-date symlink: /home/thiago/workspaces/lidar/install/version1/local/lib/python3.10/dist-packages/version1-0.0.0-py3.10.egg-info/PKG-INFO\n'}
[7.228669] (version1) StdoutLine: {'line': b'-- Up-to-date symlink: /home/thiago/workspaces/lidar/install/version1/local/lib/python3.10/dist-packages/version1-0.0.0-py3.10.egg-info/SOURCES.txt\n'}
[7.228764] (version1) StdoutLine: {'line': b'-- Up-to-date symlink: /home/thiago/workspaces/lidar/install/version1/local/lib/python3.10/dist-packages/version1-0.0.0-py3.10.egg-info/dependency_links.txt\n'}
[7.228857] (version1) StdoutLine: {'line': b'-- Up-to-date symlink: /home/thiago/workspaces/lidar/install/version1/local/lib/python3.10/dist-packages/version1-0.0.0-py3.10.egg-info/top_level.txt\n'}
[7.229466] (version1) StdoutLine: {'line': b'-- Up-to-date symlink: /home/thiago/workspaces/lidar/install/version1/local/lib/python3.10/dist-packages/version1/__init__.py\n'}
[7.229587] (version1) StdoutLine: {'line': b'-- Up-to-date symlink: /home/thiago/workspaces/lidar/install/version1/local/lib/python3.10/dist-packages/version1/_version1_s.ep.rosidl_typesupport_c.c\n'}
[7.229740] (version1) StdoutLine: {'line': b'-- Up-to-date symlink: /home/thiago/workspaces/lidar/install/version1/local/lib/python3.10/dist-packages/version1/_version1_s.ep.rosidl_typesupport_fastrtps_c.c\n'}
[7.229836] (version1) StdoutLine: {'line': b'-- Up-to-date symlink: /home/thiago/workspaces/lidar/install/version1/local/lib/python3.10/dist-packages/version1/_version1_s.ep.rosidl_typesupport_introspection_c.c\n'}
[7.229912] (version1) StdoutLine: {'line': b'-- Up-to-date symlink: /home/thiago/workspaces/lidar/install/version1/local/lib/python3.10/dist-packages/version1/action/__init__.py\n'}
[7.230024] (version1) StdoutLine: {'line': b'-- Up-to-date symlink: /home/thiago/workspaces/lidar/install/version1/local/lib/python3.10/dist-packages/version1/action/_navigate.py\n'}
[7.230102] (version1) StdoutLine: {'line': b'-- Up-to-date symlink: /home/thiago/workspaces/lidar/install/version1/local/lib/python3.10/dist-packages/version1/action/_navigate_s.c\n'}
[7.230174] (version1) StdoutLine: {'line': b'-- Up-to-date symlink: /home/thiago/workspaces/lidar/install/version1/local/lib/python3.10/dist-packages/version1/libversion1__rosidl_generator_py.so\n'}
[7.230284] (version1) StdoutLine: {'line': b'-- Up-to-date symlink: /home/thiago/workspaces/lidar/install/version1/local/lib/python3.10/dist-packages/version1/srv/__init__.py\n'}
[7.230360] (version1) StdoutLine: {'line': b'-- Up-to-date symlink: /home/thiago/workspaces/lidar/install/version1/local/lib/python3.10/dist-packages/version1/srv/_odd_even_check.py\n'}
[7.230438] (version1) StdoutLine: {'line': b'-- Up-to-date symlink: /home/thiago/workspaces/lidar/install/version1/local/lib/python3.10/dist-packages/version1/srv/_odd_even_check_s.c\n'}
[7.230494] (version1) StdoutLine: {'line': b'-- Up-to-date symlink: /home/thiago/workspaces/lidar/install/version1/local/lib/python3.10/dist-packages/version1/version1_s__rosidl_typesupport_c.cpython-310-x86_64-linux-gnu.so\n'}
[7.230551] (version1) StdoutLine: {'line': b'-- Up-to-date symlink: /home/thiago/workspaces/lidar/install/version1/local/lib/python3.10/dist-packages/version1/version1_s__rosidl_typesupport_fastrtps_c.cpython-310-x86_64-linux-gnu.so\n'}
[7.230665] (version1) StdoutLine: {'line': b'-- Up-to-date symlink: /home/thiago/workspaces/lidar/install/version1/local/lib/python3.10/dist-packages/version1/version1_s__rosidl_typesupport_introspection_c.cpython-310-x86_64-linux-gnu.so\n'}
[7.230758] (version1) StdoutLine: {'line': b'-- Up-to-date symlink: /home/thiago/workspaces/lidar/install/version1/local/lib/python3.10/dist-packages/version1/version1_s__rosidl_typesupport_fastrtps_c.cpython-310-x86_64-linux-gnu.so\n'}
[7.230846] (version1) StdoutLine: {'line': b'-- Up-to-date symlink: /home/thiago/workspaces/lidar/install/version1/local/lib/python3.10/dist-packages/version1/version1_s__rosidl_typesupport_introspection_c.cpython-310-x86_64-linux-gnu.so\n'}
[7.230932] (version1) StdoutLine: {'line': b'-- Up-to-date symlink: /home/thiago/workspaces/lidar/install/version1/local/lib/python3.10/dist-packages/version1/version1_s__rosidl_typesupport_c.cpython-310-x86_64-linux-gnu.so\n'}
[7.231017] (version1) StdoutLine: {'line': b'-- Up-to-date symlink: /home/thiago/workspaces/lidar/install/version1/share/version1/srv/OddEvenCheck.idl\n'}
[7.231116] (version1) StdoutLine: {'line': b'-- Up-to-date symlink: /home/thiago/workspaces/lidar/install/version1/share/version1/action/Navigate.idl\n'}
[7.231209] (version1) StdoutLine: {'line': b'-- Up-to-date symlink: /home/thiago/workspaces/lidar/install/version1/share/version1/srv/OddEvenCheck.srv\n'}
[7.231308] (version1) StdoutLine: {'line': b'-- Up-to-date symlink: /home/thiago/workspaces/lidar/install/version1/share/version1/srv/OddEvenCheck_Request.msg\n'}
[7.231399] (version1) StdoutLine: {'line': b'-- Up-to-date symlink: /home/thiago/workspaces/lidar/install/version1/share/version1/srv/OddEvenCheck_Response.msg\n'}
[7.231493] (version1) StdoutLine: {'line': b'-- Up-to-date symlink: /home/thiago/workspaces/lidar/install/version1/share/version1/action/Navigate.action\n'}
[7.231696] (version1) StdoutLine: {'line': b'-- Up-to-date symlink: /home/thiago/workspaces/lidar/install/version1/local/lib/python3.10/dist-packages/scripts-0.0.0-py3.10.egg-info/PKG-INFO\n'}
[7.231796] (version1) StdoutLine: {'line': b'-- Up-to-date symlink: /home/thiago/workspaces/lidar/install/version1/local/lib/python3.10/dist-packages/scripts-0.0.0-py3.10.egg-info/SOURCES.txt\n'}
[7.231896] (version1) StdoutLine: {'line': b'-- Up-to-date symlink: /home/thiago/workspaces/lidar/install/version1/local/lib/python3.10/dist-packages/scripts-0.0.0-py3.10.egg-info/dependency_links.txt\n'}
[7.231999] (version1) StdoutLine: {'line': b'-- Up-to-date symlink: /home/thiago/workspaces/lidar/install/version1/local/lib/python3.10/dist-packages/scripts-0.0.0-py3.10.egg-info/top_level.txt\n'}
[7.232158] (version1) StdoutLine: {'line': b'-- Up-to-date symlink: /home/thiago/workspaces/lidar/install/version1/local/lib/python3.10/dist-packages/scripts/__init__.py\n'}
[7.232270] (version1) StdoutLine: {'line': b'-- Up-to-date symlink: /home/thiago/workspaces/lidar/install/version1/local/lib/python3.10/dist-packages/scripts/publisher_laserscan.py\n'}
[7.232386] (version1) StdoutLine: {'line': b'-- Up-to-date symlink: /home/thiago/workspaces/lidar/install/version1/lib/version1/publisher_laserscan.py\n'}
[7.232511] (version1) StderrLine: {'line': b'\x1b[31mCMake Error at ament_cmake_symlink_install/ament_cmake_symlink_install.cmake:204 (message):\n'}
[7.232589] (version1) StderrLine: {'line': b"  ament_cmake_symlink_install_programs() can't find\n"}
[7.232648] (version1) StderrLine: {'line': b"  '/home/thiago/workspaces/lidar/src/version1/scripts/publisher_filtro.py'\n"}
[7.232700] (version1) StderrLine: {'line': b'Call Stack (most recent call first):\n'}
[7.232753] (version1) StderrLine: {'line': b'  ament_cmake_symlink_install/ament_cmake_symlink_install.cmake:386 (ament_cmake_symlink_install_programs)\n'}
[7.232806] (version1) StderrLine: {'line': b'  cmake_install.cmake:46 (include)\n'}
[7.232861] (version1) StderrLine: {'line': b'\n'}
[7.232914] (version1) StderrLine: {'line': b'\x1b[0m\n'}
[7.233643] (version1) CommandEnded: {'returncode': 1}
[7.288928] (version1) JobEnded: {'identifier': 'version1', 'rc': 1}
[7.299416] (-) EventReactorShutdown: {}
