Built target ament_cmake_python_symlink_scripts
running egg_info
writing scripts.egg-info/PKG-INFO
writing dependency_links to scripts.egg-info/dependency_links.txt
writing top-level names to scripts.egg-info/top_level.txt
reading manifest file 'scripts.egg-info/SOURCES.txt'
writing manifest file 'scripts.egg-info/SOURCES.txt'
Built target ament_cmake_python_build_scripts_egg
-- Install configuration: ""
-- Execute custom install script
-- Up-to-date symlink: /home/thiago/workspaces/lidar/install/version1/share/version1/environment/pythonpath.sh
-- Up-to-date symlink: /home/thiago/workspaces/lidar/install/version1/share/version1/environment/pythonpath.dsv
-- Up-to-date symlink: /home/thiago/workspaces/lidar/install/version1/local/lib/python3.10/dist-packages/scripts-0.0.0-py3.10.egg-info/PKG-INFO
-- Up-to-date symlink: /home/thiago/workspaces/lidar/install/version1/local/lib/python3.10/dist-packages/scripts-0.0.0-py3.10.egg-info/SOURCES.txt
-- Up-to-date symlink: /home/thiago/workspaces/lidar/install/version1/local/lib/python3.10/dist-packages/scripts-0.0.0-py3.10.egg-info/dependency_links.txt
-- Up-to-date symlink: /home/thiago/workspaces/lidar/install/version1/local/lib/python3.10/dist-packages/scripts-0.0.0-py3.10.egg-info/top_level.txt
-- Up-to-date symlink: /home/thiago/workspaces/lidar/install/version1/local/lib/python3.10/dist-packages/scripts/__init__.py
-- Up-to-date symlink: /home/thiago/workspaces/lidar/install/version1/local/lib/python3.10/dist-packages/scripts/publisher_laserscan.py
-- Up-to-date symlink: /home/thiago/workspaces/lidar/install/version1/lib/version1/publisher_laserscan.py
-- Up-to-date symlink: /home/thiago/workspaces/lidar/install/version1/share/version1//launch/lidar_python_launch.py
-- Up-to-date symlink: /home/thiago/workspaces/lidar/install/version1/share/version1//launch/rpm_node_launch.py
-- Up-to-date symlink: /home/thiago/workspaces/lidar/install/version1/share/version1//worlds/visualize_lidar.sdf
-- Up-to-date symlink: /home/thiago/workspaces/lidar/install/version1/share/version1//models/RplidarA1/RplidarA1.sdf
-- Up-to-date symlink: /home/thiago/workspaces/lidar/install/version1/share/version1//models/RplidarA1/model.config
-- Up-to-date symlink: /home/thiago/workspaces/lidar/install/version1/share/ament_index/resource_index/package_run_dependencies/version1
-- Up-to-date symlink: /home/thiago/workspaces/lidar/install/version1/share/ament_index/resource_index/parent_prefix_path/version1
-- Up-to-date symlink: /home/thiago/workspaces/lidar/install/version1/share/version1/environment/ament_prefix_path.sh
-- Up-to-date symlink: /home/thiago/workspaces/lidar/install/version1/share/version1/environment/ament_prefix_path.dsv
-- Up-to-date symlink: /home/thiago/workspaces/lidar/install/version1/share/version1/environment/path.sh
-- Up-to-date symlink: /home/thiago/workspaces/lidar/install/version1/share/version1/environment/path.dsv
-- Up-to-date symlink: /home/thiago/workspaces/lidar/install/version1/share/version1/local_setup.bash
-- Up-to-date symlink: /home/thiago/workspaces/lidar/install/version1/share/version1/local_setup.sh
-- Up-to-date symlink: /home/thiago/workspaces/lidar/install/version1/share/version1/local_setup.zsh
-- Up-to-date symlink: /home/thiago/workspaces/lidar/install/version1/share/version1/local_setup.dsv
-- Symlinking: /home/thiago/workspaces/lidar/install/version1/share/version1/package.dsv
-- Up-to-date symlink: /home/thiago/workspaces/lidar/install/version1/share/ament_index/resource_index/packages/version1
-- Up-to-date symlink: /home/thiago/workspaces/lidar/install/version1/share/version1/cmake/version1Config.cmake
-- Up-to-date symlink: /home/thiago/workspaces/lidar/install/version1/share/version1/cmake/version1Config-version.cmake
-- Up-to-date symlink: /home/thiago/workspaces/lidar/install/version1/share/version1/package.xml
Listing '/home/thiago/workspaces/lidar/install/version1/local/lib/python3.10/dist-packages/scripts'...
