[0.000000] (-) TimerEvent: {}
[0.000675] (version0) JobQueued: {'identifier': 'version0', 'dependencies': OrderedDict()}
[0.000722] (version1) JobQueued: {'identifier': 'version1', 'dependencies': OrderedDict()}
[0.000743] (version0) JobStarted: {'identifier': 'version0'}
[0.007140] (version1) JobStarted: {'identifier': 'version1'}
[0.013312] (version0) JobProgress: {'identifier': 'version0', 'progress': 'cmake'}
[0.014168] (version0) JobProgress: {'identifier': 'version0', 'progress': 'build'}
[0.014928] (version0) Command: {'cmd': ['/usr/bin/cmake', '--build', '/home/thiago/workspaces/lidar/build/version0', '--', '-j12', '-l12'], 'cwd': '/home/thiago/workspaces/lidar/build/version0', 'env': OrderedDict([('GJS_DEBUG_TOPICS', 'JS ERROR;JS LOG'), ('LESSOPEN', '| /usr/bin/lesspipe %s'), ('USER', 'thiago'), ('LC_TIME', 'es_AR.UTF-8'), ('GIO_MODULE_DIR', '/home/thiago/snap/code/common/.cache/gio-modules'), ('XDG_SESSION_TYPE', 'wayland'), ('GIT_ASKPASS', '/snap/code/129/usr/share/code/resources/app/extensions/git/dist/askpass.sh'), ('SHLVL', '1'), ('LD_LIBRARY_PATH', '/opt/ros/humble/opt/rviz_ogre_vendor/lib:/opt/ros/humble/lib/x86_64-linux-gnu:/opt/ros/humble/lib'), ('HOME', '/home/thiago'), ('CHROME_DESKTOP', 'code-url-handler.desktop'), ('TERM_PROGRAM_VERSION', '1.78.2'), ('DESKTOP_SESSION', 'ubuntu'), ('GTK_PATH', '/snap/code/129/usr/lib/x86_64-linux-gnu/gtk-3.0'), ('GTK_IM_MODULE_FILE', '/home/thiago/snap/code/common/.cache/immodules/immodules.cache'), ('GIO_LAUNCHED_DESKTOP_FILE', '/var/lib/snapd/desktop/applications/code_code.desktop'), ('ROS_PYTHON_VERSION', '3'), ('GNOME_SHELL_SESSION_MODE', 'ubuntu'), ('GTK_MODULES', 'gail:atk-bridge'), ('VSCODE_GIT_ASKPASS_MAIN', '/snap/code/129/usr/share/code/resources/app/extensions/git/dist/askpass-main.js'), ('LC_MONETARY', 'es_AR.UTF-8'), ('VSCODE_GIT_ASKPASS_NODE', '/snap/code/129/usr/share/code/code'), ('MANAGERPID', '1641'), ('SYSTEMD_EXEC_PID', '1860'), ('IM_CONFIG_CHECK_ENV', '1'), ('DBUS_SESSION_BUS_ADDRESS', 'unix:path=/run/user/1000/bus'), ('COLORTERM', 'truecolor'), ('GIO_LAUNCHED_DESKTOP_FILE_PID', '2763'), ('IM_CONFIG_PHASE', '1'), ('WAYLAND_DISPLAY', 'wayland-0'), ('ROS_DISTRO', 'humble'), ('LOGNAME', 'thiago'), ('JOURNAL_STREAM', '8:38346'), ('_', '/usr/bin/colcon'), ('ROS_VERSION', '2'), ('XDG_SESSION_CLASS', 'user'), ('USERNAME', 'thiago'), ('TERM', 'xterm-256color'), ('GNOME_DESKTOP_SESSION_ID', 'this-is-deprecated'), ('ROS_LOCALHOST_ONLY', '0'), ('PATH', '/home/thiago/.local/bin:/opt/ros/humble/bin:/home/thiago/.local/bin:/usr/local/sbin:/usr/local/bin:/usr/sbin:/usr/bin:/sbin:/bin:/usr/games:/usr/local/games:/snap/bin:/snap/bin'), ('SESSION_MANAGER', 'local/thiago-ubuntu:@/tmp/.ICE-unix/1841,unix/thiago-ubuntu:/tmp/.ICE-unix/1841'), ('GTK_EXE_PREFIX', '/snap/code/129/usr'), ('INVOCATION_ID', 'a48abd91fbb9492d90732a0e0482e10b'), ('XDG_MENU_PREFIX', 'gnome-'), ('LC_ADDRESS', 'es_AR.UTF-8'), ('BAMF_DESKTOP_FILE_HINT', '/var/lib/snapd/desktop/applications/code_code.desktop'), ('GNOME_SETUP_DISPLAY', ':1'), ('XDG_RUNTIME_DIR', '/run/user/1000'), ('GDK_BACKEND', 'x11'), ('DISPLAY', ':0'), ('LOCPATH', '/snap/code/129/usr/lib/locale'), ('LANG', 'en_US.UTF-8'), ('XDG_CURRENT_DESKTOP', 'Unity'), ('LC_TELEPHONE', 'es_AR.UTF-8'), ('XMODIFIERS', '@im=ibus'), ('XDG_SESSION_DESKTOP', 'ubuntu'), ('XAUTHORITY', '/run/user/1000/.mutter-Xwaylandauth.WN9F41'), ('LS_COLORS', ''), ('VSCODE_GIT_IPC_HANDLE', '/run/user/1000/vscode-git-f6dfffcee1.sock'), ('TERM_PROGRAM', 'vscode'), ('SSH_AGENT_LAUNCHER', 'gnome-keyring'), ('SSH_AUTH_SOCK', '/run/user/1000/keyring/ssh'), ('GSETTINGS_SCHEMA_DIR', '/home/thiago/snap/code/129/.local/share/glib-2.0/schemas'), ('AMENT_PREFIX_PATH', '/opt/ros/humble'), ('ORIGINAL_XDG_CURRENT_DESKTOP', 'ubuntu:GNOME'), ('SHELL', '/bin/bash'), ('LC_NAME', 'es_AR.UTF-8'), ('QT_ACCESSIBILITY', '1'), ('GDMSESSION', 'ubuntu'), ('LESSCLOSE', '/usr/bin/lesspipe %s %s'), ('LC_MEASUREMENT', 'es_AR.UTF-8'), ('GJS_DEBUG_OUTPUT', 'stderr'), ('LC_IDENTIFICATION', 'es_AR.UTF-8'), ('VSCODE_GIT_ASKPASS_EXTRA_ARGS', '--ms-enable-electron-run-as-node'), ('QT_IM_MODULE', 'ibus'), ('PWD', '/home/thiago/workspaces/lidar/build/version0'), ('LC_ALL', 'en_US.UTF-8'), ('XDG_CONFIG_DIRS', '/etc/xdg/xdg-ubuntu:/etc/xdg'), ('XDG_DATA_DIRS', '/home/thiago/snap/code/129/.local/share:/home/thiago/snap/code/129:/snap/code/129/usr/share:/usr/share/ubuntu:/usr/local/share/:/usr/share/:/var/lib/snapd/desktop'), ('PYTHONPATH', '/opt/ros/humble/lib/python3.10/site-packages:/opt/ros/humble/local/lib/python3.10/dist-packages'), ('LC_NUMERIC', 'es_AR.UTF-8'), ('LC_PAPER', 'es_AR.UTF-8'), ('COLCON', '1'), ('CMAKE_PREFIX_PATH', '/opt/ros/humble')]), 'shell': False}
[0.018882] (version1) JobProgress: {'identifier': 'version1', 'progress': 'cmake'}
[0.020683] (version1) Command: {'cmd': ['/usr/bin/cmake', '/home/thiago/workspaces/lidar/src/version1', '-DCMAKE_INSTALL_PREFIX=/home/thiago/workspaces/lidar/install/version1'], 'cwd': '/home/thiago/workspaces/lidar/build/version1', 'env': OrderedDict([('GJS_DEBUG_TOPICS', 'JS ERROR;JS LOG'), ('LESSOPEN', '| /usr/bin/lesspipe %s'), ('USER', 'thiago'), ('LC_TIME', 'es_AR.UTF-8'), ('GIO_MODULE_DIR', '/home/thiago/snap/code/common/.cache/gio-modules'), ('XDG_SESSION_TYPE', 'wayland'), ('GIT_ASKPASS', '/snap/code/129/usr/share/code/resources/app/extensions/git/dist/askpass.sh'), ('SHLVL', '1'), ('LD_LIBRARY_PATH', '/opt/ros/humble/opt/rviz_ogre_vendor/lib:/opt/ros/humble/lib/x86_64-linux-gnu:/opt/ros/humble/lib'), ('HOME', '/home/thiago'), ('CHROME_DESKTOP', 'code-url-handler.desktop'), ('TERM_PROGRAM_VERSION', '1.78.2'), ('DESKTOP_SESSION', 'ubuntu'), ('GTK_PATH', '/snap/code/129/usr/lib/x86_64-linux-gnu/gtk-3.0'), ('GTK_IM_MODULE_FILE', '/home/thiago/snap/code/common/.cache/immodules/immodules.cache'), ('GIO_LAUNCHED_DESKTOP_FILE', '/var/lib/snapd/desktop/applications/code_code.desktop'), ('ROS_PYTHON_VERSION', '3'), ('GNOME_SHELL_SESSION_MODE', 'ubuntu'), ('GTK_MODULES', 'gail:atk-bridge'), ('VSCODE_GIT_ASKPASS_MAIN', '/snap/code/129/usr/share/code/resources/app/extensions/git/dist/askpass-main.js'), ('LC_MONETARY', 'es_AR.UTF-8'), ('VSCODE_GIT_ASKPASS_NODE', '/snap/code/129/usr/share/code/code'), ('MANAGERPID', '1641'), ('SYSTEMD_EXEC_PID', '1860'), ('IM_CONFIG_CHECK_ENV', '1'), ('DBUS_SESSION_BUS_ADDRESS', 'unix:path=/run/user/1000/bus'), ('COLORTERM', 'truecolor'), ('GIO_LAUNCHED_DESKTOP_FILE_PID', '2763'), ('IM_CONFIG_PHASE', '1'), ('WAYLAND_DISPLAY', 'wayland-0'), ('ROS_DISTRO', 'humble'), ('LOGNAME', 'thiago'), ('JOURNAL_STREAM', '8:38346'), ('_', '/usr/bin/colcon'), ('ROS_VERSION', '2'), ('XDG_SESSION_CLASS', 'user'), ('USERNAME', 'thiago'), ('TERM', 'xterm-256color'), ('GNOME_DESKTOP_SESSION_ID', 'this-is-deprecated'), ('ROS_LOCALHOST_ONLY', '0'), ('PATH', '/home/thiago/.local/bin:/opt/ros/humble/bin:/home/thiago/.local/bin:/usr/local/sbin:/usr/local/bin:/usr/sbin:/usr/bin:/sbin:/bin:/usr/games:/usr/local/games:/snap/bin:/snap/bin'), ('SESSION_MANAGER', 'local/thiago-ubuntu:@/tmp/.ICE-unix/1841,unix/thiago-ubuntu:/tmp/.ICE-unix/1841'), ('GTK_EXE_PREFIX', '/snap/code/129/usr'), ('INVOCATION_ID', 'a48abd91fbb9492d90732a0e0482e10b'), ('XDG_MENU_PREFIX', 'gnome-'), ('LC_ADDRESS', 'es_AR.UTF-8'), ('BAMF_DESKTOP_FILE_HINT', '/var/lib/snapd/desktop/applications/code_code.desktop'), ('GNOME_SETUP_DISPLAY', ':1'), ('XDG_RUNTIME_DIR', '/run/user/1000'), ('GDK_BACKEND', 'x11'), ('DISPLAY', ':0'), ('LOCPATH', '/snap/code/129/usr/lib/locale'), ('LANG', 'en_US.UTF-8'), ('XDG_CURRENT_DESKTOP', 'Unity'), ('LC_TELEPHONE', 'es_AR.UTF-8'), ('XMODIFIERS', '@im=ibus'), ('XDG_SESSION_DESKTOP', 'ubuntu'), ('XAUTHORITY', '/run/user/1000/.mutter-Xwaylandauth.WN9F41'), ('LS_COLORS', ''), ('VSCODE_GIT_IPC_HANDLE', '/run/user/1000/vscode-git-f6dfffcee1.sock'), ('TERM_PROGRAM', 'vscode'), ('SSH_AGENT_LAUNCHER', 'gnome-keyring'), ('SSH_AUTH_SOCK', '/run/user/1000/keyring/ssh'), ('GSETTINGS_SCHEMA_DIR', '/home/thiago/snap/code/129/.local/share/glib-2.0/schemas'), ('AMENT_PREFIX_PATH', '/opt/ros/humble'), ('ORIGINAL_XDG_CURRENT_DESKTOP', 'ubuntu:GNOME'), ('SHELL', '/bin/bash'), ('LC_NAME', 'es_AR.UTF-8'), ('QT_ACCESSIBILITY', '1'), ('GDMSESSION', 'ubuntu'), ('LESSCLOSE', '/usr/bin/lesspipe %s %s'), ('LC_MEASUREMENT', 'es_AR.UTF-8'), ('GJS_DEBUG_OUTPUT', 'stderr'), ('LC_IDENTIFICATION', 'es_AR.UTF-8'), ('VSCODE_GIT_ASKPASS_EXTRA_ARGS', '--ms-enable-electron-run-as-node'), ('QT_IM_MODULE', 'ibus'), ('PWD', '/home/thiago/workspaces/lidar/build/version1'), ('LC_ALL', 'en_US.UTF-8'), ('XDG_CONFIG_DIRS', '/etc/xdg/xdg-ubuntu:/etc/xdg'), ('XDG_DATA_DIRS', '/home/thiago/snap/code/129/.local/share:/home/thiago/snap/code/129:/snap/code/129/usr/share:/usr/share/ubuntu:/usr/local/share/:/usr/share/:/var/lib/snapd/desktop'), ('PYTHONPATH', '/opt/ros/humble/lib/python3.10/site-packages:/opt/ros/humble/local/lib/python3.10/dist-packages'), ('LC_NUMERIC', 'es_AR.UTF-8'), ('LC_PAPER', 'es_AR.UTF-8'), ('COLCON', '1')]), 'shell': False}
[0.039344] (version1) StdoutLine: {'line': b'-- Found ament_cmake: 1.3.4 (/opt/ros/humble/share/ament_cmake/cmake)\n'}
[0.066342] (version0) StdoutLine: {'line': b'[  2%] Built target version0__cpp\n'}
[0.067269] (version0) StdoutLine: {'line': b'[ 12%] Built target version0__rosidl_generator_c\n'}
[0.070839] (version0) StdoutLine: {'line': b'[ 12%] Built target ament_cmake_python_symlink_version0\n'}
[0.071148] (version0) StdoutLine: {'line': b'[ 12%] Built target ament_cmake_python_symlink_scripts\n'}
[0.085622] (version0) StdoutLine: {'line': b'[ 53%] Built target version0__rosidl_typesupport_c\n'}
[0.085845] (version0) StdoutLine: {'line': b'[ 64%] Built target version0__rosidl_typesupport_introspection_c\n'}
[0.085934] (version0) StdoutLine: {'line': b'[ 64%] Built target version0__rosidl_typesupport_introspection_cpp\n'}
[0.086398] (version0) StdoutLine: {'line': b'[ 53%] Built target version0__rosidl_typesupport_fastrtps_cpp\n'}
[0.086477] (version0) StdoutLine: {'line': b'[ 64%] Built target version0__rosidl_typesupport_cpp\n'}
[0.086860] (version0) StdoutLine: {'line': b'[ 74%] Built target version0__rosidl_typesupport_fastrtps_c\n'}
[0.099691] (-) TimerEvent: {}
[0.101044] (version0) StdoutLine: {'line': b'[ 74%] Built target version0\n'}
[0.118277] (version0) StdoutLine: {'line': b'[ 76%] Built target version0__py\n'}
[0.134688] (version0) StdoutLine: {'line': b'[ 84%] Built target version0__rosidl_generator_py\n'}
[0.150676] (version0) StdoutLine: {'line': b'[ 94%] Built target version0__rosidl_typesupport_introspection_c__pyext\n'}
[0.150874] (version0) StdoutLine: {'line': b'[ 94%] Built target version0__rosidl_typesupport_c__pyext\n'}
[0.151004] (version0) StdoutLine: {'line': b'[100%] Built target version0__rosidl_typesupport_fastrtps_c__pyext\n'}
[0.160444] (version1) StdoutLine: {'line': b'-- Override CMake install command with custom implementation using symlinks instead of copying resources\n'}
[0.172447] (version1) StdoutLine: {'line': b'-- Found cv_bridge: 3.2.1 (/opt/ros/humble/share/cv_bridge/cmake)\n'}
[0.199787] (-) TimerEvent: {}
[0.207905] (version1) StdoutLine: {'line': b'-- Found rosidl_generator_c: 3.1.4 (/opt/ros/humble/share/rosidl_generator_c/cmake)\n'}
[0.211811] (version1) StdoutLine: {'line': b'-- Found rosidl_adapter: 3.1.4 (/opt/ros/humble/share/rosidl_adapter/cmake)\n'}
[0.218854] (version1) StdoutLine: {'line': b'-- Found rosidl_generator_cpp: 3.1.4 (/opt/ros/humble/share/rosidl_generator_cpp/cmake)\n'}
[0.229341] (version1) StdoutLine: {'line': b'-- Using all available rosidl_typesupport_c: rosidl_typesupport_fastrtps_c;rosidl_typesupport_introspection_c\n'}
[0.243556] (version1) StdoutLine: {'line': b'-- Using all available rosidl_typesupport_cpp: rosidl_typesupport_fastrtps_cpp;rosidl_typesupport_introspection_cpp\n'}
[0.258208] (version0) StdoutLine: {'line': b'running egg_info\n'}
[0.258882] (version0) StdoutLine: {'line': b'writing scripts.egg-info/PKG-INFO\n'}
[0.259059] (version0) StdoutLine: {'line': b'writing dependency_links to scripts.egg-info/dependency_links.txt\n'}
[0.259214] (version0) StdoutLine: {'line': b'writing top-level names to scripts.egg-info/top_level.txt\n'}
[0.260164] (version0) StdoutLine: {'line': b'running egg_info\n'}
[0.260727] (version0) StdoutLine: {'line': b'writing version0.egg-info/PKG-INFO\n'}
[0.260881] (version0) StdoutLine: {'line': b'writing dependency_links to version0.egg-info/dependency_links.txt\n'}
[0.261012] (version0) StdoutLine: {'line': b'writing top-level names to version0.egg-info/top_level.txt\n'}
[0.261209] (version0) StdoutLine: {'line': b"reading manifest file 'scripts.egg-info/SOURCES.txt'\n"}
[0.261645] (version0) StdoutLine: {'line': b"writing manifest file 'scripts.egg-info/SOURCES.txt'\n"}
[0.262490] (version0) StdoutLine: {'line': b"reading manifest file 'version0.egg-info/SOURCES.txt'\n"}
[0.262944] (version0) StdoutLine: {'line': b"writing manifest file 'version0.egg-info/SOURCES.txt'\n"}
[0.285438] (version0) StdoutLine: {'line': b'[100%] Built target ament_cmake_python_build_version0_egg\n'}
[0.286727] (version0) StdoutLine: {'line': b'[100%] Built target ament_cmake_python_build_scripts_egg\n'}
[0.294051] (version0) CommandEnded: {'returncode': 0}
[0.299878] (-) TimerEvent: {}
[0.335061] (version0) JobProgress: {'identifier': 'version0', 'progress': 'install'}
[0.341134] (version0) Command: {'cmd': ['/usr/bin/cmake', '--install', '/home/thiago/workspaces/lidar/build/version0'], 'cwd': '/home/thiago/workspaces/lidar/build/version0', 'env': OrderedDict([('GJS_DEBUG_TOPICS', 'JS ERROR;JS LOG'), ('LESSOPEN', '| /usr/bin/lesspipe %s'), ('USER', 'thiago'), ('LC_TIME', 'es_AR.UTF-8'), ('GIO_MODULE_DIR', '/home/thiago/snap/code/common/.cache/gio-modules'), ('XDG_SESSION_TYPE', 'wayland'), ('GIT_ASKPASS', '/snap/code/129/usr/share/code/resources/app/extensions/git/dist/askpass.sh'), ('SHLVL', '1'), ('LD_LIBRARY_PATH', '/opt/ros/humble/opt/rviz_ogre_vendor/lib:/opt/ros/humble/lib/x86_64-linux-gnu:/opt/ros/humble/lib'), ('HOME', '/home/thiago'), ('CHROME_DESKTOP', 'code-url-handler.desktop'), ('TERM_PROGRAM_VERSION', '1.78.2'), ('DESKTOP_SESSION', 'ubuntu'), ('GTK_PATH', '/snap/code/129/usr/lib/x86_64-linux-gnu/gtk-3.0'), ('GTK_IM_MODULE_FILE', '/home/thiago/snap/code/common/.cache/immodules/immodules.cache'), ('GIO_LAUNCHED_DESKTOP_FILE', '/var/lib/snapd/desktop/applications/code_code.desktop'), ('ROS_PYTHON_VERSION', '3'), ('GNOME_SHELL_SESSION_MODE', 'ubuntu'), ('GTK_MODULES', 'gail:atk-bridge'), ('VSCODE_GIT_ASKPASS_MAIN', '/snap/code/129/usr/share/code/resources/app/extensions/git/dist/askpass-main.js'), ('LC_MONETARY', 'es_AR.UTF-8'), ('VSCODE_GIT_ASKPASS_NODE', '/snap/code/129/usr/share/code/code'), ('MANAGERPID', '1641'), ('SYSTEMD_EXEC_PID', '1860'), ('IM_CONFIG_CHECK_ENV', '1'), ('DBUS_SESSION_BUS_ADDRESS', 'unix:path=/run/user/1000/bus'), ('COLORTERM', 'truecolor'), ('GIO_LAUNCHED_DESKTOP_FILE_PID', '2763'), ('IM_CONFIG_PHASE', '1'), ('WAYLAND_DISPLAY', 'wayland-0'), ('ROS_DISTRO', 'humble'), ('LOGNAME', 'thiago'), ('JOURNAL_STREAM', '8:38346'), ('_', '/usr/bin/colcon'), ('ROS_VERSION', '2'), ('XDG_SESSION_CLASS', 'user'), ('USERNAME', 'thiago'), ('TERM', 'xterm-256color'), ('GNOME_DESKTOP_SESSION_ID', 'this-is-deprecated'), ('ROS_LOCALHOST_ONLY', '0'), ('PATH', '/home/thiago/.local/bin:/opt/ros/humble/bin:/home/thiago/.local/bin:/usr/local/sbin:/usr/local/bin:/usr/sbin:/usr/bin:/sbin:/bin:/usr/games:/usr/local/games:/snap/bin:/snap/bin'), ('SESSION_MANAGER', 'local/thiago-ubuntu:@/tmp/.ICE-unix/1841,unix/thiago-ubuntu:/tmp/.ICE-unix/1841'), ('GTK_EXE_PREFIX', '/snap/code/129/usr'), ('INVOCATION_ID', 'a48abd91fbb9492d90732a0e0482e10b'), ('XDG_MENU_PREFIX', 'gnome-'), ('LC_ADDRESS', 'es_AR.UTF-8'), ('BAMF_DESKTOP_FILE_HINT', '/var/lib/snapd/desktop/applications/code_code.desktop'), ('GNOME_SETUP_DISPLAY', ':1'), ('XDG_RUNTIME_DIR', '/run/user/1000'), ('GDK_BACKEND', 'x11'), ('DISPLAY', ':0'), ('LOCPATH', '/snap/code/129/usr/lib/locale'), ('LANG', 'en_US.UTF-8'), ('XDG_CURRENT_DESKTOP', 'Unity'), ('LC_TELEPHONE', 'es_AR.UTF-8'), ('XMODIFIERS', '@im=ibus'), ('XDG_SESSION_DESKTOP', 'ubuntu'), ('XAUTHORITY', '/run/user/1000/.mutter-Xwaylandauth.WN9F41'), ('LS_COLORS', ''), ('VSCODE_GIT_IPC_HANDLE', '/run/user/1000/vscode-git-f6dfffcee1.sock'), ('TERM_PROGRAM', 'vscode'), ('SSH_AGENT_LAUNCHER', 'gnome-keyring'), ('SSH_AUTH_SOCK', '/run/user/1000/keyring/ssh'), ('GSETTINGS_SCHEMA_DIR', '/home/thiago/snap/code/129/.local/share/glib-2.0/schemas'), ('AMENT_PREFIX_PATH', '/opt/ros/humble'), ('ORIGINAL_XDG_CURRENT_DESKTOP', 'ubuntu:GNOME'), ('SHELL', '/bin/bash'), ('LC_NAME', 'es_AR.UTF-8'), ('QT_ACCESSIBILITY', '1'), ('GDMSESSION', 'ubuntu'), ('LESSCLOSE', '/usr/bin/lesspipe %s %s'), ('LC_MEASUREMENT', 'es_AR.UTF-8'), ('GJS_DEBUG_OUTPUT', 'stderr'), ('LC_IDENTIFICATION', 'es_AR.UTF-8'), ('VSCODE_GIT_ASKPASS_EXTRA_ARGS', '--ms-enable-electron-run-as-node'), ('QT_IM_MODULE', 'ibus'), ('PWD', '/home/thiago/workspaces/lidar/build/version0'), ('LC_ALL', 'en_US.UTF-8'), ('XDG_CONFIG_DIRS', '/etc/xdg/xdg-ubuntu:/etc/xdg'), ('XDG_DATA_DIRS', '/home/thiago/snap/code/129/.local/share:/home/thiago/snap/code/129:/snap/code/129/usr/share:/usr/share/ubuntu:/usr/local/share/:/usr/share/:/var/lib/snapd/desktop'), ('PYTHONPATH', '/opt/ros/humble/lib/python3.10/site-packages:/opt/ros/humble/local/lib/python3.10/dist-packages'), ('LC_NUMERIC', 'es_AR.UTF-8'), ('LC_PAPER', 'es_AR.UTF-8'), ('COLCON', '1'), ('CMAKE_PREFIX_PATH', '/opt/ros/humble')]), 'shell': False}
[0.345187] (version0) StdoutLine: {'line': b'-- Install configuration: ""\n'}
[0.345621] (version0) StdoutLine: {'line': b'-- Execute custom install script\n'}
[0.345767] (version0) StdoutLine: {'line': b'-- Up-to-date symlink: /home/thiago/workspaces/lidar/install/version0/share/ament_index/resource_index/rosidl_interfaces/version0\n'}
[0.346079] (version0) StdoutLine: {'line': b'-- Up-to-date symlink: /home/thiago/workspaces/lidar/install/version0/include/version0/version0/action/detail/navigate__functions.h\n'}
[0.346197] (version0) StdoutLine: {'line': b'-- Up-to-date symlink: /home/thiago/workspaces/lidar/install/version0/include/version0/version0/action/detail/navigate__struct.h\n'}
[0.346317] (version0) StdoutLine: {'line': b'-- Up-to-date symlink: /home/thiago/workspaces/lidar/install/version0/include/version0/version0/action/detail/navigate__type_support.h\n'}
[0.346409] (version0) StdoutLine: {'line': b'-- Up-to-date symlink: /home/thiago/workspaces/lidar/install/version0/include/version0/version0/action/navigate.h\n'}
[0.346530] (version0) StdoutLine: {'line': b'-- Up-to-date symlink: /home/thiago/workspaces/lidar/install/version0/include/version0/version0/msg/rosidl_generator_c__visibility_control.h\n'}
[0.346606] (version0) StdoutLine: {'line': b'-- Up-to-date symlink: /home/thiago/workspaces/lidar/install/version0/include/version0/version0/srv/detail/odd_even_check__functions.h\n'}
[0.346677] (version0) StdoutLine: {'line': b'-- Up-to-date symlink: /home/thiago/workspaces/lidar/install/version0/include/version0/version0/srv/detail/odd_even_check__struct.h\n'}
[0.346781] (version0) StdoutLine: {'line': b'-- Up-to-date symlink: /home/thiago/workspaces/lidar/install/version0/include/version0/version0/srv/detail/odd_even_check__type_support.h\n'}
[0.346855] (version0) StdoutLine: {'line': b'-- Up-to-date symlink: /home/thiago/workspaces/lidar/install/version0/include/version0/version0/srv/odd_even_check.h\n'}
[0.346925] (version0) StdoutLine: {'line': b'-- Up-to-date symlink: /home/thiago/workspaces/lidar/install/version0/share/version0/environment/library_path.sh\n'}
[0.347019] (version0) StdoutLine: {'line': b'-- Up-to-date symlink: /home/thiago/workspaces/lidar/install/version0/share/version0/environment/library_path.dsv\n'}
[0.347141] (version0) StdoutLine: {'line': b'-- Up-to-date symlink: /home/thiago/workspaces/lidar/install/version0/include/version0/version0/action/detail/navigate__rosidl_typesupport_fastrtps_c.h\n'}
[0.347240] (version0) StdoutLine: {'line': b'-- Up-to-date symlink: /home/thiago/workspaces/lidar/install/version0/include/version0/version0/msg/rosidl_typesupport_fastrtps_c__visibility_control.h\n'}
[0.347338] (version0) StdoutLine: {'line': b'-- Up-to-date symlink: /home/thiago/workspaces/lidar/install/version0/include/version0/version0/srv/detail/odd_even_check__rosidl_typesupport_fastrtps_c.h\n'}
[0.347528] (version0) StdoutLine: {'line': b'-- Up-to-date symlink: /home/thiago/workspaces/lidar/install/version0/include/version0/version0/action/detail/navigate__builder.hpp\n'}
[0.347632] (version0) StdoutLine: {'line': b'-- Up-to-date symlink: /home/thiago/workspaces/lidar/install/version0/include/version0/version0/action/detail/navigate__struct.hpp\n'}
[0.347728] (version0) StdoutLine: {'line': b'-- Up-to-date symlink: /home/thiago/workspaces/lidar/install/version0/include/version0/version0/action/detail/navigate__traits.hpp\n'}
[0.347801] (version0) StdoutLine: {'line': b'-- Up-to-date symlink: /home/thiago/workspaces/lidar/install/version0/include/version0/version0/action/navigate.hpp\n'}
[0.347902] (version0) StdoutLine: {'line': b'-- Up-to-date symlink: /home/thiago/workspaces/lidar/install/version0/include/version0/version0/srv/detail/odd_even_check__builder.hpp\n'}
[0.347978] (version0) StdoutLine: {'line': b'-- Up-to-date symlink: /home/thiago/workspaces/lidar/install/version0/include/version0/version0/srv/detail/odd_even_check__struct.hpp\n'}
[0.348172] (version0) StdoutLine: {'line': b'-- Up-to-date symlink: /home/thiago/workspaces/lidar/install/version0/include/version0/version0/srv/detail/odd_even_check__traits.hpp\n'}
[0.348258] (version0) StdoutLine: {'line': b'-- Up-to-date symlink: /home/thiago/workspaces/lidar/install/version0/include/version0/version0/srv/odd_even_check.hpp\n'}
[0.348482] (version0) StdoutLine: {'line': b'-- Up-to-date symlink: /home/thiago/workspaces/lidar/install/version0/include/version0/version0/action/detail/navigate__rosidl_typesupport_fastrtps_cpp.hpp\n'}
[0.348581] (version0) StdoutLine: {'line': b'-- Up-to-date symlink: /home/thiago/workspaces/lidar/install/version0/include/version0/version0/msg/rosidl_typesupport_fastrtps_cpp__visibility_control.h\n'}
[0.348680] (version0) StdoutLine: {'line': b'-- Up-to-date symlink: /home/thiago/workspaces/lidar/install/version0/include/version0/version0/srv/detail/odd_even_check__rosidl_typesupport_fastrtps_cpp.hpp\n'}
[0.348857] (version0) StdoutLine: {'line': b'-- Up-to-date symlink: /home/thiago/workspaces/lidar/install/version0/include/version0/version0/action/detail/navigate__rosidl_typesupport_introspection_c.h\n'}
[0.348957] (version0) StdoutLine: {'line': b'-- Up-to-date symlink: /home/thiago/workspaces/lidar/install/version0/include/version0/version0/msg/rosidl_typesupport_introspection_c__visibility_control.h\n'}
[0.349053] (version0) StdoutLine: {'line': b'-- Up-to-date symlink: /home/thiago/workspaces/lidar/install/version0/include/version0/version0/srv/detail/odd_even_check__rosidl_typesupport_introspection_c.h\n'}
[0.349210] (version0) StdoutLine: {'line': b'-- Up-to-date symlink: /home/thiago/workspaces/lidar/install/version0/include/version0/version0/action/detail/navigate__rosidl_typesupport_introspection_cpp.hpp\n'}
[0.349305] (version0) StdoutLine: {'line': b'-- Up-to-date symlink: /home/thiago/workspaces/lidar/install/version0/include/version0/version0/srv/detail/odd_even_check__rosidl_typesupport_introspection_cpp.hpp\n'}
[0.349400] (version0) StdoutLine: {'line': b'-- Up-to-date symlink: /home/thiago/workspaces/lidar/install/version0/share/version0/environment/pythonpath.sh\n'}
[0.349495] (version0) StdoutLine: {'line': b'-- Up-to-date symlink: /home/thiago/workspaces/lidar/install/version0/share/version0/environment/pythonpath.dsv\n'}
[0.349662] (version0) StdoutLine: {'line': b'-- Up-to-date symlink: /home/thiago/workspaces/lidar/install/version0/local/lib/python3.10/dist-packages/version0-0.0.0-py3.10.egg-info/PKG-INFO\n'}
[0.349763] (version0) StdoutLine: {'line': b'-- Up-to-date symlink: /home/thiago/workspaces/lidar/install/version0/local/lib/python3.10/dist-packages/version0-0.0.0-py3.10.egg-info/SOURCES.txt\n'}
[0.349858] (version0) StdoutLine: {'line': b'-- Up-to-date symlink: /home/thiago/workspaces/lidar/install/version0/local/lib/python3.10/dist-packages/version0-0.0.0-py3.10.egg-info/dependency_links.txt\n'}
[0.349953] (version0) StdoutLine: {'line': b'-- Up-to-date symlink: /home/thiago/workspaces/lidar/install/version0/local/lib/python3.10/dist-packages/version0-0.0.0-py3.10.egg-info/top_level.txt\n'}
[0.350300] (version0) StdoutLine: {'line': b'-- Up-to-date symlink: /home/thiago/workspaces/lidar/install/version0/local/lib/python3.10/dist-packages/version0/__init__.py\n'}
[0.350413] (version0) StdoutLine: {'line': b'-- Up-to-date symlink: /home/thiago/workspaces/lidar/install/version0/local/lib/python3.10/dist-packages/version0/_version0_s.ep.rosidl_typesupport_c.c\n'}
[0.350504] (version0) StdoutLine: {'line': b'-- Up-to-date symlink: /home/thiago/workspaces/lidar/install/version0/local/lib/python3.10/dist-packages/version0/_version0_s.ep.rosidl_typesupport_fastrtps_c.c\n'}
[0.350588] (version0) StdoutLine: {'line': b'-- Up-to-date symlink: /home/thiago/workspaces/lidar/install/version0/local/lib/python3.10/dist-packages/version0/_version0_s.ep.rosidl_typesupport_introspection_c.c\n'}
[0.350678] (version0) StdoutLine: {'line': b'-- Up-to-date symlink: /home/thiago/workspaces/lidar/install/version0/local/lib/python3.10/dist-packages/version0/action/__init__.py\n'}
[0.350751] (version0) StdoutLine: {'line': b'-- Up-to-date symlink: /home/thiago/workspaces/lidar/install/version0/local/lib/python3.10/dist-packages/version0/action/_navigate.py\n'}
[0.350856] (version0) StdoutLine: {'line': b'-- Up-to-date symlink: /home/thiago/workspaces/lidar/install/version0/local/lib/python3.10/dist-packages/version0/action/_navigate_s.c\n'}
[0.350931] (version0) StdoutLine: {'line': b'-- Up-to-date symlink: /home/thiago/workspaces/lidar/install/version0/local/lib/python3.10/dist-packages/version0/libversion0__rosidl_generator_py.so\n'}
[0.351004] (version0) StdoutLine: {'line': b'-- Up-to-date symlink: /home/thiago/workspaces/lidar/install/version0/local/lib/python3.10/dist-packages/version0/srv/__init__.py\n'}
[0.351107] (version0) StdoutLine: {'line': b'-- Up-to-date symlink: /home/thiago/workspaces/lidar/install/version0/local/lib/python3.10/dist-packages/version0/srv/_odd_even_check.py\n'}
[0.351181] (version0) StdoutLine: {'line': b'-- Up-to-date symlink: /home/thiago/workspaces/lidar/install/version0/local/lib/python3.10/dist-packages/version0/srv/_odd_even_check_s.c\n'}
[0.351507] (version0) StdoutLine: {'line': b'-- Up-to-date symlink: /home/thiago/workspaces/lidar/install/version0/local/lib/python3.10/dist-packages/version0/version0_s__rosidl_typesupport_c.cpython-310-x86_64-linux-gnu.so\n'}
[0.351578] (version0) StdoutLine: {'line': b'-- Up-to-date symlink: /home/thiago/workspaces/lidar/install/version0/local/lib/python3.10/dist-packages/version0/version0_s__rosidl_typesupport_fastrtps_c.cpython-310-x86_64-linux-gnu.so\n'}
[0.351662] (version0) StdoutLine: {'line': b'-- Up-to-date symlink: /home/thiago/workspaces/lidar/install/version0/local/lib/python3.10/dist-packages/version0/version0_s__rosidl_typesupport_introspection_c.cpython-310-x86_64-linux-gnu.so\n'}
[0.351733] (version0) StdoutLine: {'line': b'-- Up-to-date symlink: /home/thiago/workspaces/lidar/install/version0/local/lib/python3.10/dist-packages/version0/version0_s__rosidl_typesupport_fastrtps_c.cpython-310-x86_64-linux-gnu.so\n'}
[0.351802] (version0) StdoutLine: {'line': b'-- Up-to-date symlink: /home/thiago/workspaces/lidar/install/version0/local/lib/python3.10/dist-packages/version0/version0_s__rosidl_typesupport_introspection_c.cpython-310-x86_64-linux-gnu.so\n'}
[0.351902] (version0) StdoutLine: {'line': b'-- Up-to-date symlink: /home/thiago/workspaces/lidar/install/version0/local/lib/python3.10/dist-packages/version0/version0_s__rosidl_typesupport_c.cpython-310-x86_64-linux-gnu.so\n'}
[0.352022] (version0) StdoutLine: {'line': b'-- Up-to-date symlink: /home/thiago/workspaces/lidar/install/version0/share/version0/srv/OddEvenCheck.idl\n'}
[0.352137] (version0) StdoutLine: {'line': b'-- Up-to-date symlink: /home/thiago/workspaces/lidar/install/version0/share/version0/action/Navigate.idl\n'}
[0.352242] (version0) StdoutLine: {'line': b'-- Up-to-date symlink: /home/thiago/workspaces/lidar/install/version0/share/version0/srv/OddEvenCheck.srv\n'}
[0.352341] (version0) StdoutLine: {'line': b'-- Up-to-date symlink: /home/thiago/workspaces/lidar/install/version0/share/version0/srv/OddEvenCheck_Request.msg\n'}
[0.352434] (version0) StdoutLine: {'line': b'-- Up-to-date symlink: /home/thiago/workspaces/lidar/install/version0/share/version0/srv/OddEvenCheck_Response.msg\n'}
[0.352534] (version0) StdoutLine: {'line': b'-- Up-to-date symlink: /home/thiago/workspaces/lidar/install/version0/share/version0/action/Navigate.action\n'}
[0.352663] (version0) StdoutLine: {'line': b'-- Up-to-date symlink: /home/thiago/workspaces/lidar/install/version0/local/lib/python3.10/dist-packages/scripts-0.0.0-py3.10.egg-info/PKG-INFO\n'}
[0.352750] (version0) StdoutLine: {'line': b'-- Up-to-date symlink: /home/thiago/workspaces/lidar/install/version0/local/lib/python3.10/dist-packages/scripts-0.0.0-py3.10.egg-info/SOURCES.txt\n'}
[0.352842] (version0) StdoutLine: {'line': b'-- Up-to-date symlink: /home/thiago/workspaces/lidar/install/version0/local/lib/python3.10/dist-packages/scripts-0.0.0-py3.10.egg-info/dependency_links.txt\n'}
[0.352928] (version0) StdoutLine: {'line': b'-- Up-to-date symlink: /home/thiago/workspaces/lidar/install/version0/local/lib/python3.10/dist-packages/scripts-0.0.0-py3.10.egg-info/top_level.txt\n'}
[0.353079] (version0) StdoutLine: {'line': b'-- Up-to-date symlink: /home/thiago/workspaces/lidar/install/version0/local/lib/python3.10/dist-packages/scripts/__init__.py\n'}
[0.353160] (version0) StdoutLine: {'line': b'-- Up-to-date symlink: /home/thiago/workspaces/lidar/install/version0/local/lib/python3.10/dist-packages/scripts/publisher_laserscan.py\n'}
[0.353243] (version0) StdoutLine: {'line': b'-- Up-to-date symlink: /home/thiago/workspaces/lidar/install/version0/lib/version0/publisher_laserscan.py\n'}
[0.353408] (version0) StdoutLine: {'line': b'-- Up-to-date symlink: /home/thiago/workspaces/lidar/install/version0/share/version0//launch/rpm_node_launch.py\n'}
[0.353513] (version0) StdoutLine: {'line': b'-- Up-to-date symlink: /home/thiago/workspaces/lidar/install/version0/share/ament_index/resource_index/package_run_dependencies/version0\n'}
[0.353612] (version0) StdoutLine: {'line': b'-- Up-to-date symlink: /home/thiago/workspaces/lidar/install/version0/share/ament_index/resource_index/parent_prefix_path/version0\n'}
[0.353716] (version0) StdoutLine: {'line': b'-- Up-to-date symlink: /home/thiago/workspaces/lidar/install/version0/share/version0/environment/ament_prefix_path.sh\n'}
[0.353807] (version0) StdoutLine: {'line': b'-- Up-to-date symlink: /home/thiago/workspaces/lidar/install/version0/share/version0/environment/ament_prefix_path.dsv\n'}
[0.353900] (version0) StdoutLine: {'line': b'-- Up-to-date symlink: /home/thiago/workspaces/lidar/install/version0/share/version0/environment/path.sh\n'}
[0.353990] (version0) StdoutLine: {'line': b'-- Up-to-date symlink: /home/thiago/workspaces/lidar/install/version0/share/version0/environment/path.dsv\n'}
[0.354078] (version0) StdoutLine: {'line': b'-- Up-to-date symlink: /home/thiago/workspaces/lidar/install/version0/share/version0/local_setup.bash\n'}
[0.354169] (version0) StdoutLine: {'line': b'-- Up-to-date symlink: /home/thiago/workspaces/lidar/install/version0/share/version0/local_setup.sh\n'}
[0.354256] (version0) StdoutLine: {'line': b'-- Up-to-date symlink: /home/thiago/workspaces/lidar/install/version0/share/version0/local_setup.zsh\n'}
[0.354342] (version0) StdoutLine: {'line': b'-- Up-to-date symlink: /home/thiago/workspaces/lidar/install/version0/share/version0/local_setup.dsv\n'}
[0.354411] (version0) StdoutLine: {'line': b'-- Symlinking: /home/thiago/workspaces/lidar/install/version0/share/version0/package.dsv\n'}
[0.359369] (version0) StdoutLine: {'line': b'-- Up-to-date symlink: /home/thiago/workspaces/lidar/install/version0/share/ament_index/resource_index/packages/version0\n'}
[0.359483] (version0) StdoutLine: {'line': b'-- Up-to-date symlink: /home/thiago/workspaces/lidar/install/version0/share/version0/cmake/rosidl_cmake-extras.cmake\n'}
[0.359610] (version0) StdoutLine: {'line': b'-- Up-to-date symlink: /home/thiago/workspaces/lidar/install/version0/share/version0/cmake/ament_cmake_export_dependencies-extras.cmake\n'}
[0.359730] (version0) StdoutLine: {'line': b'-- Up-to-date symlink: /home/thiago/workspaces/lidar/install/version0/share/version0/cmake/ament_cmake_export_include_directories-extras.cmake\n'}
[0.359848] (version0) StdoutLine: {'line': b'-- Up-to-date symlink: /home/thiago/workspaces/lidar/install/version0/share/version0/cmake/ament_cmake_export_libraries-extras.cmake\n'}
[0.359984] (version0) StdoutLine: {'line': b'-- Up-to-date symlink: /home/thiago/workspaces/lidar/install/version0/share/version0/cmake/ament_cmake_export_targets-extras.cmake\n'}
[0.360098] (version0) StdoutLine: {'line': b'-- Up-to-date symlink: /home/thiago/workspaces/lidar/install/version0/share/version0/cmake/rosidl_cmake_export_typesupport_targets-extras.cmake\n'}
[0.360206] (version0) StdoutLine: {'line': b'-- Up-to-date symlink: /home/thiago/workspaces/lidar/install/version0/share/version0/cmake/rosidl_cmake_export_typesupport_libraries-extras.cmake\n'}
[0.360320] (version0) StdoutLine: {'line': b'-- Up-to-date symlink: /home/thiago/workspaces/lidar/install/version0/share/version0/cmake/version0Config.cmake\n'}
[0.360399] (version0) StdoutLine: {'line': b'-- Up-to-date symlink: /home/thiago/workspaces/lidar/install/version0/share/version0/cmake/version0Config-version.cmake\n'}
[0.360504] (version0) StdoutLine: {'line': b'-- Up-to-date symlink: /home/thiago/workspaces/lidar/install/version0/share/version0/package.xml\n'}
[0.360669] (version0) StdoutLine: {'line': b'-- Up-to-date: /home/thiago/workspaces/lidar/install/version0/lib/libversion0__rosidl_generator_c.so\n'}
[0.360846] (version0) StdoutLine: {'line': b'-- Up-to-date: /home/thiago/workspaces/lidar/install/version0/lib/libversion0__rosidl_typesupport_fastrtps_c.so\n'}
[0.361000] (version0) StdoutLine: {'line': b'-- Up-to-date: /home/thiago/workspaces/lidar/install/version0/lib/libversion0__rosidl_typesupport_fastrtps_cpp.so\n'}
[0.361150] (version0) StdoutLine: {'line': b'-- Up-to-date: /home/thiago/workspaces/lidar/install/version0/lib/libversion0__rosidl_typesupport_introspection_c.so\n'}
[0.361291] (version0) StdoutLine: {'line': b'-- Up-to-date: /home/thiago/workspaces/lidar/install/version0/lib/libversion0__rosidl_typesupport_c.so\n'}
[0.361436] (version0) StdoutLine: {'line': b'-- Up-to-date: /home/thiago/workspaces/lidar/install/version0/lib/libversion0__rosidl_typesupport_introspection_cpp.so\n'}
[0.361585] (version0) StdoutLine: {'line': b'-- Up-to-date: /home/thiago/workspaces/lidar/install/version0/lib/libversion0__rosidl_typesupport_cpp.so\n'}
[0.382084] (version0) StdoutLine: {'line': b"Listing '/home/thiago/workspaces/lidar/install/version0/local/lib/python3.10/dist-packages/version0'...\n"}
[0.382228] (version0) StdoutLine: {'line': b"Listing '/home/thiago/workspaces/lidar/install/version0/local/lib/python3.10/dist-packages/version0/action'...\n"}
[0.382315] (version0) StdoutLine: {'line': b"Listing '/home/thiago/workspaces/lidar/install/version0/local/lib/python3.10/dist-packages/version0/srv'...\n"}
[0.384802] (version0) StdoutLine: {'line': b'-- Up-to-date: /home/thiago/workspaces/lidar/install/version0/lib/libversion0__rosidl_generator_py.so\n'}
[0.399951] (-) TimerEvent: {}
[0.405867] (version0) StdoutLine: {'line': b"Listing '/home/thiago/workspaces/lidar/install/version0/local/lib/python3.10/dist-packages/scripts'...\n"}
[0.410161] (version0) StdoutLine: {'line': b'-- Up-to-date: /home/thiago/workspaces/lidar/install/version0/share/version0/cmake/export_version0__rosidl_generator_cExport.cmake\n'}
[0.410319] (version0) StdoutLine: {'line': b'-- Up-to-date: /home/thiago/workspaces/lidar/install/version0/share/version0/cmake/export_version0__rosidl_generator_cExport-noconfig.cmake\n'}
[0.410595] (version0) StdoutLine: {'line': b'-- Up-to-date: /home/thiago/workspaces/lidar/install/version0/share/version0/cmake/export_version0__rosidl_typesupport_fastrtps_cExport.cmake\n'}
[0.410692] (version0) StdoutLine: {'line': b'-- Up-to-date: /home/thiago/workspaces/lidar/install/version0/share/version0/cmake/export_version0__rosidl_typesupport_fastrtps_cExport-noconfig.cmake\n'}
[0.410924] (version0) StdoutLine: {'line': b'-- Up-to-date: /home/thiago/workspaces/lidar/install/version0/share/version0/cmake/export_version0__rosidl_generator_cppExport.cmake\n'}
[0.411110] (version0) StdoutLine: {'line': b'-- Up-to-date: /home/thiago/workspaces/lidar/install/version0/share/version0/cmake/export_version0__rosidl_typesupport_fastrtps_cppExport.cmake\n'}
[0.411231] (version0) StdoutLine: {'line': b'-- Up-to-date: /home/thiago/workspaces/lidar/install/version0/share/version0/cmake/export_version0__rosidl_typesupport_fastrtps_cppExport-noconfig.cmake\n'}
[0.411398] (version0) StdoutLine: {'line': b'-- Up-to-date: /home/thiago/workspaces/lidar/install/version0/share/version0/cmake/version0__rosidl_typesupport_introspection_cExport.cmake\n'}
[0.411494] (version0) StdoutLine: {'line': b'-- Up-to-date: /home/thiago/workspaces/lidar/install/version0/share/version0/cmake/version0__rosidl_typesupport_introspection_cExport-noconfig.cmake\n'}
[0.411721] (version0) StdoutLine: {'line': b'-- Up-to-date: /home/thiago/workspaces/lidar/install/version0/share/version0/cmake/version0__rosidl_typesupport_cExport.cmake\n'}
[0.411851] (version0) StdoutLine: {'line': b'-- Up-to-date: /home/thiago/workspaces/lidar/install/version0/share/version0/cmake/version0__rosidl_typesupport_cExport-noconfig.cmake\n'}
[0.411962] (version0) StdoutLine: {'line': b'-- Up-to-date: /home/thiago/workspaces/lidar/install/version0/share/version0/cmake/version0__rosidl_typesupport_introspection_cppExport.cmake\n'}
[0.412045] (version0) StdoutLine: {'line': b'-- Up-to-date: /home/thiago/workspaces/lidar/install/version0/share/version0/cmake/version0__rosidl_typesupport_introspection_cppExport-noconfig.cmake\n'}
[0.412214] (version0) StdoutLine: {'line': b'-- Up-to-date: /home/thiago/workspaces/lidar/install/version0/share/version0/cmake/version0__rosidl_typesupport_cppExport.cmake\n'}
[0.412289] (version0) StdoutLine: {'line': b'-- Up-to-date: /home/thiago/workspaces/lidar/install/version0/share/version0/cmake/version0__rosidl_typesupport_cppExport-noconfig.cmake\n'}
[0.412649] (version0) StdoutLine: {'line': b'-- Up-to-date: /home/thiago/workspaces/lidar/install/version0/share/version0/cmake/export_version0__rosidl_generator_pyExport.cmake\n'}
[0.412740] (version0) StdoutLine: {'line': b'-- Up-to-date: /home/thiago/workspaces/lidar/install/version0/share/version0/cmake/export_version0__rosidl_generator_pyExport-noconfig.cmake\n'}
[0.414384] (version0) CommandEnded: {'returncode': 0}
[0.425629] (version1) StdoutLine: {'line': b'-- Found laser_geometry: 2.4.0 (/opt/ros/humble/share/laser_geometry/cmake)\n'}
[0.482436] (version0) JobEnded: {'identifier': 'version0', 'rc': 0}
[0.483376] (version1) StdoutLine: {'line': b'-- Found rmw_implementation_cmake: 6.1.1 (/opt/ros/humble/share/rmw_implementation_cmake/cmake)\n'}
[0.485906] (version1) StdoutLine: {'line': b'-- Found rmw_fastrtps_cpp: 6.2.2 (/opt/ros/humble/share/rmw_fastrtps_cpp/cmake)\n'}
[0.500084] (-) TimerEvent: {}
[0.587078] (version1) StdoutLine: {'line': b"-- Using RMW implementation 'rmw_fastrtps_cpp' as default\n"}
[0.600183] (-) TimerEvent: {}
[0.700476] (-) TimerEvent: {}
[0.714393] (version1) StdoutLine: {'line': b'-- Found rosidl_default_generators: 1.2.0 (/opt/ros/humble/share/rosidl_default_generators/cmake)\n'}
[0.720846] (version1) StdoutLine: {'line': b'-- Found rclpy: 3.3.8 (/opt/ros/humble/share/rclpy/cmake)\n'}
[0.721239] (version1) StdoutLine: {'line': b'-- Found perception_pcl: 2.4.0 (/opt/ros/humble/share/perception_pcl/cmake)\n'}
[0.721729] (version1) StdoutLine: {'line': b'-- Found pcl_conversions: 2.4.0 (/opt/ros/humble/share/pcl_conversions/cmake)\n'}
[0.800600] (-) TimerEvent: {}
[0.822990] (version1) StdoutLine: {'line': b'-- Found pcl_ros: 2.4.0 (/opt/ros/humble/share/pcl_ros/cmake)\n'}
[0.900728] (-) TimerEvent: {}
[0.902251] (version1) StdoutLine: {'line': b'-- Ensuring Eigen3 include directory is part of orocos-kdl CMake target\n'}
[1.000842] (-) TimerEvent: {}
[1.101147] (-) TimerEvent: {}
[1.201468] (-) TimerEvent: {}
[1.204605] (version1) StdoutLine: {'line': b'-- Eigen found (include: /usr/include/eigen3, version: 3.4.0)\n'}
[1.230740] (version1) StdoutLine: {'line': b'-- FLANN found (include: /usr/include, lib: /usr/lib/x86_64-linux-gnu/libflann_cpp.so)\n'}
[1.301981] (-) TimerEvent: {}
[1.402896] (-) TimerEvent: {}
[1.479838] (version1) StdoutLine: {'line': b'-- OpenNI found (version: 1.5.4.0, include: /usr/include/ni, lib: /usr/lib/libOpenNI.so;libusb::libusb)\n'}
[1.483577] (version1) StdoutLine: {'line': b'-- OpenNI2 found (version: 2.2.0.33, include: /usr/include/openni2, lib: /usr/lib/x86_64-linux-gnu/libOpenNI2.so;libusb::libusb)\n'}
[1.502988] (-) TimerEvent: {}
[1.596942] (version1) StdoutLine: {'line': b'-- Eigen found (include: /usr/include/eigen3, version: 3.4.0)\n'}
[1.601077] (version1) StdoutLine: {'line': b'-- OpenNI found (version: 1.5.4.0, include: /usr/include/ni, lib: /usr/lib/libOpenNI.so;libusb::libusb)\n'}
[1.603082] (-) TimerEvent: {}
[1.605409] (version1) StdoutLine: {'line': b'-- OpenNI2 found (version: 2.2.0.33, include: /usr/include/openni2, lib: /usr/lib/x86_64-linux-gnu/libOpenNI2.so;libusb::libusb)\n'}
[1.703196] (-) TimerEvent: {}
[1.725735] (version1) StdoutLine: {'line': b'-- Found Qhull version 8.0.2\n'}
[1.803321] (-) TimerEvent: {}
[1.838339] (version1) StdoutLine: {'line': b'-- OpenNI found (version: 1.5.4.0, include: /usr/include/ni, lib: /usr/lib/libOpenNI.so;libusb::libusb)\n'}
[1.903445] (-) TimerEvent: {}
[2.003739] (-) TimerEvent: {}
[2.104194] (-) TimerEvent: {}
[2.124049] (version1) StderrLine: {'line': b"Error parsing '/home/thiago/workspaces/lidar/src/version1/package.xml':\n"}
[2.153123] (version1) StderrLine: {'line': b'Traceback (most recent call last):\n'}
[2.153280] (version1) StderrLine: {'line': b'  File "/opt/ros/humble/share/ament_cmake_core/cmake/core/package_xml_2_cmake.py", line 150, in <module>\n'}
[2.153347] (version1) StderrLine: {'line': b'    main()\n'}
[2.153405] (version1) StderrLine: {'line': b'  File "/opt/ros/humble/share/ament_cmake_core/cmake/core/package_xml_2_cmake.py", line 53, in main\n'}
[2.153459] (version1) StderrLine: {'line': b'    raise e\n'}
[2.153511] (version1) StderrLine: {'line': b'  File "/opt/ros/humble/share/ament_cmake_core/cmake/core/package_xml_2_cmake.py", line 49, in main\n'}
[2.153564] (version1) StderrLine: {'line': b'    package = parse_package_string(\n'}
[2.153618] (version1) StderrLine: {'line': b'  File "/usr/lib/python3/dist-packages/catkin_pkg/package.py", line 786, in parse_package_string\n'}
[2.153732] (version1) StderrLine: {'line': b"    raise InvalidPackage('Error(s):%s' % (''.join(['\\n- %s' % e for e in errors])), filename)\n"}
[2.153797] (version1) StderrLine: {'line': b"catkin_pkg.package.InvalidPackage: Error(s) in package '/home/thiago/workspaces/lidar/src/version1/package.xml':\n"}
[2.153852] (version1) StderrLine: {'line': b'Error(s):\n'}
[2.153906] (version1) StderrLine: {'line': b"- The generic dependency on 'pcl_conversions' is redundant with: build_depend, exec_depend\n"}
[2.162833] (version1) StderrLine: {'line': b'\x1b[31mCMake Error at /opt/ros/humble/share/ament_cmake_core/cmake/core/ament_package_xml.cmake:95 (message):\n'}
[2.162989] (version1) StderrLine: {'line': b'  execute_process(/usr/bin/python3.10\n'}
[2.163056] (version1) StderrLine: {'line': b'  /opt/ros/humble/share/ament_cmake_core/cmake/core/package_xml_2_cmake.py\n'}
[2.163209] (version1) StderrLine: {'line': b'  /home/thiago/workspaces/lidar/src/version1/package.xml\n'}
[2.163305] (version1) StderrLine: {'line': b'  /home/thiago/workspaces/lidar/build/version1/ament_cmake_core/package.cmake)\n'}
[2.163380] (version1) StderrLine: {'line': b'  returned error code 1\n'}
[2.163448] (version1) StderrLine: {'line': b'Call Stack (most recent call first):\n'}
[2.163502] (version1) StderrLine: {'line': b'  /opt/ros/humble/share/ament_cmake_core/cmake/core/ament_package_xml.cmake:49 (_ament_package_xml)\n'}
[2.163555] (version1) StderrLine: {'line': b'  /opt/ros/humble/share/rosidl_cmake/cmake/rosidl_generate_interfaces.cmake:226 (ament_package_xml)\n'}
[2.163605] (version1) StderrLine: {'line': b'  CMakeLists.txt:22 (rosidl_generate_interfaces)\n'}
[2.163660] (version1) StderrLine: {'line': b'\n'}
[2.163711] (version1) StderrLine: {'line': b'\x1b[0m\n'}
[2.163763] (version1) StdoutLine: {'line': b'-- Configuring incomplete, errors occurred!\n'}
[2.163823] (version1) StdoutLine: {'line': b'See also "/home/thiago/workspaces/lidar/build/version1/CMakeFiles/CMakeOutput.log".\n'}
[2.175501] (version1) CommandEnded: {'returncode': 1}
[2.176586] (version1) JobEnded: {'identifier': 'version1', 'rc': 1}
[2.187126] (-) EventReactorShutdown: {}
