-- The C compiler identification is GNU 11.3.0
-- The CXX compiler identification is GNU 11.3.0
-- Detecting C compiler ABI info
-- Detecting C compiler ABI info - done
-- Check for working C compiler: /usr/bin/cc - skipped
-- Detecting C compile features
-- Detecting C compile features - done
-- Detecting CXX compiler ABI info
-- Detecting CXX compiler ABI info - done
-- Check for working CXX compiler: /usr/bin/c++ - skipped
-- Detecting CXX compile features
-- Detecting CXX compile features - done
-- Found ament_cmake: 1.3.4 (/opt/ros/humble/share/ament_cmake/cmake)
-- Found Python3: /usr/bin/python3.10 (found version "3.10.6") found components: Interpreter 
-- Override CMake install command with custom implementation using symlinks instead of copying resources
-- Found cv_bridge: 3.2.1 (/opt/ros/humble/share/cv_bridge/cmake)
-- Found rosidl_generator_c: 3.1.4 (/opt/ros/humble/share/rosidl_generator_c/cmake)
-- Found rosidl_adapter: 3.1.4 (/opt/ros/humble/share/rosidl_adapter/cmake)
-- Found rosidl_generator_cpp: 3.1.4 (/opt/ros/humble/share/rosidl_generator_cpp/cmake)
-- Using all available rosidl_typesupport_c: rosidl_typesupport_fastrtps_c;rosidl_typesupport_introspection_c
-- Using all available rosidl_typesupport_cpp: rosidl_typesupport_fastrtps_cpp;rosidl_typesupport_introspection_cpp
-- Found rosidl_default_generators: 1.2.0 (/opt/ros/humble/share/rosidl_default_generators/cmake)
-- Found ament_cmake_ros: 0.10.0 (/opt/ros/humble/share/ament_cmake_ros/cmake)
-- Using all available rosidl_typesupport_c: rosidl_typesupport_fastrtps_c;rosidl_typesupport_introspection_c
-- Using all available rosidl_typesupport_cpp: rosidl_typesupport_fastrtps_cpp;rosidl_typesupport_introspection_cpp
-- Found PythonInterp: /usr/bin/python3 (found suitable version "3.10.6", minimum required is "3.6") 
-- Found python_cmake_module: 0.10.0 (/opt/ros/humble/share/python_cmake_module/cmake)
-- Found PythonLibs: /usr/lib/x86_64-linux-gnu/libpython3.10.so (found suitable version "3.10.6", minimum required is "3.5") 
-- Using PYTHON_EXECUTABLE: /usr/bin/python3
-- Using PYTHON_INCLUDE_DIRS: /usr/include/python3.10
-- Using PYTHON_LIBRARIES: /usr/lib/x86_64-linux-gnu/libpython3.10.so
-- Found PythonExtra: .so  
-- Found ament_lint_auto: 0.12.6 (/opt/ros/humble/share/ament_lint_auto/cmake)
-- Added test 'flake8' to check Python code syntax and style conventions
-- Added test 'lint_cmake' to check CMake code style
-- Added test 'pep257' to check Python code against some of the docstring style conventions in PEP 257
-- Added test 'xmllint' to check XML markup files
-- Configuring done
-- Generating done
-- Build files have been written to: /home/thiago/workspaces/lidar/build/version1
[  2%] [34m[1mGenerating C code for ROS interfaces[0m
[  5%] [34m[1mGenerating C++ code for ROS interfaces[0m
[  5%] Built target ament_cmake_python_symlink_scripts
[  5%] Built target ament_cmake_python_symlink_version1
running egg_info
creating scripts.egg-info
writing scripts.egg-info/PKG-INFO
writing dependency_links to scripts.egg-info/dependency_links.txt
writing top-level names to scripts.egg-info/top_level.txt
writing manifest file 'scripts.egg-info/SOURCES.txt'
reading manifest file 'scripts.egg-info/SOURCES.txt'
writing manifest file 'scripts.egg-info/SOURCES.txt'
[  5%] Built target ament_cmake_python_build_scripts_egg
[ 10%] [32mBuilding C object CMakeFiles/version1__rosidl_generator_c.dir/rosidl_generator_c/version1/action/detail/navigate__functions.c.o[0m
[ 10%] [32mBuilding C object CMakeFiles/version1__rosidl_generator_c.dir/rosidl_generator_c/version1/srv/detail/odd_even_check__functions.c.o[0m
[ 10%] Built target version1__cpp
[ 15%] [34m[1mGenerating C++ type support dispatch for ROS interfaces[0m
[ 15%] [34m[1mGenerating C++ introspection for ROS interfaces[0m
[ 17%] [34m[1mGenerating C++ type support for eProsima Fast-RTPS[0m
running egg_info
creating version1.egg-info
writing version1.egg-info/PKG-INFO
writing dependency_links to version1.egg-info/dependency_links.txt
writing top-level names to version1.egg-info/top_level.txt
writing manifest file 'version1.egg-info/SOURCES.txt'
reading manifest file 'version1.egg-info/SOURCES.txt'
writing manifest file 'version1.egg-info/SOURCES.txt'
[ 17%] Built target ament_cmake_python_build_version1_egg
[ 20%] [32m[1mLinking C shared library libversion1__rosidl_generator_c.so[0m
[ 20%] Built target version1__rosidl_generator_c
[ 28%] [34m[1mGenerating C type support dispatch for ROS interfaces[0m
[ 28%] [34m[1mGenerating C type support for eProsima Fast-RTPS[0m
[ 28%] [34m[1mGenerating C introspection for ROS interfaces[0m
[ 30%] [32mBuilding CXX object CMakeFiles/version1__rosidl_typesupport_cpp.dir/rosidl_typesupport_cpp/version1/srv/odd_even_check__type_support.cpp.o[0m
[ 33%] [32mBuilding CXX object CMakeFiles/version1__rosidl_typesupport_cpp.dir/rosidl_typesupport_cpp/version1/action/navigate__type_support.cpp.o[0m
[ 38%] [32mBuilding CXX object CMakeFiles/version1__rosidl_typesupport_introspection_cpp.dir/rosidl_typesupport_introspection_cpp/version1/srv/detail/odd_even_check__type_support.cpp.o[0m
[ 38%] [32mBuilding CXX object CMakeFiles/version1__rosidl_typesupport_introspection_cpp.dir/rosidl_typesupport_introspection_cpp/version1/action/detail/navigate__type_support.cpp.o[0m
[ 41%] [32mBuilding CXX object CMakeFiles/version1__rosidl_typesupport_fastrtps_cpp.dir/rosidl_typesupport_fastrtps_cpp/version1/action/detail/dds_fastrtps/navigate__type_support.cpp.o[0m
[ 43%] [32mBuilding CXX object CMakeFiles/version1__rosidl_typesupport_fastrtps_cpp.dir/rosidl_typesupport_fastrtps_cpp/version1/srv/detail/dds_fastrtps/odd_even_check__type_support.cpp.o[0m
[ 46%] [32mBuilding CXX object CMakeFiles/version1__rosidl_typesupport_c.dir/rosidl_typesupport_c/version1/srv/odd_even_check__type_support.cpp.o[0m
[ 48%] [32mBuilding CXX object CMakeFiles/version1__rosidl_typesupport_c.dir/rosidl_typesupport_c/version1/action/navigate__type_support.cpp.o[0m
[ 51%] [32m[1mLinking CXX shared library libversion1__rosidl_typesupport_c.so[0m
[ 53%] [32mBuilding C object CMakeFiles/version1__rosidl_typesupport_introspection_c.dir/rosidl_typesupport_introspection_c/version1/srv/detail/odd_even_check__type_support.c.o[0m
[ 56%] [32mBuilding C object CMakeFiles/version1__rosidl_typesupport_introspection_c.dir/rosidl_typesupport_introspection_c/version1/action/detail/navigate__type_support.c.o[0m
[ 56%] Built target version1__rosidl_typesupport_c
[ 58%] [32mBuilding CXX object CMakeFiles/version1__rosidl_typesupport_fastrtps_c.dir/rosidl_typesupport_fastrtps_c/version1/action/detail/navigate__type_support_c.cpp.o[0m
[ 61%] [32mBuilding CXX object CMakeFiles/version1__rosidl_typesupport_fastrtps_c.dir/rosidl_typesupport_fastrtps_c/version1/srv/detail/odd_even_check__type_support_c.cpp.o[0m
[ 64%] [32m[1mLinking C shared library libversion1__rosidl_typesupport_introspection_c.so[0m
[ 64%] Built target version1__rosidl_typesupport_introspection_c
[ 66%] [32m[1mLinking CXX shared library libversion1__rosidl_typesupport_cpp.so[0m
[ 66%] Built target version1__rosidl_typesupport_cpp
[ 69%] [32m[1mLinking CXX shared library libversion1__rosidl_typesupport_fastrtps_c.so[0m
[ 71%] [32m[1mLinking CXX shared library libversion1__rosidl_typesupport_introspection_cpp.so[0m
[ 74%] [32m[1mLinking CXX shared library libversion1__rosidl_typesupport_fastrtps_cpp.so[0m
[ 74%] Built target version1__rosidl_typesupport_introspection_cpp
[ 74%] Built target version1__rosidl_typesupport_fastrtps_c
[ 74%] Built target version1__rosidl_typesupport_fastrtps_cpp
[ 74%] Built target version1
[ 76%] [34m[1mGenerating Python code for ROS interfaces[0m
[ 76%] Built target version1__py
[ 82%] [32mBuilding C object CMakeFiles/version1__rosidl_generator_py.dir/rosidl_generator_py/version1/action/_navigate_s.c.o[0m
[ 82%] [32mBuilding C object CMakeFiles/version1__rosidl_generator_py.dir/rosidl_generator_py/version1/srv/_odd_even_check_s.c.o[0m
[ 84%] [32m[1mLinking C shared library rosidl_generator_py/version1/libversion1__rosidl_generator_py.so[0m
[ 84%] Built target version1__rosidl_generator_py
[ 92%] [32mBuilding C object CMakeFiles/version1__rosidl_typesupport_fastrtps_c__pyext.dir/rosidl_generator_py/version1/_version1_s.ep.rosidl_typesupport_fastrtps_c.c.o[0m
[ 92%] [32mBuilding C object CMakeFiles/version1__rosidl_typesupport_introspection_c__pyext.dir/rosidl_generator_py/version1/_version1_s.ep.rosidl_typesupport_introspection_c.c.o[0m
[ 92%] [32mBuilding C object CMakeFiles/version1__rosidl_typesupport_c__pyext.dir/rosidl_generator_py/version1/_version1_s.ep.rosidl_typesupport_c.c.o[0m
[ 97%] [32m[1mLinking C shared library rosidl_generator_py/version1/version1_s__rosidl_typesupport_introspection_c.cpython-310-x86_64-linux-gnu.so[0m
[ 97%] [32m[1mLinking C shared library rosidl_generator_py/version1/version1_s__rosidl_typesupport_c.cpython-310-x86_64-linux-gnu.so[0m
[100%] [32m[1mLinking C shared library rosidl_generator_py/version1/version1_s__rosidl_typesupport_fastrtps_c.cpython-310-x86_64-linux-gnu.so[0m
[100%] Built target version1__rosidl_typesupport_c__pyext
[100%] Built target version1__rosidl_typesupport_introspection_c__pyext
[100%] Built target version1__rosidl_typesupport_fastrtps_c__pyext
-- Install configuration: ""
-- Execute custom install script
-- Symlinking: /home/thiago/workspaces/lidar/install/version1/share/ament_index/resource_index/rosidl_interfaces/version1
-- Symlinking: /home/thiago/workspaces/lidar/install/version1/include/version1/version1/action/detail/navigate__functions.h
-- Symlinking: /home/thiago/workspaces/lidar/install/version1/include/version1/version1/action/detail/navigate__struct.h
-- Symlinking: /home/thiago/workspaces/lidar/install/version1/include/version1/version1/action/detail/navigate__type_support.h
-- Symlinking: /home/thiago/workspaces/lidar/install/version1/include/version1/version1/action/navigate.h
-- Symlinking: /home/thiago/workspaces/lidar/install/version1/include/version1/version1/msg/rosidl_generator_c__visibility_control.h
-- Symlinking: /home/thiago/workspaces/lidar/install/version1/include/version1/version1/srv/detail/odd_even_check__functions.h
-- Symlinking: /home/thiago/workspaces/lidar/install/version1/include/version1/version1/srv/detail/odd_even_check__struct.h
-- Symlinking: /home/thiago/workspaces/lidar/install/version1/include/version1/version1/srv/detail/odd_even_check__type_support.h
-- Symlinking: /home/thiago/workspaces/lidar/install/version1/include/version1/version1/srv/odd_even_check.h
-- Symlinking: /home/thiago/workspaces/lidar/install/version1/share/version1/environment/library_path.sh
-- Symlinking: /home/thiago/workspaces/lidar/install/version1/share/version1/environment/library_path.dsv
-- Symlinking: /home/thiago/workspaces/lidar/install/version1/include/version1/version1/action/detail/navigate__rosidl_typesupport_fastrtps_c.h
-- Symlinking: /home/thiago/workspaces/lidar/install/version1/include/version1/version1/msg/rosidl_typesupport_fastrtps_c__visibility_control.h
-- Symlinking: /home/thiago/workspaces/lidar/install/version1/include/version1/version1/srv/detail/odd_even_check__rosidl_typesupport_fastrtps_c.h
-- Symlinking: /home/thiago/workspaces/lidar/install/version1/include/version1/version1/action/detail/navigate__builder.hpp
-- Symlinking: /home/thiago/workspaces/lidar/install/version1/include/version1/version1/action/detail/navigate__struct.hpp
-- Symlinking: /home/thiago/workspaces/lidar/install/version1/include/version1/version1/action/detail/navigate__traits.hpp
-- Symlinking: /home/thiago/workspaces/lidar/install/version1/include/version1/version1/action/navigate.hpp
-- Symlinking: /home/thiago/workspaces/lidar/install/version1/include/version1/version1/srv/detail/odd_even_check__builder.hpp
-- Symlinking: /home/thiago/workspaces/lidar/install/version1/include/version1/version1/srv/detail/odd_even_check__struct.hpp
-- Symlinking: /home/thiago/workspaces/lidar/install/version1/include/version1/version1/srv/detail/odd_even_check__traits.hpp
-- Symlinking: /home/thiago/workspaces/lidar/install/version1/include/version1/version1/srv/odd_even_check.hpp
-- Symlinking: /home/thiago/workspaces/lidar/install/version1/include/version1/version1/action/detail/navigate__rosidl_typesupport_fastrtps_cpp.hpp
-- Symlinking: /home/thiago/workspaces/lidar/install/version1/include/version1/version1/msg/rosidl_typesupport_fastrtps_cpp__visibility_control.h
-- Symlinking: /home/thiago/workspaces/lidar/install/version1/include/version1/version1/srv/detail/odd_even_check__rosidl_typesupport_fastrtps_cpp.hpp
-- Symlinking: /home/thiago/workspaces/lidar/install/version1/include/version1/version1/action/detail/navigate__rosidl_typesupport_introspection_c.h
-- Symlinking: /home/thiago/workspaces/lidar/install/version1/include/version1/version1/msg/rosidl_typesupport_introspection_c__visibility_control.h
-- Symlinking: /home/thiago/workspaces/lidar/install/version1/include/version1/version1/srv/detail/odd_even_check__rosidl_typesupport_introspection_c.h
-- Symlinking: /home/thiago/workspaces/lidar/install/version1/include/version1/version1/action/detail/navigate__rosidl_typesupport_introspection_cpp.hpp
-- Symlinking: /home/thiago/workspaces/lidar/install/version1/include/version1/version1/srv/detail/odd_even_check__rosidl_typesupport_introspection_cpp.hpp
-- Symlinking: /home/thiago/workspaces/lidar/install/version1/share/version1/environment/pythonpath.sh
-- Symlinking: /home/thiago/workspaces/lidar/install/version1/share/version1/environment/pythonpath.dsv
-- Symlinking: /home/thiago/workspaces/lidar/install/version1/local/lib/python3.10/dist-packages/version1-0.0.0-py3.10.egg-info/PKG-INFO
-- Symlinking: /home/thiago/workspaces/lidar/install/version1/local/lib/python3.10/dist-packages/version1-0.0.0-py3.10.egg-info/SOURCES.txt
-- Symlinking: /home/thiago/workspaces/lidar/install/version1/local/lib/python3.10/dist-packages/version1-0.0.0-py3.10.egg-info/dependency_links.txt
-- Symlinking: /home/thiago/workspaces/lidar/install/version1/local/lib/python3.10/dist-packages/version1-0.0.0-py3.10.egg-info/top_level.txt
-- Symlinking: /home/thiago/workspaces/lidar/install/version1/local/lib/python3.10/dist-packages/version1/__init__.py
-- Symlinking: /home/thiago/workspaces/lidar/install/version1/local/lib/python3.10/dist-packages/version1/_version1_s.ep.rosidl_typesupport_c.c
-- Symlinking: /home/thiago/workspaces/lidar/install/version1/local/lib/python3.10/dist-packages/version1/_version1_s.ep.rosidl_typesupport_fastrtps_c.c
-- Symlinking: /home/thiago/workspaces/lidar/install/version1/local/lib/python3.10/dist-packages/version1/_version1_s.ep.rosidl_typesupport_introspection_c.c
-- Symlinking: /home/thiago/workspaces/lidar/install/version1/local/lib/python3.10/dist-packages/version1/action/__init__.py
-- Symlinking: /home/thiago/workspaces/lidar/install/version1/local/lib/python3.10/dist-packages/version1/action/_navigate.py
-- Symlinking: /home/thiago/workspaces/lidar/install/version1/local/lib/python3.10/dist-packages/version1/action/_navigate_s.c
-- Symlinking: /home/thiago/workspaces/lidar/install/version1/local/lib/python3.10/dist-packages/version1/libversion1__rosidl_generator_py.so
-- Symlinking: /home/thiago/workspaces/lidar/install/version1/local/lib/python3.10/dist-packages/version1/srv/__init__.py
-- Symlinking: /home/thiago/workspaces/lidar/install/version1/local/lib/python3.10/dist-packages/version1/srv/_odd_even_check.py
-- Symlinking: /home/thiago/workspaces/lidar/install/version1/local/lib/python3.10/dist-packages/version1/srv/_odd_even_check_s.c
-- Symlinking: /home/thiago/workspaces/lidar/install/version1/local/lib/python3.10/dist-packages/version1/version1_s__rosidl_typesupport_c.cpython-310-x86_64-linux-gnu.so
-- Symlinking: /home/thiago/workspaces/lidar/install/version1/local/lib/python3.10/dist-packages/version1/version1_s__rosidl_typesupport_fastrtps_c.cpython-310-x86_64-linux-gnu.so
-- Symlinking: /home/thiago/workspaces/lidar/install/version1/local/lib/python3.10/dist-packages/version1/version1_s__rosidl_typesupport_introspection_c.cpython-310-x86_64-linux-gnu.so
-- Up-to-date symlink: /home/thiago/workspaces/lidar/install/version1/local/lib/python3.10/dist-packages/version1/version1_s__rosidl_typesupport_fastrtps_c.cpython-310-x86_64-linux-gnu.so
-- Up-to-date symlink: /home/thiago/workspaces/lidar/install/version1/local/lib/python3.10/dist-packages/version1/version1_s__rosidl_typesupport_introspection_c.cpython-310-x86_64-linux-gnu.so
-- Up-to-date symlink: /home/thiago/workspaces/lidar/install/version1/local/lib/python3.10/dist-packages/version1/version1_s__rosidl_typesupport_c.cpython-310-x86_64-linux-gnu.so
-- Symlinking: /home/thiago/workspaces/lidar/install/version1/share/version1/srv/OddEvenCheck.idl
-- Symlinking: /home/thiago/workspaces/lidar/install/version1/share/version1/action/Navigate.idl
-- Symlinking: /home/thiago/workspaces/lidar/install/version1/share/version1/srv/OddEvenCheck.srv
-- Symlinking: /home/thiago/workspaces/lidar/install/version1/share/version1/srv/OddEvenCheck_Request.msg
-- Symlinking: /home/thiago/workspaces/lidar/install/version1/share/version1/srv/OddEvenCheck_Response.msg
-- Symlinking: /home/thiago/workspaces/lidar/install/version1/share/version1/action/Navigate.action
-- Symlinking: /home/thiago/workspaces/lidar/install/version1/local/lib/python3.10/dist-packages/scripts-0.0.0-py3.10.egg-info/PKG-INFO
-- Symlinking: /home/thiago/workspaces/lidar/install/version1/local/lib/python3.10/dist-packages/scripts-0.0.0-py3.10.egg-info/SOURCES.txt
-- Symlinking: /home/thiago/workspaces/lidar/install/version1/local/lib/python3.10/dist-packages/scripts-0.0.0-py3.10.egg-info/dependency_links.txt
-- Symlinking: /home/thiago/workspaces/lidar/install/version1/local/lib/python3.10/dist-packages/scripts-0.0.0-py3.10.egg-info/top_level.txt
-- Symlinking: /home/thiago/workspaces/lidar/install/version1/local/lib/python3.10/dist-packages/scripts/__init__.py
-- Symlinking: /home/thiago/workspaces/lidar/install/version1/local/lib/python3.10/dist-packages/scripts/publisher_laserscan.py
-- Symlinking: /home/thiago/workspaces/lidar/install/version1/lib/version1/publisher_laserscan.py
-- Symlinking: /home/thiago/workspaces/lidar/install/version1/share/version1//launch/rpm_node_launch.py
-- Symlinking: /home/thiago/workspaces/lidar/install/version1/share/ament_index/resource_index/package_run_dependencies/version1
-- Symlinking: /home/thiago/workspaces/lidar/install/version1/share/ament_index/resource_index/parent_prefix_path/version1
-- Symlinking: /home/thiago/workspaces/lidar/install/version1/share/version1/environment/ament_prefix_path.sh
-- Symlinking: /home/thiago/workspaces/lidar/install/version1/share/version1/environment/ament_prefix_path.dsv
-- Symlinking: /home/thiago/workspaces/lidar/install/version1/share/version1/environment/path.sh
-- Symlinking: /home/thiago/workspaces/lidar/install/version1/share/version1/environment/path.dsv
-- Symlinking: /home/thiago/workspaces/lidar/install/version1/share/version1/local_setup.bash
-- Symlinking: /home/thiago/workspaces/lidar/install/version1/share/version1/local_setup.sh
-- Symlinking: /home/thiago/workspaces/lidar/install/version1/share/version1/local_setup.zsh
-- Symlinking: /home/thiago/workspaces/lidar/install/version1/share/version1/local_setup.dsv
-- Symlinking: /home/thiago/workspaces/lidar/install/version1/share/version1/package.dsv
-- Symlinking: /home/thiago/workspaces/lidar/install/version1/share/ament_index/resource_index/packages/version1
-- Symlinking: /home/thiago/workspaces/lidar/install/version1/share/version1/cmake/rosidl_cmake-extras.cmake
-- Symlinking: /home/thiago/workspaces/lidar/install/version1/share/version1/cmake/ament_cmake_export_dependencies-extras.cmake
-- Symlinking: /home/thiago/workspaces/lidar/install/version1/share/version1/cmake/ament_cmake_export_include_directories-extras.cmake
-- Symlinking: /home/thiago/workspaces/lidar/install/version1/share/version1/cmake/ament_cmake_export_libraries-extras.cmake
-- Symlinking: /home/thiago/workspaces/lidar/install/version1/share/version1/cmake/ament_cmake_export_targets-extras.cmake
-- Symlinking: /home/thiago/workspaces/lidar/install/version1/share/version1/cmake/rosidl_cmake_export_typesupport_targets-extras.cmake
-- Symlinking: /home/thiago/workspaces/lidar/install/version1/share/version1/cmake/rosidl_cmake_export_typesupport_libraries-extras.cmake
-- Symlinking: /home/thiago/workspaces/lidar/install/version1/share/version1/cmake/version1Config.cmake
-- Symlinking: /home/thiago/workspaces/lidar/install/version1/share/version1/cmake/version1Config-version.cmake
-- Symlinking: /home/thiago/workspaces/lidar/install/version1/share/version1/package.xml
-- Installing: /home/thiago/workspaces/lidar/install/version1/lib/libversion1__rosidl_generator_c.so
-- Set runtime path of "/home/thiago/workspaces/lidar/install/version1/lib/libversion1__rosidl_generator_c.so" to ""
-- Installing: /home/thiago/workspaces/lidar/install/version1/lib/libversion1__rosidl_typesupport_fastrtps_c.so
-- Set runtime path of "/home/thiago/workspaces/lidar/install/version1/lib/libversion1__rosidl_typesupport_fastrtps_c.so" to ""
-- Installing: /home/thiago/workspaces/lidar/install/version1/lib/libversion1__rosidl_typesupport_fastrtps_cpp.so
-- Set runtime path of "/home/thiago/workspaces/lidar/install/version1/lib/libversion1__rosidl_typesupport_fastrtps_cpp.so" to ""
-- Installing: /home/thiago/workspaces/lidar/install/version1/lib/libversion1__rosidl_typesupport_introspection_c.so
-- Set runtime path of "/home/thiago/workspaces/lidar/install/version1/lib/libversion1__rosidl_typesupport_introspection_c.so" to ""
-- Installing: /home/thiago/workspaces/lidar/install/version1/lib/libversion1__rosidl_typesupport_c.so
-- Set runtime path of "/home/thiago/workspaces/lidar/install/version1/lib/libversion1__rosidl_typesupport_c.so" to ""
-- Installing: /home/thiago/workspaces/lidar/install/version1/lib/libversion1__rosidl_typesupport_introspection_cpp.so
-- Set runtime path of "/home/thiago/workspaces/lidar/install/version1/lib/libversion1__rosidl_typesupport_introspection_cpp.so" to ""
-- Installing: /home/thiago/workspaces/lidar/install/version1/lib/libversion1__rosidl_typesupport_cpp.so
-- Set runtime path of "/home/thiago/workspaces/lidar/install/version1/lib/libversion1__rosidl_typesupport_cpp.so" to ""
Listing '/home/thiago/workspaces/lidar/install/version1/local/lib/python3.10/dist-packages/version1'...
Compiling '/home/thiago/workspaces/lidar/install/version1/local/lib/python3.10/dist-packages/version1/__init__.py'...
Listing '/home/thiago/workspaces/lidar/install/version1/local/lib/python3.10/dist-packages/version1/action'...
Compiling '/home/thiago/workspaces/lidar/install/version1/local/lib/python3.10/dist-packages/version1/action/__init__.py'...
Compiling '/home/thiago/workspaces/lidar/install/version1/local/lib/python3.10/dist-packages/version1/action/_navigate.py'...
Listing '/home/thiago/workspaces/lidar/install/version1/local/lib/python3.10/dist-packages/version1/srv'...
Compiling '/home/thiago/workspaces/lidar/install/version1/local/lib/python3.10/dist-packages/version1/srv/__init__.py'...
Compiling '/home/thiago/workspaces/lidar/install/version1/local/lib/python3.10/dist-packages/version1/srv/_odd_even_check.py'...
-- Installing: /home/thiago/workspaces/lidar/install/version1/lib/libversion1__rosidl_generator_py.so
-- Set runtime path of "/home/thiago/workspaces/lidar/install/version1/lib/libversion1__rosidl_generator_py.so" to ""
Listing '/home/thiago/workspaces/lidar/install/version1/local/lib/python3.10/dist-packages/scripts'...
Compiling '/home/thiago/workspaces/lidar/install/version1/local/lib/python3.10/dist-packages/scripts/__init__.py'...
Compiling '/home/thiago/workspaces/lidar/install/version1/local/lib/python3.10/dist-packages/scripts/publisher_laserscan.py'...
-- Installing: /home/thiago/workspaces/lidar/install/version1/share/version1/cmake/export_version1__rosidl_generator_cExport.cmake
-- Installing: /home/thiago/workspaces/lidar/install/version1/share/version1/cmake/export_version1__rosidl_generator_cExport-noconfig.cmake
-- Installing: /home/thiago/workspaces/lidar/install/version1/share/version1/cmake/export_version1__rosidl_typesupport_fastrtps_cExport.cmake
-- Installing: /home/thiago/workspaces/lidar/install/version1/share/version1/cmake/export_version1__rosidl_typesupport_fastrtps_cExport-noconfig.cmake
-- Installing: /home/thiago/workspaces/lidar/install/version1/share/version1/cmake/export_version1__rosidl_generator_cppExport.cmake
-- Installing: /home/thiago/workspaces/lidar/install/version1/share/version1/cmake/export_version1__rosidl_typesupport_fastrtps_cppExport.cmake
-- Installing: /home/thiago/workspaces/lidar/install/version1/share/version1/cmake/export_version1__rosidl_typesupport_fastrtps_cppExport-noconfig.cmake
-- Installing: /home/thiago/workspaces/lidar/install/version1/share/version1/cmake/version1__rosidl_typesupport_introspection_cExport.cmake
-- Installing: /home/thiago/workspaces/lidar/install/version1/share/version1/cmake/version1__rosidl_typesupport_introspection_cExport-noconfig.cmake
-- Installing: /home/thiago/workspaces/lidar/install/version1/share/version1/cmake/version1__rosidl_typesupport_cExport.cmake
-- Installing: /home/thiago/workspaces/lidar/install/version1/share/version1/cmake/version1__rosidl_typesupport_cExport-noconfig.cmake
-- Installing: /home/thiago/workspaces/lidar/install/version1/share/version1/cmake/version1__rosidl_typesupport_introspection_cppExport.cmake
-- Installing: /home/thiago/workspaces/lidar/install/version1/share/version1/cmake/version1__rosidl_typesupport_introspection_cppExport-noconfig.cmake
-- Installing: /home/thiago/workspaces/lidar/install/version1/share/version1/cmake/version1__rosidl_typesupport_cppExport.cmake
-- Installing: /home/thiago/workspaces/lidar/install/version1/share/version1/cmake/version1__rosidl_typesupport_cppExport-noconfig.cmake
-- Installing: /home/thiago/workspaces/lidar/install/version1/share/version1/cmake/export_version1__rosidl_generator_pyExport.cmake
-- Installing: /home/thiago/workspaces/lidar/install/version1/share/version1/cmake/export_version1__rosidl_generator_pyExport-noconfig.cmake
