[0.015s] Invoking command in '/home/thiago/workspaces/lidar/build/version0': CMAKE_PREFIX_PATH=/opt/ros/humble /usr/bin/cmake --build /home/thiago/workspaces/lidar/build/version0 -- -j12 -l12
[0.070s] [  2%] Built target version0__cpp
[0.074s] [ 12%] Built target version0__rosidl_generator_c
[0.077s] [ 12%] Built target ament_cmake_python_symlink_scripts
[0.078s] [ 12%] Built target ament_cmake_python_symlink_version0
[0.097s] [ 25%] [32mBuilding CXX object CMakeFiles/version0__rosidl_typesupport_introspection_cpp.dir/rosidl_typesupport_introspection_cpp/version0/action/detail/navigate__type_support.cpp.o[0m
[0.098s] [ 25%] [32mBuilding CXX object CMakeFiles/version0__rosidl_typesupport_fastrtps_cpp.dir/rosidl_typesupport_fastrtps_cpp/version0/action/detail/dds_fastrtps/navigate__type_support.cpp.o[0m
[0.098s] [ 25%] [32mBuilding CXX object CMakeFiles/version0__rosidl_typesupport_introspection_cpp.dir/rosidl_typesupport_introspection_cpp/version0/srv/detail/odd_even_check__type_support.cpp.o[0m
[0.098s] [ 33%] [32mBuilding CXX object CMakeFiles/version0__rosidl_typesupport_fastrtps_cpp.dir/rosidl_typesupport_fastrtps_cpp/version0/srv/detail/dds_fastrtps/odd_even_check__type_support.cpp.o[0m
[0.098s] [ 25%] [32mBuilding CXX object CMakeFiles/version0__rosidl_typesupport_cpp.dir/rosidl_typesupport_cpp/version0/srv/odd_even_check__type_support.cpp.o[0m
[0.099s] [ 43%] Built target version0__rosidl_typesupport_introspection_c
[0.099s] [ 46%] [32mBuilding CXX object CMakeFiles/version0__rosidl_typesupport_cpp.dir/rosidl_typesupport_cpp/version0/action/navigate__type_support.cpp.o[0m
[0.099s] [ 48%] Built target version0__rosidl_typesupport_c
[0.099s] [ 51%] [32mBuilding CXX object CMakeFiles/version0__rosidl_typesupport_fastrtps_c.dir/rosidl_typesupport_fastrtps_c/version0/srv/detail/odd_even_check__type_support_c.cpp.o[0m
[0.106s] [ 53%] [32mBuilding CXX object CMakeFiles/version0__rosidl_typesupport_fastrtps_c.dir/rosidl_typesupport_fastrtps_c/version0/action/detail/navigate__type_support_c.cpp.o[0m
[0.378s] running egg_info
[0.378s] running egg_info
[0.380s] writing scripts.egg-info/PKG-INFO
[0.380s] writing version0.egg-info/PKG-INFO
[0.380s] writing dependency_links to scripts.egg-info/dependency_links.txt
[0.380s] writing top-level names to scripts.egg-info/top_level.txt
[0.380s] writing dependency_links to version0.egg-info/dependency_links.txt
[0.381s] writing top-level names to version0.egg-info/top_level.txt
[0.386s] reading manifest file 'scripts.egg-info/SOURCES.txt'
[0.386s] reading manifest file 'version0.egg-info/SOURCES.txt'
[0.387s] writing manifest file 'scripts.egg-info/SOURCES.txt'
[0.387s] writing manifest file 'version0.egg-info/SOURCES.txt'
[0.472s] [ 53%] Built target ament_cmake_python_build_version0_egg
[0.478s] [ 53%] Built target ament_cmake_python_build_scripts_egg
[0.610s] [ 56%] [32m[1mLinking CXX shared library libversion0__rosidl_typesupport_fastrtps_c.so[0m
[0.730s] [ 58%] [32m[1mLinking CXX shared library libversion0__rosidl_typesupport_cpp.so[0m
[0.752s] [ 61%] Built target version0__rosidl_typesupport_fastrtps_c
[0.766s] [ 64%] Built target version0__rosidl_typesupport_cpp
[0.827s] [ 66%] [32m[1mLinking CXX shared library libversion0__rosidl_typesupport_fastrtps_cpp.so[0m
[0.832s] [ 69%] [32m[1mLinking CXX shared library libversion0__rosidl_typesupport_introspection_cpp.so[0m
[0.900s] [ 71%] Built target version0__rosidl_typesupport_fastrtps_cpp
[0.909s] [ 74%] Built target version0__rosidl_typesupport_introspection_cpp
[0.928s] [ 74%] Built target version0
[0.946s] [ 76%] Built target version0__py
[0.967s] [ 82%] [32mBuilding C object CMakeFiles/version0__rosidl_generator_py.dir/rosidl_generator_py/version0/action/_navigate_s.c.o[0m
[0.967s] [ 82%] [32mBuilding C object CMakeFiles/version0__rosidl_generator_py.dir/rosidl_generator_py/version0/srv/_odd_even_check_s.c.o[0m
[1.126s] [ 84%] [32m[1mLinking C shared library rosidl_generator_py/version0/libversion0__rosidl_generator_py.so[0m
[1.165s] [ 84%] Built target version0__rosidl_generator_py
[1.191s] [ 92%] [32mBuilding C object CMakeFiles/version0__rosidl_typesupport_c__pyext.dir/rosidl_generator_py/version0/_version0_s.ep.rosidl_typesupport_c.c.o[0m
[1.191s] [ 92%] [32mBuilding C object CMakeFiles/version0__rosidl_typesupport_introspection_c__pyext.dir/rosidl_generator_py/version0/_version0_s.ep.rosidl_typesupport_introspection_c.c.o[0m
[1.191s] [ 92%] [32mBuilding C object CMakeFiles/version0__rosidl_typesupport_fastrtps_c__pyext.dir/rosidl_generator_py/version0/_version0_s.ep.rosidl_typesupport_fastrtps_c.c.o[0m
[1.297s] [ 94%] [32m[1mLinking C shared library rosidl_generator_py/version0/version0_s__rosidl_typesupport_fastrtps_c.cpython-310-x86_64-linux-gnu.so[0m
[1.298s] [ 97%] [32m[1mLinking C shared library rosidl_generator_py/version0/version0_s__rosidl_typesupport_c.cpython-310-x86_64-linux-gnu.so[0m
[1.328s] [100%] [32m[1mLinking C shared library rosidl_generator_py/version0/version0_s__rosidl_typesupport_introspection_c.cpython-310-x86_64-linux-gnu.so[0m
[1.345s] [100%] Built target version0__rosidl_typesupport_c__pyext
[1.356s] [100%] Built target version0__rosidl_typesupport_fastrtps_c__pyext
[1.381s] [100%] Built target version0__rosidl_typesupport_introspection_c__pyext
[1.393s] Invoked command in '/home/thiago/workspaces/lidar/build/version0' returned '0': CMAKE_PREFIX_PATH=/opt/ros/humble /usr/bin/cmake --build /home/thiago/workspaces/lidar/build/version0 -- -j12 -l12
[1.453s] Invoking command in '/home/thiago/workspaces/lidar/build/version0': CMAKE_PREFIX_PATH=/opt/ros/humble /usr/bin/cmake --install /home/thiago/workspaces/lidar/build/version0
[1.460s] -- Install configuration: ""
[1.461s] -- Execute custom install script
[1.461s] -- Up-to-date symlink: /home/thiago/workspaces/lidar/install/version0/share/ament_index/resource_index/rosidl_interfaces/version0
[1.461s] -- Up-to-date symlink: /home/thiago/workspaces/lidar/install/version0/include/version0/version0/action/detail/navigate__functions.h
[1.461s] -- Up-to-date symlink: /home/thiago/workspaces/lidar/install/version0/include/version0/version0/action/detail/navigate__struct.h
[1.461s] -- Up-to-date symlink: /home/thiago/workspaces/lidar/install/version0/include/version0/version0/action/detail/navigate__type_support.h
[1.462s] -- Up-to-date symlink: /home/thiago/workspaces/lidar/install/version0/include/version0/version0/action/navigate.h
[1.462s] -- Up-to-date symlink: /home/thiago/workspaces/lidar/install/version0/include/version0/version0/msg/rosidl_generator_c__visibility_control.h
[1.462s] -- Up-to-date symlink: /home/thiago/workspaces/lidar/install/version0/include/version0/version0/srv/detail/odd_even_check__functions.h
[1.462s] -- Up-to-date symlink: /home/thiago/workspaces/lidar/install/version0/include/version0/version0/srv/detail/odd_even_check__struct.h
[1.462s] -- Up-to-date symlink: /home/thiago/workspaces/lidar/install/version0/include/version0/version0/srv/detail/odd_even_check__type_support.h
[1.462s] -- Up-to-date symlink: /home/thiago/workspaces/lidar/install/version0/include/version0/version0/srv/odd_even_check.h
[1.462s] -- Up-to-date symlink: /home/thiago/workspaces/lidar/install/version0/share/version0/environment/library_path.sh
[1.462s] -- Up-to-date symlink: /home/thiago/workspaces/lidar/install/version0/share/version0/environment/library_path.dsv
[1.462s] -- Up-to-date symlink: /home/thiago/workspaces/lidar/install/version0/include/version0/version0/action/detail/navigate__rosidl_typesupport_fastrtps_c.h
[1.462s] -- Up-to-date symlink: /home/thiago/workspaces/lidar/install/version0/include/version0/version0/msg/rosidl_typesupport_fastrtps_c__visibility_control.h
[1.463s] -- Up-to-date symlink: /home/thiago/workspaces/lidar/install/version0/include/version0/version0/srv/detail/odd_even_check__rosidl_typesupport_fastrtps_c.h
[1.463s] -- Up-to-date symlink: /home/thiago/workspaces/lidar/install/version0/include/version0/version0/action/detail/navigate__builder.hpp
[1.463s] -- Up-to-date symlink: /home/thiago/workspaces/lidar/install/version0/include/version0/version0/action/detail/navigate__struct.hpp
[1.463s] -- Up-to-date symlink: /home/thiago/workspaces/lidar/install/version0/include/version0/version0/action/detail/navigate__traits.hpp
[1.463s] -- Up-to-date symlink: /home/thiago/workspaces/lidar/install/version0/include/version0/version0/action/navigate.hpp
[1.463s] -- Up-to-date symlink: /home/thiago/workspaces/lidar/install/version0/include/version0/version0/srv/detail/odd_even_check__builder.hpp
[1.463s] -- Up-to-date symlink: /home/thiago/workspaces/lidar/install/version0/include/version0/version0/srv/detail/odd_even_check__struct.hpp
[1.463s] -- Up-to-date symlink: /home/thiago/workspaces/lidar/install/version0/include/version0/version0/srv/detail/odd_even_check__traits.hpp
[1.463s] -- Up-to-date symlink: /home/thiago/workspaces/lidar/install/version0/include/version0/version0/srv/odd_even_check.hpp
[1.464s] -- Up-to-date symlink: /home/thiago/workspaces/lidar/install/version0/include/version0/version0/action/detail/navigate__rosidl_typesupport_fastrtps_cpp.hpp
[1.464s] -- Up-to-date symlink: /home/thiago/workspaces/lidar/install/version0/include/version0/version0/msg/rosidl_typesupport_fastrtps_cpp__visibility_control.h
[1.464s] -- Up-to-date symlink: /home/thiago/workspaces/lidar/install/version0/include/version0/version0/srv/detail/odd_even_check__rosidl_typesupport_fastrtps_cpp.hpp
[1.464s] -- Up-to-date symlink: /home/thiago/workspaces/lidar/install/version0/include/version0/version0/action/detail/navigate__rosidl_typesupport_introspection_c.h
[1.464s] -- Up-to-date symlink: /home/thiago/workspaces/lidar/install/version0/include/version0/version0/msg/rosidl_typesupport_introspection_c__visibility_control.h
[1.464s] -- Up-to-date symlink: /home/thiago/workspaces/lidar/install/version0/include/version0/version0/srv/detail/odd_even_check__rosidl_typesupport_introspection_c.h
[1.465s] -- Up-to-date symlink: /home/thiago/workspaces/lidar/install/version0/include/version0/version0/action/detail/navigate__rosidl_typesupport_introspection_cpp.hpp
[1.465s] -- Up-to-date symlink: /home/thiago/workspaces/lidar/install/version0/include/version0/version0/srv/detail/odd_even_check__rosidl_typesupport_introspection_cpp.hpp
[1.465s] -- Up-to-date symlink: /home/thiago/workspaces/lidar/install/version0/share/version0/environment/pythonpath.sh
[1.465s] -- Up-to-date symlink: /home/thiago/workspaces/lidar/install/version0/share/version0/environment/pythonpath.dsv
[1.465s] -- Up-to-date symlink: /home/thiago/workspaces/lidar/install/version0/local/lib/python3.10/dist-packages/version0-0.0.0-py3.10.egg-info/PKG-INFO
[1.465s] -- Up-to-date symlink: /home/thiago/workspaces/lidar/install/version0/local/lib/python3.10/dist-packages/version0-0.0.0-py3.10.egg-info/SOURCES.txt
[1.465s] -- Up-to-date symlink: /home/thiago/workspaces/lidar/install/version0/local/lib/python3.10/dist-packages/version0-0.0.0-py3.10.egg-info/dependency_links.txt
[1.465s] -- Up-to-date symlink: /home/thiago/workspaces/lidar/install/version0/local/lib/python3.10/dist-packages/version0-0.0.0-py3.10.egg-info/top_level.txt
[1.466s] -- Up-to-date symlink: /home/thiago/workspaces/lidar/install/version0/local/lib/python3.10/dist-packages/version0/__init__.py
[1.466s] -- Up-to-date symlink: /home/thiago/workspaces/lidar/install/version0/local/lib/python3.10/dist-packages/version0/_version0_s.ep.rosidl_typesupport_c.c
[1.466s] -- Up-to-date symlink: /home/thiago/workspaces/lidar/install/version0/local/lib/python3.10/dist-packages/version0/_version0_s.ep.rosidl_typesupport_fastrtps_c.c
[1.466s] -- Up-to-date symlink: /home/thiago/workspaces/lidar/install/version0/local/lib/python3.10/dist-packages/version0/_version0_s.ep.rosidl_typesupport_introspection_c.c
[1.466s] -- Up-to-date symlink: /home/thiago/workspaces/lidar/install/version0/local/lib/python3.10/dist-packages/version0/action/__init__.py
[1.466s] -- Up-to-date symlink: /home/thiago/workspaces/lidar/install/version0/local/lib/python3.10/dist-packages/version0/action/_navigate.py
[1.466s] -- Up-to-date symlink: /home/thiago/workspaces/lidar/install/version0/local/lib/python3.10/dist-packages/version0/action/_navigate_s.c
[1.466s] -- Up-to-date symlink: /home/thiago/workspaces/lidar/install/version0/local/lib/python3.10/dist-packages/version0/libversion0__rosidl_generator_py.so
[1.466s] -- Up-to-date symlink: /home/thiago/workspaces/lidar/install/version0/local/lib/python3.10/dist-packages/version0/srv/__init__.py
[1.466s] -- Up-to-date symlink: /home/thiago/workspaces/lidar/install/version0/local/lib/python3.10/dist-packages/version0/srv/_odd_even_check.py
[1.466s] -- Up-to-date symlink: /home/thiago/workspaces/lidar/install/version0/local/lib/python3.10/dist-packages/version0/srv/_odd_even_check_s.c
[1.467s] -- Up-to-date symlink: /home/thiago/workspaces/lidar/install/version0/local/lib/python3.10/dist-packages/version0/version0_s__rosidl_typesupport_c.cpython-310-x86_64-linux-gnu.so
[1.467s] -- Up-to-date symlink: /home/thiago/workspaces/lidar/install/version0/local/lib/python3.10/dist-packages/version0/version0_s__rosidl_typesupport_fastrtps_c.cpython-310-x86_64-linux-gnu.so
[1.467s] -- Up-to-date symlink: /home/thiago/workspaces/lidar/install/version0/local/lib/python3.10/dist-packages/version0/version0_s__rosidl_typesupport_introspection_c.cpython-310-x86_64-linux-gnu.so
[1.467s] -- Up-to-date symlink: /home/thiago/workspaces/lidar/install/version0/local/lib/python3.10/dist-packages/version0/version0_s__rosidl_typesupport_fastrtps_c.cpython-310-x86_64-linux-gnu.so
[1.467s] -- Up-to-date symlink: /home/thiago/workspaces/lidar/install/version0/local/lib/python3.10/dist-packages/version0/version0_s__rosidl_typesupport_introspection_c.cpython-310-x86_64-linux-gnu.so
[1.468s] -- Up-to-date symlink: /home/thiago/workspaces/lidar/install/version0/local/lib/python3.10/dist-packages/version0/version0_s__rosidl_typesupport_c.cpython-310-x86_64-linux-gnu.so
[1.468s] -- Up-to-date symlink: /home/thiago/workspaces/lidar/install/version0/share/version0/srv/OddEvenCheck.idl
[1.468s] -- Up-to-date symlink: /home/thiago/workspaces/lidar/install/version0/share/version0/action/Navigate.idl
[1.468s] -- Up-to-date symlink: /home/thiago/workspaces/lidar/install/version0/share/version0/srv/OddEvenCheck.srv
[1.468s] -- Up-to-date symlink: /home/thiago/workspaces/lidar/install/version0/share/version0/srv/OddEvenCheck_Request.msg
[1.469s] -- Up-to-date symlink: /home/thiago/workspaces/lidar/install/version0/share/version0/srv/OddEvenCheck_Response.msg
[1.469s] -- Up-to-date symlink: /home/thiago/workspaces/lidar/install/version0/share/version0/action/Navigate.action
[1.469s] -- Up-to-date symlink: /home/thiago/workspaces/lidar/install/version0/local/lib/python3.10/dist-packages/scripts-0.0.0-py3.10.egg-info/PKG-INFO
[1.469s] -- Up-to-date symlink: /home/thiago/workspaces/lidar/install/version0/local/lib/python3.10/dist-packages/scripts-0.0.0-py3.10.egg-info/SOURCES.txt
[1.469s] -- Up-to-date symlink: /home/thiago/workspaces/lidar/install/version0/local/lib/python3.10/dist-packages/scripts-0.0.0-py3.10.egg-info/dependency_links.txt
[1.469s] -- Up-to-date symlink: /home/thiago/workspaces/lidar/install/version0/local/lib/python3.10/dist-packages/scripts-0.0.0-py3.10.egg-info/top_level.txt
[1.470s] -- Up-to-date symlink: /home/thiago/workspaces/lidar/install/version0/local/lib/python3.10/dist-packages/scripts/__init__.py
[1.470s] -- Up-to-date symlink: /home/thiago/workspaces/lidar/install/version0/local/lib/python3.10/dist-packages/scripts/publisher_laserscan.py
[1.470s] -- Up-to-date symlink: /home/thiago/workspaces/lidar/install/version0/lib/version0/publisher_laserscan.py
[1.470s] -- Up-to-date symlink: /home/thiago/workspaces/lidar/install/version0/share/version0//launch/rpm_node_launch.py
[1.471s] -- Up-to-date symlink: /home/thiago/workspaces/lidar/install/version0/share/ament_index/resource_index/package_run_dependencies/version0
[1.471s] -- Up-to-date symlink: /home/thiago/workspaces/lidar/install/version0/share/ament_index/resource_index/parent_prefix_path/version0
[1.471s] -- Up-to-date symlink: /home/thiago/workspaces/lidar/install/version0/share/version0/environment/ament_prefix_path.sh
[1.471s] -- Up-to-date symlink: /home/thiago/workspaces/lidar/install/version0/share/version0/environment/ament_prefix_path.dsv
[1.471s] -- Up-to-date symlink: /home/thiago/workspaces/lidar/install/version0/share/version0/environment/path.sh
[1.471s] -- Up-to-date symlink: /home/thiago/workspaces/lidar/install/version0/share/version0/environment/path.dsv
[1.471s] -- Up-to-date symlink: /home/thiago/workspaces/lidar/install/version0/share/version0/local_setup.bash
[1.472s] -- Up-to-date symlink: /home/thiago/workspaces/lidar/install/version0/share/version0/local_setup.sh
[1.472s] -- Up-to-date symlink: /home/thiago/workspaces/lidar/install/version0/share/version0/local_setup.zsh
[1.472s] -- Up-to-date symlink: /home/thiago/workspaces/lidar/install/version0/share/version0/local_setup.dsv
[1.472s] -- Symlinking: /home/thiago/workspaces/lidar/install/version0/share/version0/package.dsv
[1.480s] -- Up-to-date symlink: /home/thiago/workspaces/lidar/install/version0/share/ament_index/resource_index/packages/version0
[1.480s] -- Up-to-date symlink: /home/thiago/workspaces/lidar/install/version0/share/version0/cmake/rosidl_cmake-extras.cmake
[1.480s] -- Up-to-date symlink: /home/thiago/workspaces/lidar/install/version0/share/version0/cmake/ament_cmake_export_dependencies-extras.cmake
[1.481s] -- Up-to-date symlink: /home/thiago/workspaces/lidar/install/version0/share/version0/cmake/ament_cmake_export_include_directories-extras.cmake
[1.481s] -- Up-to-date symlink: /home/thiago/workspaces/lidar/install/version0/share/version0/cmake/ament_cmake_export_libraries-extras.cmake
[1.481s] -- Up-to-date symlink: /home/thiago/workspaces/lidar/install/version0/share/version0/cmake/ament_cmake_export_targets-extras.cmake
[1.481s] -- Up-to-date symlink: /home/thiago/workspaces/lidar/install/version0/share/version0/cmake/rosidl_cmake_export_typesupport_targets-extras.cmake
[1.481s] -- Up-to-date symlink: /home/thiago/workspaces/lidar/install/version0/share/version0/cmake/rosidl_cmake_export_typesupport_libraries-extras.cmake
[1.482s] -- Up-to-date symlink: /home/thiago/workspaces/lidar/install/version0/share/version0/cmake/version0Config.cmake
[1.482s] -- Up-to-date symlink: /home/thiago/workspaces/lidar/install/version0/share/version0/cmake/version0Config-version.cmake
[1.482s] -- Up-to-date symlink: /home/thiago/workspaces/lidar/install/version0/share/version0/package.xml
[1.482s] -- Up-to-date: /home/thiago/workspaces/lidar/install/version0/lib/libversion0__rosidl_generator_c.so
[1.482s] -- Installing: /home/thiago/workspaces/lidar/install/version0/lib/libversion0__rosidl_typesupport_fastrtps_c.so
[1.483s] -- Set runtime path of "/home/thiago/workspaces/lidar/install/version0/lib/libversion0__rosidl_typesupport_fastrtps_c.so" to ""
[1.483s] -- Installing: /home/thiago/workspaces/lidar/install/version0/lib/libversion0__rosidl_typesupport_fastrtps_cpp.so
[1.483s] -- Set runtime path of "/home/thiago/workspaces/lidar/install/version0/lib/libversion0__rosidl_typesupport_fastrtps_cpp.so" to ""
[1.483s] -- Up-to-date: /home/thiago/workspaces/lidar/install/version0/lib/libversion0__rosidl_typesupport_introspection_c.so
[1.483s] -- Up-to-date: /home/thiago/workspaces/lidar/install/version0/lib/libversion0__rosidl_typesupport_c.so
[1.483s] -- Installing: /home/thiago/workspaces/lidar/install/version0/lib/libversion0__rosidl_typesupport_introspection_cpp.so
[1.484s] -- Set runtime path of "/home/thiago/workspaces/lidar/install/version0/lib/libversion0__rosidl_typesupport_introspection_cpp.so" to ""
[1.484s] -- Installing: /home/thiago/workspaces/lidar/install/version0/lib/libversion0__rosidl_typesupport_cpp.so
[1.484s] -- Set runtime path of "/home/thiago/workspaces/lidar/install/version0/lib/libversion0__rosidl_typesupport_cpp.so" to ""
[1.508s] Listing '/home/thiago/workspaces/lidar/install/version0/local/lib/python3.10/dist-packages/version0'...
[1.508s] Listing '/home/thiago/workspaces/lidar/install/version0/local/lib/python3.10/dist-packages/version0/action'...
[1.508s] Listing '/home/thiago/workspaces/lidar/install/version0/local/lib/python3.10/dist-packages/version0/srv'...
[1.512s] -- Installing: /home/thiago/workspaces/lidar/install/version0/lib/libversion0__rosidl_generator_py.so
[1.512s] -- Set runtime path of "/home/thiago/workspaces/lidar/install/version0/lib/libversion0__rosidl_generator_py.so" to ""
[1.538s] Listing '/home/thiago/workspaces/lidar/install/version0/local/lib/python3.10/dist-packages/scripts'...
[1.542s] -- Up-to-date: /home/thiago/workspaces/lidar/install/version0/share/version0/cmake/export_version0__rosidl_generator_cExport.cmake
[1.542s] -- Up-to-date: /home/thiago/workspaces/lidar/install/version0/share/version0/cmake/export_version0__rosidl_generator_cExport-noconfig.cmake
[1.542s] -- Up-to-date: /home/thiago/workspaces/lidar/install/version0/share/version0/cmake/export_version0__rosidl_typesupport_fastrtps_cExport.cmake
[1.542s] -- Up-to-date: /home/thiago/workspaces/lidar/install/version0/share/version0/cmake/export_version0__rosidl_typesupport_fastrtps_cExport-noconfig.cmake
[1.543s] -- Up-to-date: /home/thiago/workspaces/lidar/install/version0/share/version0/cmake/export_version0__rosidl_generator_cppExport.cmake
[1.543s] -- Up-to-date: /home/thiago/workspaces/lidar/install/version0/share/version0/cmake/export_version0__rosidl_typesupport_fastrtps_cppExport.cmake
[1.543s] -- Up-to-date: /home/thiago/workspaces/lidar/install/version0/share/version0/cmake/export_version0__rosidl_typesupport_fastrtps_cppExport-noconfig.cmake
[1.543s] -- Up-to-date: /home/thiago/workspaces/lidar/install/version0/share/version0/cmake/version0__rosidl_typesupport_introspection_cExport.cmake
[1.543s] -- Up-to-date: /home/thiago/workspaces/lidar/install/version0/share/version0/cmake/version0__rosidl_typesupport_introspection_cExport-noconfig.cmake
[1.543s] -- Up-to-date: /home/thiago/workspaces/lidar/install/version0/share/version0/cmake/version0__rosidl_typesupport_cExport.cmake
[1.543s] -- Up-to-date: /home/thiago/workspaces/lidar/install/version0/share/version0/cmake/version0__rosidl_typesupport_cExport-noconfig.cmake
[1.543s] -- Up-to-date: /home/thiago/workspaces/lidar/install/version0/share/version0/cmake/version0__rosidl_typesupport_introspection_cppExport.cmake
[1.543s] -- Up-to-date: /home/thiago/workspaces/lidar/install/version0/share/version0/cmake/version0__rosidl_typesupport_introspection_cppExport-noconfig.cmake
[1.544s] -- Up-to-date: /home/thiago/workspaces/lidar/install/version0/share/version0/cmake/version0__rosidl_typesupport_cppExport.cmake
[1.544s] -- Up-to-date: /home/thiago/workspaces/lidar/install/version0/share/version0/cmake/version0__rosidl_typesupport_cppExport-noconfig.cmake
[1.544s] -- Up-to-date: /home/thiago/workspaces/lidar/install/version0/share/version0/cmake/export_version0__rosidl_generator_pyExport.cmake
[1.544s] -- Up-to-date: /home/thiago/workspaces/lidar/install/version0/share/version0/cmake/export_version0__rosidl_generator_pyExport-noconfig.cmake
[1.548s] Invoked command in '/home/thiago/workspaces/lidar/build/version0' returned '0': CMAKE_PREFIX_PATH=/opt/ros/humble /usr/bin/cmake --install /home/thiago/workspaces/lidar/build/version0
