[0.000000] (-) TimerEvent: {}
[0.000654] (version0) JobQueued: {'identifier': 'version0', 'dependencies': OrderedDict()}
[0.001435] (version1) JobQueued: {'identifier': 'version1', 'dependencies': OrderedDict()}
[0.001465] (version0) JobStarted: {'identifier': 'version0'}
[0.008065] (version1) JobStarted: {'identifier': 'version1'}
[0.011603] (version0) JobProgress: {'identifier': 'version0', 'progress': 'cmake'}
[0.012237] (version0) JobProgress: {'identifier': 'version0', 'progress': 'build'}
[0.012918] (version0) Command: {'cmd': ['/usr/bin/cmake', '--build', '/home/thiago/workspaces/lidar/build/version0', '--', '-j12', '-l12'], 'cwd': '/home/thiago/workspaces/lidar/build/version0', 'env': OrderedDict([('GJS_DEBUG_TOPICS', 'JS ERROR;JS LOG'), ('LESSOPEN', '| /usr/bin/lesspipe %s'), ('USER', 'thiago'), ('LC_TIME', 'es_AR.UTF-8'), ('GIO_MODULE_DIR', '/home/thiago/snap/code/common/.cache/gio-modules'), ('XDG_SESSION_TYPE', 'wayland'), ('GIT_ASKPASS', '/snap/code/136/usr/share/code/resources/app/extensions/git/dist/askpass.sh'), ('GTK_EXE_PREFIX_VSCODE_SNAP_ORIG', ''), ('GDK_BACKEND_VSCODE_SNAP_ORIG', ''), ('SHLVL', '1'), ('LD_LIBRARY_PATH', '/opt/ros/humble/opt/rviz_ogre_vendor/lib:/opt/ros/humble/lib/x86_64-linux-gnu:/opt/ros/humble/lib'), ('HOME', '/home/thiago'), ('CHROME_DESKTOP', 'code-url-handler.desktop'), ('LOCPATH_VSCODE_SNAP_ORIG', ''), ('TERM_PROGRAM_VERSION', '1.81.0'), ('DESKTOP_SESSION', 'ubuntu'), ('GTK_PATH', '/snap/code/136/usr/lib/x86_64-linux-gnu/gtk-3.0'), ('GTK_IM_MODULE_FILE', '/home/thiago/snap/code/common/.cache/immodules/immodules.cache'), ('GIO_LAUNCHED_DESKTOP_FILE', '/var/lib/snapd/desktop/applications/code_code.desktop'), ('ROS_PYTHON_VERSION', '3'), ('GNOME_SHELL_SESSION_MODE', 'ubuntu'), ('GTK_MODULES', 'gail:atk-bridge'), ('GSETTINGS_SCHEMA_DIR_VSCODE_SNAP_ORIG', ''), ('VSCODE_GIT_ASKPASS_MAIN', '/snap/code/136/usr/share/code/resources/app/extensions/git/dist/askpass-main.js'), ('LC_MONETARY', 'es_AR.UTF-8'), ('VSCODE_GIT_ASKPASS_NODE', '/snap/code/136/usr/share/code/code'), ('MANAGERPID', '1808'), ('SYSTEMD_EXEC_PID', '2035'), ('IM_CONFIG_CHECK_ENV', '1'), ('DBUS_SESSION_BUS_ADDRESS', 'unix:path=/run/user/1000/bus'), ('COLORTERM', 'truecolor'), ('GIO_LAUNCHED_DESKTOP_FILE_PID', '3161'), ('IM_CONFIG_PHASE', '1'), ('WAYLAND_DISPLAY', 'wayland-0'), ('ROS_DISTRO', 'humble'), ('LOGNAME', 'thiago'), ('JOURNAL_STREAM', '8:40088'), ('_', '/usr/bin/colcon'), ('ROS_VERSION', '2'), ('XDG_CONFIG_DIRS_VSCODE_SNAP_ORIG', '/etc/xdg/xdg-ubuntu:/etc/xdg'), ('XDG_SESSION_CLASS', 'user'), ('XDG_DATA_DIRS_VSCODE_SNAP_ORIG', '/usr/share/ubuntu:/usr/local/share/:/usr/share/:/var/lib/snapd/desktop'), ('USERNAME', 'thiago'), ('TERM', 'xterm-256color'), ('GNOME_DESKTOP_SESSION_ID', 'this-is-deprecated'), ('ROS_LOCALHOST_ONLY', '0'), ('PATH', '/home/thiago/.local/bin:/opt/ros/humble/bin:/home/thiago/.local/bin:/usr/local/sbin:/usr/local/bin:/usr/sbin:/usr/bin:/sbin:/bin:/usr/games:/usr/local/games:/snap/bin:/snap/bin'), ('SESSION_MANAGER', 'local/thiago-ubuntu:@/tmp/.ICE-unix/2012,unix/thiago-ubuntu:/tmp/.ICE-unix/2012'), ('GTK_EXE_PREFIX', '/snap/code/136/usr'), ('INVOCATION_ID', 'c0a62d3027be4a6e99c956db0af8481a'), ('XDG_MENU_PREFIX', 'gnome-'), ('LC_ADDRESS', 'es_AR.UTF-8'), ('BAMF_DESKTOP_FILE_HINT', '/var/lib/snapd/desktop/applications/code_code.desktop'), ('GNOME_SETUP_DISPLAY', ':1'), ('XDG_RUNTIME_DIR', '/run/user/1000'), ('GDK_BACKEND', 'x11'), ('DISPLAY', ':0'), ('LOCPATH', '/snap/code/136/usr/lib/locale'), ('LANG', 'en_US.UTF-8'), ('XDG_CURRENT_DESKTOP', 'Unity'), ('LC_TELEPHONE', 'es_AR.UTF-8'), ('GIO_MODULE_DIR_VSCODE_SNAP_ORIG', ''), ('XMODIFIERS', '@im=ibus'), ('XDG_SESSION_DESKTOP', 'ubuntu'), ('XAUTHORITY', '/run/user/1000/.mutter-Xwaylandauth.Y52F91'), ('LS_COLORS', ''), ('VSCODE_GIT_IPC_HANDLE', '/run/user/1000/vscode-git-f6dfffcee1.sock'), ('TERM_PROGRAM', 'vscode'), ('SSH_AGENT_LAUNCHER', 'gnome-keyring'), ('SSH_AUTH_SOCK', '/run/user/1000/keyring/ssh'), ('GSETTINGS_SCHEMA_DIR', '/home/thiago/snap/code/136/.local/share/glib-2.0/schemas'), ('AMENT_PREFIX_PATH', '/opt/ros/humble'), ('ORIGINAL_XDG_CURRENT_DESKTOP', 'ubuntu:GNOME'), ('SHELL', '/bin/bash'), ('LC_NAME', 'es_AR.UTF-8'), ('QT_ACCESSIBILITY', '1'), ('GDMSESSION', 'ubuntu'), ('LESSCLOSE', '/usr/bin/lesspipe %s %s'), ('GTK_PATH_VSCODE_SNAP_ORIG', ''), ('GTK_IM_MODULE_FILE_VSCODE_SNAP_ORIG', ''), ('LC_MEASUREMENT', 'es_AR.UTF-8'), ('GJS_DEBUG_OUTPUT', 'stderr'), ('LC_IDENTIFICATION', 'es_AR.UTF-8'), ('VSCODE_GIT_ASKPASS_EXTRA_ARGS', '--ms-enable-electron-run-as-node'), ('QT_IM_MODULE', 'ibus'), ('PWD', '/home/thiago/workspaces/lidar/build/version0'), ('LC_ALL', 'en_US.UTF-8'), ('XDG_CONFIG_DIRS', '/etc/xdg/xdg-ubuntu:/etc/xdg'), ('XDG_DATA_DIRS', '/home/thiago/snap/code/136/.local/share:/home/thiago/snap/code/136:/snap/code/136/usr/share:/usr/share/ubuntu:/usr/local/share/:/usr/share/:/var/lib/snapd/desktop'), ('PYTHONPATH', '/opt/ros/humble/lib/python3.10/site-packages:/opt/ros/humble/local/lib/python3.10/dist-packages'), ('LC_NUMERIC', 'es_AR.UTF-8'), ('LC_PAPER', 'es_AR.UTF-8'), ('COLCON', '1'), ('CMAKE_PREFIX_PATH', '/opt/ros/humble')]), 'shell': False}
[0.016639] (version1) JobProgress: {'identifier': 'version1', 'progress': 'cmake'}
[0.018111] (version1) JobProgress: {'identifier': 'version1', 'progress': 'build'}
[0.018166] (version1) Command: {'cmd': ['/usr/bin/cmake', '--build', '/home/thiago/workspaces/lidar/build/version1', '--', '-j12', '-l12'], 'cwd': '/home/thiago/workspaces/lidar/build/version1', 'env': OrderedDict([('GJS_DEBUG_TOPICS', 'JS ERROR;JS LOG'), ('LESSOPEN', '| /usr/bin/lesspipe %s'), ('USER', 'thiago'), ('LC_TIME', 'es_AR.UTF-8'), ('GIO_MODULE_DIR', '/home/thiago/snap/code/common/.cache/gio-modules'), ('XDG_SESSION_TYPE', 'wayland'), ('GIT_ASKPASS', '/snap/code/136/usr/share/code/resources/app/extensions/git/dist/askpass.sh'), ('GTK_EXE_PREFIX_VSCODE_SNAP_ORIG', ''), ('GDK_BACKEND_VSCODE_SNAP_ORIG', ''), ('SHLVL', '1'), ('LD_LIBRARY_PATH', '/opt/ros/humble/opt/rviz_ogre_vendor/lib:/opt/ros/humble/lib/x86_64-linux-gnu:/opt/ros/humble/lib'), ('HOME', '/home/thiago'), ('CHROME_DESKTOP', 'code-url-handler.desktop'), ('LOCPATH_VSCODE_SNAP_ORIG', ''), ('TERM_PROGRAM_VERSION', '1.81.0'), ('DESKTOP_SESSION', 'ubuntu'), ('GTK_PATH', '/snap/code/136/usr/lib/x86_64-linux-gnu/gtk-3.0'), ('GTK_IM_MODULE_FILE', '/home/thiago/snap/code/common/.cache/immodules/immodules.cache'), ('GIO_LAUNCHED_DESKTOP_FILE', '/var/lib/snapd/desktop/applications/code_code.desktop'), ('ROS_PYTHON_VERSION', '3'), ('GNOME_SHELL_SESSION_MODE', 'ubuntu'), ('GTK_MODULES', 'gail:atk-bridge'), ('GSETTINGS_SCHEMA_DIR_VSCODE_SNAP_ORIG', ''), ('VSCODE_GIT_ASKPASS_MAIN', '/snap/code/136/usr/share/code/resources/app/extensions/git/dist/askpass-main.js'), ('LC_MONETARY', 'es_AR.UTF-8'), ('VSCODE_GIT_ASKPASS_NODE', '/snap/code/136/usr/share/code/code'), ('MANAGERPID', '1808'), ('SYSTEMD_EXEC_PID', '2035'), ('IM_CONFIG_CHECK_ENV', '1'), ('DBUS_SESSION_BUS_ADDRESS', 'unix:path=/run/user/1000/bus'), ('COLORTERM', 'truecolor'), ('GIO_LAUNCHED_DESKTOP_FILE_PID', '3161'), ('IM_CONFIG_PHASE', '1'), ('WAYLAND_DISPLAY', 'wayland-0'), ('ROS_DISTRO', 'humble'), ('LOGNAME', 'thiago'), ('JOURNAL_STREAM', '8:40088'), ('_', '/usr/bin/colcon'), ('ROS_VERSION', '2'), ('XDG_CONFIG_DIRS_VSCODE_SNAP_ORIG', '/etc/xdg/xdg-ubuntu:/etc/xdg'), ('XDG_SESSION_CLASS', 'user'), ('XDG_DATA_DIRS_VSCODE_SNAP_ORIG', '/usr/share/ubuntu:/usr/local/share/:/usr/share/:/var/lib/snapd/desktop'), ('USERNAME', 'thiago'), ('TERM', 'xterm-256color'), ('GNOME_DESKTOP_SESSION_ID', 'this-is-deprecated'), ('ROS_LOCALHOST_ONLY', '0'), ('PATH', '/home/thiago/.local/bin:/opt/ros/humble/bin:/home/thiago/.local/bin:/usr/local/sbin:/usr/local/bin:/usr/sbin:/usr/bin:/sbin:/bin:/usr/games:/usr/local/games:/snap/bin:/snap/bin'), ('SESSION_MANAGER', 'local/thiago-ubuntu:@/tmp/.ICE-unix/2012,unix/thiago-ubuntu:/tmp/.ICE-unix/2012'), ('GTK_EXE_PREFIX', '/snap/code/136/usr'), ('INVOCATION_ID', 'c0a62d3027be4a6e99c956db0af8481a'), ('XDG_MENU_PREFIX', 'gnome-'), ('LC_ADDRESS', 'es_AR.UTF-8'), ('BAMF_DESKTOP_FILE_HINT', '/var/lib/snapd/desktop/applications/code_code.desktop'), ('GNOME_SETUP_DISPLAY', ':1'), ('XDG_RUNTIME_DIR', '/run/user/1000'), ('GDK_BACKEND', 'x11'), ('DISPLAY', ':0'), ('LOCPATH', '/snap/code/136/usr/lib/locale'), ('LANG', 'en_US.UTF-8'), ('XDG_CURRENT_DESKTOP', 'Unity'), ('LC_TELEPHONE', 'es_AR.UTF-8'), ('GIO_MODULE_DIR_VSCODE_SNAP_ORIG', ''), ('XMODIFIERS', '@im=ibus'), ('XDG_SESSION_DESKTOP', 'ubuntu'), ('XAUTHORITY', '/run/user/1000/.mutter-Xwaylandauth.Y52F91'), ('LS_COLORS', ''), ('VSCODE_GIT_IPC_HANDLE', '/run/user/1000/vscode-git-f6dfffcee1.sock'), ('TERM_PROGRAM', 'vscode'), ('SSH_AGENT_LAUNCHER', 'gnome-keyring'), ('SSH_AUTH_SOCK', '/run/user/1000/keyring/ssh'), ('GSETTINGS_SCHEMA_DIR', '/home/thiago/snap/code/136/.local/share/glib-2.0/schemas'), ('AMENT_PREFIX_PATH', '/opt/ros/humble'), ('ORIGINAL_XDG_CURRENT_DESKTOP', 'ubuntu:GNOME'), ('SHELL', '/bin/bash'), ('LC_NAME', 'es_AR.UTF-8'), ('QT_ACCESSIBILITY', '1'), ('GDMSESSION', 'ubuntu'), ('LESSCLOSE', '/usr/bin/lesspipe %s %s'), ('GTK_PATH_VSCODE_SNAP_ORIG', ''), ('GTK_IM_MODULE_FILE_VSCODE_SNAP_ORIG', ''), ('LC_MEASUREMENT', 'es_AR.UTF-8'), ('GJS_DEBUG_OUTPUT', 'stderr'), ('LC_IDENTIFICATION', 'es_AR.UTF-8'), ('VSCODE_GIT_ASKPASS_EXTRA_ARGS', '--ms-enable-electron-run-as-node'), ('QT_IM_MODULE', 'ibus'), ('PWD', '/home/thiago/workspaces/lidar/build/version1'), ('LC_ALL', 'en_US.UTF-8'), ('XDG_CONFIG_DIRS', '/etc/xdg/xdg-ubuntu:/etc/xdg'), ('XDG_DATA_DIRS', '/home/thiago/snap/code/136/.local/share:/home/thiago/snap/code/136:/snap/code/136/usr/share:/usr/share/ubuntu:/usr/local/share/:/usr/share/:/var/lib/snapd/desktop'), ('PYTHONPATH', '/opt/ros/humble/lib/python3.10/site-packages:/opt/ros/humble/local/lib/python3.10/dist-packages'), ('LC_NUMERIC', 'es_AR.UTF-8'), ('LC_PAPER', 'es_AR.UTF-8'), ('COLCON', '1'), ('CMAKE_PREFIX_PATH', '/opt/ros/humble')]), 'shell': False}
[0.056352] (version0) StdoutLine: {'line': b'[ 10%] Built target version0__rosidl_generator_c\n'}
[0.057626] (version0) StdoutLine: {'line': b'[ 12%] Built target version0__cpp\n'}
[0.062807] (version0) StdoutLine: {'line': b'[ 12%] Built target ament_cmake_python_symlink_version0\n'}
[0.063057] (version0) StdoutLine: {'line': b'[ 12%] Built target ament_cmake_python_symlink_scripts\n'}
[0.071462] (version1) StdoutLine: {'line': b'Built target ament_cmake_python_symlink_scripts\n'}
[0.071799] (version0) StdoutLine: {'line': b'[ 23%] Built target version0__rosidl_typesupport_c\n'}
[0.075280] (version0) StdoutLine: {'line': b'[ 33%] Built target version0__rosidl_typesupport_fastrtps_c\n'}
[0.075548] (version0) StdoutLine: {'line': b'[ 43%] Built target version0__rosidl_typesupport_introspection_c\n'}
[0.076433] (version0) StdoutLine: {'line': b'[ 56%] Built target version0__rosidl_typesupport_cpp\n'}
[0.076582] (version0) StdoutLine: {'line': b'[ 64%] Built target version0__rosidl_typesupport_introspection_cpp\n'}
[0.077285] (version0) StdoutLine: {'line': b'[ 74%] Built target version0__rosidl_typesupport_fastrtps_cpp\n'}
[0.091109] (version0) StdoutLine: {'line': b'[ 74%] Built target version0\n'}
[0.100015] (-) TimerEvent: {}
[0.106239] (version0) StdoutLine: {'line': b'[ 76%] Built target version0__py\n'}
[0.124774] (version0) StdoutLine: {'line': b'[ 84%] Built target version0__rosidl_generator_py\n'}
[0.141075] (version0) StdoutLine: {'line': b'[100%] Built target version0__rosidl_typesupport_c__pyext\n'}
[0.141277] (version0) StdoutLine: {'line': b'[100%] Built target version0__rosidl_typesupport_introspection_c__pyext\n'}
[0.141376] (version0) StdoutLine: {'line': b'[100%] Built target version0__rosidl_typesupport_fastrtps_c__pyext\n'}
[0.200122] (-) TimerEvent: {}
[0.243272] (version0) StdoutLine: {'line': b'running egg_info\n'}
[0.243777] (version0) StdoutLine: {'line': b'writing scripts.egg-info/PKG-INFO\n'}
[0.243950] (version0) StdoutLine: {'line': b'writing dependency_links to scripts.egg-info/dependency_links.txt\n'}
[0.244082] (version0) StdoutLine: {'line': b'writing top-level names to scripts.egg-info/top_level.txt\n'}
[0.245447] (version0) StdoutLine: {'line': b"reading manifest file 'scripts.egg-info/SOURCES.txt'\n"}
[0.245867] (version0) StdoutLine: {'line': b"writing manifest file 'scripts.egg-info/SOURCES.txt'\n"}
[0.246722] (version0) StdoutLine: {'line': b'running egg_info\n'}
[0.247428] (version0) StdoutLine: {'line': b'writing version0.egg-info/PKG-INFO\n'}
[0.247634] (version0) StdoutLine: {'line': b'writing dependency_links to version0.egg-info/dependency_links.txt\n'}
[0.247824] (version0) StdoutLine: {'line': b'writing top-level names to version0.egg-info/top_level.txt\n'}
[0.249665] (version0) StdoutLine: {'line': b"reading manifest file 'version0.egg-info/SOURCES.txt'\n"}
[0.250189] (version0) StdoutLine: {'line': b"writing manifest file 'version0.egg-info/SOURCES.txt'\n"}
[0.252744] (version1) StdoutLine: {'line': b'running egg_info\n'}
[0.253515] (version1) StdoutLine: {'line': b'writing scripts.egg-info/PKG-INFO\n'}
[0.253730] (version1) StdoutLine: {'line': b'writing dependency_links to scripts.egg-info/dependency_links.txt\n'}
[0.253898] (version1) StdoutLine: {'line': b'writing top-level names to scripts.egg-info/top_level.txt\n'}
[0.255627] (version1) StdoutLine: {'line': b"reading manifest file 'scripts.egg-info/SOURCES.txt'\n"}
[0.256124] (version1) StdoutLine: {'line': b"writing manifest file 'scripts.egg-info/SOURCES.txt'\n"}
[0.267627] (version0) StdoutLine: {'line': b'[100%] Built target ament_cmake_python_build_scripts_egg\n'}
[0.279848] (version0) StdoutLine: {'line': b'[100%] Built target ament_cmake_python_build_version0_egg\n'}
[0.280223] (version1) StdoutLine: {'line': b'Built target ament_cmake_python_build_scripts_egg\n'}
[0.287378] (version0) CommandEnded: {'returncode': 0}
[0.288367] (version1) CommandEnded: {'returncode': 0}
[0.300202] (-) TimerEvent: {}
[0.301812] (version1) JobProgress: {'identifier': 'version1', 'progress': 'install'}
[0.309626] (version1) Command: {'cmd': ['/usr/bin/cmake', '--install', '/home/thiago/workspaces/lidar/build/version1'], 'cwd': '/home/thiago/workspaces/lidar/build/version1', 'env': OrderedDict([('GJS_DEBUG_TOPICS', 'JS ERROR;JS LOG'), ('LESSOPEN', '| /usr/bin/lesspipe %s'), ('USER', 'thiago'), ('LC_TIME', 'es_AR.UTF-8'), ('GIO_MODULE_DIR', '/home/thiago/snap/code/common/.cache/gio-modules'), ('XDG_SESSION_TYPE', 'wayland'), ('GIT_ASKPASS', '/snap/code/136/usr/share/code/resources/app/extensions/git/dist/askpass.sh'), ('GTK_EXE_PREFIX_VSCODE_SNAP_ORIG', ''), ('GDK_BACKEND_VSCODE_SNAP_ORIG', ''), ('SHLVL', '1'), ('LD_LIBRARY_PATH', '/opt/ros/humble/opt/rviz_ogre_vendor/lib:/opt/ros/humble/lib/x86_64-linux-gnu:/opt/ros/humble/lib'), ('HOME', '/home/thiago'), ('CHROME_DESKTOP', 'code-url-handler.desktop'), ('LOCPATH_VSCODE_SNAP_ORIG', ''), ('TERM_PROGRAM_VERSION', '1.81.0'), ('DESKTOP_SESSION', 'ubuntu'), ('GTK_PATH', '/snap/code/136/usr/lib/x86_64-linux-gnu/gtk-3.0'), ('GTK_IM_MODULE_FILE', '/home/thiago/snap/code/common/.cache/immodules/immodules.cache'), ('GIO_LAUNCHED_DESKTOP_FILE', '/var/lib/snapd/desktop/applications/code_code.desktop'), ('ROS_PYTHON_VERSION', '3'), ('GNOME_SHELL_SESSION_MODE', 'ubuntu'), ('GTK_MODULES', 'gail:atk-bridge'), ('GSETTINGS_SCHEMA_DIR_VSCODE_SNAP_ORIG', ''), ('VSCODE_GIT_ASKPASS_MAIN', '/snap/code/136/usr/share/code/resources/app/extensions/git/dist/askpass-main.js'), ('LC_MONETARY', 'es_AR.UTF-8'), ('VSCODE_GIT_ASKPASS_NODE', '/snap/code/136/usr/share/code/code'), ('MANAGERPID', '1808'), ('SYSTEMD_EXEC_PID', '2035'), ('IM_CONFIG_CHECK_ENV', '1'), ('DBUS_SESSION_BUS_ADDRESS', 'unix:path=/run/user/1000/bus'), ('COLORTERM', 'truecolor'), ('GIO_LAUNCHED_DESKTOP_FILE_PID', '3161'), ('IM_CONFIG_PHASE', '1'), ('WAYLAND_DISPLAY', 'wayland-0'), ('ROS_DISTRO', 'humble'), ('LOGNAME', 'thiago'), ('JOURNAL_STREAM', '8:40088'), ('_', '/usr/bin/colcon'), ('ROS_VERSION', '2'), ('XDG_CONFIG_DIRS_VSCODE_SNAP_ORIG', '/etc/xdg/xdg-ubuntu:/etc/xdg'), ('XDG_SESSION_CLASS', 'user'), ('XDG_DATA_DIRS_VSCODE_SNAP_ORIG', '/usr/share/ubuntu:/usr/local/share/:/usr/share/:/var/lib/snapd/desktop'), ('USERNAME', 'thiago'), ('TERM', 'xterm-256color'), ('GNOME_DESKTOP_SESSION_ID', 'this-is-deprecated'), ('ROS_LOCALHOST_ONLY', '0'), ('PATH', '/home/thiago/.local/bin:/opt/ros/humble/bin:/home/thiago/.local/bin:/usr/local/sbin:/usr/local/bin:/usr/sbin:/usr/bin:/sbin:/bin:/usr/games:/usr/local/games:/snap/bin:/snap/bin'), ('SESSION_MANAGER', 'local/thiago-ubuntu:@/tmp/.ICE-unix/2012,unix/thiago-ubuntu:/tmp/.ICE-unix/2012'), ('GTK_EXE_PREFIX', '/snap/code/136/usr'), ('INVOCATION_ID', 'c0a62d3027be4a6e99c956db0af8481a'), ('XDG_MENU_PREFIX', 'gnome-'), ('LC_ADDRESS', 'es_AR.UTF-8'), ('BAMF_DESKTOP_FILE_HINT', '/var/lib/snapd/desktop/applications/code_code.desktop'), ('GNOME_SETUP_DISPLAY', ':1'), ('XDG_RUNTIME_DIR', '/run/user/1000'), ('GDK_BACKEND', 'x11'), ('DISPLAY', ':0'), ('LOCPATH', '/snap/code/136/usr/lib/locale'), ('LANG', 'en_US.UTF-8'), ('XDG_CURRENT_DESKTOP', 'Unity'), ('LC_TELEPHONE', 'es_AR.UTF-8'), ('GIO_MODULE_DIR_VSCODE_SNAP_ORIG', ''), ('XMODIFIERS', '@im=ibus'), ('XDG_SESSION_DESKTOP', 'ubuntu'), ('XAUTHORITY', '/run/user/1000/.mutter-Xwaylandauth.Y52F91'), ('LS_COLORS', ''), ('VSCODE_GIT_IPC_HANDLE', '/run/user/1000/vscode-git-f6dfffcee1.sock'), ('TERM_PROGRAM', 'vscode'), ('SSH_AGENT_LAUNCHER', 'gnome-keyring'), ('SSH_AUTH_SOCK', '/run/user/1000/keyring/ssh'), ('GSETTINGS_SCHEMA_DIR', '/home/thiago/snap/code/136/.local/share/glib-2.0/schemas'), ('AMENT_PREFIX_PATH', '/opt/ros/humble'), ('ORIGINAL_XDG_CURRENT_DESKTOP', 'ubuntu:GNOME'), ('SHELL', '/bin/bash'), ('LC_NAME', 'es_AR.UTF-8'), ('QT_ACCESSIBILITY', '1'), ('GDMSESSION', 'ubuntu'), ('LESSCLOSE', '/usr/bin/lesspipe %s %s'), ('GTK_PATH_VSCODE_SNAP_ORIG', ''), ('GTK_IM_MODULE_FILE_VSCODE_SNAP_ORIG', ''), ('LC_MEASUREMENT', 'es_AR.UTF-8'), ('GJS_DEBUG_OUTPUT', 'stderr'), ('LC_IDENTIFICATION', 'es_AR.UTF-8'), ('VSCODE_GIT_ASKPASS_EXTRA_ARGS', '--ms-enable-electron-run-as-node'), ('QT_IM_MODULE', 'ibus'), ('PWD', '/home/thiago/workspaces/lidar/build/version1'), ('LC_ALL', 'en_US.UTF-8'), ('XDG_CONFIG_DIRS', '/etc/xdg/xdg-ubuntu:/etc/xdg'), ('XDG_DATA_DIRS', '/home/thiago/snap/code/136/.local/share:/home/thiago/snap/code/136:/snap/code/136/usr/share:/usr/share/ubuntu:/usr/local/share/:/usr/share/:/var/lib/snapd/desktop'), ('PYTHONPATH', '/opt/ros/humble/lib/python3.10/site-packages:/opt/ros/humble/local/lib/python3.10/dist-packages'), ('LC_NUMERIC', 'es_AR.UTF-8'), ('LC_PAPER', 'es_AR.UTF-8'), ('COLCON', '1'), ('CMAKE_PREFIX_PATH', '/opt/ros/humble')]), 'shell': False}
[0.314461] (version1) StdoutLine: {'line': b'-- Install configuration: ""\n'}
[0.314828] (version1) StdoutLine: {'line': b'-- Execute custom install script\n'}
[0.315009] (version1) StdoutLine: {'line': b'-- Up-to-date symlink: /home/thiago/workspaces/lidar/install/version1/share/version1/environment/pythonpath.sh\n'}
[0.315143] (version1) StdoutLine: {'line': b'-- Up-to-date symlink: /home/thiago/workspaces/lidar/install/version1/share/version1/environment/pythonpath.dsv\n'}
[0.315430] (version1) StdoutLine: {'line': b'-- Up-to-date symlink: /home/thiago/workspaces/lidar/install/version1/local/lib/python3.10/dist-packages/scripts-0.0.0-py3.10.egg-info/PKG-INFO\n'}
[0.315541] (version1) StdoutLine: {'line': b'-- Up-to-date symlink: /home/thiago/workspaces/lidar/install/version1/local/lib/python3.10/dist-packages/scripts-0.0.0-py3.10.egg-info/SOURCES.txt\n'}
[0.315640] (version1) StdoutLine: {'line': b'-- Up-to-date symlink: /home/thiago/workspaces/lidar/install/version1/local/lib/python3.10/dist-packages/scripts-0.0.0-py3.10.egg-info/dependency_links.txt\n'}
[0.315730] (version1) StdoutLine: {'line': b'-- Up-to-date symlink: /home/thiago/workspaces/lidar/install/version1/local/lib/python3.10/dist-packages/scripts-0.0.0-py3.10.egg-info/top_level.txt\n'}
[0.315958] (version1) StdoutLine: {'line': b'-- Up-to-date symlink: /home/thiago/workspaces/lidar/install/version1/local/lib/python3.10/dist-packages/scripts/__init__.py\n'}
[0.316068] (version1) StdoutLine: {'line': b'-- Up-to-date symlink: /home/thiago/workspaces/lidar/install/version1/local/lib/python3.10/dist-packages/scripts/publisher_laserscan.py\n'}
[0.316149] (version1) StdoutLine: {'line': b'-- Up-to-date symlink: /home/thiago/workspaces/lidar/install/version1/lib/version1/publisher_laserscan.py\n'}
[0.316355] (version1) StdoutLine: {'line': b'-- Up-to-date symlink: /home/thiago/workspaces/lidar/install/version1/share/version1//launch/lidar_python_launch.py\n'}
[0.316499] (version1) StdoutLine: {'line': b'-- Up-to-date symlink: /home/thiago/workspaces/lidar/install/version1/share/version1//launch/rpm_node_launch.py\n'}
[0.316596] (version1) StdoutLine: {'line': b'-- Up-to-date symlink: /home/thiago/workspaces/lidar/install/version1/share/version1//worlds/visualize_lidar.sdf\n'}
[0.316799] (version1) StdoutLine: {'line': b'-- Up-to-date symlink: /home/thiago/workspaces/lidar/install/version1/share/version1//models/RplidarA1/RplidarA1.sdf\n'}
[0.316881] (version1) StdoutLine: {'line': b'-- Up-to-date symlink: /home/thiago/workspaces/lidar/install/version1/share/version1//models/RplidarA1/model.config\n'}
[0.316957] (version1) StdoutLine: {'line': b'-- Up-to-date symlink: /home/thiago/workspaces/lidar/install/version1/share/ament_index/resource_index/package_run_dependencies/version1\n'}
[0.317059] (version1) StdoutLine: {'line': b'-- Up-to-date symlink: /home/thiago/workspaces/lidar/install/version1/share/ament_index/resource_index/parent_prefix_path/version1\n'}
[0.317169] (version1) StdoutLine: {'line': b'-- Up-to-date symlink: /home/thiago/workspaces/lidar/install/version1/share/version1/environment/ament_prefix_path.sh\n'}
[0.317289] (version1) StdoutLine: {'line': b'-- Up-to-date symlink: /home/thiago/workspaces/lidar/install/version1/share/version1/environment/ament_prefix_path.dsv\n'}
[0.317370] (version1) StdoutLine: {'line': b'-- Up-to-date symlink: /home/thiago/workspaces/lidar/install/version1/share/version1/environment/path.sh\n'}
[0.317435] (version1) StdoutLine: {'line': b'-- Up-to-date symlink: /home/thiago/workspaces/lidar/install/version1/share/version1/environment/path.dsv\n'}
[0.317564] (version1) StdoutLine: {'line': b'-- Up-to-date symlink: /home/thiago/workspaces/lidar/install/version1/share/version1/local_setup.bash\n'}
[0.317643] (version1) StdoutLine: {'line': b'-- Up-to-date symlink: /home/thiago/workspaces/lidar/install/version1/share/version1/local_setup.sh\n'}
[0.317722] (version1) StdoutLine: {'line': b'-- Up-to-date symlink: /home/thiago/workspaces/lidar/install/version1/share/version1/local_setup.zsh\n'}
[0.317825] (version1) StdoutLine: {'line': b'-- Up-to-date symlink: /home/thiago/workspaces/lidar/install/version1/share/version1/local_setup.dsv\n'}
[0.317952] (version1) StdoutLine: {'line': b'-- Symlinking: /home/thiago/workspaces/lidar/install/version1/share/version1/package.dsv\n'}
[0.323740] (version1) StdoutLine: {'line': b'-- Up-to-date symlink: /home/thiago/workspaces/lidar/install/version1/share/ament_index/resource_index/packages/version1\n'}
[0.323917] (version1) StdoutLine: {'line': b'-- Up-to-date symlink: /home/thiago/workspaces/lidar/install/version1/share/version1/cmake/version1Config.cmake\n'}
[0.324036] (version1) StdoutLine: {'line': b'-- Up-to-date symlink: /home/thiago/workspaces/lidar/install/version1/share/version1/cmake/version1Config-version.cmake\n'}
[0.324128] (version1) StdoutLine: {'line': b'-- Up-to-date symlink: /home/thiago/workspaces/lidar/install/version1/share/version1/package.xml\n'}
[0.331273] (version0) JobProgress: {'identifier': 'version0', 'progress': 'install'}
[0.331473] (version0) Command: {'cmd': ['/usr/bin/cmake', '--install', '/home/thiago/workspaces/lidar/build/version0'], 'cwd': '/home/thiago/workspaces/lidar/build/version0', 'env': OrderedDict([('GJS_DEBUG_TOPICS', 'JS ERROR;JS LOG'), ('LESSOPEN', '| /usr/bin/lesspipe %s'), ('USER', 'thiago'), ('LC_TIME', 'es_AR.UTF-8'), ('GIO_MODULE_DIR', '/home/thiago/snap/code/common/.cache/gio-modules'), ('XDG_SESSION_TYPE', 'wayland'), ('GIT_ASKPASS', '/snap/code/136/usr/share/code/resources/app/extensions/git/dist/askpass.sh'), ('GTK_EXE_PREFIX_VSCODE_SNAP_ORIG', ''), ('GDK_BACKEND_VSCODE_SNAP_ORIG', ''), ('SHLVL', '1'), ('LD_LIBRARY_PATH', '/opt/ros/humble/opt/rviz_ogre_vendor/lib:/opt/ros/humble/lib/x86_64-linux-gnu:/opt/ros/humble/lib'), ('HOME', '/home/thiago'), ('CHROME_DESKTOP', 'code-url-handler.desktop'), ('LOCPATH_VSCODE_SNAP_ORIG', ''), ('TERM_PROGRAM_VERSION', '1.81.0'), ('DESKTOP_SESSION', 'ubuntu'), ('GTK_PATH', '/snap/code/136/usr/lib/x86_64-linux-gnu/gtk-3.0'), ('GTK_IM_MODULE_FILE', '/home/thiago/snap/code/common/.cache/immodules/immodules.cache'), ('GIO_LAUNCHED_DESKTOP_FILE', '/var/lib/snapd/desktop/applications/code_code.desktop'), ('ROS_PYTHON_VERSION', '3'), ('GNOME_SHELL_SESSION_MODE', 'ubuntu'), ('GTK_MODULES', 'gail:atk-bridge'), ('GSETTINGS_SCHEMA_DIR_VSCODE_SNAP_ORIG', ''), ('VSCODE_GIT_ASKPASS_MAIN', '/snap/code/136/usr/share/code/resources/app/extensions/git/dist/askpass-main.js'), ('LC_MONETARY', 'es_AR.UTF-8'), ('VSCODE_GIT_ASKPASS_NODE', '/snap/code/136/usr/share/code/code'), ('MANAGERPID', '1808'), ('SYSTEMD_EXEC_PID', '2035'), ('IM_CONFIG_CHECK_ENV', '1'), ('DBUS_SESSION_BUS_ADDRESS', 'unix:path=/run/user/1000/bus'), ('COLORTERM', 'truecolor'), ('GIO_LAUNCHED_DESKTOP_FILE_PID', '3161'), ('IM_CONFIG_PHASE', '1'), ('WAYLAND_DISPLAY', 'wayland-0'), ('ROS_DISTRO', 'humble'), ('LOGNAME', 'thiago'), ('JOURNAL_STREAM', '8:40088'), ('_', '/usr/bin/colcon'), ('ROS_VERSION', '2'), ('XDG_CONFIG_DIRS_VSCODE_SNAP_ORIG', '/etc/xdg/xdg-ubuntu:/etc/xdg'), ('XDG_SESSION_CLASS', 'user'), ('XDG_DATA_DIRS_VSCODE_SNAP_ORIG', '/usr/share/ubuntu:/usr/local/share/:/usr/share/:/var/lib/snapd/desktop'), ('USERNAME', 'thiago'), ('TERM', 'xterm-256color'), ('GNOME_DESKTOP_SESSION_ID', 'this-is-deprecated'), ('ROS_LOCALHOST_ONLY', '0'), ('PATH', '/home/thiago/.local/bin:/opt/ros/humble/bin:/home/thiago/.local/bin:/usr/local/sbin:/usr/local/bin:/usr/sbin:/usr/bin:/sbin:/bin:/usr/games:/usr/local/games:/snap/bin:/snap/bin'), ('SESSION_MANAGER', 'local/thiago-ubuntu:@/tmp/.ICE-unix/2012,unix/thiago-ubuntu:/tmp/.ICE-unix/2012'), ('GTK_EXE_PREFIX', '/snap/code/136/usr'), ('INVOCATION_ID', 'c0a62d3027be4a6e99c956db0af8481a'), ('XDG_MENU_PREFIX', 'gnome-'), ('LC_ADDRESS', 'es_AR.UTF-8'), ('BAMF_DESKTOP_FILE_HINT', '/var/lib/snapd/desktop/applications/code_code.desktop'), ('GNOME_SETUP_DISPLAY', ':1'), ('XDG_RUNTIME_DIR', '/run/user/1000'), ('GDK_BACKEND', 'x11'), ('DISPLAY', ':0'), ('LOCPATH', '/snap/code/136/usr/lib/locale'), ('LANG', 'en_US.UTF-8'), ('XDG_CURRENT_DESKTOP', 'Unity'), ('LC_TELEPHONE', 'es_AR.UTF-8'), ('GIO_MODULE_DIR_VSCODE_SNAP_ORIG', ''), ('XMODIFIERS', '@im=ibus'), ('XDG_SESSION_DESKTOP', 'ubuntu'), ('XAUTHORITY', '/run/user/1000/.mutter-Xwaylandauth.Y52F91'), ('LS_COLORS', ''), ('VSCODE_GIT_IPC_HANDLE', '/run/user/1000/vscode-git-f6dfffcee1.sock'), ('TERM_PROGRAM', 'vscode'), ('SSH_AGENT_LAUNCHER', 'gnome-keyring'), ('SSH_AUTH_SOCK', '/run/user/1000/keyring/ssh'), ('GSETTINGS_SCHEMA_DIR', '/home/thiago/snap/code/136/.local/share/glib-2.0/schemas'), ('AMENT_PREFIX_PATH', '/opt/ros/humble'), ('ORIGINAL_XDG_CURRENT_DESKTOP', 'ubuntu:GNOME'), ('SHELL', '/bin/bash'), ('LC_NAME', 'es_AR.UTF-8'), ('QT_ACCESSIBILITY', '1'), ('GDMSESSION', 'ubuntu'), ('LESSCLOSE', '/usr/bin/lesspipe %s %s'), ('GTK_PATH_VSCODE_SNAP_ORIG', ''), ('GTK_IM_MODULE_FILE_VSCODE_SNAP_ORIG', ''), ('LC_MEASUREMENT', 'es_AR.UTF-8'), ('GJS_DEBUG_OUTPUT', 'stderr'), ('LC_IDENTIFICATION', 'es_AR.UTF-8'), ('VSCODE_GIT_ASKPASS_EXTRA_ARGS', '--ms-enable-electron-run-as-node'), ('QT_IM_MODULE', 'ibus'), ('PWD', '/home/thiago/workspaces/lidar/build/version0'), ('LC_ALL', 'en_US.UTF-8'), ('XDG_CONFIG_DIRS', '/etc/xdg/xdg-ubuntu:/etc/xdg'), ('XDG_DATA_DIRS', '/home/thiago/snap/code/136/.local/share:/home/thiago/snap/code/136:/snap/code/136/usr/share:/usr/share/ubuntu:/usr/local/share/:/usr/share/:/var/lib/snapd/desktop'), ('PYTHONPATH', '/opt/ros/humble/lib/python3.10/site-packages:/opt/ros/humble/local/lib/python3.10/dist-packages'), ('LC_NUMERIC', 'es_AR.UTF-8'), ('LC_PAPER', 'es_AR.UTF-8'), ('COLCON', '1'), ('CMAKE_PREFIX_PATH', '/opt/ros/humble')]), 'shell': False}
[0.337268] (version0) StdoutLine: {'line': b'-- Install configuration: ""\n'}
[0.337753] (version0) StdoutLine: {'line': b'-- Execute custom install script\n'}
[0.337969] (version0) StdoutLine: {'line': b'-- Up-to-date symlink: /home/thiago/workspaces/lidar/install/version0/share/ament_index/resource_index/rosidl_interfaces/version0\n'}
[0.338347] (version0) StdoutLine: {'line': b'-- Up-to-date symlink: /home/thiago/workspaces/lidar/install/version0/include/version0/version0/action/detail/navigate__functions.h\n'}
[0.338493] (version0) StdoutLine: {'line': b'-- Up-to-date symlink: /home/thiago/workspaces/lidar/install/version0/include/version0/version0/action/detail/navigate__struct.h\n'}
[0.338622] (version0) StdoutLine: {'line': b'-- Up-to-date symlink: /home/thiago/workspaces/lidar/install/version0/include/version0/version0/action/detail/navigate__type_support.h\n'}
[0.338743] (version0) StdoutLine: {'line': b'-- Up-to-date symlink: /home/thiago/workspaces/lidar/install/version0/include/version0/version0/action/navigate.h\n'}
[0.338873] (version0) StdoutLine: {'line': b'-- Up-to-date symlink: /home/thiago/workspaces/lidar/install/version0/include/version0/version0/msg/rosidl_generator_c__visibility_control.h\n'}
[0.339000] (version0) StdoutLine: {'line': b'-- Up-to-date symlink: /home/thiago/workspaces/lidar/install/version0/include/version0/version0/srv/detail/odd_even_check__functions.h\n'}
[0.339123] (version0) StdoutLine: {'line': b'-- Up-to-date symlink: /home/thiago/workspaces/lidar/install/version0/include/version0/version0/srv/detail/odd_even_check__struct.h\n'}
[0.339262] (version0) StdoutLine: {'line': b'-- Up-to-date symlink: /home/thiago/workspaces/lidar/install/version0/include/version0/version0/srv/detail/odd_even_check__type_support.h\n'}
[0.339386] (version0) StdoutLine: {'line': b'-- Up-to-date symlink: /home/thiago/workspaces/lidar/install/version0/include/version0/version0/srv/odd_even_check.h\n'}
[0.339549] (version0) StdoutLine: {'line': b'-- Up-to-date symlink: /home/thiago/workspaces/lidar/install/version0/share/version0/environment/library_path.sh\n'}
[0.339707] (version0) StdoutLine: {'line': b'-- Up-to-date symlink: /home/thiago/workspaces/lidar/install/version0/share/version0/environment/library_path.dsv\n'}
[0.340115] (version0) StdoutLine: {'line': b'-- Up-to-date symlink: /home/thiago/workspaces/lidar/install/version0/include/version0/version0/action/detail/navigate__rosidl_typesupport_fastrtps_c.h\n'}
[0.340246] (version0) StdoutLine: {'line': b'-- Up-to-date symlink: /home/thiago/workspaces/lidar/install/version0/include/version0/version0/msg/rosidl_typesupport_fastrtps_c__visibility_control.h\n'}
[0.340535] (version0) StdoutLine: {'line': b'-- Up-to-date symlink: /home/thiago/workspaces/lidar/install/version0/include/version0/version0/srv/detail/odd_even_check__rosidl_typesupport_fastrtps_c.h\n'}
[0.340876] (version0) StdoutLine: {'line': b'-- Up-to-date symlink: /home/thiago/workspaces/lidar/install/version0/include/version0/version0/action/detail/navigate__builder.hpp\n'}
[0.341015] (version0) StdoutLine: {'line': b'-- Up-to-date symlink: /home/thiago/workspaces/lidar/install/version0/include/version0/version0/action/detail/navigate__struct.hpp\n'}
[0.341146] (version0) StdoutLine: {'line': b'-- Up-to-date symlink: /home/thiago/workspaces/lidar/install/version0/include/version0/version0/action/detail/navigate__traits.hpp\n'}
[0.341274] (version0) StdoutLine: {'line': b'-- Up-to-date symlink: /home/thiago/workspaces/lidar/install/version0/include/version0/version0/action/navigate.hpp\n'}
[0.341414] (version0) StdoutLine: {'line': b'-- Up-to-date symlink: /home/thiago/workspaces/lidar/install/version0/include/version0/version0/srv/detail/odd_even_check__builder.hpp\n'}
[0.341538] (version0) StdoutLine: {'line': b'-- Up-to-date symlink: /home/thiago/workspaces/lidar/install/version0/include/version0/version0/srv/detail/odd_even_check__struct.hpp\n'}
[0.341654] (version0) StdoutLine: {'line': b'-- Up-to-date symlink: /home/thiago/workspaces/lidar/install/version0/include/version0/version0/srv/detail/odd_even_check__traits.hpp\n'}
[0.341772] (version0) StdoutLine: {'line': b'-- Up-to-date symlink: /home/thiago/workspaces/lidar/install/version0/include/version0/version0/srv/odd_even_check.hpp\n'}
[0.342208] (version0) StdoutLine: {'line': b'-- Up-to-date symlink: /home/thiago/workspaces/lidar/install/version0/include/version0/version0/action/detail/navigate__rosidl_typesupport_fastrtps_cpp.hpp\n'}
[0.342348] (version0) StdoutLine: {'line': b'-- Up-to-date symlink: /home/thiago/workspaces/lidar/install/version0/include/version0/version0/msg/rosidl_typesupport_fastrtps_cpp__visibility_control.h\n'}
[0.342463] (version0) StdoutLine: {'line': b'-- Up-to-date symlink: /home/thiago/workspaces/lidar/install/version0/include/version0/version0/srv/detail/odd_even_check__rosidl_typesupport_fastrtps_cpp.hpp\n'}
[0.342786] (version0) StdoutLine: {'line': b'-- Up-to-date symlink: /home/thiago/workspaces/lidar/install/version0/include/version0/version0/action/detail/navigate__rosidl_typesupport_introspection_c.h\n'}
[0.342911] (version0) StdoutLine: {'line': b'-- Up-to-date symlink: /home/thiago/workspaces/lidar/install/version0/include/version0/version0/msg/rosidl_typesupport_introspection_c__visibility_control.h\n'}
[0.343039] (version0) StdoutLine: {'line': b'-- Up-to-date symlink: /home/thiago/workspaces/lidar/install/version0/include/version0/version0/srv/detail/odd_even_check__rosidl_typesupport_introspection_c.h\n'}
[0.343335] (version0) StdoutLine: {'line': b'-- Up-to-date symlink: /home/thiago/workspaces/lidar/install/version0/include/version0/version0/action/detail/navigate__rosidl_typesupport_introspection_cpp.hpp\n'}
[0.343454] (version0) StdoutLine: {'line': b'-- Up-to-date symlink: /home/thiago/workspaces/lidar/install/version0/include/version0/version0/srv/detail/odd_even_check__rosidl_typesupport_introspection_cpp.hpp\n'}
[0.343623] (version0) StdoutLine: {'line': b'-- Up-to-date symlink: /home/thiago/workspaces/lidar/install/version0/share/version0/environment/pythonpath.sh\n'}
[0.343782] (version0) StdoutLine: {'line': b'-- Up-to-date symlink: /home/thiago/workspaces/lidar/install/version0/share/version0/environment/pythonpath.dsv\n'}
[0.344040] (version0) StdoutLine: {'line': b'-- Up-to-date symlink: /home/thiago/workspaces/lidar/install/version0/local/lib/python3.10/dist-packages/version0-0.0.0-py3.10.egg-info/PKG-INFO\n'}
[0.344165] (version0) StdoutLine: {'line': b'-- Up-to-date symlink: /home/thiago/workspaces/lidar/install/version0/local/lib/python3.10/dist-packages/version0-0.0.0-py3.10.egg-info/SOURCES.txt\n'}
[0.344303] (version0) StdoutLine: {'line': b'-- Up-to-date symlink: /home/thiago/workspaces/lidar/install/version0/local/lib/python3.10/dist-packages/version0-0.0.0-py3.10.egg-info/dependency_links.txt\n'}
[0.344441] (version0) StdoutLine: {'line': b'-- Up-to-date symlink: /home/thiago/workspaces/lidar/install/version0/local/lib/python3.10/dist-packages/version0-0.0.0-py3.10.egg-info/top_level.txt\n'}
[0.344771] (version1) StdoutLine: {'line': b"Listing '/home/thiago/workspaces/lidar/install/version1/local/lib/python3.10/dist-packages/scripts'...\n"}
[0.344998] (version0) StdoutLine: {'line': b'-- Up-to-date symlink: /home/thiago/workspaces/lidar/install/version0/local/lib/python3.10/dist-packages/version0/__init__.py\n'}
[0.345116] (version0) StdoutLine: {'line': b'-- Up-to-date symlink: /home/thiago/workspaces/lidar/install/version0/local/lib/python3.10/dist-packages/version0/_version0_s.ep.rosidl_typesupport_c.c\n'}
[0.345246] (version0) StdoutLine: {'line': b'-- Up-to-date symlink: /home/thiago/workspaces/lidar/install/version0/local/lib/python3.10/dist-packages/version0/_version0_s.ep.rosidl_typesupport_fastrtps_c.c\n'}
[0.345380] (version0) StdoutLine: {'line': b'-- Up-to-date symlink: /home/thiago/workspaces/lidar/install/version0/local/lib/python3.10/dist-packages/version0/_version0_s.ep.rosidl_typesupport_introspection_c.c\n'}
[0.345498] (version0) StdoutLine: {'line': b'-- Up-to-date symlink: /home/thiago/workspaces/lidar/install/version0/local/lib/python3.10/dist-packages/version0/action/__init__.py\n'}
[0.345626] (version0) StdoutLine: {'line': b'-- Up-to-date symlink: /home/thiago/workspaces/lidar/install/version0/local/lib/python3.10/dist-packages/version0/action/_navigate.py\n'}
[0.345750] (version0) StdoutLine: {'line': b'-- Up-to-date symlink: /home/thiago/workspaces/lidar/install/version0/local/lib/python3.10/dist-packages/version0/action/_navigate_s.c\n'}
[0.345875] (version0) StdoutLine: {'line': b'-- Up-to-date symlink: /home/thiago/workspaces/lidar/install/version0/local/lib/python3.10/dist-packages/version0/libversion0__rosidl_generator_py.so\n'}
[0.346008] (version0) StdoutLine: {'line': b'-- Up-to-date symlink: /home/thiago/workspaces/lidar/install/version0/local/lib/python3.10/dist-packages/version0/srv/__init__.py\n'}
[0.346131] (version0) StdoutLine: {'line': b'-- Up-to-date symlink: /home/thiago/workspaces/lidar/install/version0/local/lib/python3.10/dist-packages/version0/srv/_odd_even_check.py\n'}
[0.346260] (version0) StdoutLine: {'line': b'-- Up-to-date symlink: /home/thiago/workspaces/lidar/install/version0/local/lib/python3.10/dist-packages/version0/srv/_odd_even_check_s.c\n'}
[0.346404] (version0) StdoutLine: {'line': b'-- Up-to-date symlink: /home/thiago/workspaces/lidar/install/version0/local/lib/python3.10/dist-packages/version0/version0_s__rosidl_typesupport_c.cpython-310-x86_64-linux-gnu.so\n'}
[0.346516] (version0) StdoutLine: {'line': b'-- Up-to-date symlink: /home/thiago/workspaces/lidar/install/version0/local/lib/python3.10/dist-packages/version0/version0_s__rosidl_typesupport_fastrtps_c.cpython-310-x86_64-linux-gnu.so\n'}
[0.346647] (version0) StdoutLine: {'line': b'-- Up-to-date symlink: /home/thiago/workspaces/lidar/install/version0/local/lib/python3.10/dist-packages/version0/version0_s__rosidl_typesupport_introspection_c.cpython-310-x86_64-linux-gnu.so\n'}
[0.346876] (version0) StdoutLine: {'line': b'-- Up-to-date symlink: /home/thiago/workspaces/lidar/install/version0/local/lib/python3.10/dist-packages/version0/version0_s__rosidl_typesupport_fastrtps_c.cpython-310-x86_64-linux-gnu.so\n'}
[0.347092] (version0) StdoutLine: {'line': b'-- Up-to-date symlink: /home/thiago/workspaces/lidar/install/version0/local/lib/python3.10/dist-packages/version0/version0_s__rosidl_typesupport_introspection_c.cpython-310-x86_64-linux-gnu.so\n'}
[0.347344] (version0) StdoutLine: {'line': b'-- Up-to-date symlink: /home/thiago/workspaces/lidar/install/version0/local/lib/python3.10/dist-packages/version0/version0_s__rosidl_typesupport_c.cpython-310-x86_64-linux-gnu.so\n'}
[0.347523] (version0) StdoutLine: {'line': b'-- Up-to-date symlink: /home/thiago/workspaces/lidar/install/version0/share/version0/srv/OddEvenCheck.idl\n'}
[0.347686] (version0) StdoutLine: {'line': b'-- Up-to-date symlink: /home/thiago/workspaces/lidar/install/version0/share/version0/action/Navigate.idl\n'}
[0.347859] (version0) StdoutLine: {'line': b'-- Up-to-date symlink: /home/thiago/workspaces/lidar/install/version0/share/version0/srv/OddEvenCheck.srv\n'}
[0.348015] (version0) StdoutLine: {'line': b'-- Up-to-date symlink: /home/thiago/workspaces/lidar/install/version0/share/version0/srv/OddEvenCheck_Request.msg\n'}
[0.348169] (version0) StdoutLine: {'line': b'-- Up-to-date symlink: /home/thiago/workspaces/lidar/install/version0/share/version0/srv/OddEvenCheck_Response.msg\n'}
[0.348332] (version0) StdoutLine: {'line': b'-- Up-to-date symlink: /home/thiago/workspaces/lidar/install/version0/share/version0/action/Navigate.action\n'}
[0.348653] (version0) StdoutLine: {'line': b'-- Up-to-date symlink: /home/thiago/workspaces/lidar/install/version0/local/lib/python3.10/dist-packages/scripts-0.0.0-py3.10.egg-info/PKG-INFO\n'}
[0.348770] (version0) StdoutLine: {'line': b'-- Up-to-date symlink: /home/thiago/workspaces/lidar/install/version0/local/lib/python3.10/dist-packages/scripts-0.0.0-py3.10.egg-info/SOURCES.txt\n'}
[0.349032] (version0) StdoutLine: {'line': b'-- Up-to-date symlink: /home/thiago/workspaces/lidar/install/version0/local/lib/python3.10/dist-packages/scripts-0.0.0-py3.10.egg-info/dependency_links.txt\n'}
[0.349327] (version1) CommandEnded: {'returncode': 0}
[0.350358] (version0) StdoutLine: {'line': b'-- Up-to-date symlink: /home/thiago/workspaces/lidar/install/version0/local/lib/python3.10/dist-packages/scripts-0.0.0-py3.10.egg-info/top_level.txt\n'}
[0.350424] (version0) StdoutLine: {'line': b'-- Up-to-date symlink: /home/thiago/workspaces/lidar/install/version0/local/lib/python3.10/dist-packages/scripts/__init__.py\n'}
[0.350503] (version0) StdoutLine: {'line': b'-- Up-to-date symlink: /home/thiago/workspaces/lidar/install/version0/local/lib/python3.10/dist-packages/scripts/publisher_laserscan.py\n'}
[0.350569] (version0) StdoutLine: {'line': b'-- Up-to-date symlink: /home/thiago/workspaces/lidar/install/version0/lib/version0/publisher_laserscan.py\n'}
[0.350628] (version0) StdoutLine: {'line': b'-- Up-to-date symlink: /home/thiago/workspaces/lidar/install/version0/share/version0//launch/rpm_node_launch.py\n'}
[0.350685] (version0) StdoutLine: {'line': b'-- Up-to-date symlink: /home/thiago/workspaces/lidar/install/version0/share/ament_index/resource_index/package_run_dependencies/version0\n'}
[0.350743] (version0) StdoutLine: {'line': b'-- Up-to-date symlink: /home/thiago/workspaces/lidar/install/version0/share/ament_index/resource_index/parent_prefix_path/version0\n'}
[0.350802] (version0) StdoutLine: {'line': b'-- Up-to-date symlink: /home/thiago/workspaces/lidar/install/version0/share/version0/environment/ament_prefix_path.sh\n'}
[0.350860] (version0) StdoutLine: {'line': b'-- Up-to-date symlink: /home/thiago/workspaces/lidar/install/version0/share/version0/environment/ament_prefix_path.dsv\n'}
[0.350918] (version0) StdoutLine: {'line': b'-- Up-to-date symlink: /home/thiago/workspaces/lidar/install/version0/share/version0/environment/path.sh\n'}
[0.350976] (version0) StdoutLine: {'line': b'-- Up-to-date symlink: /home/thiago/workspaces/lidar/install/version0/share/version0/environment/path.dsv\n'}
[0.351032] (version0) StdoutLine: {'line': b'-- Up-to-date symlink: /home/thiago/workspaces/lidar/install/version0/share/version0/local_setup.bash\n'}
[0.351087] (version0) StdoutLine: {'line': b'-- Up-to-date symlink: /home/thiago/workspaces/lidar/install/version0/share/version0/local_setup.sh\n'}
[0.351256] (version0) StdoutLine: {'line': b'-- Up-to-date symlink: /home/thiago/workspaces/lidar/install/version0/share/version0/local_setup.zsh\n'}
[0.351316] (version0) StdoutLine: {'line': b'-- Up-to-date symlink: /home/thiago/workspaces/lidar/install/version0/share/version0/local_setup.dsv\n'}
[0.351375] (version0) StdoutLine: {'line': b'-- Symlinking: /home/thiago/workspaces/lidar/install/version0/share/version0/package.dsv\n'}
[0.356760] (version0) StdoutLine: {'line': b'-- Up-to-date symlink: /home/thiago/workspaces/lidar/install/version0/share/ament_index/resource_index/packages/version0\n'}
[0.356910] (version0) StdoutLine: {'line': b'-- Up-to-date symlink: /home/thiago/workspaces/lidar/install/version0/share/version0/cmake/rosidl_cmake-extras.cmake\n'}
[0.357003] (version0) StdoutLine: {'line': b'-- Up-to-date symlink: /home/thiago/workspaces/lidar/install/version0/share/version0/cmake/ament_cmake_export_dependencies-extras.cmake\n'}
[0.357086] (version0) StdoutLine: {'line': b'-- Up-to-date symlink: /home/thiago/workspaces/lidar/install/version0/share/version0/cmake/ament_cmake_export_include_directories-extras.cmake\n'}
[0.357222] (version0) StdoutLine: {'line': b'-- Up-to-date symlink: /home/thiago/workspaces/lidar/install/version0/share/version0/cmake/ament_cmake_export_libraries-extras.cmake\n'}
[0.357344] (version0) StdoutLine: {'line': b'-- Up-to-date symlink: /home/thiago/workspaces/lidar/install/version0/share/version0/cmake/ament_cmake_export_targets-extras.cmake\n'}
[0.357425] (version0) StdoutLine: {'line': b'-- Up-to-date symlink: /home/thiago/workspaces/lidar/install/version0/share/version0/cmake/rosidl_cmake_export_typesupport_targets-extras.cmake\n'}
[0.357535] (version0) StdoutLine: {'line': b'-- Up-to-date symlink: /home/thiago/workspaces/lidar/install/version0/share/version0/cmake/rosidl_cmake_export_typesupport_libraries-extras.cmake\n'}
[0.357672] (version0) StdoutLine: {'line': b'-- Up-to-date symlink: /home/thiago/workspaces/lidar/install/version0/share/version0/cmake/version0Config.cmake\n'}
[0.357763] (version0) StdoutLine: {'line': b'-- Up-to-date symlink: /home/thiago/workspaces/lidar/install/version0/share/version0/cmake/version0Config-version.cmake\n'}
[0.357881] (version0) StdoutLine: {'line': b'-- Up-to-date symlink: /home/thiago/workspaces/lidar/install/version0/share/version0/package.xml\n'}
[0.357984] (version0) StdoutLine: {'line': b'-- Up-to-date: /home/thiago/workspaces/lidar/install/version0/lib/libversion0__rosidl_generator_c.so\n'}
[0.358163] (version0) StdoutLine: {'line': b'-- Up-to-date: /home/thiago/workspaces/lidar/install/version0/lib/libversion0__rosidl_typesupport_fastrtps_c.so\n'}
[0.358312] (version0) StdoutLine: {'line': b'-- Up-to-date: /home/thiago/workspaces/lidar/install/version0/lib/libversion0__rosidl_typesupport_fastrtps_cpp.so\n'}
[0.358467] (version0) StdoutLine: {'line': b'-- Up-to-date: /home/thiago/workspaces/lidar/install/version0/lib/libversion0__rosidl_typesupport_introspection_c.so\n'}
[0.358615] (version0) StdoutLine: {'line': b'-- Up-to-date: /home/thiago/workspaces/lidar/install/version0/lib/libversion0__rosidl_typesupport_c.so\n'}
[0.358768] (version0) StdoutLine: {'line': b'-- Up-to-date: /home/thiago/workspaces/lidar/install/version0/lib/libversion0__rosidl_typesupport_introspection_cpp.so\n'}
[0.358986] (version0) StdoutLine: {'line': b'-- Up-to-date: /home/thiago/workspaces/lidar/install/version0/lib/libversion0__rosidl_typesupport_cpp.so\n'}
[0.379868] (version0) StdoutLine: {'line': b"Listing '/home/thiago/workspaces/lidar/install/version0/local/lib/python3.10/dist-packages/version0'...\n"}
[0.380014] (version0) StdoutLine: {'line': b"Listing '/home/thiago/workspaces/lidar/install/version0/local/lib/python3.10/dist-packages/version0/action'...\n"}
[0.380137] (version0) StdoutLine: {'line': b"Listing '/home/thiago/workspaces/lidar/install/version0/local/lib/python3.10/dist-packages/version0/srv'...\n"}
[0.382798] (version0) StdoutLine: {'line': b'-- Up-to-date: /home/thiago/workspaces/lidar/install/version0/lib/libversion0__rosidl_generator_py.so\n'}
[0.394830] (version1) JobEnded: {'identifier': 'version1', 'rc': 0}
[0.400292] (-) TimerEvent: {}
[0.403010] (version0) StdoutLine: {'line': b"Listing '/home/thiago/workspaces/lidar/install/version0/local/lib/python3.10/dist-packages/scripts'...\n"}
[0.406879] (version0) StdoutLine: {'line': b'-- Up-to-date: /home/thiago/workspaces/lidar/install/version0/share/version0/cmake/export_version0__rosidl_generator_cExport.cmake\n'}
[0.407155] (version0) StdoutLine: {'line': b'-- Up-to-date: /home/thiago/workspaces/lidar/install/version0/share/version0/cmake/export_version0__rosidl_generator_cExport-noconfig.cmake\n'}
[0.407235] (version0) StdoutLine: {'line': b'-- Up-to-date: /home/thiago/workspaces/lidar/install/version0/share/version0/cmake/export_version0__rosidl_typesupport_fastrtps_cExport.cmake\n'}
[0.407320] (version0) StdoutLine: {'line': b'-- Up-to-date: /home/thiago/workspaces/lidar/install/version0/share/version0/cmake/export_version0__rosidl_typesupport_fastrtps_cExport-noconfig.cmake\n'}
[0.407389] (version0) StdoutLine: {'line': b'-- Up-to-date: /home/thiago/workspaces/lidar/install/version0/share/version0/cmake/export_version0__rosidl_generator_cppExport.cmake\n'}
[0.407441] (version0) StdoutLine: {'line': b'-- Up-to-date: /home/thiago/workspaces/lidar/install/version0/share/version0/cmake/export_version0__rosidl_typesupport_fastrtps_cppExport.cmake\n'}
[0.407518] (version0) StdoutLine: {'line': b'-- Up-to-date: /home/thiago/workspaces/lidar/install/version0/share/version0/cmake/export_version0__rosidl_typesupport_fastrtps_cppExport-noconfig.cmake\n'}
[0.407567] (version0) StdoutLine: {'line': b'-- Up-to-date: /home/thiago/workspaces/lidar/install/version0/share/version0/cmake/version0__rosidl_typesupport_introspection_cExport.cmake\n'}
[0.407623] (version0) StdoutLine: {'line': b'-- Up-to-date: /home/thiago/workspaces/lidar/install/version0/share/version0/cmake/version0__rosidl_typesupport_introspection_cExport-noconfig.cmake\n'}
[0.407765] (version0) StdoutLine: {'line': b'-- Up-to-date: /home/thiago/workspaces/lidar/install/version0/share/version0/cmake/version0__rosidl_typesupport_cExport.cmake\n'}
[0.407849] (version0) StdoutLine: {'line': b'-- Up-to-date: /home/thiago/workspaces/lidar/install/version0/share/version0/cmake/version0__rosidl_typesupport_cExport-noconfig.cmake\n'}
[0.407909] (version0) StdoutLine: {'line': b'-- Up-to-date: /home/thiago/workspaces/lidar/install/version0/share/version0/cmake/version0__rosidl_typesupport_introspection_cppExport.cmake\n'}
[0.407960] (version0) StdoutLine: {'line': b'-- Up-to-date: /home/thiago/workspaces/lidar/install/version0/share/version0/cmake/version0__rosidl_typesupport_introspection_cppExport-noconfig.cmake\n'}
[0.408008] (version0) StdoutLine: {'line': b'-- Up-to-date: /home/thiago/workspaces/lidar/install/version0/share/version0/cmake/version0__rosidl_typesupport_cppExport.cmake\n'}
[0.408055] (version0) StdoutLine: {'line': b'-- Up-to-date: /home/thiago/workspaces/lidar/install/version0/share/version0/cmake/version0__rosidl_typesupport_cppExport-noconfig.cmake\n'}
[0.408103] (version0) StdoutLine: {'line': b'-- Up-to-date: /home/thiago/workspaces/lidar/install/version0/share/version0/cmake/export_version0__rosidl_generator_pyExport.cmake\n'}
[0.408155] (version0) StdoutLine: {'line': b'-- Up-to-date: /home/thiago/workspaces/lidar/install/version0/share/version0/cmake/export_version0__rosidl_generator_pyExport-noconfig.cmake\n'}
[0.411835] (version0) CommandEnded: {'returncode': 0}
[0.473059] (version0) JobEnded: {'identifier': 'version0', 'rc': 0}
[0.473590] (-) EventReactorShutdown: {}
