[0.245s] DEBUG:colcon:Command line arguments: ['/usr/bin/colcon', 'build', '--symlink-install']
[0.245s] DEBUG:colcon:Parsed command line arguments: Namespace(log_base=None, log_level=None, verb_name='build', build_base='build', install_base='install', merge_install=False, symlink_install=True, test_result_base=None, continue_on_error=False, executor='parallel', parallel_workers=12, event_handlers=None, ignore_user_meta=False, metas=['./colcon.meta'], base_paths=['.'], packages_ignore=None, packages_ignore_regex=None, paths=None, packages_up_to=None, packages_up_to_regex=None, packages_above=None, packages_above_and_dependencies=None, packages_above_depth=None, packages_select_by_dep=None, packages_skip_by_dep=None, packages_skip_up_to=None, packages_select_build_failed=False, packages_skip_build_finished=False, packages_select_test_failures=False, packages_skip_test_passed=False, packages_select=None, packages_skip=None, packages_select_regex=None, packages_skip_regex=None, packages_start=None, packages_end=None, allow_overriding=[], cmake_args=None, cmake_target=None, cmake_target_skip_unavailable=False, cmake_clean_cache=False, cmake_clean_first=False, cmake_force_configure=False, ament_cmake_args=None, catkin_cmake_args=None, catkin_skip_building_tests=False, verb_parser=<colcon_defaults.argument_parser.defaults.DefaultArgumentsDecorator object at 0x7ff2f76afe20>, verb_extension=<colcon_core.verb.build.BuildVerb object at 0x7ff2f7617ac0>, main=<bound method BuildVerb.main of <colcon_core.verb.build.BuildVerb object at 0x7ff2f7617ac0>>)
[0.271s] Level 1:colcon.colcon_core.package_discovery:discover_packages(colcon_meta) check parameters
[0.272s] Level 1:colcon.colcon_core.package_discovery:discover_packages(recursive) check parameters
[0.272s] Level 1:colcon.colcon_core.package_discovery:discover_packages(ignore) check parameters
[0.272s] Level 1:colcon.colcon_core.package_discovery:discover_packages(path) check parameters
[0.272s] Level 1:colcon.colcon_core.package_discovery:discover_packages(colcon_meta) discover
[0.272s] Level 1:colcon.colcon_core.package_discovery:discover_packages(recursive) discover
[0.272s] INFO:colcon.colcon_core.package_discovery:Crawling recursively for packages in '/home/thiago/workspaces/lidar'
[0.272s] Level 1:colcon.colcon_core.package_identification:_identify(.) by extensions ['ignore', 'ignore_ament_install']
[0.272s] Level 1:colcon.colcon_core.package_identification:_identify(.) by extension 'ignore'
[0.272s] Level 1:colcon.colcon_core.package_identification:_identify(.) by extension 'ignore_ament_install'
[0.272s] Level 1:colcon.colcon_core.package_identification:_identify(.) by extensions ['colcon_pkg']
[0.272s] Level 1:colcon.colcon_core.package_identification:_identify(.) by extension 'colcon_pkg'
[0.272s] Level 1:colcon.colcon_core.package_identification:_identify(.) by extensions ['colcon_meta']
[0.272s] Level 1:colcon.colcon_core.package_identification:_identify(.) by extension 'colcon_meta'
[0.272s] Level 1:colcon.colcon_core.package_identification:_identify(.) by extensions ['ros']
[0.272s] Level 1:colcon.colcon_core.package_identification:_identify(.) by extension 'ros'
[0.281s] Level 1:colcon.colcon_core.package_identification:_identify(.) by extensions ['cmake', 'python']
[0.281s] Level 1:colcon.colcon_core.package_identification:_identify(.) by extension 'cmake'
[0.281s] Level 1:colcon.colcon_core.package_identification:_identify(.) by extension 'python'
[0.281s] Level 1:colcon.colcon_core.package_identification:_identify(.) by extensions ['python_setup_py']
[0.281s] Level 1:colcon.colcon_core.package_identification:_identify(.) by extension 'python_setup_py'
[0.281s] Level 1:colcon.colcon_core.package_identification:_identify(build) by extensions ['ignore', 'ignore_ament_install']
[0.281s] Level 1:colcon.colcon_core.package_identification:_identify(build) by extension 'ignore'
[0.281s] Level 1:colcon.colcon_core.package_identification:_identify(build) ignored
[0.281s] Level 1:colcon.colcon_core.package_identification:_identify(install) by extensions ['ignore', 'ignore_ament_install']
[0.281s] Level 1:colcon.colcon_core.package_identification:_identify(install) by extension 'ignore'
[0.281s] Level 1:colcon.colcon_core.package_identification:_identify(install) ignored
[0.282s] Level 1:colcon.colcon_core.package_identification:_identify(log) by extensions ['ignore', 'ignore_ament_install']
[0.282s] Level 1:colcon.colcon_core.package_identification:_identify(log) by extension 'ignore'
[0.282s] Level 1:colcon.colcon_core.package_identification:_identify(log) ignored
[0.282s] Level 1:colcon.colcon_core.package_identification:_identify(src) by extensions ['ignore', 'ignore_ament_install']
[0.282s] Level 1:colcon.colcon_core.package_identification:_identify(src) by extension 'ignore'
[0.282s] Level 1:colcon.colcon_core.package_identification:_identify(src) by extension 'ignore_ament_install'
[0.282s] Level 1:colcon.colcon_core.package_identification:_identify(src) by extensions ['colcon_pkg']
[0.282s] Level 1:colcon.colcon_core.package_identification:_identify(src) by extension 'colcon_pkg'
[0.282s] Level 1:colcon.colcon_core.package_identification:_identify(src) by extensions ['colcon_meta']
[0.282s] Level 1:colcon.colcon_core.package_identification:_identify(src) by extension 'colcon_meta'
[0.282s] Level 1:colcon.colcon_core.package_identification:_identify(src) by extensions ['ros']
[0.282s] Level 1:colcon.colcon_core.package_identification:_identify(src) by extension 'ros'
[0.282s] Level 1:colcon.colcon_core.package_identification:_identify(src) by extensions ['cmake', 'python']
[0.282s] Level 1:colcon.colcon_core.package_identification:_identify(src) by extension 'cmake'
[0.282s] Level 1:colcon.colcon_core.package_identification:_identify(src) by extension 'python'
[0.282s] Level 1:colcon.colcon_core.package_identification:_identify(src) by extensions ['python_setup_py']
[0.282s] Level 1:colcon.colcon_core.package_identification:_identify(src) by extension 'python_setup_py'
[0.282s] Level 1:colcon.colcon_core.package_identification:_identify(src/version0) by extensions ['ignore', 'ignore_ament_install']
[0.282s] Level 1:colcon.colcon_core.package_identification:_identify(src/version0) by extension 'ignore'
[0.282s] Level 1:colcon.colcon_core.package_identification:_identify(src/version0) by extension 'ignore_ament_install'
[0.282s] Level 1:colcon.colcon_core.package_identification:_identify(src/version0) by extensions ['colcon_pkg']
[0.282s] Level 1:colcon.colcon_core.package_identification:_identify(src/version0) by extension 'colcon_pkg'
[0.282s] Level 1:colcon.colcon_core.package_identification:_identify(src/version0) by extensions ['colcon_meta']
[0.282s] Level 1:colcon.colcon_core.package_identification:_identify(src/version0) by extension 'colcon_meta'
[0.282s] Level 1:colcon.colcon_core.package_identification:_identify(src/version0) by extensions ['ros']
[0.282s] Level 1:colcon.colcon_core.package_identification:_identify(src/version0) by extension 'ros'
[0.284s] DEBUG:colcon.colcon_core.package_identification:Package 'src/version0' with type 'ros.ament_cmake' and name 'version0'
[0.284s] Level 1:colcon.colcon_core.package_identification:_identify(src/version1) by extensions ['ignore', 'ignore_ament_install']
[0.285s] Level 1:colcon.colcon_core.package_identification:_identify(src/version1) by extension 'ignore'
[0.285s] Level 1:colcon.colcon_core.package_identification:_identify(src/version1) by extension 'ignore_ament_install'
[0.285s] Level 1:colcon.colcon_core.package_identification:_identify(src/version1) by extensions ['colcon_pkg']
[0.285s] Level 1:colcon.colcon_core.package_identification:_identify(src/version1) by extension 'colcon_pkg'
[0.285s] Level 1:colcon.colcon_core.package_identification:_identify(src/version1) by extensions ['colcon_meta']
[0.285s] Level 1:colcon.colcon_core.package_identification:_identify(src/version1) by extension 'colcon_meta'
[0.285s] Level 1:colcon.colcon_core.package_identification:_identify(src/version1) by extensions ['ros']
[0.285s] Level 1:colcon.colcon_core.package_identification:_identify(src/version1) by extension 'ros'
[0.286s] DEBUG:colcon.colcon_core.package_identification:Package 'src/version1' with type 'ros.ament_cmake' and name 'version1'
[0.286s] Level 1:colcon.colcon_core.package_discovery:discover_packages(recursive) using defaults
[0.286s] Level 1:colcon.colcon_core.package_discovery:discover_packages(ignore) discover
[0.286s] Level 1:colcon.colcon_core.package_discovery:discover_packages(ignore) using defaults
[0.286s] Level 1:colcon.colcon_core.package_discovery:discover_packages(path) discover
[0.286s] Level 1:colcon.colcon_core.package_discovery:discover_packages(path) using defaults
[0.303s] Level 1:colcon.colcon_core.package_discovery:discover_packages(prefix_path) check parameters
[0.303s] Level 1:colcon.colcon_core.package_discovery:discover_packages(prefix_path) discover
[0.306s] DEBUG:colcon.colcon_installed_package_information.package_discovery:Found 311 installed packages in /opt/ros/humble
[0.307s] Level 1:colcon.colcon_core.package_discovery:discover_packages(prefix_path) using defaults
[0.352s] Level 5:colcon.colcon_core.verb:set package 'version0' build argument 'cmake_args' from command line to 'None'
[0.352s] Level 5:colcon.colcon_core.verb:set package 'version0' build argument 'cmake_target' from command line to 'None'
[0.352s] Level 5:colcon.colcon_core.verb:set package 'version0' build argument 'cmake_target_skip_unavailable' from command line to 'False'
[0.352s] Level 5:colcon.colcon_core.verb:set package 'version0' build argument 'cmake_clean_cache' from command line to 'False'
[0.352s] Level 5:colcon.colcon_core.verb:set package 'version0' build argument 'cmake_clean_first' from command line to 'False'
[0.352s] Level 5:colcon.colcon_core.verb:set package 'version0' build argument 'cmake_force_configure' from command line to 'False'
[0.352s] Level 5:colcon.colcon_core.verb:set package 'version0' build argument 'ament_cmake_args' from command line to 'None'
[0.352s] Level 5:colcon.colcon_core.verb:set package 'version0' build argument 'catkin_cmake_args' from command line to 'None'
[0.352s] Level 5:colcon.colcon_core.verb:set package 'version0' build argument 'catkin_skip_building_tests' from command line to 'False'
[0.352s] DEBUG:colcon.colcon_core.verb:Building package 'version0' with the following arguments: {'ament_cmake_args': None, 'build_base': '/home/thiago/workspaces/lidar/build/version0', 'catkin_cmake_args': None, 'catkin_skip_building_tests': False, 'cmake_args': None, 'cmake_clean_cache': False, 'cmake_clean_first': False, 'cmake_force_configure': False, 'cmake_target': None, 'cmake_target_skip_unavailable': False, 'install_base': '/home/thiago/workspaces/lidar/install/version0', 'merge_install': False, 'path': '/home/thiago/workspaces/lidar/src/version0', 'symlink_install': True, 'test_result_base': None}
[0.353s] Level 5:colcon.colcon_core.verb:set package 'version1' build argument 'cmake_args' from command line to 'None'
[0.353s] Level 5:colcon.colcon_core.verb:set package 'version1' build argument 'cmake_target' from command line to 'None'
[0.353s] Level 5:colcon.colcon_core.verb:set package 'version1' build argument 'cmake_target_skip_unavailable' from command line to 'False'
[0.353s] Level 5:colcon.colcon_core.verb:set package 'version1' build argument 'cmake_clean_cache' from command line to 'False'
[0.353s] Level 5:colcon.colcon_core.verb:set package 'version1' build argument 'cmake_clean_first' from command line to 'False'
[0.353s] Level 5:colcon.colcon_core.verb:set package 'version1' build argument 'cmake_force_configure' from command line to 'False'
[0.353s] Level 5:colcon.colcon_core.verb:set package 'version1' build argument 'ament_cmake_args' from command line to 'None'
[0.353s] Level 5:colcon.colcon_core.verb:set package 'version1' build argument 'catkin_cmake_args' from command line to 'None'
[0.353s] Level 5:colcon.colcon_core.verb:set package 'version1' build argument 'catkin_skip_building_tests' from command line to 'False'
[0.353s] DEBUG:colcon.colcon_core.verb:Building package 'version1' with the following arguments: {'ament_cmake_args': None, 'build_base': '/home/thiago/workspaces/lidar/build/version1', 'catkin_cmake_args': None, 'catkin_skip_building_tests': False, 'cmake_args': None, 'cmake_clean_cache': False, 'cmake_clean_first': False, 'cmake_force_configure': False, 'cmake_target': None, 'cmake_target_skip_unavailable': False, 'install_base': '/home/thiago/workspaces/lidar/install/version1', 'merge_install': False, 'path': '/home/thiago/workspaces/lidar/src/version1', 'symlink_install': True, 'test_result_base': None}
[0.354s] INFO:colcon.colcon_core.executor:Executing jobs using 'parallel' executor
[0.356s] DEBUG:colcon.colcon_parallel_executor.executor.parallel:run_until_complete
[0.356s] INFO:colcon.colcon_ros.task.ament_cmake.build:Building ROS package in '/home/thiago/workspaces/lidar/src/version0' with build type 'ament_cmake'
[0.357s] INFO:colcon.colcon_cmake.task.cmake.build:Building CMake package in '/home/thiago/workspaces/lidar/src/version0'
[0.361s] INFO:colcon.colcon_core.plugin_system:Skipping extension 'colcon_core.shell.bat': Not used on non-Windows systems
[0.361s] INFO:colcon.colcon_core.shell:Skip shell extension 'powershell' for command environment: Not usable outside of PowerShell
[0.361s] DEBUG:colcon.colcon_core.shell:Skip shell extension 'dsv' for command environment
[0.364s] INFO:colcon.colcon_ros.task.ament_cmake.build:Building ROS package in '/home/thiago/workspaces/lidar/src/version1' with build type 'ament_cmake'
[0.364s] INFO:colcon.colcon_cmake.task.cmake.build:Building CMake package in '/home/thiago/workspaces/lidar/src/version1'
[0.365s] INFO:colcon.colcon_core.shell:Skip shell extension 'powershell' for command environment: Not usable outside of PowerShell
[0.365s] DEBUG:colcon.colcon_core.shell:Skip shell extension 'dsv' for command environment
[0.370s] DEBUG:colcon.colcon_core.event_handler.log_command:Invoking command in '/home/thiago/workspaces/lidar/build/version0': CMAKE_PREFIX_PATH=/opt/ros/humble /usr/bin/cmake --build /home/thiago/workspaces/lidar/build/version0 -- -j12 -l12
[0.379s] DEBUG:colcon.colcon_core.event_handler.log_command:Invoking command in '/home/thiago/workspaces/lidar/build/version1': CMAKE_PREFIX_PATH=/opt/ros/humble /usr/bin/cmake --build /home/thiago/workspaces/lidar/build/version1 -- -j12 -l12
[0.680s] DEBUG:colcon.colcon_core.event_handler.log_command:Invoked command in '/home/thiago/workspaces/lidar/build/version1' returned '0': CMAKE_PREFIX_PATH=/opt/ros/humble /usr/bin/cmake --build /home/thiago/workspaces/lidar/build/version1 -- -j12 -l12
[0.684s] DEBUG:colcon.colcon_core.event_handler.log_command:Invoked command in '/home/thiago/workspaces/lidar/build/version0' returned '0': CMAKE_PREFIX_PATH=/opt/ros/humble /usr/bin/cmake --build /home/thiago/workspaces/lidar/build/version0 -- -j12 -l12
[0.704s] DEBUG:colcon.colcon_core.event_handler.log_command:Invoking command in '/home/thiago/workspaces/lidar/build/version1': CMAKE_PREFIX_PATH=/opt/ros/humble /usr/bin/cmake --install /home/thiago/workspaces/lidar/build/version1
[0.727s] DEBUG:colcon.colcon_core.event_handler.log_command:Invoking command in '/home/thiago/workspaces/lidar/build/version0': CMAKE_PREFIX_PATH=/opt/ros/humble /usr/bin/cmake --install /home/thiago/workspaces/lidar/build/version0
[0.747s] Level 1:colcon.colcon_core.environment:create_environment_scripts_only(version1)
[0.748s] DEBUG:colcon.colcon_core.event_handler.log_command:Invoked command in '/home/thiago/workspaces/lidar/build/version1' returned '0': CMAKE_PREFIX_PATH=/opt/ros/humble /usr/bin/cmake --install /home/thiago/workspaces/lidar/build/version1
[0.755s] Level 1:colcon.colcon_core.environment:checking '/home/thiago/workspaces/lidar/install/version1' for CMake module files
[0.756s] Level 1:colcon.colcon_core.environment:checking '/home/thiago/workspaces/lidar/install/version1' for CMake config files
[0.757s] Level 1:colcon.colcon_core.shell:create_environment_hook('version1', 'cmake_prefix_path')
[0.758s] INFO:colcon.colcon_core.shell:Creating environment hook '/home/thiago/workspaces/lidar/install/version1/share/version1/hook/cmake_prefix_path.ps1'
[0.759s] INFO:colcon.colcon_core.shell:Creating environment descriptor '/home/thiago/workspaces/lidar/install/version1/share/version1/hook/cmake_prefix_path.dsv'
[0.759s] INFO:colcon.colcon_core.shell:Creating environment hook '/home/thiago/workspaces/lidar/install/version1/share/version1/hook/cmake_prefix_path.sh'
[0.760s] Level 1:colcon.colcon_core.environment:checking '/home/thiago/workspaces/lidar/install/version1/lib'
[0.760s] Level 1:colcon.colcon_core.shell:create_environment_hook('version1', 'ld_library_path_lib')
[0.762s] INFO:colcon.colcon_core.shell:Creating environment hook '/home/thiago/workspaces/lidar/install/version1/share/version1/hook/ld_library_path_lib.ps1'
[0.762s] INFO:colcon.colcon_core.shell:Creating environment descriptor '/home/thiago/workspaces/lidar/install/version1/share/version1/hook/ld_library_path_lib.dsv'
[0.762s] INFO:colcon.colcon_core.shell:Creating environment hook '/home/thiago/workspaces/lidar/install/version1/share/version1/hook/ld_library_path_lib.sh'
[0.762s] Level 1:colcon.colcon_core.environment:checking '/home/thiago/workspaces/lidar/install/version1/bin'
[0.762s] Level 1:colcon.colcon_core.environment:checking '/home/thiago/workspaces/lidar/install/version1/lib/pkgconfig/version1.pc'
[0.763s] Level 1:colcon.colcon_core.environment:checking '/home/thiago/workspaces/lidar/install/version1/lib/python3.10/site-packages'
[0.763s] Level 1:colcon.colcon_core.environment:checking '/home/thiago/workspaces/lidar/install/version1/bin'
[0.764s] INFO:colcon.colcon_core.shell:Creating package script '/home/thiago/workspaces/lidar/install/version1/share/version1/package.ps1'
[0.764s] INFO:colcon.colcon_core.shell:Creating package descriptor '/home/thiago/workspaces/lidar/install/version1/share/version1/package.dsv'
[0.765s] INFO:colcon.colcon_core.shell:Creating package script '/home/thiago/workspaces/lidar/install/version1/share/version1/package.sh'
[0.766s] INFO:colcon.colcon_core.shell:Creating package script '/home/thiago/workspaces/lidar/install/version1/share/version1/package.bash'
[0.766s] INFO:colcon.colcon_core.shell:Creating package script '/home/thiago/workspaces/lidar/install/version1/share/version1/package.zsh'
[0.767s] Level 1:colcon.colcon_core.environment:create_file_with_runtime_dependencies(/home/thiago/workspaces/lidar/install/version1/share/colcon-core/packages/version1)
[0.788s] Level 1:colcon.colcon_core.environment:create_environment_scripts_only(version1)
[0.789s] Level 1:colcon.colcon_core.environment:checking '/home/thiago/workspaces/lidar/install/version1' for CMake module files
[0.790s] Level 1:colcon.colcon_core.environment:checking '/home/thiago/workspaces/lidar/install/version1' for CMake config files
[0.791s] Level 1:colcon.colcon_core.shell:create_environment_hook('version1', 'cmake_prefix_path')
[0.792s] INFO:colcon.colcon_core.shell:Creating environment hook '/home/thiago/workspaces/lidar/install/version1/share/version1/hook/cmake_prefix_path.ps1'
[0.792s] INFO:colcon.colcon_core.shell:Creating environment descriptor '/home/thiago/workspaces/lidar/install/version1/share/version1/hook/cmake_prefix_path.dsv'
[0.792s] INFO:colcon.colcon_core.shell:Creating environment hook '/home/thiago/workspaces/lidar/install/version1/share/version1/hook/cmake_prefix_path.sh'
[0.793s] Level 1:colcon.colcon_core.environment:checking '/home/thiago/workspaces/lidar/install/version1/lib'
[0.793s] Level 1:colcon.colcon_core.shell:create_environment_hook('version1', 'ld_library_path_lib')
[0.794s] INFO:colcon.colcon_core.shell:Creating environment hook '/home/thiago/workspaces/lidar/install/version1/share/version1/hook/ld_library_path_lib.ps1'
[0.794s] INFO:colcon.colcon_core.shell:Creating environment descriptor '/home/thiago/workspaces/lidar/install/version1/share/version1/hook/ld_library_path_lib.dsv'
[0.794s] INFO:colcon.colcon_core.shell:Creating environment hook '/home/thiago/workspaces/lidar/install/version1/share/version1/hook/ld_library_path_lib.sh'
[0.794s] Level 1:colcon.colcon_core.environment:checking '/home/thiago/workspaces/lidar/install/version1/bin'
[0.794s] Level 1:colcon.colcon_core.environment:checking '/home/thiago/workspaces/lidar/install/version1/lib/pkgconfig/version1.pc'
[0.794s] Level 1:colcon.colcon_core.environment:checking '/home/thiago/workspaces/lidar/install/version1/lib/python3.10/site-packages'
[0.795s] Level 1:colcon.colcon_core.environment:checking '/home/thiago/workspaces/lidar/install/version1/bin'
[0.796s] INFO:colcon.colcon_core.shell:Creating package script '/home/thiago/workspaces/lidar/install/version1/share/version1/package.ps1'
[0.796s] INFO:colcon.colcon_core.shell:Creating package descriptor '/home/thiago/workspaces/lidar/install/version1/share/version1/package.dsv'
[0.796s] INFO:colcon.colcon_core.shell:Creating package script '/home/thiago/workspaces/lidar/install/version1/share/version1/package.sh'
[0.797s] INFO:colcon.colcon_core.shell:Creating package script '/home/thiago/workspaces/lidar/install/version1/share/version1/package.bash'
[0.797s] INFO:colcon.colcon_core.shell:Creating package script '/home/thiago/workspaces/lidar/install/version1/share/version1/package.zsh'
[0.797s] Level 1:colcon.colcon_core.environment:create_file_with_runtime_dependencies(/home/thiago/workspaces/lidar/install/version1/share/colcon-core/packages/version1)
[0.812s] Level 1:colcon.colcon_core.environment:create_environment_scripts_only(version0)
[0.813s] DEBUG:colcon.colcon_core.event_handler.log_command:Invoked command in '/home/thiago/workspaces/lidar/build/version0' returned '0': CMAKE_PREFIX_PATH=/opt/ros/humble /usr/bin/cmake --install /home/thiago/workspaces/lidar/build/version0
[0.815s] Level 1:colcon.colcon_core.environment:checking '/home/thiago/workspaces/lidar/install/version0' for CMake module files
[0.816s] Level 1:colcon.colcon_core.environment:checking '/home/thiago/workspaces/lidar/install/version0' for CMake config files
[0.817s] Level 1:colcon.colcon_core.shell:create_environment_hook('version0', 'cmake_prefix_path')
[0.818s] INFO:colcon.colcon_core.shell:Creating environment hook '/home/thiago/workspaces/lidar/install/version0/share/version0/hook/cmake_prefix_path.ps1'
[0.818s] INFO:colcon.colcon_core.shell:Creating environment descriptor '/home/thiago/workspaces/lidar/install/version0/share/version0/hook/cmake_prefix_path.dsv'
[0.818s] INFO:colcon.colcon_core.shell:Creating environment hook '/home/thiago/workspaces/lidar/install/version0/share/version0/hook/cmake_prefix_path.sh'
[0.819s] Level 1:colcon.colcon_core.environment:checking '/home/thiago/workspaces/lidar/install/version0/lib'
[0.819s] Level 1:colcon.colcon_core.shell:create_environment_hook('version0', 'ld_library_path_lib')
[0.820s] INFO:colcon.colcon_core.shell:Creating environment hook '/home/thiago/workspaces/lidar/install/version0/share/version0/hook/ld_library_path_lib.ps1'
[0.820s] INFO:colcon.colcon_core.shell:Creating environment descriptor '/home/thiago/workspaces/lidar/install/version0/share/version0/hook/ld_library_path_lib.dsv'
[0.820s] INFO:colcon.colcon_core.shell:Creating environment hook '/home/thiago/workspaces/lidar/install/version0/share/version0/hook/ld_library_path_lib.sh'
[0.820s] Level 1:colcon.colcon_core.environment:checking '/home/thiago/workspaces/lidar/install/version0/bin'
[0.821s] Level 1:colcon.colcon_core.environment:checking '/home/thiago/workspaces/lidar/install/version0/lib/pkgconfig/version0.pc'
[0.821s] Level 1:colcon.colcon_core.environment:checking '/home/thiago/workspaces/lidar/install/version0/lib/python3.10/site-packages'
[0.821s] Level 1:colcon.colcon_core.environment:checking '/home/thiago/workspaces/lidar/install/version0/bin'
[0.822s] INFO:colcon.colcon_core.shell:Creating package script '/home/thiago/workspaces/lidar/install/version0/share/version0/package.ps1'
[0.822s] INFO:colcon.colcon_core.shell:Creating package descriptor '/home/thiago/workspaces/lidar/install/version0/share/version0/package.dsv'
[0.822s] INFO:colcon.colcon_core.shell:Creating package script '/home/thiago/workspaces/lidar/install/version0/share/version0/package.sh'
[0.823s] INFO:colcon.colcon_core.shell:Creating package script '/home/thiago/workspaces/lidar/install/version0/share/version0/package.bash'
[0.823s] INFO:colcon.colcon_core.shell:Creating package script '/home/thiago/workspaces/lidar/install/version0/share/version0/package.zsh'
[0.823s] Level 1:colcon.colcon_core.environment:create_file_with_runtime_dependencies(/home/thiago/workspaces/lidar/install/version0/share/colcon-core/packages/version0)
[0.868s] Level 1:colcon.colcon_core.environment:create_environment_scripts_only(version0)
[0.869s] Level 1:colcon.colcon_core.environment:checking '/home/thiago/workspaces/lidar/install/version0' for CMake module files
[0.870s] Level 1:colcon.colcon_core.environment:checking '/home/thiago/workspaces/lidar/install/version0' for CMake config files
[0.871s] Level 1:colcon.colcon_core.shell:create_environment_hook('version0', 'cmake_prefix_path')
[0.872s] INFO:colcon.colcon_core.shell:Creating environment hook '/home/thiago/workspaces/lidar/install/version0/share/version0/hook/cmake_prefix_path.ps1'
[0.872s] INFO:colcon.colcon_core.shell:Creating environment descriptor '/home/thiago/workspaces/lidar/install/version0/share/version0/hook/cmake_prefix_path.dsv'
[0.873s] INFO:colcon.colcon_core.shell:Creating environment hook '/home/thiago/workspaces/lidar/install/version0/share/version0/hook/cmake_prefix_path.sh'
[0.873s] Level 1:colcon.colcon_core.environment:checking '/home/thiago/workspaces/lidar/install/version0/lib'
[0.873s] Level 1:colcon.colcon_core.shell:create_environment_hook('version0', 'ld_library_path_lib')
[0.874s] INFO:colcon.colcon_core.shell:Creating environment hook '/home/thiago/workspaces/lidar/install/version0/share/version0/hook/ld_library_path_lib.ps1'
[0.874s] INFO:colcon.colcon_core.shell:Creating environment descriptor '/home/thiago/workspaces/lidar/install/version0/share/version0/hook/ld_library_path_lib.dsv'
[0.875s] INFO:colcon.colcon_core.shell:Creating environment hook '/home/thiago/workspaces/lidar/install/version0/share/version0/hook/ld_library_path_lib.sh'
[0.875s] Level 1:colcon.colcon_core.environment:checking '/home/thiago/workspaces/lidar/install/version0/bin'
[0.875s] Level 1:colcon.colcon_core.environment:checking '/home/thiago/workspaces/lidar/install/version0/lib/pkgconfig/version0.pc'
[0.875s] Level 1:colcon.colcon_core.environment:checking '/home/thiago/workspaces/lidar/install/version0/lib/python3.10/site-packages'
[0.875s] Level 1:colcon.colcon_core.environment:checking '/home/thiago/workspaces/lidar/install/version0/bin'
[0.877s] INFO:colcon.colcon_core.shell:Creating package script '/home/thiago/workspaces/lidar/install/version0/share/version0/package.ps1'
[0.877s] INFO:colcon.colcon_core.shell:Creating package descriptor '/home/thiago/workspaces/lidar/install/version0/share/version0/package.dsv'
[0.878s] INFO:colcon.colcon_core.shell:Creating package script '/home/thiago/workspaces/lidar/install/version0/share/version0/package.sh'
[0.878s] INFO:colcon.colcon_core.shell:Creating package script '/home/thiago/workspaces/lidar/install/version0/share/version0/package.bash'
[0.878s] INFO:colcon.colcon_core.shell:Creating package script '/home/thiago/workspaces/lidar/install/version0/share/version0/package.zsh'
[0.878s] Level 1:colcon.colcon_core.environment:create_file_with_runtime_dependencies(/home/thiago/workspaces/lidar/install/version0/share/colcon-core/packages/version0)
[0.879s] DEBUG:colcon.colcon_parallel_executor.executor.parallel:closing loop
[0.879s] DEBUG:colcon.colcon_parallel_executor.executor.parallel:loop closed
[0.879s] DEBUG:colcon.colcon_parallel_executor.executor.parallel:run_until_complete finished with '0'
[0.879s] DEBUG:colcon.colcon_core.event_reactor:joining thread
[0.884s] INFO:colcon.colcon_core.plugin_system:Skipping extension 'colcon_notification.desktop_notification.terminal_notifier': Not used on non-Darwin systems
[0.884s] INFO:colcon.colcon_core.plugin_system:Skipping extension 'colcon_notification.desktop_notification.win32': Not used on non-Windows systems
[0.884s] INFO:colcon.colcon_notification.desktop_notification:Sending desktop notification using 'notify2'
[0.905s] DEBUG:colcon.colcon_core.event_reactor:joined thread
[0.908s] INFO:colcon.colcon_core.shell:Creating prefix script '/home/thiago/workspaces/lidar/install/local_setup.ps1'
[0.910s] INFO:colcon.colcon_core.shell:Creating prefix util module '/home/thiago/workspaces/lidar/install/_local_setup_util_ps1.py'
[0.911s] INFO:colcon.colcon_core.shell:Creating prefix chain script '/home/thiago/workspaces/lidar/install/setup.ps1'
[0.913s] INFO:colcon.colcon_core.shell:Creating prefix script '/home/thiago/workspaces/lidar/install/local_setup.sh'
[0.914s] INFO:colcon.colcon_core.shell:Creating prefix util module '/home/thiago/workspaces/lidar/install/_local_setup_util_sh.py'
[0.914s] INFO:colcon.colcon_core.shell:Creating prefix chain script '/home/thiago/workspaces/lidar/install/setup.sh'
[0.916s] INFO:colcon.colcon_core.shell:Creating prefix script '/home/thiago/workspaces/lidar/install/local_setup.bash'
[0.916s] INFO:colcon.colcon_core.shell:Creating prefix chain script '/home/thiago/workspaces/lidar/install/setup.bash'
[0.917s] INFO:colcon.colcon_core.shell:Creating prefix script '/home/thiago/workspaces/lidar/install/local_setup.zsh'
[0.918s] INFO:colcon.colcon_core.shell:Creating prefix chain script '/home/thiago/workspaces/lidar/install/setup.zsh'
