[0.013s] Invoking command in '/home/thiago/workspaces/lidar/build/version1': CMAKE_PREFIX_PATH=/opt/ros/humble /usr/bin/cmake --build /home/thiago/workspaces/lidar/build/version1 -- -j12 -l12
[0.036s] -- Found ament_cmake: 1.3.4 (/opt/ros/humble/share/ament_cmake/cmake)
[0.149s] -- Override CMake install command with custom implementation using symlinks instead of copying resources
[0.154s] -- Found cv_bridge: 3.2.1 (/opt/ros/humble/share/cv_bridge/cmake)
[0.179s] -- Found rosidl_generator_c: 3.1.4 (/opt/ros/humble/share/rosidl_generator_c/cmake)
[0.180s] -- Found rosidl_adapter: 3.1.4 (/opt/ros/humble/share/rosidl_adapter/cmake)
[0.185s] -- Found rosidl_generator_cpp: 3.1.4 (/opt/ros/humble/share/rosidl_generator_cpp/cmake)
[0.193s] -- Using all available rosidl_typesupport_c: rosidl_typesupport_fastrtps_c;rosidl_typesupport_introspection_c
[0.207s] -- Using all available rosidl_typesupport_cpp: rosidl_typesupport_fastrtps_cpp;rosidl_typesupport_introspection_cpp
[0.384s] -- Found laser_geometry: 2.4.0 (/opt/ros/humble/share/laser_geometry/cmake)
[0.429s] -- Found rmw_implementation_cmake: 6.1.1 (/opt/ros/humble/share/rmw_implementation_cmake/cmake)
[0.430s] -- Found rmw_fastrtps_cpp: 6.2.2 (/opt/ros/humble/share/rmw_fastrtps_cpp/cmake)
[0.534s] -- Using RMW implementation 'rmw_fastrtps_cpp' as default
[0.655s] -- Found rosidl_default_generators: 1.2.0 (/opt/ros/humble/share/rosidl_default_generators/cmake)
[0.671s] -- Found rclpy: 3.3.8 (/opt/ros/humble/share/rclpy/cmake)
[0.673s] -- Found perception_pcl: 2.4.0 (/opt/ros/humble/share/perception_pcl/cmake)
[0.673s] -- Found pcl_conversions: 2.4.0 (/opt/ros/humble/share/pcl_conversions/cmake)
[0.778s] -- Found pcl_ros: 2.4.0 (/opt/ros/humble/share/pcl_ros/cmake)
[0.864s] -- Ensuring Eigen3 include directory is part of orocos-kdl CMake target
[1.174s] -- Eigen found (include: /usr/include/eigen3, version: 3.4.0)
[1.198s] -- FLANN found (include: /usr/include, lib: /usr/lib/x86_64-linux-gnu/libflann_cpp.so)
[1.431s] -- OpenNI found (version: 1.5.4.0, include: /usr/include/ni, lib: /usr/lib/libOpenNI.so;libusb::libusb)
[1.436s] -- OpenNI2 found (version: 2.2.0.33, include: /usr/include/openni2, lib: /usr/lib/x86_64-linux-gnu/libOpenNI2.so;libusb::libusb)
[1.557s] -- Eigen found (include: /usr/include/eigen3, version: 3.4.0)
[1.562s] -- OpenNI found (version: 1.5.4.0, include: /usr/include/ni, lib: /usr/lib/libOpenNI.so;libusb::libusb)
[1.566s] -- OpenNI2 found (version: 2.2.0.33, include: /usr/include/openni2, lib: /usr/lib/x86_64-linux-gnu/libOpenNI2.so;libusb::libusb)
[1.671s] -- Found Qhull version 8.0.2
[1.780s] -- OpenNI found (version: 1.5.4.0, include: /usr/include/ni, lib: /usr/lib/libOpenNI.so;libusb::libusb)
[2.129s] -- Found ament_cmake_ros: 0.10.0 (/opt/ros/humble/share/ament_cmake_ros/cmake)
[2.495s] -- Using all available rosidl_typesupport_c: rosidl_typesupport_fastrtps_c;rosidl_typesupport_introspection_c
[2.639s] -- Using all available rosidl_typesupport_cpp: rosidl_typesupport_fastrtps_cpp;rosidl_typesupport_introspection_cpp
[2.655s] -- Found python_cmake_module: 0.10.0 (/opt/ros/humble/share/python_cmake_module/cmake)
[2.672s] -- Using PYTHON_EXECUTABLE: /usr/bin/python3
[2.672s] -- Using PYTHON_INCLUDE_DIRS: /usr/include/python3.10
[2.672s] -- Using PYTHON_LIBRARIES: /usr/lib/x86_64-linux-gnu/libpython3.10.so
[2.717s] -- Found ament_lint_auto: 0.12.6 (/opt/ros/humble/share/ament_lint_auto/cmake)
[2.726s] -- Added test 'flake8' to check Python code syntax and style conventions
[2.726s] -- Added test 'lint_cmake' to check CMake code style
[2.726s] -- Added test 'pep257' to check Python code against some of the docstring style conventions in PEP 257
[2.727s] -- Added test 'xmllint' to check XML markup files
[2.729s] -- Configuring done
[2.764s] -- Generating done
[2.768s] -- Build files have been written to: /home/thiago/workspaces/lidar/build/version1
[2.798s] [35m[1mConsolidate compiler generated dependencies of target version1__rosidl_generator_c[0m
[2.805s] [  2%] Built target version1__cpp
[2.806s] [ 12%] Built target version1__rosidl_generator_c
[2.816s] [ 12%] Built target ament_cmake_python_symlink_scripts
[2.817s] [ 12%] Built target ament_cmake_python_symlink_version1
[2.817s] [35m[1mConsolidate compiler generated dependencies of target version1__rosidl_typesupport_cpp[0m
[2.817s] [35m[1mConsolidate compiler generated dependencies of target version1__rosidl_typesupport_fastrtps_cpp[0m
[2.820s] [35m[1mConsolidate compiler generated dependencies of target version1__rosidl_typesupport_c[0m
[2.820s] [35m[1mConsolidate compiler generated dependencies of target version1__rosidl_typesupport_introspection_c[0m
[2.820s] [35m[1mConsolidate compiler generated dependencies of target version1__rosidl_typesupport_introspection_cpp[0m
[2.820s] [35m[1mConsolidate compiler generated dependencies of target version1__rosidl_typesupport_fastrtps_c[0m
[2.830s] [ 33%] Built target version1__rosidl_typesupport_introspection_c
[2.830s] [ 33%] Built target version1__rosidl_typesupport_c
[2.830s] [ 43%] Built target version1__rosidl_typesupport_cpp
[2.831s] [ 53%] Built target version1__rosidl_typesupport_fastrtps_cpp
[2.836s] [ 74%] Built target version1__rosidl_typesupport_fastrtps_c
[2.836s] [ 74%] Built target version1__rosidl_typesupport_introspection_cpp
[2.849s] [ 74%] Built target version1
[2.866s] [ 76%] Built target version1__py
[2.879s] [35m[1mConsolidate compiler generated dependencies of target version1__rosidl_generator_py[0m
[2.893s] [ 84%] Built target version1__rosidl_generator_py
[2.905s] [35m[1mConsolidate compiler generated dependencies of target version1__rosidl_typesupport_fastrtps_c__pyext[0m
[2.905s] [35m[1mConsolidate compiler generated dependencies of target version1__rosidl_typesupport_introspection_c__pyext[0m
[2.905s] [35m[1mConsolidate compiler generated dependencies of target version1__rosidl_typesupport_c__pyext[0m
[2.917s] [ 89%] Built target version1__rosidl_typesupport_fastrtps_c__pyext
[2.920s] [ 94%] Built target version1__rosidl_typesupport_introspection_c__pyext
[2.924s] [100%] Built target version1__rosidl_typesupport_c__pyext
[3.064s] running egg_info
[3.064s] writing scripts.egg-info/PKG-INFO
[3.064s] writing dependency_links to scripts.egg-info/dependency_links.txt
[3.064s] writing top-level names to scripts.egg-info/top_level.txt
[3.066s] reading manifest file 'scripts.egg-info/SOURCES.txt'
[3.066s] writing manifest file 'scripts.egg-info/SOURCES.txt'
[3.068s] running egg_info
[3.068s] writing version1.egg-info/PKG-INFO
[3.069s] writing dependency_links to version1.egg-info/dependency_links.txt
[3.069s] writing top-level names to version1.egg-info/top_level.txt
[3.070s] reading manifest file 'version1.egg-info/SOURCES.txt'
[3.071s] writing manifest file 'version1.egg-info/SOURCES.txt'
[3.093s] [100%] Built target ament_cmake_python_build_scripts_egg
[3.099s] [100%] Built target ament_cmake_python_build_version1_egg
[3.108s] Invoked command in '/home/thiago/workspaces/lidar/build/version1' returned '0': CMAKE_PREFIX_PATH=/opt/ros/humble /usr/bin/cmake --build /home/thiago/workspaces/lidar/build/version1 -- -j12 -l12
[3.148s] Invoking command in '/home/thiago/workspaces/lidar/build/version1': CMAKE_PREFIX_PATH=/opt/ros/humble /usr/bin/cmake --install /home/thiago/workspaces/lidar/build/version1
[3.153s] -- Install configuration: ""
[3.153s] -- Execute custom install script
[3.153s] -- Up-to-date symlink: /home/thiago/workspaces/lidar/install/version1/share/ament_index/resource_index/rosidl_interfaces/version1
[3.154s] -- Up-to-date symlink: /home/thiago/workspaces/lidar/install/version1/include/version1/version1/action/detail/navigate__functions.h
[3.154s] -- Up-to-date symlink: /home/thiago/workspaces/lidar/install/version1/include/version1/version1/action/detail/navigate__struct.h
[3.154s] -- Up-to-date symlink: /home/thiago/workspaces/lidar/install/version1/include/version1/version1/action/detail/navigate__type_support.h
[3.154s] -- Up-to-date symlink: /home/thiago/workspaces/lidar/install/version1/include/version1/version1/action/navigate.h
[3.154s] -- Up-to-date symlink: /home/thiago/workspaces/lidar/install/version1/include/version1/version1/msg/rosidl_generator_c__visibility_control.h
[3.154s] -- Up-to-date symlink: /home/thiago/workspaces/lidar/install/version1/include/version1/version1/srv/detail/odd_even_check__functions.h
[3.154s] -- Up-to-date symlink: /home/thiago/workspaces/lidar/install/version1/include/version1/version1/srv/detail/odd_even_check__struct.h
[3.154s] -- Up-to-date symlink: /home/thiago/workspaces/lidar/install/version1/include/version1/version1/srv/detail/odd_even_check__type_support.h
[3.154s] -- Up-to-date symlink: /home/thiago/workspaces/lidar/install/version1/include/version1/version1/srv/odd_even_check.h
[3.155s] -- Up-to-date symlink: /home/thiago/workspaces/lidar/install/version1/share/version1/environment/library_path.sh
[3.155s] -- Up-to-date symlink: /home/thiago/workspaces/lidar/install/version1/share/version1/environment/library_path.dsv
[3.155s] -- Up-to-date symlink: /home/thiago/workspaces/lidar/install/version1/include/version1/version1/action/detail/navigate__rosidl_typesupport_fastrtps_c.h
[3.155s] -- Up-to-date symlink: /home/thiago/workspaces/lidar/install/version1/include/version1/version1/msg/rosidl_typesupport_fastrtps_c__visibility_control.h
[3.155s] -- Up-to-date symlink: /home/thiago/workspaces/lidar/install/version1/include/version1/version1/srv/detail/odd_even_check__rosidl_typesupport_fastrtps_c.h
[3.155s] -- Up-to-date symlink: /home/thiago/workspaces/lidar/install/version1/include/version1/version1/action/detail/navigate__builder.hpp
[3.155s] -- Up-to-date symlink: /home/thiago/workspaces/lidar/install/version1/include/version1/version1/action/detail/navigate__struct.hpp
[3.155s] -- Up-to-date symlink: /home/thiago/workspaces/lidar/install/version1/include/version1/version1/action/detail/navigate__traits.hpp
[3.155s] -- Up-to-date symlink: /home/thiago/workspaces/lidar/install/version1/include/version1/version1/action/navigate.hpp
[3.156s] -- Up-to-date symlink: /home/thiago/workspaces/lidar/install/version1/include/version1/version1/srv/detail/odd_even_check__builder.hpp
[3.156s] -- Up-to-date symlink: /home/thiago/workspaces/lidar/install/version1/include/version1/version1/srv/detail/odd_even_check__struct.hpp
[3.156s] -- Up-to-date symlink: /home/thiago/workspaces/lidar/install/version1/include/version1/version1/srv/detail/odd_even_check__traits.hpp
[3.156s] -- Up-to-date symlink: /home/thiago/workspaces/lidar/install/version1/include/version1/version1/srv/odd_even_check.hpp
[3.156s] -- Up-to-date symlink: /home/thiago/workspaces/lidar/install/version1/include/version1/version1/action/detail/navigate__rosidl_typesupport_fastrtps_cpp.hpp
[3.156s] -- Up-to-date symlink: /home/thiago/workspaces/lidar/install/version1/include/version1/version1/msg/rosidl_typesupport_fastrtps_cpp__visibility_control.h
[3.156s] -- Up-to-date symlink: /home/thiago/workspaces/lidar/install/version1/include/version1/version1/srv/detail/odd_even_check__rosidl_typesupport_fastrtps_cpp.hpp
[3.156s] -- Up-to-date symlink: /home/thiago/workspaces/lidar/install/version1/include/version1/version1/action/detail/navigate__rosidl_typesupport_introspection_c.h
[3.157s] -- Up-to-date symlink: /home/thiago/workspaces/lidar/install/version1/include/version1/version1/msg/rosidl_typesupport_introspection_c__visibility_control.h
[3.157s] -- Up-to-date symlink: /home/thiago/workspaces/lidar/install/version1/include/version1/version1/srv/detail/odd_even_check__rosidl_typesupport_introspection_c.h
[3.157s] -- Up-to-date symlink: /home/thiago/workspaces/lidar/install/version1/include/version1/version1/action/detail/navigate__rosidl_typesupport_introspection_cpp.hpp
[3.157s] -- Up-to-date symlink: /home/thiago/workspaces/lidar/install/version1/include/version1/version1/srv/detail/odd_even_check__rosidl_typesupport_introspection_cpp.hpp
[3.157s] -- Up-to-date symlink: /home/thiago/workspaces/lidar/install/version1/share/version1/environment/pythonpath.sh
[3.157s] -- Up-to-date symlink: /home/thiago/workspaces/lidar/install/version1/share/version1/environment/pythonpath.dsv
[3.157s] -- Up-to-date symlink: /home/thiago/workspaces/lidar/install/version1/local/lib/python3.10/dist-packages/version1-0.0.0-py3.10.egg-info/PKG-INFO
[3.157s] -- Up-to-date symlink: /home/thiago/workspaces/lidar/install/version1/local/lib/python3.10/dist-packages/version1-0.0.0-py3.10.egg-info/SOURCES.txt
[3.157s] -- Up-to-date symlink: /home/thiago/workspaces/lidar/install/version1/local/lib/python3.10/dist-packages/version1-0.0.0-py3.10.egg-info/dependency_links.txt
[3.158s] -- Up-to-date symlink: /home/thiago/workspaces/lidar/install/version1/local/lib/python3.10/dist-packages/version1-0.0.0-py3.10.egg-info/top_level.txt
[3.158s] -- Up-to-date symlink: /home/thiago/workspaces/lidar/install/version1/local/lib/python3.10/dist-packages/version1/__init__.py
[3.158s] -- Up-to-date symlink: /home/thiago/workspaces/lidar/install/version1/local/lib/python3.10/dist-packages/version1/_version1_s.ep.rosidl_typesupport_c.c
[3.158s] -- Up-to-date symlink: /home/thiago/workspaces/lidar/install/version1/local/lib/python3.10/dist-packages/version1/_version1_s.ep.rosidl_typesupport_fastrtps_c.c
[3.158s] -- Up-to-date symlink: /home/thiago/workspaces/lidar/install/version1/local/lib/python3.10/dist-packages/version1/_version1_s.ep.rosidl_typesupport_introspection_c.c
[3.158s] -- Up-to-date symlink: /home/thiago/workspaces/lidar/install/version1/local/lib/python3.10/dist-packages/version1/action/__init__.py
[3.158s] -- Up-to-date symlink: /home/thiago/workspaces/lidar/install/version1/local/lib/python3.10/dist-packages/version1/action/_navigate.py
[3.158s] -- Up-to-date symlink: /home/thiago/workspaces/lidar/install/version1/local/lib/python3.10/dist-packages/version1/action/_navigate_s.c
[3.158s] -- Up-to-date symlink: /home/thiago/workspaces/lidar/install/version1/local/lib/python3.10/dist-packages/version1/libversion1__rosidl_generator_py.so
[3.159s] -- Up-to-date symlink: /home/thiago/workspaces/lidar/install/version1/local/lib/python3.10/dist-packages/version1/srv/__init__.py
[3.159s] -- Up-to-date symlink: /home/thiago/workspaces/lidar/install/version1/local/lib/python3.10/dist-packages/version1/srv/_odd_even_check.py
[3.159s] -- Up-to-date symlink: /home/thiago/workspaces/lidar/install/version1/local/lib/python3.10/dist-packages/version1/srv/_odd_even_check_s.c
[3.159s] -- Up-to-date symlink: /home/thiago/workspaces/lidar/install/version1/local/lib/python3.10/dist-packages/version1/version1_s__rosidl_typesupport_c.cpython-310-x86_64-linux-gnu.so
[3.159s] -- Up-to-date symlink: /home/thiago/workspaces/lidar/install/version1/local/lib/python3.10/dist-packages/version1/version1_s__rosidl_typesupport_fastrtps_c.cpython-310-x86_64-linux-gnu.so
[3.159s] -- Up-to-date symlink: /home/thiago/workspaces/lidar/install/version1/local/lib/python3.10/dist-packages/version1/version1_s__rosidl_typesupport_introspection_c.cpython-310-x86_64-linux-gnu.so
[3.159s] -- Up-to-date symlink: /home/thiago/workspaces/lidar/install/version1/local/lib/python3.10/dist-packages/version1/version1_s__rosidl_typesupport_fastrtps_c.cpython-310-x86_64-linux-gnu.so
[3.159s] -- Up-to-date symlink: /home/thiago/workspaces/lidar/install/version1/local/lib/python3.10/dist-packages/version1/version1_s__rosidl_typesupport_introspection_c.cpython-310-x86_64-linux-gnu.so
[3.159s] -- Up-to-date symlink: /home/thiago/workspaces/lidar/install/version1/local/lib/python3.10/dist-packages/version1/version1_s__rosidl_typesupport_c.cpython-310-x86_64-linux-gnu.so
[3.159s] -- Up-to-date symlink: /home/thiago/workspaces/lidar/install/version1/share/version1/srv/OddEvenCheck.idl
[3.160s] -- Up-to-date symlink: /home/thiago/workspaces/lidar/install/version1/share/version1/action/Navigate.idl
[3.160s] -- Up-to-date symlink: /home/thiago/workspaces/lidar/install/version1/share/version1/srv/OddEvenCheck.srv
[3.160s] -- Up-to-date symlink: /home/thiago/workspaces/lidar/install/version1/share/version1/srv/OddEvenCheck_Request.msg
[3.160s] -- Up-to-date symlink: /home/thiago/workspaces/lidar/install/version1/share/version1/srv/OddEvenCheck_Response.msg
[3.160s] -- Up-to-date symlink: /home/thiago/workspaces/lidar/install/version1/share/version1/action/Navigate.action
[3.160s] -- Up-to-date symlink: /home/thiago/workspaces/lidar/install/version1/local/lib/python3.10/dist-packages/scripts-0.0.0-py3.10.egg-info/PKG-INFO
[3.160s] -- Up-to-date symlink: /home/thiago/workspaces/lidar/install/version1/local/lib/python3.10/dist-packages/scripts-0.0.0-py3.10.egg-info/SOURCES.txt
[3.160s] -- Up-to-date symlink: /home/thiago/workspaces/lidar/install/version1/local/lib/python3.10/dist-packages/scripts-0.0.0-py3.10.egg-info/dependency_links.txt
[3.160s] -- Up-to-date symlink: /home/thiago/workspaces/lidar/install/version1/local/lib/python3.10/dist-packages/scripts-0.0.0-py3.10.egg-info/top_level.txt
[3.161s] -- Up-to-date symlink: /home/thiago/workspaces/lidar/install/version1/local/lib/python3.10/dist-packages/scripts/__init__.py
[3.161s] -- Up-to-date symlink: /home/thiago/workspaces/lidar/install/version1/local/lib/python3.10/dist-packages/scripts/publisher_filtro.py
[3.161s] -- Up-to-date symlink: /home/thiago/workspaces/lidar/install/version1/local/lib/python3.10/dist-packages/scripts/publisher_laserscan.py
[3.161s] -- Up-to-date symlink: /home/thiago/workspaces/lidar/install/version1/lib/version1/publisher_laserscan.py
[3.161s] -- Up-to-date symlink: /home/thiago/workspaces/lidar/install/version1/lib/version1/publisher_filtro.py
[3.161s] -- Up-to-date symlink: /home/thiago/workspaces/lidar/install/version1/share/version1//launch/rpm_node_launch.py
[3.161s] -- Up-to-date symlink: /home/thiago/workspaces/lidar/install/version1/share/ament_index/resource_index/package_run_dependencies/version1
[3.161s] -- Up-to-date symlink: /home/thiago/workspaces/lidar/install/version1/share/ament_index/resource_index/parent_prefix_path/version1
[3.162s] -- Up-to-date symlink: /home/thiago/workspaces/lidar/install/version1/share/version1/environment/ament_prefix_path.sh
[3.162s] -- Up-to-date symlink: /home/thiago/workspaces/lidar/install/version1/share/version1/environment/ament_prefix_path.dsv
[3.162s] -- Up-to-date symlink: /home/thiago/workspaces/lidar/install/version1/share/version1/environment/path.sh
[3.162s] -- Up-to-date symlink: /home/thiago/workspaces/lidar/install/version1/share/version1/environment/path.dsv
[3.162s] -- Up-to-date symlink: /home/thiago/workspaces/lidar/install/version1/share/version1/local_setup.bash
[3.162s] -- Up-to-date symlink: /home/thiago/workspaces/lidar/install/version1/share/version1/local_setup.sh
[3.162s] -- Up-to-date symlink: /home/thiago/workspaces/lidar/install/version1/share/version1/local_setup.zsh
[3.162s] -- Up-to-date symlink: /home/thiago/workspaces/lidar/install/version1/share/version1/local_setup.dsv
[3.162s] -- Symlinking: /home/thiago/workspaces/lidar/install/version1/share/version1/package.dsv
[3.169s] -- Up-to-date symlink: /home/thiago/workspaces/lidar/install/version1/share/ament_index/resource_index/packages/version1
[3.169s] -- Up-to-date symlink: /home/thiago/workspaces/lidar/install/version1/share/version1/cmake/rosidl_cmake-extras.cmake
[3.169s] -- Up-to-date symlink: /home/thiago/workspaces/lidar/install/version1/share/version1/cmake/ament_cmake_export_dependencies-extras.cmake
[3.169s] -- Up-to-date symlink: /home/thiago/workspaces/lidar/install/version1/share/version1/cmake/ament_cmake_export_include_directories-extras.cmake
[3.169s] -- Up-to-date symlink: /home/thiago/workspaces/lidar/install/version1/share/version1/cmake/ament_cmake_export_libraries-extras.cmake
[3.169s] -- Up-to-date symlink: /home/thiago/workspaces/lidar/install/version1/share/version1/cmake/ament_cmake_export_targets-extras.cmake
[3.169s] -- Up-to-date symlink: /home/thiago/workspaces/lidar/install/version1/share/version1/cmake/rosidl_cmake_export_typesupport_targets-extras.cmake
[3.169s] -- Up-to-date symlink: /home/thiago/workspaces/lidar/install/version1/share/version1/cmake/rosidl_cmake_export_typesupport_libraries-extras.cmake
[3.169s] -- Up-to-date symlink: /home/thiago/workspaces/lidar/install/version1/share/version1/cmake/version1Config.cmake
[3.170s] -- Up-to-date symlink: /home/thiago/workspaces/lidar/install/version1/share/version1/cmake/version1Config-version.cmake
[3.170s] -- Up-to-date symlink: /home/thiago/workspaces/lidar/install/version1/share/version1/package.xml
[3.170s] -- Up-to-date: /home/thiago/workspaces/lidar/install/version1/lib/libversion1__rosidl_generator_c.so
[3.170s] -- Up-to-date: /home/thiago/workspaces/lidar/install/version1/lib/libversion1__rosidl_typesupport_fastrtps_c.so
[3.170s] -- Up-to-date: /home/thiago/workspaces/lidar/install/version1/lib/libversion1__rosidl_typesupport_fastrtps_cpp.so
[3.170s] -- Up-to-date: /home/thiago/workspaces/lidar/install/version1/lib/libversion1__rosidl_typesupport_introspection_c.so
[3.170s] -- Up-to-date: /home/thiago/workspaces/lidar/install/version1/lib/libversion1__rosidl_typesupport_c.so
[3.171s] -- Up-to-date: /home/thiago/workspaces/lidar/install/version1/lib/libversion1__rosidl_typesupport_introspection_cpp.so
[3.171s] -- Up-to-date: /home/thiago/workspaces/lidar/install/version1/lib/libversion1__rosidl_typesupport_cpp.so
[3.194s] Listing '/home/thiago/workspaces/lidar/install/version1/local/lib/python3.10/dist-packages/version1'...
[3.194s] Compiling '/home/thiago/workspaces/lidar/install/version1/local/lib/python3.10/dist-packages/version1/__init__.py'...
[3.194s] Listing '/home/thiago/workspaces/lidar/install/version1/local/lib/python3.10/dist-packages/version1/action'...
[3.194s] Listing '/home/thiago/workspaces/lidar/install/version1/local/lib/python3.10/dist-packages/version1/srv'...
[3.198s] -- Up-to-date: /home/thiago/workspaces/lidar/install/version1/lib/libversion1__rosidl_generator_py.so
[3.221s] Listing '/home/thiago/workspaces/lidar/install/version1/local/lib/python3.10/dist-packages/scripts'...
[3.221s] Compiling '/home/thiago/workspaces/lidar/install/version1/local/lib/python3.10/dist-packages/scripts/publisher_filtro.py'...
[3.225s] -- Up-to-date: /home/thiago/workspaces/lidar/install/version1/share/version1/cmake/export_version1__rosidl_generator_cExport.cmake
[3.225s] -- Up-to-date: /home/thiago/workspaces/lidar/install/version1/share/version1/cmake/export_version1__rosidl_generator_cExport-noconfig.cmake
[3.225s] -- Up-to-date: /home/thiago/workspaces/lidar/install/version1/share/version1/cmake/export_version1__rosidl_typesupport_fastrtps_cExport.cmake
[3.226s] -- Up-to-date: /home/thiago/workspaces/lidar/install/version1/share/version1/cmake/export_version1__rosidl_typesupport_fastrtps_cExport-noconfig.cmake
[3.226s] -- Up-to-date: /home/thiago/workspaces/lidar/install/version1/share/version1/cmake/export_version1__rosidl_generator_cppExport.cmake
[3.226s] -- Up-to-date: /home/thiago/workspaces/lidar/install/version1/share/version1/cmake/export_version1__rosidl_typesupport_fastrtps_cppExport.cmake
[3.226s] -- Up-to-date: /home/thiago/workspaces/lidar/install/version1/share/version1/cmake/export_version1__rosidl_typesupport_fastrtps_cppExport-noconfig.cmake
[3.226s] -- Up-to-date: /home/thiago/workspaces/lidar/install/version1/share/version1/cmake/version1__rosidl_typesupport_introspection_cExport.cmake
[3.226s] -- Up-to-date: /home/thiago/workspaces/lidar/install/version1/share/version1/cmake/version1__rosidl_typesupport_introspection_cExport-noconfig.cmake
[3.226s] -- Up-to-date: /home/thiago/workspaces/lidar/install/version1/share/version1/cmake/version1__rosidl_typesupport_cExport.cmake
[3.226s] -- Up-to-date: /home/thiago/workspaces/lidar/install/version1/share/version1/cmake/version1__rosidl_typesupport_cExport-noconfig.cmake
[3.226s] -- Up-to-date: /home/thiago/workspaces/lidar/install/version1/share/version1/cmake/version1__rosidl_typesupport_introspection_cppExport.cmake
[3.226s] -- Up-to-date: /home/thiago/workspaces/lidar/install/version1/share/version1/cmake/version1__rosidl_typesupport_introspection_cppExport-noconfig.cmake
[3.226s] -- Up-to-date: /home/thiago/workspaces/lidar/install/version1/share/version1/cmake/version1__rosidl_typesupport_cppExport.cmake
[3.226s] -- Up-to-date: /home/thiago/workspaces/lidar/install/version1/share/version1/cmake/version1__rosidl_typesupport_cppExport-noconfig.cmake
[3.226s] -- Up-to-date: /home/thiago/workspaces/lidar/install/version1/share/version1/cmake/export_version1__rosidl_generator_pyExport.cmake
[3.227s] -- Up-to-date: /home/thiago/workspaces/lidar/install/version1/share/version1/cmake/export_version1__rosidl_generator_pyExport-noconfig.cmake
[3.228s] Invoked command in '/home/thiago/workspaces/lidar/build/version1' returned '0': CMAKE_PREFIX_PATH=/opt/ros/humble /usr/bin/cmake --install /home/thiago/workspaces/lidar/build/version1
